2025-12-15 09:17:19.506 [info] Reading sessions from keychain...
2025-12-15 09:17:19.506 [info] Getting sessions for all scopes...
2025-12-15 09:17:19.506 [info] Got 0 sessions for ...
2025-12-15 09:17:19.506 [info] Getting sessions for all scopes...
2025-12-15 09:17:19.506 [info] Got 0 sessions for ...
2025-12-15 09:17:19.506 [info] Getting sessions for all scopes...
2025-12-15 09:17:19.506 [info] Got 0 sessions for ...
2025-12-15 09:17:19.506 [info] Getting sessions for all scopes...
2025-12-15 09:17:19.506 [info] Got 0 sessions for ...
2025-12-15 09:17:19.506 [info] Getting sessions for all scopes...
2025-12-15 09:17:19.506 [info] Got 0 sessions for ...
2025-12-15 09:17:19.506 [info] Getting sessions for all scopes...
2025-12-15 09:17:19.506 [info] Got 0 sessions for ...
2025-12-15 09:17:19.506 [info] Getting sessions for all scopes...
2025-12-15 09:17:19.506 [info] Got 0 sessions for ...
2025-12-15 09:17:19.506 [info] Getting sessions for all scopes...
2025-12-15 09:17:19.506 [info] Got 0 sessions for ...
2025-12-15 09:17:19.506 [info] Getting sessions for all scopes...
2025-12-15 09:17:19.506 [info] Got 0 sessions for ...
2025-12-15 09:17:19.506 [info] Getting sessions for all scopes...
2025-12-15 09:17:19.506 [info] Got 0 sessions for ...
2025-12-15 09:17:19.506 [info] Getting sessions for all scopes...
2025-12-15 09:17:19.506 [info] Got 0 sessions for ...
2025-12-15 09:17:19.507 [info] Getting sessions for all scopes...
2025-12-15 09:17:19.507 [info] Got 0 sessions for ...
2025-12-15 09:17:19.507 [info] Getting sessions for all scopes...
2025-12-15 09:17:19.507 [info] Got 0 sessions for ...
2025-12-15 09:17:19.507 [info] Getting sessions for all scopes...
2025-12-15 09:17:19.507 [info] Got 0 sessions for ...
2025-12-15 09:17:19.507 [info] Getting sessions for all scopes...
2025-12-15 09:17:19.507 [info] Got 0 sessions for ...
2025-12-15 09:17:19.507 [info] Getting sessions for all scopes...
2025-12-15 09:17:19.507 [info] Got 0 sessions for ...
2025-12-15 09:17:19.507 [info] Getting sessions for all scopes...
2025-12-15 09:17:19.507 [info] Got 0 sessions for ...
2025-12-15 09:17:19.507 [info] Getting sessions for all scopes...
2025-12-15 09:17:19.507 [info] Got 0 sessions for ...
2025-12-15 09:17:19.507 [info] Getting sessions for user:email...
2025-12-15 09:17:19.507 [info] Got 0 sessions for user:email...
2025-12-15 09:17:19.507 [info] Getting sessions for read:user,repo,user:email,workflow...
2025-12-15 09:17:19.507 [info] Got 0 sessions for read:user,repo,user:email,workflow...
2025-12-15 09:17:21.166 [info] Getting sessions for all scopes...
2025-12-15 09:17:21.166 [info] Got 0 sessions for ...
2025-12-15 09:17:21.166 [info] Getting sessions for all scopes...
2025-12-15 09:17:21.166 [info] Got 0 sessions for ...
2025-12-15 09:17:21.744 [info] Getting sessions for all scopes...
2025-12-15 09:17:21.745 [info] Got 0 sessions for ...
2025-12-15 09:17:22.161 [info] Getting sessions for user:email...
2025-12-15 09:17:22.162 [info] Got 0 sessions for user:email...
2025-12-15 09:17:22.162 [info] Getting sessions for read:user,repo,user:email,workflow...
2025-12-15 09:17:22.163 [info] Got 0 sessions for read:user,repo,user:email,workflow...
2025-12-15 09:17:22.547 [info] Getting sessions for all scopes...
2025-12-15 09:17:22.547 [info] Got 0 sessions for ...
2025-12-15 09:17:22.656 [info] Getting sessions for user:email...
2025-12-15 09:17:22.657 [info] Got 0 sessions for user:email...
2025-12-15 09:17:22.718 [info] Getting sessions for all scopes...
2025-12-15 09:17:22.718 [info] Got 0 sessions for ...
2025-12-15 09:17:22.753 [info] Getting sessions for all scopes...
2025-12-15 09:17:22.753 [info] Got 0 sessions for ...
2025-12-15 09:17:22.754 [info] Getting sessions for all scopes...
2025-12-15 09:17:22.754 [info] Got 0 sessions for ...
2025-12-15 09:17:23.903 [info] Getting sessions for read:user,repo,user:email,workflow...
2025-12-15 09:17:23.903 [info] Got 0 sessions for read:user,repo,user:email,workflow...
2025-12-15 09:17:25.282 [info] Getting sessions for read:user,repo,user:email,workflow...
2025-12-15 09:17:25.283 [info] Got 0 sessions for read:user,repo,user:email,workflow...
2025-12-15 09:24:47.282 [info] Getting sessions for all scopes...
2025-12-15 09:24:47.282 [info] Got 0 sessions for ...
2025-12-15 09:24:47.296 [info] Getting sessions for user:email...
2025-12-15 09:24:47.297 [info] Got 0 sessions for user:email...
2025-12-15 09:24:47.320 [info] Getting sessions for all scopes...
2025-12-15 09:24:47.321 [info] Got 0 sessions for ...
2025-12-15 09:24:47.324 [info] Getting sessions for all scopes...
2025-12-15 09:24:47.324 [info] Got 0 sessions for ...
2025-12-15 09:24:52.246 [info] Getting sessions for all scopes...
2025-12-15 09:24:52.246 [info] Got 0 sessions for ...
2025-12-15 09:24:52.249 [info] Getting sessions for user:email...
2025-12-15 09:24:52.249 [info] Got 0 sessions for user:email...
2025-12-15 09:24:53.473 [info] Getting sessions for all scopes...
2025-12-15 09:24:53.473 [info] Got 0 sessions for ...
2025-12-15 09:24:53.475 [info] Getting sessions for user:email...
2025-12-15 09:24:53.475 [info] Got 0 sessions for user:email...
2025-12-15 09:24:58.385 [info] Getting sessions for all scopes...
2025-12-15 09:24:58.385 [info] Got 0 sessions for ...
2025-12-15 09:24:58.387 [info] Getting sessions for user:email...
2025-12-15 09:24:58.387 [info] Got 0 sessions for user:email...
2025-12-15 09:27:58.958 [info] Getting sessions for all scopes...
2025-12-15 09:27:58.960 [info] Got 0 sessions for ...
2025-12-15 09:27:58.962 [info] Getting sessions for user:email...
2025-12-15 09:27:58.962 [info] Got 0 sessions for user:email...
2025-12-15 09:28:03.841 [info] Getting sessions for all scopes...
2025-12-15 09:28:03.842 [info] Got 0 sessions for ...
2025-12-15 09:28:03.845 [info] Getting sessions for user:email...
2025-12-15 09:28:03.845 [info] Got 0 sessions for user:email...
2025-12-15 09:35:06.844 [info] Getting sessions for all scopes...
2025-12-15 09:35:06.845 [info] Got 0 sessions for ...
2025-12-15 09:35:06.848 [info] Getting sessions for user:email...
2025-12-15 09:35:06.848 [info] Got 0 sessions for user:email...
2025-12-15 09:35:11.837 [info] Getting sessions for all scopes...
2025-12-15 09:35:11.837 [info] Got 0 sessions for ...
2025-12-15 09:35:11.842 [info] Getting sessions for user:email...
2025-12-15 09:35:11.842 [info] Got 0 sessions for user:email...
2025-12-15 09:35:29.171 [info] Getting sessions for all scopes...
2025-12-15 09:35:29.171 [info] Got 0 sessions for ...
2025-12-15 09:35:29.178 [info] Getting sessions for user:email...
2025-12-15 09:35:29.178 [info] Got 0 sessions for user:email...
2025-12-15 09:35:34.109 [info] Getting sessions for all scopes...
2025-12-15 09:35:34.109 [info] Got 0 sessions for ...
2025-12-15 09:35:34.154 [info] Getting sessions for user:email...
2025-12-15 09:35:34.155 [info] Got 0 sessions for user:email...
2025-12-15 09:35:46.317 [info] Getting sessions for all scopes...
2025-12-15 09:35:46.321 [info] Got 0 sessions for ...
2025-12-15 09:35:46.385 [info] Getting sessions for user:email...
2025-12-15 09:35:46.385 [info] Got 0 sessions for user:email...
2025-12-15 09:35:51.106 [info] Getting sessions for all scopes...
2025-12-15 09:35:51.108 [info] Got 0 sessions for ...
2025-12-15 09:35:51.110 [info] Getting sessions for user:email...
2025-12-15 09:35:51.110 [info] Got 0 sessions for user:email...
2025-12-15 09:36:39.172 [info] Getting sessions for all scopes...
2025-12-15 09:36:39.178 [info] Got 0 sessions for ...
2025-12-15 09:36:39.182 [info] Getting sessions for user:email...
2025-12-15 09:36:39.182 [info] Got 0 sessions for user:email...
2025-12-15 09:36:39.587 [info] Getting sessions for all scopes...
2025-12-15 09:36:39.588 [info] Got 0 sessions for ...
2025-12-15 09:36:39.589 [info] Getting sessions for user:email...
2025-12-15 09:36:39.589 [info] Got 0 sessions for user:email...
2025-12-15 09:36:40.018 [info] Getting sessions for all scopes...
2025-12-15 09:36:40.018 [info] Got 0 sessions for ...
2025-12-15 09:36:40.020 [info] Getting sessions for user:email...
2025-12-15 09:36:40.020 [info] Got 0 sessions for user:email...
2025-12-15 09:36:40.282 [info] Getting sessions for all scopes...
2025-12-15 09:36:40.282 [info] Got 0 sessions for ...
2025-12-15 09:36:40.284 [info] Getting sessions for user:email...
2025-12-15 09:36:40.284 [info] Got 0 sessions for user:email...
2025-12-15 09:36:45.282 [info] Getting sessions for all scopes...
2025-12-15 09:36:45.283 [info] Got 0 sessions for ...
2025-12-15 09:36:45.286 [info] Getting sessions for user:email...
2025-12-15 09:36:45.286 [info] Got 0 sessions for user:email...
2025-12-15 09:37:03.085 [info] Getting sessions for all scopes...
2025-12-15 09:37:03.085 [info] Got 0 sessions for ...
2025-12-15 09:37:03.086 [info] Getting sessions for user:email...
2025-12-15 09:37:03.086 [info] Got 0 sessions for user:email...
2025-12-15 09:37:03.386 [info] Getting sessions for all scopes...
2025-12-15 09:37:03.386 [info] Got 0 sessions for ...
2025-12-15 09:37:03.387 [info] Getting sessions for user:email...
2025-12-15 09:37:03.387 [info] Got 0 sessions for user:email...
2025-12-15 09:37:05.448 [info] Getting sessions for all scopes...
2025-12-15 09:37:05.448 [info] Got 0 sessions for ...
2025-12-15 09:37:05.450 [info] Getting sessions for user:email...
2025-12-15 09:37:05.450 [info] Got 0 sessions for user:email...
2025-12-15 09:37:10.450 [info] Getting sessions for all scopes...
2025-12-15 09:37:10.451 [info] Got 0 sessions for ...
2025-12-15 09:37:10.461 [info] Getting sessions for user:email...
2025-12-15 09:37:10.462 [info] Got 0 sessions for user:email...
2025-12-15 09:37:10.838 [info] Getting sessions for all scopes...
2025-12-15 09:37:10.838 [info] Got 0 sessions for ...
2025-12-15 09:37:10.846 [info] Getting sessions for user:email...
2025-12-15 09:37:10.846 [info] Got 0 sessions for user:email...
2025-12-15 09:37:10.954 [info] Getting sessions for all scopes...
2025-12-15 09:37:10.954 [info] Got 0 sessions for ...
2025-12-15 09:37:10.958 [info] Getting sessions for user:email...
2025-12-15 09:37:10.958 [info] Got 0 sessions for user:email...
2025-12-15 09:37:15.978 [info] Getting sessions for all scopes...
2025-12-15 09:37:15.978 [info] Got 0 sessions for ...
2025-12-15 09:37:15.986 [info] Getting sessions for user:email...
2025-12-15 09:37:15.986 [info] Got 0 sessions for user:email...
2025-12-15 09:50:56.046 [info] Getting sessions for all scopes...
2025-12-15 09:50:56.049 [info] Got 0 sessions for ...
2025-12-15 09:50:56.061 [info] Getting sessions for user:email...
2025-12-15 09:50:56.061 [info] Got 0 sessions for user:email...
2025-12-15 09:50:56.334 [info] Getting sessions for all scopes...
2025-12-15 09:50:56.335 [info] Got 0 sessions for ...
2025-12-15 09:50:56.385 [info] Getting sessions for user:email...
2025-12-15 09:50:56.385 [info] Got 0 sessions for user:email...
2025-12-15 09:50:57.217 [info] Getting sessions for all scopes...
2025-12-15 09:50:57.217 [info] Got 0 sessions for ...
2025-12-15 09:50:57.586 [info] Getting sessions for user:email...
2025-12-15 09:50:57.586 [info] Got 0 sessions for user:email...
2025-12-15 09:51:02.409 [info] Getting sessions for all scopes...
2025-12-15 09:51:02.410 [info] Got 0 sessions for ...
2025-12-15 09:51:02.418 [info] Getting sessions for user:email...
2025-12-15 09:51:02.418 [info] Got 0 sessions for user:email...
2025-12-15 09:51:10.327 [info] Getting sessions for all scopes...
2025-12-15 09:51:10.327 [info] Got 0 sessions for ...
2025-12-15 09:51:10.330 [info] Getting sessions for user:email...
2025-12-15 09:51:10.330 [info] Got 0 sessions for user:email...
2025-12-15 09:51:10.525 [info] Getting sessions for all scopes...
2025-12-15 09:51:10.525 [info] Got 0 sessions for ...
2025-12-15 09:51:10.529 [info] Getting sessions for user:email...
2025-12-15 09:51:10.529 [info] Got 0 sessions for user:email...
2025-12-15 09:51:11.424 [info] Getting sessions for all scopes...
2025-12-15 09:51:11.424 [info] Got 0 sessions for ...
2025-12-15 09:51:11.430 [info] Getting sessions for user:email...
2025-12-15 09:51:11.430 [info] Got 0 sessions for user:email...
2025-12-15 09:51:11.608 [info] Getting sessions for all scopes...
2025-12-15 09:51:11.609 [info] Got 0 sessions for ...
2025-12-15 09:51:11.614 [info] Getting sessions for user:email...
2025-12-15 09:51:11.614 [info] Got 0 sessions for user:email...
2025-12-15 09:51:16.574 [info] Getting sessions for all scopes...
2025-12-15 09:51:16.575 [info] Got 0 sessions for ...
2025-12-15 09:51:16.590 [info] Getting sessions for user:email...
2025-12-15 09:51:16.591 [info] Got 0 sessions for user:email...
2025-12-15 09:51:16.821 [info] Getting sessions for all scopes...
2025-12-15 09:51:16.821 [info] Got 0 sessions for ...
2025-12-15 09:51:16.835 [info] Getting sessions for user:email...
2025-12-15 09:51:16.835 [info] Got 0 sessions for user:email...
2025-12-15 09:51:16.980 [info] Getting sessions for all scopes...
2025-12-15 09:51:16.981 [info] Got 0 sessions for ...
2025-12-15 09:51:16.985 [info] Getting sessions for user:email...
2025-12-15 09:51:16.985 [info] Got 0 sessions for user:email...
2025-12-15 09:51:17.849 [info] Getting sessions for all scopes...
2025-12-15 09:51:17.849 [info] Got 0 sessions for ...
2025-12-15 09:51:17.867 [info] Getting sessions for user:email...
2025-12-15 09:51:17.867 [info] Got 0 sessions for user:email...
2025-12-15 09:51:18.088 [info] Getting sessions for all scopes...
2025-12-15 09:51:18.088 [info] Got 0 sessions for ...
2025-12-15 09:51:18.094 [info] Getting sessions for user:email...
2025-12-15 09:51:18.094 [info] Got 0 sessions for user:email...
2025-12-15 09:51:23.039 [info] Getting sessions for all scopes...
2025-12-15 09:51:23.040 [info] Got 0 sessions for ...
2025-12-15 09:51:23.045 [info] Getting sessions for user:email...
2025-12-15 09:51:23.046 [info] Got 0 sessions for user:email...
2025-12-15 09:54:36.204 [info] Getting sessions for all scopes...
2025-12-15 09:54:36.204 [info] Got 0 sessions for ...
2025-12-15 09:54:36.207 [info] Getting sessions for user:email...
2025-12-15 09:54:36.207 [info] Got 0 sessions for user:email...
2025-12-15 09:54:36.666 [info] Getting sessions for all scopes...
2025-12-15 09:54:36.667 [info] Got 0 sessions for ...
2025-12-15 09:54:36.677 [info] Getting sessions for user:email...
2025-12-15 09:54:36.677 [info] Got 0 sessions for user:email...
2025-12-15 09:54:41.652 [info] Getting sessions for all scopes...
2025-12-15 09:54:41.652 [info] Got 0 sessions for ...
2025-12-15 09:54:41.659 [info] Getting sessions for user:email...
2025-12-15 09:54:41.659 [info] Got 0 sessions for user:email...
2025-12-15 10:04:19.145 [info] Getting sessions for all scopes...
2025-12-15 10:04:19.148 [info] Got 0 sessions for ...
2025-12-15 10:04:19.205 [info] Getting sessions for user:email...
2025-12-15 10:04:19.205 [info] Got 0 sessions for user:email...
2025-12-15 10:04:24.058 [info] Getting sessions for all scopes...
2025-12-15 10:04:24.058 [info] Got 0 sessions for ...
2025-12-15 10:04:24.077 [info] Getting sessions for user:email...
2025-12-15 10:04:24.077 [info] Got 0 sessions for user:email...
2025-12-15 10:04:25.885 [info] Getting sessions for all scopes...
2025-12-15 10:04:25.886 [info] Got 0 sessions for ...
2025-12-15 10:04:26.105 [info] Getting sessions for user:email...
2025-12-15 10:04:26.105 [info] Got 0 sessions for user:email...
2025-12-15 10:04:26.438 [info] Getting sessions for all scopes...
2025-12-15 10:04:26.438 [info] Got 0 sessions for ...
2025-12-15 10:04:26.486 [info] Getting sessions for user:email...
2025-12-15 10:04:26.486 [info] Got 0 sessions for user:email...
2025-12-15 10:04:27.374 [info] Getting sessions for all scopes...
2025-12-15 10:04:27.374 [info] Got 0 sessions for ...
2025-12-15 10:04:27.468 [info] Getting sessions for user:email...
2025-12-15 10:04:27.469 [info] Got 0 sessions for user:email...
2025-12-15 10:04:28.116 [info] Getting sessions for all scopes...
2025-12-15 10:04:28.116 [info] Got 0 sessions for ...
2025-12-15 10:04:28.131 [info] Getting sessions for user:email...
2025-12-15 10:04:28.132 [info] Got 0 sessions for user:email...
2025-12-15 10:04:28.331 [info] Getting sessions for all scopes...
2025-12-15 10:04:28.331 [info] Got 0 sessions for ...
2025-12-15 10:04:28.333 [info] Getting sessions for user:email...
2025-12-15 10:04:28.334 [info] Got 0 sessions for user:email...
2025-12-15 10:04:28.797 [info] Getting sessions for all scopes...
2025-12-15 10:04:28.797 [info] Got 0 sessions for ...
2025-12-15 10:04:28.988 [info] Getting sessions for user:email...
2025-12-15 10:04:29.030 [info] Got 0 sessions for user:email...
2025-12-15 10:04:34.128 [info] Getting sessions for all scopes...
2025-12-15 10:04:34.130 [info] Got 0 sessions for ...
2025-12-15 10:04:34.132 [info] Getting sessions for user:email...
2025-12-15 10:04:34.132 [info] Got 0 sessions for user:email...
2025-12-15 10:04:45.173 [info] Getting sessions for all scopes...
2025-12-15 10:04:45.173 [info] Got 0 sessions for ...
2025-12-15 10:04:45.189 [info] Getting sessions for user:email...
2025-12-15 10:04:45.189 [info] Got 0 sessions for user:email...
2025-12-15 10:04:50.132 [info] Getting sessions for all scopes...
2025-12-15 10:04:50.132 [info] Got 0 sessions for ...
2025-12-15 10:04:50.175 [info] Getting sessions for user:email...
2025-12-15 10:04:50.175 [info] Got 0 sessions for user:email...
2025-12-15 10:07:13.215 [info] Getting sessions for all scopes...
2025-12-15 10:07:13.215 [info] Got 0 sessions for ...
2025-12-15 10:07:13.217 [info] Getting sessions for user:email...
2025-12-15 10:07:13.218 [info] Got 0 sessions for user:email...
2025-12-15 10:07:14.430 [info] Getting sessions for all scopes...
2025-12-15 10:07:14.430 [info] Got 0 sessions for ...
2025-12-15 10:07:14.432 [info] Getting sessions for user:email...
2025-12-15 10:07:14.432 [info] Got 0 sessions for user:email...
2025-12-15 10:07:21.565 [info] Getting sessions for all scopes...
2025-12-15 10:07:21.565 [info] Got 0 sessions for ...
2025-12-15 10:07:21.609 [info] Getting sessions for user:email...
2025-12-15 10:07:21.609 [info] Got 0 sessions for user:email...
2025-12-15 10:07:39.806 [info] Getting sessions for all scopes...
2025-12-15 10:07:39.807 [info] Got 0 sessions for ...
2025-12-15 10:07:39.813 [info] Getting sessions for user:email...
2025-12-15 10:07:39.813 [info] Got 0 sessions for user:email...
2025-12-15 10:07:40.971 [info] Getting sessions for all scopes...
2025-12-15 10:07:40.972 [info] Got 0 sessions for ...
2025-12-15 10:07:41.013 [info] Getting sessions for user:email...
2025-12-15 10:07:41.013 [info] Got 0 sessions for user:email...
2025-12-15 10:07:45.930 [info] Getting sessions for all scopes...
2025-12-15 10:07:45.930 [info] Got 0 sessions for ...
2025-12-15 10:07:45.960 [info] Getting sessions for user:email...
2025-12-15 10:07:45.960 [info] Got 0 sessions for user:email...
2025-12-15 10:07:47.026 [info] Getting sessions for all scopes...
2025-12-15 10:07:47.026 [info] Got 0 sessions for ...
2025-12-15 10:07:47.029 [info] Getting sessions for user:email...
2025-12-15 10:07:47.029 [info] Got 0 sessions for user:email...
2025-12-15 10:07:49.040 [info] Getting sessions for all scopes...
2025-12-15 10:07:49.040 [info] Got 0 sessions for ...
2025-12-15 10:07:49.111 [info] Getting sessions for user:email...
2025-12-15 10:07:49.111 [info] Got 0 sessions for user:email...
2025-12-15 10:07:49.528 [info] Getting sessions for all scopes...
2025-12-15 10:07:49.528 [info] Got 0 sessions for ...
2025-12-15 10:07:49.539 [info] Getting sessions for user:email...
2025-12-15 10:07:49.539 [info] Got 0 sessions for user:email...
2025-12-15 10:07:54.502 [info] Getting sessions for all scopes...
2025-12-15 10:07:54.502 [info] Got 0 sessions for ...
2025-12-15 10:07:54.503 [info] Getting sessions for user:email...
2025-12-15 10:07:54.503 [info] Got 0 sessions for user:email...
2025-12-15 10:08:34.341 [info] Getting sessions for all scopes...
2025-12-15 10:08:34.341 [info] Got 0 sessions for ...
2025-12-15 10:08:34.342 [info] Getting sessions for user:email...
2025-12-15 10:08:34.343 [info] Got 0 sessions for user:email...
2025-12-15 10:08:39.326 [info] Getting sessions for all scopes...
2025-12-15 10:08:39.326 [info] Got 0 sessions for ...
2025-12-15 10:08:39.331 [info] Getting sessions for user:email...
2025-12-15 10:08:39.331 [info] Got 0 sessions for user:email...
2025-12-15 10:15:00.568 [info] Getting sessions for all scopes...
2025-12-15 10:15:00.568 [info] Got 0 sessions for ...
2025-12-15 10:15:00.574 [info] Getting sessions for user:email...
2025-12-15 10:15:00.574 [info] Got 0 sessions for user:email...
2025-12-15 10:15:00.860 [info] Getting sessions for all scopes...
2025-12-15 10:15:00.860 [info] Got 0 sessions for ...
2025-12-15 10:15:00.870 [info] Getting sessions for user:email...
2025-12-15 10:15:00.870 [info] Got 0 sessions for user:email...
2025-12-15 10:15:01.058 [info] Getting sessions for all scopes...
2025-12-15 10:15:01.059 [info] Got 0 sessions for ...
2025-12-15 10:15:01.064 [info] Getting sessions for user:email...
2025-12-15 10:15:01.064 [info] Got 0 sessions for user:email...
2025-12-15 10:15:01.159 [info] Getting sessions for all scopes...
2025-12-15 10:15:01.159 [info] Got 0 sessions for ...
2025-12-15 10:15:01.164 [info] Getting sessions for user:email...
2025-12-15 10:15:01.165 [info] Got 0 sessions for user:email...
2025-12-15 10:15:01.335 [info] Getting sessions for all scopes...
2025-12-15 10:15:01.335 [info] Got 0 sessions for ...
2025-12-15 10:15:01.350 [info] Getting sessions for user:email...
2025-12-15 10:15:01.350 [info] Got 0 sessions for user:email...
2025-12-15 10:15:01.455 [info] Getting sessions for all scopes...
2025-12-15 10:15:01.455 [info] Got 0 sessions for ...
2025-12-15 10:15:01.459 [info] Getting sessions for user:email...
2025-12-15 10:15:01.460 [info] Got 0 sessions for user:email...
2025-12-15 10:15:01.562 [info] Getting sessions for all scopes...
2025-12-15 10:15:01.562 [info] Got 0 sessions for ...
2025-12-15 10:15:01.567 [info] Getting sessions for user:email...
2025-12-15 10:15:01.567 [info] Got 0 sessions for user:email...
2025-12-15 10:15:01.647 [info] Getting sessions for all scopes...
2025-12-15 10:15:01.647 [info] Got 0 sessions for ...
2025-12-15 10:15:01.661 [info] Getting sessions for user:email...
2025-12-15 10:15:01.661 [info] Got 0 sessions for user:email...
2025-12-15 10:15:06.646 [info] Getting sessions for all scopes...
2025-12-15 10:15:06.646 [info] Got 0 sessions for ...
2025-12-15 10:15:06.649 [info] Getting sessions for user:email...
2025-12-15 10:15:06.649 [info] Got 0 sessions for user:email...
