2025-12-15 08:53:29.213 [info] Reading sessions from keychain...
2025-12-15 08:53:29.213 [info] Getting sessions for all scopes...
2025-12-15 08:53:29.468 [info] Got 0 sessions for ...
2025-12-15 08:53:29.468 [info] Getting sessions for all scopes...
2025-12-15 08:53:29.468 [info] Got 0 sessions for ...
2025-12-15 08:53:29.468 [info] Getting sessions for all scopes...
2025-12-15 08:53:29.468 [info] Got 0 sessions for ...
2025-12-15 08:53:29.469 [info] Getting sessions for all scopes...
2025-12-15 08:53:29.469 [info] Got 0 sessions for ...
2025-12-15 08:53:29.469 [info] Getting sessions for all scopes...
2025-12-15 08:53:29.469 [info] Got 0 sessions for ...
2025-12-15 08:53:29.470 [info] Getting sessions for all scopes...
2025-12-15 08:53:29.470 [info] Got 0 sessions for ...
2025-12-15 08:53:29.473 [info] Getting sessions for all scopes...
2025-12-15 08:53:29.473 [info] Got 0 sessions for ...
2025-12-15 08:53:29.473 [info] Getting sessions for all scopes...
2025-12-15 08:53:29.473 [info] Got 0 sessions for ...
2025-12-15 08:53:29.474 [info] Getting sessions for all scopes...
2025-12-15 08:53:29.474 [info] Got 0 sessions for ...
2025-12-15 08:53:29.474 [info] Getting sessions for all scopes...
2025-12-15 08:53:29.474 [info] Got 0 sessions for ...
2025-12-15 08:53:29.539 [info] Getting sessions for all scopes...
2025-12-15 08:53:29.539 [info] Got 0 sessions for ...
2025-12-15 08:53:29.542 [info] Getting sessions for all scopes...
2025-12-15 08:53:29.542 [info] Got 0 sessions for ...
2025-12-15 08:53:29.542 [info] Getting sessions for all scopes...
2025-12-15 08:53:29.542 [info] Got 0 sessions for ...
2025-12-15 08:53:29.543 [info] Getting sessions for all scopes...
2025-12-15 08:53:29.543 [info] Got 0 sessions for ...
2025-12-15 08:53:29.543 [info] Getting sessions for all scopes...
2025-12-15 08:53:29.543 [info] Got 0 sessions for ...
2025-12-15 08:53:29.543 [info] Getting sessions for all scopes...
2025-12-15 08:53:29.543 [info] Got 0 sessions for ...
2025-12-15 08:53:41.731 [info] Getting sessions for all scopes...
2025-12-15 08:53:41.735 [info] Got 0 sessions for ...
2025-12-15 08:53:41.745 [info] Getting sessions for all scopes...
2025-12-15 08:53:41.745 [info] Got 0 sessions for ...
2025-12-15 08:53:43.226 [info] Getting sessions for user:email...
2025-12-15 08:53:43.226 [info] Got 0 sessions for user:email...
2025-12-15 08:53:43.227 [info] Getting sessions for read:user,repo,user:email,workflow...
2025-12-15 08:53:43.227 [info] Got 0 sessions for read:user,repo,user:email,workflow...
2025-12-15 08:53:44.102 [info] Getting sessions for all scopes...
2025-12-15 08:53:44.102 [info] Got 0 sessions for ...
2025-12-15 08:53:44.102 [info] Getting sessions for all scopes...
2025-12-15 08:53:44.102 [info] Got 0 sessions for ...
2025-12-15 08:53:44.149 [info] Getting sessions for all scopes...
2025-12-15 08:53:44.149 [info] Got 0 sessions for ...
2025-12-15 08:53:45.398 [info] Getting sessions for user:email...
2025-12-15 08:53:45.398 [info] Got 0 sessions for user:email...
2025-12-15 08:53:45.399 [info] Getting sessions for read:user,repo,user:email,workflow...
2025-12-15 08:53:45.399 [info] Got 0 sessions for read:user,repo,user:email,workflow...
2025-12-15 08:53:45.816 [info] Getting sessions for all scopes...
2025-12-15 08:53:45.816 [info] Got 0 sessions for ...
2025-12-15 08:53:45.838 [info] Getting sessions for read:user,repo,user:email,workflow...
2025-12-15 08:53:45.838 [info] Got 0 sessions for read:user,repo,user:email,workflow...
2025-12-15 08:53:46.341 [info] Getting sessions for user:email...
2025-12-15 08:53:46.341 [info] Got 0 sessions for user:email...
2025-12-15 08:53:46.488 [info] Getting sessions for all scopes...
2025-12-15 08:53:46.488 [info] Got 0 sessions for ...
2025-12-15 08:53:46.506 [info] Getting sessions for all scopes...
2025-12-15 08:53:46.506 [info] Got 0 sessions for ...
2025-12-15 08:53:46.506 [info] Getting sessions for all scopes...
2025-12-15 08:53:46.506 [info] Got 0 sessions for ...
2025-12-15 08:53:46.636 [info] Getting sessions for read:user,repo,user:email,workflow...
2025-12-15 08:53:46.637 [info] Got 0 sessions for read:user,repo,user:email,workflow...
