2025-12-16 10:58:07.635 [info] Reading sessions from keychain...
2025-12-16 10:58:07.635 [info] Getting sessions for all scopes...
2025-12-16 10:58:07.635 [info] Got 0 sessions for ...
2025-12-16 10:58:07.635 [info] Getting sessions for all scopes...
2025-12-16 10:58:07.635 [info] Got 0 sessions for ...
2025-12-16 10:58:07.635 [info] Getting sessions for all scopes...
2025-12-16 10:58:07.635 [info] Got 0 sessions for ...
2025-12-16 10:58:07.635 [info] Getting sessions for all scopes...
2025-12-16 10:58:07.635 [info] Got 0 sessions for ...
2025-12-16 10:58:07.635 [info] Getting sessions for all scopes...
2025-12-16 10:58:07.635 [info] Got 0 sessions for ...
2025-12-16 10:58:07.635 [info] Getting sessions for all scopes...
2025-12-16 10:58:07.635 [info] Got 0 sessions for ...
2025-12-16 10:58:07.635 [info] Getting sessions for all scopes...
2025-12-16 10:58:07.635 [info] Got 0 sessions for ...
2025-12-16 10:58:07.635 [info] Getting sessions for all scopes...
2025-12-16 10:58:07.635 [info] Got 0 sessions for ...
2025-12-16 10:58:07.635 [info] Getting sessions for all scopes...
2025-12-16 10:58:07.635 [info] Got 0 sessions for ...
2025-12-16 10:58:07.635 [info] Getting sessions for all scopes...
2025-12-16 10:58:07.635 [info] Got 0 sessions for ...
2025-12-16 10:58:07.635 [info] Getting sessions for all scopes...
2025-12-16 10:58:07.635 [info] Got 0 sessions for ...
2025-12-16 10:58:07.635 [info] Getting sessions for all scopes...
2025-12-16 10:58:07.635 [info] Got 0 sessions for ...
2025-12-16 10:58:07.635 [info] Getting sessions for all scopes...
2025-12-16 10:58:07.635 [info] Got 0 sessions for ...
2025-12-16 10:58:07.635 [info] Getting sessions for all scopes...
2025-12-16 10:58:07.635 [info] Got 0 sessions for ...
2025-12-16 10:58:07.636 [info] Getting sessions for all scopes...
2025-12-16 10:58:07.636 [info] Got 0 sessions for ...
2025-12-16 10:58:07.636 [info] Getting sessions for all scopes...
2025-12-16 10:58:07.636 [info] Got 0 sessions for ...
2025-12-16 10:58:07.636 [info] Getting sessions for all scopes...
2025-12-16 10:58:07.636 [info] Got 0 sessions for ...
2025-12-16 10:58:07.636 [info] Getting sessions for all scopes...
2025-12-16 10:58:07.636 [info] Got 0 sessions for ...
2025-12-16 10:58:07.636 [info] Getting sessions for user:email...
2025-12-16 10:58:07.636 [info] Got 0 sessions for user:email...
2025-12-16 10:58:07.636 [info] Getting sessions for read:user,repo,user:email,workflow...
2025-12-16 10:58:07.636 [info] Got 0 sessions for read:user,repo,user:email,workflow...
2025-12-16 10:58:08.353 [info] Getting sessions for all scopes...
2025-12-16 10:58:08.353 [info] Got 0 sessions for ...
2025-12-16 10:58:08.353 [info] Getting sessions for all scopes...
2025-12-16 10:58:08.353 [info] Got 0 sessions for ...
2025-12-16 10:58:08.353 [info] Getting sessions for all scopes...
2025-12-16 10:58:08.353 [info] Got 0 sessions for ...
2025-12-16 10:58:09.205 [info] Getting sessions for user:email...
2025-12-16 10:58:09.205 [info] Got 0 sessions for user:email...
2025-12-16 10:58:09.206 [info] Getting sessions for read:user,repo,user:email,workflow...
2025-12-16 10:58:09.206 [info] Got 0 sessions for read:user,repo,user:email,workflow...
2025-12-16 10:58:09.592 [info] Getting sessions for all scopes...
2025-12-16 10:58:09.592 [info] Got 0 sessions for ...
2025-12-16 10:58:09.675 [info] Getting sessions for user:email...
2025-12-16 10:58:09.675 [info] Got 0 sessions for user:email...
2025-12-16 10:58:10.624 [info] Getting sessions for all scopes...
2025-12-16 10:58:10.624 [info] Got 0 sessions for ...
2025-12-16 10:58:10.624 [info] Getting sessions for all scopes...
2025-12-16 10:58:10.624 [info] Got 0 sessions for ...
2025-12-16 10:58:11.321 [info] Getting sessions for user:email...
2025-12-16 10:58:11.321 [info] Got 0 sessions for user:email...
2025-12-16 10:58:11.321 [info] Getting sessions for read:user,repo,user:email,workflow...
2025-12-16 10:58:11.321 [info] Got 0 sessions for read:user,repo,user:email,workflow...
2025-12-16 10:58:11.357 [info] Getting sessions for all scopes...
2025-12-16 10:58:11.357 [info] Got 0 sessions for ...
2025-12-16 10:58:11.386 [info] Getting sessions for all scopes...
2025-12-16 10:58:11.386 [info] Got 0 sessions for ...
2025-12-16 10:58:11.922 [info] Getting sessions for read:user,repo,user:email,workflow...
2025-12-16 10:58:11.922 [info] Got 0 sessions for read:user,repo,user:email,workflow...
2025-12-16 11:35:24.451 [info] Getting sessions for all scopes...
2025-12-16 11:35:24.452 [info] Got 0 sessions for ...
2025-12-16 11:35:24.455 [info] Getting sessions for user:email...
2025-12-16 11:35:24.455 [info] Got 0 sessions for user:email...
2025-12-16 11:35:24.486 [info] Getting sessions for all scopes...
2025-12-16 11:35:24.486 [info] Got 0 sessions for ...
2025-12-16 11:35:24.506 [info] Getting sessions for all scopes...
2025-12-16 11:35:24.506 [info] Got 0 sessions for ...
2025-12-16 11:35:28.762 [info] Getting sessions for all scopes...
2025-12-16 11:35:28.762 [info] Got 0 sessions for ...
2025-12-16 11:35:28.784 [info] Getting sessions for user:email...
2025-12-16 11:35:28.784 [info] Got 0 sessions for user:email...
2025-12-16 11:35:28.941 [info] Getting sessions for all scopes...
2025-12-16 11:35:28.942 [info] Got 0 sessions for ...
2025-12-16 11:35:28.949 [info] Getting sessions for user:email...
2025-12-16 11:35:28.950 [info] Got 0 sessions for user:email...
2025-12-16 11:35:29.218 [info] Getting sessions for all scopes...
2025-12-16 11:35:29.218 [info] Got 0 sessions for ...
2025-12-16 11:35:29.220 [info] Getting sessions for user:email...
2025-12-16 11:35:29.220 [info] Got 0 sessions for user:email...
2025-12-16 11:35:29.439 [info] Getting sessions for all scopes...
2025-12-16 11:35:29.439 [info] Got 0 sessions for ...
2025-12-16 11:35:29.446 [info] Getting sessions for user:email...
2025-12-16 11:35:29.446 [info] Got 0 sessions for user:email...
2025-12-16 11:35:29.773 [info] Getting sessions for all scopes...
2025-12-16 11:35:29.774 [info] Got 0 sessions for ...
2025-12-16 11:35:29.781 [info] Getting sessions for user:email...
2025-12-16 11:35:29.781 [info] Got 0 sessions for user:email...
2025-12-16 11:35:30.952 [info] Getting sessions for all scopes...
2025-12-16 11:35:30.952 [info] Got 0 sessions for ...
2025-12-16 11:35:30.953 [info] Getting sessions for user:email...
2025-12-16 11:35:30.954 [info] Got 0 sessions for user:email...
2025-12-16 11:35:31.303 [info] Getting sessions for all scopes...
2025-12-16 11:35:31.303 [info] Got 0 sessions for ...
2025-12-16 11:35:31.305 [info] Getting sessions for user:email...
2025-12-16 11:35:31.305 [info] Got 0 sessions for user:email...
2025-12-16 11:35:32.954 [info] Getting sessions for all scopes...
2025-12-16 11:35:32.954 [info] Got 0 sessions for ...
2025-12-16 11:35:32.966 [info] Getting sessions for user:email...
2025-12-16 11:35:32.966 [info] Got 0 sessions for user:email...
2025-12-16 11:35:37.945 [info] Getting sessions for all scopes...
2025-12-16 11:35:37.945 [info] Got 0 sessions for ...
2025-12-16 11:35:37.948 [info] Getting sessions for user:email...
2025-12-16 11:35:37.948 [info] Got 0 sessions for user:email...
2025-12-16 11:35:44.791 [info] Getting sessions for all scopes...
2025-12-16 11:35:44.791 [info] Got 0 sessions for ...
2025-12-16 11:35:44.796 [info] Getting sessions for user:email...
2025-12-16 11:35:44.796 [info] Got 0 sessions for user:email...
2025-12-16 11:35:45.053 [info] Getting sessions for all scopes...
2025-12-16 11:35:45.053 [info] Got 0 sessions for ...
2025-12-16 11:35:45.055 [info] Getting sessions for user:email...
2025-12-16 11:35:45.056 [info] Got 0 sessions for user:email...
2025-12-16 11:35:46.144 [info] Getting sessions for all scopes...
2025-12-16 11:35:46.144 [info] Got 0 sessions for ...
2025-12-16 11:35:46.153 [info] Getting sessions for user:email...
2025-12-16 11:35:46.153 [info] Got 0 sessions for user:email...
2025-12-16 11:35:51.147 [info] Getting sessions for all scopes...
2025-12-16 11:35:51.147 [info] Got 0 sessions for ...
2025-12-16 11:35:51.154 [info] Getting sessions for user:email...
2025-12-16 11:35:51.154 [info] Got 0 sessions for user:email...
2025-12-16 11:44:57.917 [info] Getting sessions for all scopes...
2025-12-16 11:44:57.917 [info] Got 0 sessions for ...
2025-12-16 11:44:57.921 [info] Getting sessions for user:email...
2025-12-16 11:44:57.921 [info] Got 0 sessions for user:email...
2025-12-16 11:45:01.835 [info] Getting sessions for all scopes...
2025-12-16 11:45:01.836 [info] Got 0 sessions for ...
2025-12-16 11:45:01.846 [info] Getting sessions for user:email...
2025-12-16 11:45:01.846 [info] Got 0 sessions for user:email...
2025-12-16 11:45:03.184 [info] Getting sessions for all scopes...
2025-12-16 11:45:03.184 [info] Got 0 sessions for ...
2025-12-16 11:45:03.185 [info] Getting sessions for user:email...
2025-12-16 11:45:03.185 [info] Got 0 sessions for user:email...
2025-12-16 11:45:08.197 [info] Getting sessions for all scopes...
2025-12-16 11:45:08.198 [info] Got 0 sessions for ...
2025-12-16 11:45:08.202 [info] Getting sessions for user:email...
2025-12-16 11:45:08.202 [info] Got 0 sessions for user:email...
2025-12-16 12:32:34.571 [info] Getting sessions for all scopes...
2025-12-16 12:32:34.575 [info] Got 0 sessions for ...
2025-12-16 12:32:35.390 [info] Getting sessions for user:email...
2025-12-16 12:32:35.390 [info] Got 0 sessions for user:email...
2025-12-16 12:32:43.507 [info] Getting sessions for all scopes...
2025-12-16 12:32:43.507 [info] Got 0 sessions for ...
2025-12-16 12:32:43.524 [info] Getting sessions for user:email...
2025-12-16 12:32:43.524 [info] Got 0 sessions for user:email...
2025-12-16 12:32:46.529 [info] Getting sessions for all scopes...
2025-12-16 12:32:46.529 [info] Got 0 sessions for ...
2025-12-16 12:32:46.558 [info] Getting sessions for user:email...
2025-12-16 12:32:46.558 [info] Got 0 sessions for user:email...
2025-12-16 12:32:51.416 [info] Getting sessions for all scopes...
2025-12-16 12:32:51.417 [info] Got 0 sessions for ...
2025-12-16 12:32:51.441 [info] Getting sessions for user:email...
2025-12-16 12:32:51.441 [info] Got 0 sessions for user:email...
2025-12-16 12:33:47.310 [info] Getting sessions for all scopes...
2025-12-16 12:33:47.311 [info] Got 0 sessions for ...
2025-12-16 12:33:47.387 [info] Getting sessions for user:email...
2025-12-16 12:33:47.387 [info] Got 0 sessions for user:email...
2025-12-16 12:33:52.533 [info] Getting sessions for all scopes...
2025-12-16 12:33:52.534 [info] Got 0 sessions for ...
2025-12-16 12:33:52.559 [info] Getting sessions for user:email...
2025-12-16 12:33:52.560 [info] Got 0 sessions for user:email...
2025-12-16 12:34:31.649 [info] Getting sessions for all scopes...
2025-12-16 12:34:31.649 [info] Got 0 sessions for ...
2025-12-16 12:34:31.662 [info] Getting sessions for user:email...
2025-12-16 12:34:31.662 [info] Got 0 sessions for user:email...
2025-12-16 12:34:31.896 [info] Getting sessions for all scopes...
2025-12-16 12:34:31.896 [info] Got 0 sessions for ...
2025-12-16 12:34:31.921 [info] Getting sessions for user:email...
2025-12-16 12:34:31.922 [info] Got 0 sessions for user:email...
2025-12-16 12:34:33.019 [info] Getting sessions for all scopes...
2025-12-16 12:34:33.019 [info] Got 0 sessions for ...
2025-12-16 12:34:33.023 [info] Getting sessions for user:email...
2025-12-16 12:34:33.023 [info] Got 0 sessions for user:email...
2025-12-16 12:34:36.174 [info] Getting sessions for all scopes...
2025-12-16 12:34:36.175 [info] Got 0 sessions for ...
2025-12-16 12:34:36.177 [info] Getting sessions for user:email...
2025-12-16 12:34:36.178 [info] Got 0 sessions for user:email...
2025-12-16 12:34:40.211 [info] Getting sessions for all scopes...
2025-12-16 12:34:40.211 [info] Got 0 sessions for ...
2025-12-16 12:34:40.218 [info] Getting sessions for user:email...
2025-12-16 12:34:40.218 [info] Got 0 sessions for user:email...
2025-12-16 12:34:41.593 [info] Getting sessions for all scopes...
2025-12-16 12:34:41.593 [info] Got 0 sessions for ...
2025-12-16 12:34:41.603 [info] Getting sessions for user:email...
2025-12-16 12:34:41.604 [info] Got 0 sessions for user:email...
2025-12-16 12:34:46.574 [info] Getting sessions for all scopes...
2025-12-16 12:34:46.575 [info] Got 0 sessions for ...
2025-12-16 12:34:46.575 [info] Getting sessions for user:email...
2025-12-16 12:34:46.576 [info] Got 0 sessions for user:email...
2025-12-16 12:36:46.828 [info] Getting sessions for all scopes...
2025-12-16 12:36:46.830 [info] Got 0 sessions for ...
2025-12-16 12:36:46.983 [info] Getting sessions for user:email...
2025-12-16 12:36:46.983 [info] Got 0 sessions for user:email...
2025-12-16 12:36:51.733 [info] Getting sessions for all scopes...
2025-12-16 12:36:51.733 [info] Got 0 sessions for ...
2025-12-16 12:36:51.738 [info] Getting sessions for user:email...
2025-12-16 12:36:51.738 [info] Got 0 sessions for user:email...
2025-12-16 12:36:58.240 [info] Getting sessions for all scopes...
2025-12-16 12:36:58.240 [info] Got 0 sessions for ...
2025-12-16 12:36:58.247 [info] Getting sessions for user:email...
2025-12-16 12:36:58.247 [info] Got 0 sessions for user:email...
2025-12-16 12:37:03.239 [info] Getting sessions for all scopes...
2025-12-16 12:37:03.239 [info] Got 0 sessions for ...
2025-12-16 12:37:03.242 [info] Getting sessions for user:email...
2025-12-16 12:37:03.242 [info] Got 0 sessions for user:email...
2025-12-16 12:37:08.299 [info] Getting sessions for all scopes...
2025-12-16 12:37:08.299 [info] Got 0 sessions for ...
2025-12-16 12:37:08.303 [info] Getting sessions for user:email...
2025-12-16 12:37:08.303 [info] Got 0 sessions for user:email...
2025-12-16 12:37:13.248 [info] Getting sessions for all scopes...
2025-12-16 12:37:13.248 [info] Got 0 sessions for ...
2025-12-16 12:37:13.251 [info] Getting sessions for user:email...
2025-12-16 12:37:13.251 [info] Got 0 sessions for user:email...
2025-12-16 13:14:46.752 [info] Getting sessions for all scopes...
2025-12-16 13:14:46.753 [info] Got 0 sessions for ...
2025-12-16 13:14:46.762 [info] Getting sessions for user:email...
2025-12-16 13:14:46.762 [info] Got 0 sessions for user:email...
2025-12-16 13:14:46.924 [info] Getting sessions for all scopes...
2025-12-16 13:14:46.924 [info] Got 0 sessions for ...
2025-12-16 13:14:46.939 [info] Getting sessions for user:email...
2025-12-16 13:14:46.939 [info] Got 0 sessions for user:email...
2025-12-16 13:14:48.555 [info] Getting sessions for all scopes...
2025-12-16 13:14:48.555 [info] Got 0 sessions for ...
2025-12-16 13:14:48.560 [info] Getting sessions for user:email...
2025-12-16 13:14:48.560 [info] Got 0 sessions for user:email...
2025-12-16 13:14:49.186 [info] Getting sessions for all scopes...
2025-12-16 13:14:49.186 [info] Got 0 sessions for ...
2025-12-16 13:14:49.205 [info] Getting sessions for user:email...
2025-12-16 13:14:49.205 [info] Got 0 sessions for user:email...
2025-12-16 13:14:53.939 [info] Getting sessions for all scopes...
2025-12-16 13:14:53.939 [info] Got 0 sessions for ...
2025-12-16 13:14:53.950 [info] Getting sessions for user:email...
2025-12-16 13:14:53.950 [info] Got 0 sessions for user:email...
2025-12-16 13:14:58.948 [info] Getting sessions for all scopes...
2025-12-16 13:14:58.948 [info] Got 0 sessions for ...
2025-12-16 13:14:58.957 [info] Getting sessions for user:email...
2025-12-16 13:14:58.957 [info] Got 0 sessions for user:email...
2025-12-16 13:32:20.284 [info] Getting sessions for all scopes...
2025-12-16 13:32:20.287 [info] Got 0 sessions for ...
2025-12-16 13:32:20.299 [info] Getting sessions for user:email...
2025-12-16 13:32:20.299 [info] Got 0 sessions for user:email...
2025-12-16 13:32:20.453 [info] Getting sessions for all scopes...
2025-12-16 13:32:20.453 [info] Got 0 sessions for ...
2025-12-16 13:32:20.456 [info] Getting sessions for user:email...
2025-12-16 13:32:20.456 [info] Got 0 sessions for user:email...
2025-12-16 13:32:22.689 [info] Getting sessions for all scopes...
2025-12-16 13:32:22.690 [info] Got 0 sessions for ...
2025-12-16 13:32:22.714 [info] Getting sessions for user:email...
2025-12-16 13:32:22.714 [info] Got 0 sessions for user:email...
2025-12-16 13:32:24.464 [info] Getting sessions for all scopes...
2025-12-16 13:32:24.464 [info] Got 0 sessions for ...
2025-12-16 13:32:24.466 [info] Getting sessions for user:email...
2025-12-16 13:32:24.466 [info] Got 0 sessions for user:email...
2025-12-16 13:32:29.454 [info] Getting sessions for all scopes...
2025-12-16 13:32:29.454 [info] Got 0 sessions for ...
2025-12-16 13:32:29.456 [info] Getting sessions for user:email...
2025-12-16 13:32:29.456 [info] Got 0 sessions for user:email...
2025-12-16 13:32:32.239 [info] Getting sessions for all scopes...
2025-12-16 13:32:32.239 [info] Got 0 sessions for ...
2025-12-16 13:32:32.240 [info] Getting sessions for user:email...
2025-12-16 13:32:32.240 [info] Got 0 sessions for user:email...
2025-12-16 13:32:33.849 [info] Getting sessions for all scopes...
2025-12-16 13:32:33.849 [info] Got 0 sessions for ...
2025-12-16 13:32:33.854 [info] Getting sessions for user:email...
2025-12-16 13:32:33.854 [info] Got 0 sessions for user:email...
2025-12-16 13:32:38.828 [info] Getting sessions for all scopes...
2025-12-16 13:32:38.828 [info] Got 0 sessions for ...
2025-12-16 13:32:38.830 [info] Getting sessions for user:email...
2025-12-16 13:32:38.830 [info] Got 0 sessions for user:email...
2025-12-16 13:33:43.225 [info] Getting sessions for all scopes...
2025-12-16 13:33:43.225 [info] Got 0 sessions for ...
2025-12-16 13:33:43.230 [info] Getting sessions for user:email...
2025-12-16 13:33:43.230 [info] Got 0 sessions for user:email...
2025-12-16 13:33:43.322 [info] Getting sessions for all scopes...
2025-12-16 13:33:43.322 [info] Got 0 sessions for ...
2025-12-16 13:33:43.330 [info] Getting sessions for user:email...
2025-12-16 13:33:43.330 [info] Got 0 sessions for user:email...
2025-12-16 13:33:43.408 [info] Getting sessions for all scopes...
2025-12-16 13:33:43.410 [info] Got 0 sessions for ...
2025-12-16 13:33:43.432 [info] Getting sessions for user:email...
2025-12-16 13:33:43.432 [info] Got 0 sessions for user:email...
2025-12-16 13:33:43.688 [info] Getting sessions for all scopes...
2025-12-16 13:33:43.688 [info] Got 0 sessions for ...
2025-12-16 13:33:43.690 [info] Getting sessions for user:email...
2025-12-16 13:33:43.691 [info] Got 0 sessions for user:email...
2025-12-16 13:33:44.101 [info] Getting sessions for all scopes...
2025-12-16 13:33:44.101 [info] Got 0 sessions for ...
2025-12-16 13:33:44.103 [info] Getting sessions for user:email...
2025-12-16 13:33:44.103 [info] Got 0 sessions for user:email...
2025-12-16 13:33:44.291 [info] Getting sessions for all scopes...
2025-12-16 13:33:44.291 [info] Got 0 sessions for ...
2025-12-16 13:33:44.303 [info] Getting sessions for user:email...
2025-12-16 13:33:44.303 [info] Got 0 sessions for user:email...
2025-12-16 13:33:46.765 [info] Getting sessions for all scopes...
2025-12-16 13:33:46.765 [info] Got 0 sessions for ...
2025-12-16 13:33:46.779 [info] Getting sessions for user:email...
2025-12-16 13:33:46.779 [info] Got 0 sessions for user:email...
2025-12-16 13:33:51.829 [info] Getting sessions for all scopes...
2025-12-16 13:33:51.830 [info] Got 0 sessions for ...
2025-12-16 13:33:51.833 [info] Getting sessions for user:email...
2025-12-16 13:33:51.833 [info] Got 0 sessions for user:email...
2025-12-16 13:33:54.204 [info] Getting sessions for all scopes...
2025-12-16 13:33:54.204 [info] Got 0 sessions for ...
2025-12-16 13:33:54.210 [info] Getting sessions for user:email...
2025-12-16 13:33:54.211 [info] Got 0 sessions for user:email...
2025-12-16 13:33:56.440 [info] Getting sessions for all scopes...
2025-12-16 13:33:56.440 [info] Got 0 sessions for ...
2025-12-16 13:33:56.446 [info] Getting sessions for user:email...
2025-12-16 13:33:56.446 [info] Got 0 sessions for user:email...
2025-12-16 13:34:01.415 [info] Getting sessions for all scopes...
2025-12-16 13:34:01.415 [info] Got 0 sessions for ...
2025-12-16 13:34:01.416 [info] Getting sessions for user:email...
2025-12-16 13:34:01.416 [info] Got 0 sessions for user:email...
2025-12-16 13:37:17.575 [info] Getting sessions for all scopes...
2025-12-16 13:37:17.578 [info] Got 0 sessions for ...
2025-12-16 13:37:17.582 [info] Getting sessions for user:email...
2025-12-16 13:37:17.582 [info] Got 0 sessions for user:email...
2025-12-16 13:37:19.189 [info] Getting sessions for all scopes...
2025-12-16 13:37:19.189 [info] Got 0 sessions for ...
2025-12-16 13:37:19.191 [info] Getting sessions for user:email...
2025-12-16 13:37:19.191 [info] Got 0 sessions for user:email...
2025-12-16 13:37:24.180 [info] Getting sessions for all scopes...
2025-12-16 13:37:24.180 [info] Got 0 sessions for ...
2025-12-16 13:37:24.184 [info] Getting sessions for user:email...
2025-12-16 13:37:24.184 [info] Got 0 sessions for user:email...
2025-12-16 13:37:24.812 [info] Getting sessions for all scopes...
2025-12-16 13:37:24.812 [info] Got 0 sessions for ...
2025-12-16 13:37:24.815 [info] Getting sessions for user:email...
2025-12-16 13:37:24.815 [info] Got 0 sessions for user:email...
2025-12-16 13:37:26.327 [info] Getting sessions for all scopes...
2025-12-16 13:37:26.327 [info] Got 0 sessions for ...
2025-12-16 13:37:26.329 [info] Getting sessions for user:email...
2025-12-16 13:37:26.329 [info] Got 0 sessions for user:email...
2025-12-16 13:37:31.162 [info] Getting sessions for all scopes...
2025-12-16 13:37:31.162 [info] Got 0 sessions for ...
2025-12-16 13:37:31.164 [info] Getting sessions for user:email...
2025-12-16 13:37:31.164 [info] Got 0 sessions for user:email...
2025-12-16 13:37:36.179 [info] Getting sessions for all scopes...
2025-12-16 13:37:36.179 [info] Got 0 sessions for ...
2025-12-16 13:37:36.188 [info] Getting sessions for user:email...
2025-12-16 13:37:36.188 [info] Got 0 sessions for user:email...
2025-12-16 13:37:41.266 [info] Getting sessions for all scopes...
2025-12-16 13:37:41.266 [info] Got 0 sessions for ...
2025-12-16 13:37:41.294 [info] Getting sessions for user:email...
2025-12-16 13:37:41.295 [info] Got 0 sessions for user:email...
2025-12-16 13:37:41.347 [info] Getting sessions for all scopes...
2025-12-16 13:37:41.347 [info] Got 0 sessions for ...
2025-12-16 13:37:41.362 [info] Getting sessions for user:email...
2025-12-16 13:37:41.362 [info] Got 0 sessions for user:email...
2025-12-16 13:37:41.444 [info] Getting sessions for all scopes...
2025-12-16 13:37:41.444 [info] Got 0 sessions for ...
2025-12-16 13:37:41.448 [info] Getting sessions for user:email...
2025-12-16 13:37:41.448 [info] Got 0 sessions for user:email...
2025-12-16 13:37:41.762 [info] Getting sessions for all scopes...
2025-12-16 13:37:41.762 [info] Got 0 sessions for ...
2025-12-16 13:37:41.764 [info] Getting sessions for user:email...
2025-12-16 13:37:41.764 [info] Got 0 sessions for user:email...
2025-12-16 13:37:44.962 [info] Getting sessions for all scopes...
2025-12-16 13:37:44.962 [info] Got 0 sessions for ...
2025-12-16 13:37:44.965 [info] Getting sessions for user:email...
2025-12-16 13:37:44.965 [info] Got 0 sessions for user:email...
2025-12-16 13:37:45.042 [info] Getting sessions for all scopes...
2025-12-16 13:37:45.043 [info] Got 0 sessions for ...
2025-12-16 13:37:45.045 [info] Getting sessions for user:email...
2025-12-16 13:37:45.045 [info] Got 0 sessions for user:email...
2025-12-16 13:37:47.433 [info] Getting sessions for all scopes...
2025-12-16 13:37:47.433 [info] Got 0 sessions for ...
2025-12-16 13:37:47.439 [info] Getting sessions for user:email...
2025-12-16 13:37:47.439 [info] Got 0 sessions for user:email...
2025-12-16 13:37:47.578 [info] Getting sessions for all scopes...
2025-12-16 13:37:47.578 [info] Got 0 sessions for ...
2025-12-16 13:37:47.579 [info] Getting sessions for user:email...
2025-12-16 13:37:47.579 [info] Got 0 sessions for user:email...
2025-12-16 13:37:47.803 [info] Getting sessions for all scopes...
2025-12-16 13:37:47.803 [info] Got 0 sessions for ...
2025-12-16 13:37:47.810 [info] Getting sessions for user:email...
2025-12-16 13:37:47.810 [info] Got 0 sessions for user:email...
2025-12-16 13:37:47.859 [info] Getting sessions for all scopes...
2025-12-16 13:37:47.859 [info] Got 0 sessions for ...
2025-12-16 13:37:47.869 [info] Getting sessions for user:email...
2025-12-16 13:37:47.869 [info] Got 0 sessions for user:email...
2025-12-16 13:37:52.863 [info] Getting sessions for all scopes...
2025-12-16 13:37:52.863 [info] Got 0 sessions for ...
2025-12-16 13:37:52.865 [info] Getting sessions for user:email...
2025-12-16 13:37:52.865 [info] Got 0 sessions for user:email...
2025-12-16 13:38:10.975 [info] Getting sessions for all scopes...
2025-12-16 13:38:10.975 [info] Got 0 sessions for ...
2025-12-16 13:38:10.978 [info] Getting sessions for user:email...
2025-12-16 13:38:10.978 [info] Got 0 sessions for user:email...
2025-12-16 13:38:11.330 [info] Getting sessions for all scopes...
2025-12-16 13:38:11.330 [info] Got 0 sessions for ...
2025-12-16 13:38:11.340 [info] Getting sessions for user:email...
2025-12-16 13:38:11.340 [info] Got 0 sessions for user:email...
2025-12-16 13:38:13.200 [info] Getting sessions for all scopes...
2025-12-16 13:38:13.200 [info] Got 0 sessions for ...
2025-12-16 13:38:13.204 [info] Getting sessions for user:email...
2025-12-16 13:38:13.204 [info] Got 0 sessions for user:email...
2025-12-16 13:38:14.613 [info] Getting sessions for all scopes...
2025-12-16 13:38:14.613 [info] Got 0 sessions for ...
2025-12-16 13:38:14.640 [info] Getting sessions for user:email...
2025-12-16 13:38:14.640 [info] Got 0 sessions for user:email...
2025-12-16 13:38:19.579 [info] Getting sessions for all scopes...
2025-12-16 13:38:19.588 [info] Got 0 sessions for ...
2025-12-16 13:38:19.601 [info] Getting sessions for user:email...
2025-12-16 13:38:19.601 [info] Got 0 sessions for user:email...
2025-12-16 13:38:25.574 [info] Getting sessions for all scopes...
2025-12-16 13:38:25.574 [info] Got 0 sessions for ...
2025-12-16 13:38:25.582 [info] Getting sessions for user:email...
2025-12-16 13:38:25.582 [info] Got 0 sessions for user:email...
2025-12-16 13:38:30.532 [info] Getting sessions for all scopes...
2025-12-16 13:38:30.532 [info] Got 0 sessions for ...
2025-12-16 13:38:30.534 [info] Getting sessions for user:email...
2025-12-16 13:38:30.534 [info] Got 0 sessions for user:email...
2025-12-16 13:39:36.736 [info] Getting sessions for all scopes...
2025-12-16 13:39:36.737 [info] Got 0 sessions for ...
2025-12-16 13:39:36.739 [info] Getting sessions for user:email...
2025-12-16 13:39:36.739 [info] Got 0 sessions for user:email...
2025-12-16 13:39:41.734 [info] Getting sessions for all scopes...
2025-12-16 13:39:41.734 [info] Got 0 sessions for ...
2025-12-16 13:39:41.738 [info] Getting sessions for user:email...
2025-12-16 13:39:41.739 [info] Got 0 sessions for user:email...
2025-12-16 13:40:34.373 [info] Getting sessions for all scopes...
2025-12-16 13:40:34.374 [info] Got 0 sessions for ...
2025-12-16 13:40:34.376 [info] Getting sessions for user:email...
2025-12-16 13:40:34.376 [info] Got 0 sessions for user:email...
2025-12-16 13:40:35.628 [info] Getting sessions for all scopes...
2025-12-16 13:40:35.628 [info] Got 0 sessions for ...
2025-12-16 13:40:35.638 [info] Getting sessions for user:email...
2025-12-16 13:40:35.638 [info] Got 0 sessions for user:email...
2025-12-16 13:40:40.617 [info] Getting sessions for all scopes...
2025-12-16 13:40:40.618 [info] Got 0 sessions for ...
2025-12-16 13:40:40.619 [info] Getting sessions for user:email...
2025-12-16 13:40:40.619 [info] Got 0 sessions for user:email...
2025-12-16 13:40:48.752 [info] Getting sessions for all scopes...
2025-12-16 13:40:48.753 [info] Got 0 sessions for ...
2025-12-16 13:40:48.800 [info] Getting sessions for user:email...
2025-12-16 13:40:48.801 [info] Got 0 sessions for user:email...
2025-12-16 13:40:48.942 [info] Getting sessions for all scopes...
2025-12-16 13:40:48.943 [info] Got 0 sessions for ...
2025-12-16 13:40:48.972 [info] Getting sessions for user:email...
2025-12-16 13:40:48.972 [info] Got 0 sessions for user:email...
2025-12-16 13:40:49.438 [info] Getting sessions for all scopes...
2025-12-16 13:40:49.438 [info] Got 0 sessions for ...
2025-12-16 13:40:49.443 [info] Getting sessions for user:email...
2025-12-16 13:40:49.443 [info] Got 0 sessions for user:email...
2025-12-16 13:40:51.423 [info] Getting sessions for all scopes...
2025-12-16 13:40:51.423 [info] Got 0 sessions for ...
2025-12-16 13:40:51.432 [info] Getting sessions for user:email...
2025-12-16 13:40:51.434 [info] Got 0 sessions for user:email...
2025-12-16 13:40:51.512 [info] Getting sessions for all scopes...
2025-12-16 13:40:51.512 [info] Got 0 sessions for ...
2025-12-16 13:40:51.517 [info] Getting sessions for user:email...
2025-12-16 13:40:51.517 [info] Got 0 sessions for user:email...
2025-12-16 13:40:54.281 [info] Getting sessions for all scopes...
2025-12-16 13:40:54.281 [info] Got 0 sessions for ...
2025-12-16 13:40:54.290 [info] Getting sessions for user:email...
2025-12-16 13:40:54.290 [info] Got 0 sessions for user:email...
2025-12-16 13:40:54.372 [info] Getting sessions for all scopes...
2025-12-16 13:40:54.373 [info] Got 0 sessions for ...
2025-12-16 13:40:54.375 [info] Getting sessions for user:email...
2025-12-16 13:40:54.376 [info] Got 0 sessions for user:email...
2025-12-16 13:40:59.364 [info] Getting sessions for all scopes...
2025-12-16 13:40:59.364 [info] Got 0 sessions for ...
2025-12-16 13:40:59.366 [info] Getting sessions for user:email...
2025-12-16 13:40:59.366 [info] Got 0 sessions for user:email...
2025-12-16 14:04:41.510 [info] Getting sessions for all scopes...
2025-12-16 14:04:41.511 [info] Got 0 sessions for ...
2025-12-16 14:04:41.519 [info] Getting sessions for user:email...
2025-12-16 14:04:41.519 [info] Got 0 sessions for user:email...
2025-12-16 14:04:41.777 [info] Getting sessions for all scopes...
2025-12-16 14:04:41.777 [info] Got 0 sessions for ...
2025-12-16 14:04:41.789 [info] Getting sessions for user:email...
2025-12-16 14:04:41.789 [info] Got 0 sessions for user:email...
2025-12-16 14:04:47.560 [info] Getting sessions for all scopes...
2025-12-16 14:04:47.560 [info] Got 0 sessions for ...
2025-12-16 14:04:47.565 [info] Getting sessions for user:email...
2025-12-16 14:04:47.565 [info] Got 0 sessions for user:email...
2025-12-16 14:18:46.820 [info] Getting sessions for all scopes...
2025-12-16 14:18:46.871 [info] Got 0 sessions for ...
2025-12-16 14:18:47.057 [info] Getting sessions for user:email...
2025-12-16 14:18:47.057 [info] Got 0 sessions for user:email...
2025-12-16 14:18:51.571 [info] Getting sessions for all scopes...
2025-12-16 14:18:51.572 [info] Got 0 sessions for ...
2025-12-16 14:18:51.613 [info] Getting sessions for user:email...
2025-12-16 14:18:51.614 [info] Got 0 sessions for user:email...
2025-12-16 14:18:57.834 [info] Getting sessions for all scopes...
2025-12-16 14:18:57.834 [info] Got 0 sessions for ...
2025-12-16 14:18:57.837 [info] Getting sessions for user:email...
2025-12-16 14:18:57.837 [info] Got 0 sessions for user:email...
2025-12-16 14:18:58.256 [info] Getting sessions for all scopes...
2025-12-16 14:18:58.256 [info] Got 0 sessions for ...
2025-12-16 14:18:58.271 [info] Getting sessions for user:email...
2025-12-16 14:18:58.271 [info] Got 0 sessions for user:email...
2025-12-16 14:18:59.443 [info] Getting sessions for all scopes...
2025-12-16 14:18:59.444 [info] Got 0 sessions for ...
2025-12-16 14:18:59.461 [info] Getting sessions for user:email...
2025-12-16 14:18:59.462 [info] Got 0 sessions for user:email...
2025-12-16 14:19:04.479 [info] Getting sessions for all scopes...
2025-12-16 14:19:04.479 [info] Got 0 sessions for ...
2025-12-16 14:19:04.482 [info] Getting sessions for user:email...
2025-12-16 14:19:04.482 [info] Got 0 sessions for user:email...
2025-12-16 14:19:12.964 [info] Getting sessions for all scopes...
2025-12-16 14:19:12.965 [info] Got 0 sessions for ...
2025-12-16 14:19:13.035 [info] Getting sessions for user:email...
2025-12-16 14:19:13.035 [info] Got 0 sessions for user:email...
2025-12-16 14:19:13.546 [info] Getting sessions for all scopes...
2025-12-16 14:19:13.546 [info] Got 0 sessions for ...
2025-12-16 14:19:13.560 [info] Getting sessions for user:email...
2025-12-16 14:19:13.560 [info] Got 0 sessions for user:email...
2025-12-16 14:19:15.913 [info] Getting sessions for all scopes...
2025-12-16 14:19:15.913 [info] Got 0 sessions for ...
2025-12-16 14:19:15.938 [info] Getting sessions for user:email...
2025-12-16 14:19:15.938 [info] Got 0 sessions for user:email...
2025-12-16 14:19:16.099 [info] Getting sessions for all scopes...
2025-12-16 14:19:16.099 [info] Got 0 sessions for ...
2025-12-16 14:19:16.101 [info] Getting sessions for user:email...
2025-12-16 14:19:16.101 [info] Got 0 sessions for user:email...
2025-12-16 14:19:16.410 [info] Getting sessions for all scopes...
2025-12-16 14:19:16.410 [info] Got 0 sessions for ...
2025-12-16 14:19:16.412 [info] Getting sessions for user:email...
2025-12-16 14:19:16.412 [info] Got 0 sessions for user:email...
2025-12-16 14:19:17.057 [info] Getting sessions for all scopes...
2025-12-16 14:19:17.057 [info] Got 0 sessions for ...
2025-12-16 14:19:17.075 [info] Getting sessions for user:email...
2025-12-16 14:19:17.075 [info] Got 0 sessions for user:email...
2025-12-16 14:19:21.925 [info] Getting sessions for all scopes...
2025-12-16 14:19:21.926 [info] Got 0 sessions for ...
2025-12-16 14:19:21.930 [info] Getting sessions for user:email...
2025-12-16 14:19:21.931 [info] Got 0 sessions for user:email...
2025-12-16 14:19:27.854 [info] Getting sessions for all scopes...
2025-12-16 14:19:27.854 [info] Got 0 sessions for ...
2025-12-16 14:19:28.133 [info] Getting sessions for user:email...
2025-12-16 14:19:28.133 [info] Got 0 sessions for user:email...
2025-12-16 14:19:28.700 [info] Getting sessions for all scopes...
2025-12-16 14:19:28.700 [info] Got 0 sessions for ...
2025-12-16 14:19:28.709 [info] Getting sessions for user:email...
2025-12-16 14:19:28.709 [info] Got 0 sessions for user:email...
2025-12-16 14:19:29.430 [info] Getting sessions for all scopes...
2025-12-16 14:19:29.430 [info] Got 0 sessions for ...
2025-12-16 14:19:29.502 [info] Getting sessions for user:email...
2025-12-16 14:19:29.502 [info] Got 0 sessions for user:email...
2025-12-16 14:19:34.415 [info] Getting sessions for all scopes...
2025-12-16 14:19:34.415 [info] Got 0 sessions for ...
2025-12-16 14:19:34.463 [info] Getting sessions for user:email...
2025-12-16 14:19:34.463 [info] Got 0 sessions for user:email...
2025-12-16 14:19:41.728 [info] Getting sessions for all scopes...
2025-12-16 14:19:41.728 [info] Got 0 sessions for ...
2025-12-16 14:19:41.746 [info] Getting sessions for user:email...
2025-12-16 14:19:41.746 [info] Got 0 sessions for user:email...
2025-12-16 14:19:42.842 [info] Getting sessions for all scopes...
2025-12-16 14:19:42.842 [info] Got 0 sessions for ...
2025-12-16 14:19:42.847 [info] Getting sessions for user:email...
2025-12-16 14:19:42.847 [info] Got 0 sessions for user:email...
2025-12-16 14:19:45.706 [info] Getting sessions for all scopes...
2025-12-16 14:19:45.706 [info] Got 0 sessions for ...
2025-12-16 14:19:45.714 [info] Getting sessions for user:email...
2025-12-16 14:19:45.714 [info] Got 0 sessions for user:email...
2025-12-16 14:19:46.197 [info] Getting sessions for all scopes...
2025-12-16 14:19:46.198 [info] Got 0 sessions for ...
2025-12-16 14:19:46.229 [info] Getting sessions for user:email...
2025-12-16 14:19:46.229 [info] Got 0 sessions for user:email...
2025-12-16 14:19:47.694 [info] Getting sessions for all scopes...
2025-12-16 14:19:47.695 [info] Got 0 sessions for ...
2025-12-16 14:19:47.719 [info] Getting sessions for user:email...
2025-12-16 14:19:47.719 [info] Got 0 sessions for user:email...
2025-12-16 14:19:52.827 [info] Getting sessions for all scopes...
2025-12-16 14:19:52.828 [info] Got 0 sessions for ...
2025-12-16 14:19:52.871 [info] Getting sessions for user:email...
2025-12-16 14:19:52.871 [info] Got 0 sessions for user:email...
