2025-12-15 15:17:58.824 [info] Native locator: Refresh started
2025-12-15 15:17:58.957 [info] Pyenv environment manager found at: /usr/bin/pyenv
2025-12-15 15:17:59.665 [info] Native locator: Refresh finished in 10003 ms
2025-12-15 15:18:04.398 [info] Python interpreter path: ~/.pyenv/versions/3.11.8/bin/python
2025-12-15 15:18:04.785 [info] > /usr/bin/pyenv which python
2025-12-15 15:18:04.785 [info] cwd: .
2025-12-15 15:18:10.894 [info] Starting Pylance language server.
2025-12-15 15:24:24.034 [info] Send text to terminal: source /home/pablo/code/vulndb-5g/.venv/bin/activate
2025-12-15 15:24:26.527 [info] Send text to terminal: source /home/pablo/code/vulndb-5g/.venv/bin/activate
2025-12-15 15:24:28.364 [info] Send text to terminal: source /home/pablo/code/vulndb-5g/.venv/bin/activate
2025-12-15 15:27:40.634 [info] Python interpreter path: /home/pablo/code/vulndb-5g/.venv/bin/python
2025-12-15 15:36:29.407 [error] Unable to find workspace for given file
2025-12-15 15:36:49.686 [error] Unable to find workspace for given file
2025-12-15 15:49:11.634 [info] Send text to terminal: source /home/pablo/code/vulndb-5g/.venv/bin/activate
2025-12-15 16:44:11.356 [info] Running installed packages checker:  {
  id: '/home/pablo/code/vulndb-5g/.venv/bin/python',
  sysPrefix: '/home/pablo/code/vulndb-5g/.venv',
  envType: 'Venv',
  envName: '.venv',
  envPath: '/home/pablo/code/vulndb-5g/.venv/bin/python',
  path: '/home/pablo/code/vulndb-5g/.venv/bin/python',
  architecture: 3,
  sysVersion: '',
  version: {
    raw: '3.13.7',
    major: 3,
    minor: 13,
    patch: 7,
    build: [],
    prerelease: []
  },
  displayName: 'Python 3.13.7 (.venv)',
  detailedDisplayName: 'Python 3.13.7 (.venv)',
  type: 'Virtual'
} /root/.vscode/extensions/ms-python.python-2025.20.0-linux-x64/python_files/installed_check.py /home/pablo/code/vulndb-5g/requirements.txt
2025-12-15 16:44:11.358 [info] > ./.venv/bin/python ~/.vscode/extensions/ms-python.python-2025.20.0-linux-x64/python_files/installed_check.py ./requirements.txt
