2025-12-22 11:20:38.826 [info] Starting Python Locator /root/.vscode/extensions/ms-python.python-2025.20.0-linux-x64/python-env-tools/bin/pet server
2025-12-22 11:21:44.803 [info] Discovered manager: (Pyenv) /usr/bin/pyenv
2025-12-22 11:21:44.814 [info] Discovered env: /root/.pyenv/versions/tf-env/bin/python
2025-12-22 11:21:44.843 [info] Discovered env: /root/.pyenv/versions/3.10.13/bin/python
2025-12-22 11:21:44.844 [info] Discovered env: /root/.pyenv/versions/3.11.8/bin/python
2025-12-22 11:21:44.858 [info] Discovered env: /home/pablo/code/vulndb-5g/.venv/bin/python
2025-12-22 11:21:44.870 [info] Discovered env: /usr/bin/python
2025-12-22 11:21:44.889 [info] Discovered env: /usr/bin/python2
2025-12-22 11:21:44.897 [info] Discovered env: /bin/python
2025-12-22 11:21:44.899 [info] Discovered env: /bin/python2
2025-12-22 11:21:44.920 [info] Locator Conda took 2.143820011s
2025-12-22 11:21:44.920 [info] Locator Homebrew took 63.694341ms
2025-12-22 11:21:44.921 [info] Locator LinuxGlobal took 2.43568082s
2025-12-22 11:21:44.921 [info] Locator PipEnv took 90.575µs
2025-12-22 11:21:44.921 [info] Locator Pixi took 42.845µs
2025-12-22 11:21:44.923 [info] Locator Poetry took 107.237342ms
2025-12-22 11:21:44.923 [info] Locator PyEnv took 701.114074ms
2025-12-22 11:21:44.923 [info] Locator Uv took 619.322µs
2025-12-22 11:21:44.923 [info] Locator Venv took 47.260509ms
2025-12-22 11:21:44.924 [info] Locator VirtualEnv took 96.17µs
2025-12-22 11:21:44.925 [info] Locator VirtualEnvWrapper took 66.443µs
2025-12-22 11:21:44.925 [info] Locator GlobalVirtualEnvs took 886.69µs
2025-12-22 11:21:44.926 [info] Locator Locators took 2.446783844s
2025-12-22 11:21:44.926 [info] Locator Path took 3.258353378s
2025-12-22 11:21:44.926 [info] Locator Workspaces took 1.99559153s
2025-12-22 11:21:44.928 [info] Refresh completed in 3267ms
2025-12-22 11:21:44.943 [info] Resolved Python Environment /home/pablo/code/vulndb-5g/.venv/bin/python
2025-12-22 11:21:44.959 [info] Resolved Python Environment /home/pablo/code/vulndb-5g/.venv/bin/python
2025-12-22 11:33:29.133 [info] Resolved Python Environment /home/pablo/code/vulndb-5g/.venv/bin/python
2025-12-22 11:51:19.892 [info] Resolved Python Environment /home/pablo/code/vulndb-5g/.venv/bin/python
2025-12-22 11:55:32.968 [info] Resolved Python Environment /home/pablo/code/vulndb-5g/.venv/bin/python
2025-12-22 11:58:01.619 [info] Resolved Python Environment /home/pablo/code/vulndb-5g/.venv/bin/python
2025-12-22 11:58:39.958 [info] Resolved Python Environment /home/pablo/code/vulndb-5g/.venv/bin/python
2025-12-22 12:00:02.243 [info] Resolved Python Environment /home/pablo/code/vulndb-5g/.venv/bin/python
2025-12-22 12:01:05.685 [info] Resolved Python Environment /home/pablo/code/vulndb-5g/.venv/bin/python
2025-12-22 12:01:53.944 [info] Resolved Python Environment /home/pablo/code/vulndb-5g/.venv/bin/python
2025-12-22 12:03:25.711 [info] Resolved Python Environment /home/pablo/code/vulndb-5g/.venv/bin/python
2025-12-22 12:06:28.113 [info] Resolved Python Environment /home/pablo/code/vulndb-5g/.venv/bin/python
2025-12-22 12:07:16.607 [info] Resolved Python Environment /home/pablo/code/vulndb-5g/.venv/bin/python
2025-12-22 12:08:17.459 [info] Resolved Python Environment /home/pablo/code/vulndb-5g/.venv/bin/python
2025-12-22 12:08:58.678 [info] Resolved Python Environment /home/pablo/code/vulndb-5g/.venv/bin/python
2025-12-22 12:10:05.315 [info] Resolved Python Environment /home/pablo/code/vulndb-5g/.venv/bin/python
2025-12-22 12:10:47.392 [info] Resolved Python Environment /home/pablo/code/vulndb-5g/.venv/bin/python
2025-12-22 12:11:38.638 [info] Resolved Python Environment /home/pablo/code/vulndb-5g/.venv/bin/python
2025-12-22 12:12:53.465 [info] Resolved Python Environment /home/pablo/code/vulndb-5g/.venv/bin/python
2025-12-22 12:14:27.637 [info] Resolved Python Environment /home/pablo/code/vulndb-5g/.venv/bin/python
2025-12-22 12:15:27.470 [info] Resolved Python Environment /home/pablo/code/vulndb-5g/.venv/bin/python
2025-12-22 12:16:05.338 [info] Resolved Python Environment /home/pablo/code/vulndb-5g/.venv/bin/python
2025-12-22 12:16:35.453 [info] Resolved Python Environment /home/pablo/code/vulndb-5g/.venv/bin/python
2025-12-22 12:17:27.920 [info] Resolved Python Environment /home/pablo/code/vulndb-5g/.venv/bin/python
2025-12-22 12:48:50.028 [info] Resolved Python Environment /home/pablo/code/vulndb-5g/.venv/bin/python
2025-12-22 12:56:45.441 [info] Resolved Python Environment /home/pablo/code/vulndb-5g/.venv/bin/python
2025-12-22 13:00:16.708 [info] Resolved Python Environment /home/pablo/code/vulndb-5g/.venv/bin/python
2025-12-22 13:00:47.705 [info] Resolved Python Environment /home/pablo/code/vulndb-5g/.venv/bin/python
2025-12-22 13:01:28.649 [info] Resolved Python Environment /home/pablo/code/vulndb-5g/.venv/bin/python
2025-12-22 13:02:02.901 [info] Resolved Python Environment /home/pablo/code/vulndb-5g/.venv/bin/python
2025-12-22 13:03:01.104 [info] Resolved Python Environment /home/pablo/code/vulndb-5g/.venv/bin/python
2025-12-22 13:07:11.728 [info] Resolved Python Environment /home/pablo/code/vulndb-5g/.venv/bin/python
2025-12-22 13:07:50.747 [info] Resolved Python Environment /home/pablo/code/vulndb-5g/.venv/bin/python
2025-12-22 13:08:26.687 [info] Resolved Python Environment /home/pablo/code/vulndb-5g/.venv/bin/python
2025-12-22 13:09:08.744 [info] Resolved Python Environment /home/pablo/code/vulndb-5g/.venv/bin/python
2025-12-22 13:12:08.824 [info] Resolved Python Environment /home/pablo/code/vulndb-5g/.venv/bin/python
2025-12-22 13:13:06.560 [info] Resolved Python Environment /home/pablo/code/vulndb-5g/.venv/bin/python
2025-12-22 13:18:13.766 [info] Resolved Python Environment /home/pablo/code/vulndb-5g/.venv/bin/python
2025-12-22 13:21:58.260 [info] Resolved Python Environment /home/pablo/code/vulndb-5g/.venv/bin/python
2025-12-22 13:22:32.079 [info] Resolved Python Environment /home/pablo/code/vulndb-5g/.venv/bin/python
2025-12-22 13:26:15.138 [info] Resolved Python Environment /home/pablo/code/vulndb-5g/.venv/bin/python
2025-12-22 13:27:51.605 [info] Resolved Python Environment /home/pablo/code/vulndb-5g/.venv/bin/python
2025-12-22 13:28:50.847 [info] Resolved Python Environment /home/pablo/code/vulndb-5g/.venv/bin/python
2025-12-22 13:29:39.919 [info] Resolved Python Environment /home/pablo/code/vulndb-5g/.venv/bin/python
2025-12-22 13:30:56.694 [info] Resolved Python Environment /home/pablo/code/vulndb-5g/.venv/bin/python
2025-12-22 13:31:39.513 [info] Resolved Python Environment /home/pablo/code/vulndb-5g/.venv/bin/python
