2025-12-17 08:52:00.833 [info] Latency measurements for local backend
window<->ptyhost (message port): 3.90ms
window<->ptyhostservice<->ptyhost: 22.80ms
ptyhostservice<->ptyhost: 5.23ms []
2025-12-17 09:01:15.436 [info] The pty host became responsive again []
2025-12-17 09:01:51.951 [info] Latency measurements for local backend
window<->ptyhost (message port): 1.20ms
window<->ptyhostservice<->ptyhost: 22.60ms
ptyhostservice<->ptyhost: 12.46ms []
2025-12-17 09:22:41.425 [info] Latency measurements for local backend
window<->ptyhost (message port): 0.70ms
window<->ptyhostservice<->ptyhost: 4.80ms
ptyhostservice<->ptyhost: 2.58ms []
2025-12-17 09:26:04.662 [info] Latency measurements for local backend
window<->ptyhost (message port): 1.00ms
window<->ptyhostservice<->ptyhost: 2.20ms
ptyhostservice<->ptyhost: 0.83ms []
2025-12-17 09:35:42.167 [info] Latency measurements for local backend
window<->ptyhost (message port): 7.80ms
window<->ptyhostservice<->ptyhost: 30.30ms
ptyhostservice<->ptyhost: 3.88ms []
