2025-12-15 09:17:21.196 [info] [main] Log level: Info
2025-12-15 09:17:21.196 [info] [main] Validating found git in: "git"
2025-12-15 09:17:21.197 [info] [main] Using git "2.51.0" from "git"
2025-12-15 09:17:21.197 [info] [Model][doInitialScan] Initial repository scan started
2025-12-15 09:17:21.197 [info] > git rev-parse --show-toplevel [218ms]
2025-12-15 09:17:21.197 [info] fatal: not a git repository (or any of the parent directories): .git
2025-12-15 09:17:21.197 [info] > git rev-parse --show-toplevel [204ms]
2025-12-15 09:17:21.197 [info] fatal: not a git repository (or any of the parent directories): .git
2025-12-15 09:17:21.952 [info] > git rev-parse --show-toplevel [702ms]
2025-12-15 09:17:21.953 [info] fatal: not a git repository (or any of the parent directories): .git
2025-12-15 09:17:22.262 [info] > git rev-parse --show-toplevel [66ms]
2025-12-15 09:17:22.263 [info] fatal: not a git repository (or any of the parent directories): .git
2025-12-15 09:17:22.316 [info] > git rev-parse --show-toplevel [22ms]
2025-12-15 09:17:22.317 [info] fatal: not a git repository (or any of the parent directories): .git
2025-12-15 09:17:22.342 [info] > git rev-parse --show-toplevel [13ms]
2025-12-15 09:17:22.342 [info] fatal: not a git repository (or any of the parent directories): .git
2025-12-15 09:17:22.476 [info] > git rev-parse --show-toplevel [117ms]
2025-12-15 09:17:22.489 [info] fatal: not a git repository (or any of the parent directories): .git
2025-12-15 09:17:22.586 [info] > git rev-parse --show-toplevel [49ms]
2025-12-15 09:17:22.587 [info] fatal: not a git repository (or any of the parent directories): .git
2025-12-15 09:17:22.658 [info] > git rev-parse --show-toplevel [34ms]
2025-12-15 09:17:22.661 [info] fatal: not a git repository (or any of the parent directories): .git
2025-12-15 09:17:22.709 [info] > git rev-parse --show-toplevel [17ms]
2025-12-15 09:17:23.190 [info] > git rev-parse --git-dir --git-common-dir --show-superproject-working-tree [412ms]
2025-12-15 09:17:23.233 [info] [Model][openRepository] Opened repository (path): /home/pablo/code/vulndb-5g/docker_open5gs
2025-12-15 09:17:23.233 [info] [Model][openRepository] Opened repository (real path): /home/pablo/code/vulndb-5g/docker_open5gs
2025-12-15 09:17:23.233 [info] [Model][openRepository] Opened repository (kind): repository
2025-12-15 09:17:23.881 [info] > git rev-parse --show-toplevel [588ms]
2025-12-15 09:17:23.881 [info] fatal: not a git repository (or any of the parent directories): .git
2025-12-15 09:17:23.882 [info] > git config --get commit.template [611ms]
2025-12-15 09:17:23.916 [info] > git rev-parse --show-toplevel [15ms]
2025-12-15 09:17:23.916 [info] fatal: not a git repository (or any of the parent directories): .git
2025-12-15 09:17:23.939 [info] > git for-each-ref --format=%(refname)%00%(upstream:short)%00%(objectname)%00%(upstream:track)%00%(upstream:remotename)%00%(upstream:remoteref) refs/heads/master refs/remotes/master [25ms]
2025-12-15 09:17:23.950 [warning] [Git][revParse] Unable to read file: ENOENT: no such file or directory, open '/home/pablo/code/vulndb-5g/docker_open5gs/.git/refs/remotes/origin/master'
2025-12-15 09:17:23.951 [info] > git rev-parse --show-toplevel [13ms]
2025-12-15 09:17:23.951 [info] fatal: not a git repository (or any of the parent directories): .git
2025-12-15 09:17:23.954 [info] [Model][doInitialScan] Initial repository scan completed - repositories (1), closed repositories (0), parent repositories (0), unsafe repositories (0)
2025-12-15 09:17:23.961 [info] > git rev-parse refs/remotes/origin/master [11ms]
2025-12-15 09:17:24.012 [info] > git for-each-ref --sort -committerdate --format %(refname)%00%(objectname)%00%(*objectname) [21ms]
2025-12-15 09:17:25.103 [info] > git status -z -uall [1129ms]
2025-12-15 09:17:25.245 [info] > git check-ignore -v -z --stdin [26ms]
2025-12-15 09:17:25.248 [info] > git for-each-ref --format=%(refname)%00%(upstream:short)%00%(objectname)%00%(upstream:track)%00%(upstream:remotename)%00%(upstream:remoteref) refs/heads/master refs/remotes/master [65ms]
2025-12-15 09:17:25.271 [info] > git config --get --local branch.master.vscode-merge-base [13ms]
2025-12-15 09:17:25.281 [info] > git config --get commit.template [37ms]
2025-12-15 09:17:25.285 [info] > git for-each-ref --format=%(refname)%00%(upstream:short)%00%(objectname)%00%(upstream:track)%00%(upstream:remotename)%00%(upstream:remoteref) refs/heads/origin/master refs/remotes/origin/master [4ms]
2025-12-15 09:17:25.310 [info] > git merge-base refs/heads/master refs/remotes/origin/master [16ms]
2025-12-15 09:17:25.353 [info] > git for-each-ref --format=%(refname)%00%(upstream:short)%00%(objectname)%00%(upstream:track)%00%(upstream:remotename)%00%(upstream:remoteref) refs/heads/master refs/remotes/master [45ms]
2025-12-15 09:17:25.408 [warning] [Git][revParse] Unable to read file: ENOENT: no such file or directory, open '/home/pablo/code/vulndb-5g/docker_open5gs/.git/refs/remotes/origin/master'
2025-12-15 09:17:25.434 [info] > git rev-parse refs/remotes/origin/master [26ms]
2025-12-15 09:17:25.458 [info] > git diff --name-status -z --diff-filter=ADMR --find-renames=50% 6531237ee9fcbcf3dac9007b676d86926f88dedb...refs/remotes/origin/master -- [111ms]
2025-12-15 09:17:25.584 [info] > git status -z -uall [140ms]
2025-12-15 09:17:25.585 [info] > git for-each-ref --sort -committerdate --format %(refname)%00%(objectname)%00%(*objectname) [127ms]
2025-12-15 09:18:12.848 [info] > git rev-parse --show-toplevel [19ms]
2025-12-15 09:18:12.848 [info] fatal: not a git repository (or any of the parent directories): .git
2025-12-15 09:18:43.955 [info] > git rev-parse --show-toplevel [118ms]
2025-12-15 09:18:43.956 [info] fatal: not a git repository (or any of the parent directories): .git
2025-12-15 09:19:55.279 [info] > git rev-parse --show-toplevel [15ms]
2025-12-15 09:19:55.280 [info] fatal: not a git repository (or any of the parent directories): .git
2025-12-15 09:22:41.612 [info] > git rev-parse --show-toplevel [22ms]
2025-12-15 09:22:41.614 [info] fatal: not a git repository (or any of the parent directories): .git
2025-12-15 09:22:47.673 [info] > git rev-parse --show-toplevel [33ms]
2025-12-15 09:22:47.681 [info] fatal: not a git repository (or any of the parent directories): .git
2025-12-15 09:22:49.378 [info] > git rev-parse --show-toplevel [15ms]
2025-12-15 09:22:49.388 [info] fatal: not a git repository (or any of the parent directories): .git
2025-12-15 09:23:46.551 [info] > git rev-parse --show-toplevel [15ms]
2025-12-15 09:23:46.551 [info] fatal: not a git repository (or any of the parent directories): .git
2025-12-15 09:24:03.291 [info] > git rev-parse --show-toplevel [14ms]
2025-12-15 09:24:03.291 [info] fatal: not a git repository (or any of the parent directories): .git
2025-12-15 09:24:45.919 [info] > git rev-parse --show-toplevel [6ms]
2025-12-15 09:24:45.919 [info] fatal: not a git repository (or any of the parent directories): .git
2025-12-15 09:24:48.980 [info] > git rev-parse --show-toplevel [152ms]
2025-12-15 09:24:48.980 [info] fatal: not a git repository (or any of the parent directories): .git
2025-12-15 09:25:04.866 [info] > git rev-parse --show-toplevel [20ms]
2025-12-15 09:25:04.866 [info] fatal: not a git repository (or any of the parent directories): .git
2025-12-15 09:25:05.270 [info] > git rev-parse --show-toplevel [10ms]
2025-12-15 09:25:05.271 [info] fatal: not a git repository (or any of the parent directories): .git
2025-12-15 09:25:59.947 [info] > git rev-parse --show-toplevel [12ms]
2025-12-15 09:25:59.955 [info] fatal: not a git repository (or any of the parent directories): .git
2025-12-15 09:32:45.578 [info] > git rev-parse --show-toplevel [48ms]
2025-12-15 09:32:45.580 [info] fatal: not a git repository (or any of the parent directories): .git
2025-12-15 09:34:35.630 [info] > git rev-parse --show-toplevel [10ms]
2025-12-15 09:34:35.635 [info] fatal: not a git repository (or any of the parent directories): .git
2025-12-15 09:34:48.848 [info] > git rev-parse --show-toplevel [4ms]
2025-12-15 09:34:48.848 [info] fatal: not a git repository (or any of the parent directories): .git
2025-12-15 09:34:49.968 [info] > git rev-parse --show-toplevel [23ms]
2025-12-15 09:34:49.968 [info] fatal: not a git repository (or any of the parent directories): .git
2025-12-15 09:34:56.162 [info] > git rev-parse --show-toplevel [25ms]
2025-12-15 09:34:56.162 [info] fatal: not a git repository (or any of the parent directories): .git
2025-12-15 09:35:05.449 [info] > git rev-parse --show-toplevel [17ms]
2025-12-15 09:35:05.449 [info] fatal: not a git repository (or any of the parent directories): .git
2025-12-15 09:35:08.993 [info] > git rev-parse --show-toplevel [13ms]
2025-12-15 09:35:08.993 [info] fatal: not a git repository (or any of the parent directories): .git
2025-12-15 09:35:10.864 [info] > git rev-parse --show-toplevel [17ms]
2025-12-15 09:35:10.865 [info] fatal: not a git repository (or any of the parent directories): .git
2025-12-15 09:35:24.371 [info] > git rev-parse --show-toplevel [14ms]
2025-12-15 09:35:24.371 [info] fatal: not a git repository (or any of the parent directories): .git
2025-12-15 09:35:41.844 [info] > git rev-parse --show-toplevel [34ms]
2025-12-15 09:35:41.845 [info] fatal: not a git repository (or any of the parent directories): .git
2025-12-15 09:36:01.838 [info] > git rev-parse --show-toplevel [17ms]
2025-12-15 09:36:01.839 [info] fatal: not a git repository (or any of the parent directories): .git
2025-12-15 09:36:35.216 [info] > git rev-parse --show-toplevel [10ms]
2025-12-15 09:36:35.216 [info] fatal: not a git repository (or any of the parent directories): .git
2025-12-15 09:37:09.418 [info] > git rev-parse --show-toplevel [6ms]
2025-12-15 09:37:09.418 [info] fatal: not a git repository (or any of the parent directories): .git
2025-12-15 09:37:36.790 [info] > git rev-parse --show-toplevel [6ms]
2025-12-15 09:37:36.790 [info] fatal: not a git repository (or any of the parent directories): .git
2025-12-15 09:50:48.065 [info] > git rev-parse --show-toplevel [57ms]
2025-12-15 09:50:48.067 [info] fatal: not a git repository (or any of the parent directories): .git
2025-12-15 09:51:01.789 [info] > git rev-parse --show-toplevel [69ms]
2025-12-15 09:51:01.790 [info] fatal: not a git repository (or any of the parent directories): .git
2025-12-15 09:51:02.975 [info] > git rev-parse --show-toplevel [12ms]
2025-12-15 09:51:02.975 [info] fatal: not a git repository (or any of the parent directories): .git
2025-12-15 09:51:13.223 [info] > git rev-parse --show-toplevel [5ms]
2025-12-15 09:51:13.223 [info] fatal: not a git repository (or any of the parent directories): .git
2025-12-15 09:54:25.221 [info] > git rev-parse --show-toplevel [25ms]
2025-12-15 09:54:25.222 [info] fatal: not a git repository (or any of the parent directories): .git
2025-12-15 09:54:29.020 [info] > git rev-parse --show-toplevel [11ms]
2025-12-15 09:54:29.020 [info] fatal: not a git repository (or any of the parent directories): .git
2025-12-15 09:54:33.213 [info] > git rev-parse --show-toplevel [10ms]
2025-12-15 09:54:33.213 [info] fatal: not a git repository (or any of the parent directories): .git
2025-12-15 10:03:27.506 [info] > git rev-parse --show-toplevel [34ms]
2025-12-15 10:03:27.508 [info] fatal: not a git repository (or any of the parent directories): .git
2025-12-15 10:03:32.150 [info] > git rev-parse --show-toplevel [17ms]
2025-12-15 10:03:32.150 [info] fatal: not a git repository (or any of the parent directories): .git
2025-12-15 10:03:56.641 [info] > git rev-parse --show-toplevel [8ms]
2025-12-15 10:03:56.648 [info] fatal: not a git repository (or any of the parent directories): .git
2025-12-15 10:04:43.661 [info] > git rev-parse --show-toplevel [10ms]
2025-12-15 10:04:43.662 [info] fatal: not a git repository (or any of the parent directories): .git
2025-12-15 10:05:26.015 [info] > git rev-parse --show-toplevel [28ms]
2025-12-15 10:05:26.016 [info] fatal: not a git repository (or any of the parent directories): .git
2025-12-15 10:05:40.208 [info] > git rev-parse --show-toplevel [4ms]
2025-12-15 10:05:40.208 [info] fatal: not a git repository (or any of the parent directories): .git
2025-12-15 10:14:38.550 [info] > git rev-parse --show-toplevel [32ms]
2025-12-15 10:14:38.551 [info] fatal: not a git repository (or any of the parent directories): .git
2025-12-15 10:14:49.311 [info] > git rev-parse --show-toplevel [9ms]
2025-12-15 10:14:49.311 [info] fatal: not a git repository (or any of the parent directories): .git
2025-12-15 10:14:56.435 [info] > git rev-parse --show-toplevel [2ms]
2025-12-15 10:14:56.436 [info] fatal: not a git repository (or any of the parent directories): .git
2025-12-15 10:14:58.305 [info] > git rev-parse --show-toplevel [10ms]
2025-12-15 10:14:58.306 [info] fatal: not a git repository (or any of the parent directories): .git
2025-12-15 10:15:39.841 [info] > git rev-parse --show-toplevel [157ms]
2025-12-15 10:15:39.844 [info] fatal: not a git repository (or any of the parent directories): .git
2025-12-15 10:15:51.756 [info] > git rev-parse --show-toplevel [20ms]
2025-12-15 10:15:51.758 [info] fatal: not a git repository (or any of the parent directories): .git
