2025-12-22 11:20:37.126 [info] Reading sessions from keychain...
2025-12-22 11:20:37.126 [info] Getting sessions for all scopes...
2025-12-22 11:20:37.126 [info] Got 0 sessions for ...
2025-12-22 11:20:37.126 [info] Getting sessions for all scopes...
2025-12-22 11:20:37.126 [info] Got 0 sessions for ...
2025-12-22 11:20:37.126 [info] Getting sessions for all scopes...
2025-12-22 11:20:37.126 [info] Got 0 sessions for ...
2025-12-22 11:20:37.126 [info] Getting sessions for all scopes...
2025-12-22 11:20:37.126 [info] Got 0 sessions for ...
2025-12-22 11:20:37.126 [info] Getting sessions for all scopes...
2025-12-22 11:20:37.126 [info] Got 0 sessions for ...
2025-12-22 11:20:37.126 [info] Getting sessions for all scopes...
2025-12-22 11:20:37.126 [info] Got 0 sessions for ...
2025-12-22 11:20:37.126 [info] Getting sessions for all scopes...
2025-12-22 11:20:37.126 [info] Got 0 sessions for ...
2025-12-22 11:20:37.126 [info] Getting sessions for all scopes...
2025-12-22 11:20:37.126 [info] Got 0 sessions for ...
2025-12-22 11:20:37.126 [info] Getting sessions for all scopes...
2025-12-22 11:20:37.126 [info] Got 0 sessions for ...
2025-12-22 11:20:37.126 [info] Getting sessions for all scopes...
2025-12-22 11:20:37.126 [info] Got 0 sessions for ...
2025-12-22 11:20:37.126 [info] Getting sessions for all scopes...
2025-12-22 11:20:37.126 [info] Got 0 sessions for ...
2025-12-22 11:20:37.126 [info] Getting sessions for all scopes...
2025-12-22 11:20:37.126 [info] Got 0 sessions for ...
2025-12-22 11:20:37.126 [info] Getting sessions for all scopes...
2025-12-22 11:20:37.126 [info] Got 0 sessions for ...
2025-12-22 11:20:37.126 [info] Getting sessions for all scopes...
2025-12-22 11:20:37.138 [info] Got 0 sessions for ...
2025-12-22 11:20:37.138 [info] Getting sessions for all scopes...
2025-12-22 11:20:37.138 [info] Got 0 sessions for ...
2025-12-22 11:20:37.138 [info] Getting sessions for all scopes...
2025-12-22 11:20:37.138 [info] Got 0 sessions for ...
2025-12-22 11:20:37.138 [info] Getting sessions for all scopes...
2025-12-22 11:20:37.138 [info] Got 0 sessions for ...
2025-12-22 11:20:37.138 [info] Getting sessions for all scopes...
2025-12-22 11:20:37.138 [info] Got 0 sessions for ...
2025-12-22 11:20:37.138 [info] Getting sessions for user:email...
2025-12-22 11:20:37.138 [info] Got 0 sessions for user:email...
2025-12-22 11:20:37.138 [info] Getting sessions for read:user,repo,user:email,workflow...
2025-12-22 11:20:37.138 [info] Got 0 sessions for read:user,repo,user:email,workflow...
2025-12-22 11:20:38.153 [info] Getting sessions for all scopes...
2025-12-22 11:20:38.153 [info] Got 0 sessions for ...
2025-12-22 11:20:38.385 [info] Getting sessions for all scopes...
2025-12-22 11:20:38.385 [info] Got 0 sessions for ...
2025-12-22 11:21:37.530 [info] Getting sessions for user:email...
2025-12-22 11:21:37.530 [info] Got 0 sessions for user:email...
2025-12-22 11:21:38.263 [info] Getting sessions for user:email...
2025-12-22 11:21:38.263 [info] Got 0 sessions for user:email...
2025-12-22 11:21:39.179 [info] Getting sessions for all scopes...
2025-12-22 11:21:39.179 [info] Got 0 sessions for ...
2025-12-22 11:21:39.179 [info] Getting sessions for all scopes...
2025-12-22 11:21:39.179 [info] Got 0 sessions for ...
2025-12-22 11:21:43.404 [info] Getting sessions for read:user,repo,user:email,workflow...
2025-12-22 11:21:43.405 [info] Got 0 sessions for read:user,repo,user:email,workflow...
2025-12-22 11:21:43.405 [info] Getting sessions for user:email...
2025-12-22 11:21:43.405 [info] Got 0 sessions for user:email...
2025-12-22 11:21:44.398 [info] Getting sessions for read:user,repo,user:email,workflow...
2025-12-22 11:21:44.399 [info] Got 0 sessions for read:user,repo,user:email,workflow...
2025-12-22 11:21:44.406 [info] Getting sessions for all scopes...
2025-12-22 11:21:44.406 [info] Got 0 sessions for ...
2025-12-22 11:21:44.407 [info] Getting sessions for all scopes...
2025-12-22 11:21:44.407 [info] Got 0 sessions for ...
2025-12-22 11:21:44.675 [info] Getting sessions for user:email...
2025-12-22 11:21:44.675 [info] Got 0 sessions for user:email...
2025-12-22 11:21:44.677 [info] Getting sessions for read:user,repo,user:email,workflow...
2025-12-22 11:21:44.677 [info] Got 0 sessions for read:user,repo,user:email,workflow...
2025-12-22 11:21:44.779 [info] Getting sessions for all scopes...
2025-12-22 11:21:44.779 [info] Got 0 sessions for ...
2025-12-22 11:21:44.791 [info] Getting sessions for all scopes...
2025-12-22 11:21:44.791 [info] Got 0 sessions for ...
2025-12-22 11:33:50.207 [info] Getting sessions for read:user,repo,user:email,workflow...
2025-12-22 11:33:50.209 [info] Got 0 sessions for read:user,repo,user:email,workflow...
2025-12-22 12:10:41.161 [info] Getting sessions for all scopes...
2025-12-22 12:10:41.169 [info] Got 0 sessions for ...
2025-12-22 12:10:41.406 [info] Getting sessions for user:email...
2025-12-22 12:10:41.406 [info] Got 0 sessions for user:email...
2025-12-22 12:10:41.463 [info] Getting sessions for all scopes...
2025-12-22 12:10:41.463 [info] Got 0 sessions for ...
2025-12-22 12:10:41.482 [info] Getting sessions for all scopes...
2025-12-22 12:10:41.483 [info] Got 0 sessions for ...
2025-12-22 12:10:45.180 [info] Getting sessions for all scopes...
2025-12-22 12:10:45.180 [info] Got 0 sessions for ...
2025-12-22 12:10:45.182 [info] Getting sessions for user:email...
2025-12-22 12:10:45.183 [info] Got 0 sessions for user:email...
2025-12-22 12:10:53.830 [info] Getting sessions for all scopes...
2025-12-22 12:10:53.830 [info] Got 0 sessions for ...
2025-12-22 12:10:53.832 [info] Getting sessions for user:email...
2025-12-22 12:10:53.833 [info] Got 0 sessions for user:email...
2025-12-22 12:10:58.824 [info] Getting sessions for all scopes...
2025-12-22 12:10:58.825 [info] Got 0 sessions for ...
2025-12-22 12:10:58.831 [info] Getting sessions for user:email...
2025-12-22 12:10:58.831 [info] Got 0 sessions for user:email...
2025-12-22 12:15:54.390 [info] Getting sessions for all scopes...
2025-12-22 12:15:54.390 [info] Got 0 sessions for ...
2025-12-22 12:15:54.398 [info] Getting sessions for user:email...
2025-12-22 12:15:54.398 [info] Got 0 sessions for user:email...
2025-12-22 12:15:59.378 [info] Getting sessions for all scopes...
2025-12-22 12:15:59.378 [info] Got 0 sessions for ...
2025-12-22 12:15:59.392 [info] Getting sessions for user:email...
2025-12-22 12:15:59.392 [info] Got 0 sessions for user:email...
2025-12-22 12:50:59.260 [info] Getting sessions for all scopes...
2025-12-22 12:50:59.261 [info] Got 0 sessions for ...
2025-12-22 12:50:59.267 [info] Getting sessions for user:email...
2025-12-22 12:50:59.267 [info] Got 0 sessions for user:email...
2025-12-22 12:51:04.260 [info] Getting sessions for all scopes...
2025-12-22 12:51:04.260 [info] Got 0 sessions for ...
2025-12-22 12:51:04.264 [info] Getting sessions for user:email...
2025-12-22 12:51:04.264 [info] Got 0 sessions for user:email...
2025-12-22 13:01:56.368 [info] Getting sessions for all scopes...
2025-12-22 13:01:56.369 [info] Got 0 sessions for ...
2025-12-22 13:01:56.408 [info] Getting sessions for user:email...
2025-12-22 13:01:56.408 [info] Got 0 sessions for user:email...
2025-12-22 13:02:01.352 [info] Getting sessions for all scopes...
2025-12-22 13:02:01.352 [info] Got 0 sessions for ...
2025-12-22 13:02:01.354 [info] Getting sessions for user:email...
2025-12-22 13:02:01.354 [info] Got 0 sessions for user:email...
2025-12-22 13:07:12.801 [info] Getting sessions for all scopes...
2025-12-22 13:07:12.801 [info] Got 0 sessions for ...
2025-12-22 13:07:12.803 [info] Getting sessions for user:email...
2025-12-22 13:07:12.803 [info] Got 0 sessions for user:email...
2025-12-22 13:07:17.803 [info] Getting sessions for all scopes...
2025-12-22 13:07:17.803 [info] Got 0 sessions for ...
2025-12-22 13:07:17.806 [info] Getting sessions for user:email...
2025-12-22 13:07:17.809 [info] Got 0 sessions for user:email...
2025-12-22 13:12:11.667 [info] Getting sessions for all scopes...
2025-12-22 13:12:11.667 [info] Got 0 sessions for ...
2025-12-22 13:12:11.676 [info] Getting sessions for user:email...
2025-12-22 13:12:11.676 [info] Got 0 sessions for user:email...
2025-12-22 13:12:18.430 [info] Getting sessions for all scopes...
2025-12-22 13:12:18.430 [info] Got 0 sessions for ...
2025-12-22 13:12:19.408 [info] Getting sessions for user:email...
2025-12-22 13:12:19.408 [info] Got 0 sessions for user:email...
2025-12-22 13:26:38.557 [info] Getting sessions for all scopes...
2025-12-22 13:26:38.558 [info] Got 0 sessions for ...
2025-12-22 13:26:43.656 [info] Getting sessions for user:email...
2025-12-22 13:26:43.656 [info] Got 0 sessions for user:email...
2025-12-22 13:26:53.124 [info] Getting sessions for all scopes...
2025-12-22 13:26:53.125 [info] Got 0 sessions for ...
2025-12-22 13:26:56.045 [info] Getting sessions for user:email...
2025-12-22 13:26:56.047 [info] Got 0 sessions for user:email...
