Error: the task 'Containers: Shell: vulndb_mongodb' neither specifies a command nor a dependsOn property. The task will be ignored. Its definition is:
{
    "type": "shell",
    "id": "shell,docker,exec,-it,a3e1728a1d6523bb4c43ba7cf49a5e4f94cebbd8d55ba9fb2c47992bd3cc177b,bash,",
    "idRandomizer": 0.5832660377191012,
    "problemMatcher": [],
    "label": "Containers: Shell: vulndb_mongodb"
}
Error: the task 'Containers: Shell: vulndb_mongodb' neither specifies a command nor a dependsOn property. The task will be ignored. Its definition is:
{
    "type": "shell",
    "id": "shell,docker,exec,-it,a3e1728a1d6523bb4c43ba7cf49a5e4f94cebbd8d55ba9fb2c47992bd3cc177b,bash,",
    "idRandomizer": 0.5832660377191012,
    "problemMatcher": [],
    "label": "Containers: Shell: vulndb_mongodb"
}
Error: the task 'Containers: Shell: vulndb_ia' neither specifies a command nor a dependsOn property. The task will be ignored. Its definition is:
{
    "type": "shell",
    "id": "shell,docker,exec,-it,51a1ca8057b9064fcac3debb2092c4441d0408bd6c52104603569d45707e5814,bash,",
    "idRandomizer": 0.012699362849946882,
    "problemMatcher": [],
    "label": "Containers: Shell: vulndb_ia"
}
Error: the task 'Containers: Shell: vulndb_ia' neither specifies a command nor a dependsOn property. The task will be ignored. Its definition is:
{
    "type": "shell",
    "id": "shell,docker,exec,-it,51a1ca8057b9064fcac3debb2092c4441d0408bd6c52104603569d45707e5814,bash,",
    "idRandomizer": 0.012699362849946882,
    "problemMatcher": [],
    "label": "Containers: Shell: vulndb_ia"
}
Error: the task 'Containers: Shell: vulndb_ia' neither specifies a command nor a dependsOn property. The task will be ignored. Its definition is:
{
    "type": "shell",
    "id": "shell,docker,exec,-it,e8475b83d1c3a16c3fe429373c20e046488fe4ecde121ad4061baae4c72ddf43,bash,",
    "idRandomizer": 0.7020010629714545,
    "problemMatcher": [],
    "label": "Containers: Shell: vulndb_ia"
}
Error: the task 'Containers: Shell: vulndb_ia' neither specifies a command nor a dependsOn property. The task will be ignored. Its definition is:
{
    "type": "shell",
    "id": "shell,docker,exec,-it,e8475b83d1c3a16c3fe429373c20e046488fe4ecde121ad4061baae4c72ddf43,bash,",
    "idRandomizer": 0.7020010629714545,
    "problemMatcher": [],
    "label": "Containers: Shell: vulndb_ia"
}
