2025-12-16 08:43:15.443 [info] Native locator: Refresh started
2025-12-16 08:43:20.154 [info] > pyenv which python
2025-12-16 08:43:20.155 [info] cwd: .
2025-12-16 08:43:25.969 [info] Pyenv environment manager found at: /usr/bin/pyenv
2025-12-16 08:43:26.197 [info] Native locator: Refresh finished in 67756 ms
2025-12-16 08:43:26.231 [info] Python interpreter path: ./.venv/bin/python
2025-12-16 08:43:29.227 [info] Send text to terminal: source /home/pablo/code/vulndb-5g/.venv/bin/activate
2025-12-16 08:43:31.601 [info] Send text to terminal: source /home/pablo/code/vulndb-5g/.venv/bin/activate
2025-12-16 08:43:35.236 [info] Starting Pylance language server.
2025-12-16 08:57:09.389 [info] Running installed packages checker:  {
  id: '/home/pablo/code/vulndb-5g/.venv/bin/python',
  sysPrefix: '/home/pablo/code/vulndb-5g/.venv',
  envType: 'Venv',
  envName: '.venv',
  envPath: '/home/pablo/code/vulndb-5g/.venv/bin/python',
  path: '/home/pablo/code/vulndb-5g/.venv/bin/python',
  architecture: 3,
  sysVersion: '',
  version: {
    raw: '3.13.7',
    major: 3,
    minor: 13,
    patch: 7,
    build: [],
    prerelease: []
  },
  displayName: 'Python 3.13.7 (.venv)',
  detailedDisplayName: 'Python 3.13.7 (.venv)',
  type: 'Virtual'
} /root/.vscode/extensions/ms-python.python-2025.20.0-linux-x64/python_files/installed_check.py /home/pablo/code/vulndb-5g/requirements.txt
2025-12-16 08:57:09.389 [info] > ./.venv/bin/python ~/.vscode/extensions/ms-python.python-2025.20.0-linux-x64/python_files/installed_check.py ./requirements.txt
2025-12-16 08:57:21.904 [info] Running installed packages checker:  {
  id: '/home/pablo/code/vulndb-5g/.venv/bin/python',
  sysPrefix: '/home/pablo/code/vulndb-5g/.venv',
  envType: 'Venv',
  envName: '.venv',
  envPath: '/home/pablo/code/vulndb-5g/.venv/bin/python',
  path: '/home/pablo/code/vulndb-5g/.venv/bin/python',
  architecture: 3,
  sysVersion: '',
  version: {
    raw: '3.13.7',
    major: 3,
    minor: 13,
    patch: 7,
    build: [],
    prerelease: []
  },
  displayName: 'Python 3.13.7 (.venv)',
  detailedDisplayName: 'Python 3.13.7 (.venv)',
  type: 'Virtual'
} /root/.vscode/extensions/ms-python.python-2025.20.0-linux-x64/python_files/installed_check.py /home/pablo/code/vulndb-5g/requirements.txt
2025-12-16 08:57:21.904 [info] > ./.venv/bin/python ~/.vscode/extensions/ms-python.python-2025.20.0-linux-x64/python_files/installed_check.py ./requirements.txt
2025-12-16 08:57:28.496 [info] Running installed packages checker:  {
  id: '/home/pablo/code/vulndb-5g/.venv/bin/python',
  sysPrefix: '/home/pablo/code/vulndb-5g/.venv',
  envType: 'Venv',
  envName: '.venv',
  envPath: '/home/pablo/code/vulndb-5g/.venv/bin/python',
  path: '/home/pablo/code/vulndb-5g/.venv/bin/python',
  architecture: 3,
  sysVersion: '',
  version: {
    raw: '3.13.7',
    major: 3,
    minor: 13,
    patch: 7,
    build: [],
    prerelease: []
  },
  displayName: 'Python 3.13.7 (.venv)',
  detailedDisplayName: 'Python 3.13.7 (.venv)',
  type: 'Virtual'
} /root/.vscode/extensions/ms-python.python-2025.20.0-linux-x64/python_files/installed_check.py /home/pablo/code/vulndb-5g/requirements-ia.txt
2025-12-16 08:57:28.496 [info] > ./.venv/bin/python ~/.vscode/extensions/ms-python.python-2025.20.0-linux-x64/python_files/installed_check.py ./requirements-ia.txt
2025-12-16 08:57:30.503 [info] Running installed packages checker:  {
  id: '/home/pablo/code/vulndb-5g/.venv/bin/python',
  sysPrefix: '/home/pablo/code/vulndb-5g/.venv',
  envType: 'Venv',
  envName: '.venv',
  envPath: '/home/pablo/code/vulndb-5g/.venv/bin/python',
  path: '/home/pablo/code/vulndb-5g/.venv/bin/python',
  architecture: 3,
  sysVersion: '',
  version: {
    raw: '3.13.7',
    major: 3,
    minor: 13,
    patch: 7,
    build: [],
    prerelease: []
  },
  displayName: 'Python 3.13.7 (.venv)',
  detailedDisplayName: 'Python 3.13.7 (.venv)',
  type: 'Virtual'
} /root/.vscode/extensions/ms-python.python-2025.20.0-linux-x64/python_files/installed_check.py /home/pablo/code/vulndb-5g/requirements-ia.txt
2025-12-16 08:57:30.503 [info] > ./.venv/bin/python ~/.vscode/extensions/ms-python.python-2025.20.0-linux-x64/python_files/installed_check.py ./requirements-ia.txt
2025-12-16 08:57:30.737 [info] Running installed packages checker:  {
  id: '/home/pablo/code/vulndb-5g/.venv/bin/python',
  sysPrefix: '/home/pablo/code/vulndb-5g/.venv',
  envType: 'Venv',
  envName: '.venv',
  envPath: '/home/pablo/code/vulndb-5g/.venv/bin/python',
  path: '/home/pablo/code/vulndb-5g/.venv/bin/python',
  architecture: 3,
  sysVersion: '',
  version: {
    raw: '3.13.7',
    major: 3,
    minor: 13,
    patch: 7,
    build: [],
    prerelease: []
  },
  displayName: 'Python 3.13.7 (.venv)',
  detailedDisplayName: 'Python 3.13.7 (.venv)',
  type: 'Virtual'
} /root/.vscode/extensions/ms-python.python-2025.20.0-linux-x64/python_files/installed_check.py /home/pablo/code/vulndb-5g/requirements-ia.txt
2025-12-16 08:57:30.737 [info] > ./.venv/bin/python ~/.vscode/extensions/ms-python.python-2025.20.0-linux-x64/python_files/installed_check.py ./requirements-ia.txt
2025-12-16 09:11:54.772 [info] Send text to terminal: source /home/pablo/code/vulndb-5g/.venv/bin/activate
