2025-12-11 13:39:38.907 [info] Starting Python Locator /root/.vscode/extensions/ms-python.python-2025.20.0-linux-x64/python-env-tools/bin/pet server
2025-12-11 13:39:38.927 [info] Discovered manager: (Pyenv) /usr/bin/pyenv
2025-12-11 13:39:38.929 [info] Discovered env: /home/pablo/Descargas/code/vulndb-5g/.venv/bin/python
2025-12-11 13:39:38.931 [info] Discovered env: /root/.pyenv/versions/3.10.13/bin/python
2025-12-11 13:39:38.933 [info] Discovered env: /root/.pyenv/versions/3.11.8/bin/python
2025-12-11 13:39:38.933 [info] Discovered env: /root/.pyenv/versions/tf-env/bin/python
2025-12-11 13:39:42.254 [info] Discovered env: /bin/python
2025-12-11 13:39:42.264 [info] Discovered env: /usr/bin/python
2025-12-11 13:39:42.265 [info] Discovered env: /usr/bin/python2
2025-12-11 13:39:42.278 [info] Discovered env: /bin/python2
2025-12-11 13:39:42.723 [info] Resolved Python Environment /home/pablo/Descargas/code/vulndb-5g/.venv/bin/python
2025-12-11 13:39:43.484 [info] Locator Conda took 2.773292504s
2025-12-11 13:39:43.485 [info] Locator Homebrew took 171.474µs
2025-12-11 13:39:43.489 [info] Locator LinuxGlobal took 2.676946282s
2025-12-11 13:39:43.489 [info] Locator PipEnv took 31.169µs
2025-12-11 13:39:43.489 [info] Locator Pixi took 33.988µs
2025-12-11 13:39:43.489 [info] Locator Poetry took 15.546602ms
2025-12-11 13:39:43.489 [info] Locator PyEnv took 475.734789ms
2025-12-11 13:39:43.489 [info] Locator Uv took 57.211µs
2025-12-11 13:39:43.489 [info] Locator Venv took 15.823µs
2025-12-11 13:39:43.489 [info] Locator VirtualEnv took 18.819µs
2025-12-11 13:39:43.489 [info] Locator VirtualEnvWrapper took 20.034µs
2025-12-11 13:39:43.489 [info] Locator GlobalVirtualEnvs took 7.608622ms
2025-12-11 13:39:43.489 [info] Locator Locators took 3.13865331s
2025-12-11 13:39:43.489 [info] Locator Path took 5.19751087s
2025-12-11 13:39:43.489 [info] Locator Workspaces took 491.297844ms
2025-12-11 13:39:43.489 [info] Refresh completed in 5201ms
2025-12-11 13:40:36.425 [info] Env ("/home/pablo/Descargas/code/vulndb-5g/.venv/bin/python") in Path resolved as ResolvedPythonEnv { executable: "/home/pablo/Descargas/code/vulndb-5g/.venv/bin/python", prefix: "/home/pablo/Descargas/code/vulndb-5g/.venv", version: "3.13.7.final.0", is64_bit: true, symlinks: Some(["/home/pablo/Descargas/code/vulndb-5g/.venv/bin/python", "/home/pablo/Descargas/code/vulndb-5g/.venv/bin/python3", "/home/pablo/Descargas/code/vulndb-5g/.venv/bin/python3.13"]) } and reported as None
2025-12-11 13:40:36.426 [info] Resolved Python Environment /home/pablo/Descargas/code/vulndb-5g/.venv/bin/python
2025-12-11 13:40:39.879 [info] Env ("/home/pablo/Descargas/code/vulndb-5g/.venv/bin/python") in Path resolved as ResolvedPythonEnv { executable: "/home/pablo/Descargas/code/vulndb-5g/.venv/bin/python", prefix: "/home/pablo/Descargas/code/vulndb-5g/.venv", version: "3.13.7.final.0", is64_bit: true, symlinks: Some(["/home/pablo/Descargas/code/vulndb-5g/.venv/bin/python", "/home/pablo/Descargas/code/vulndb-5g/.venv/bin/python3", "/home/pablo/Descargas/code/vulndb-5g/.venv/bin/python3.13"]) } and reported as None
2025-12-11 13:40:40.257 [info] Resolved Python Environment /home/pablo/Descargas/code/vulndb-5g/.venv/bin/python
2025-12-11 13:53:04.757 [info] Env ("/home/pablo/Descargas/code/vulndb-5g/.venv/bin/python") in Path resolved as ResolvedPythonEnv { executable: "/home/pablo/Descargas/code/vulndb-5g/.venv/bin/python", prefix: "/home/pablo/Descargas/code/vulndb-5g/.venv", version: "3.13.7.final.0", is64_bit: true, symlinks: Some(["/home/pablo/Descargas/code/vulndb-5g/.venv/bin/python", "/home/pablo/Descargas/code/vulndb-5g/.venv/bin/python3", "/home/pablo/Descargas/code/vulndb-5g/.venv/bin/python3.13"]) } and reported as None
2025-12-11 13:53:04.777 [info] Resolved Python Environment /home/pablo/Descargas/code/vulndb-5g/.venv/bin/python
