2025-12-22 13:40:36.222 [info] [main] Log level: Info
2025-12-22 13:40:36.222 [info] [main] Validating found git in: "git"
2025-12-22 13:40:36.222 [info] [main] Using git "2.51.0" from "git"
2025-12-22 13:40:36.222 [info] [Model][doInitialScan] Initial repository scan started
2025-12-22 13:40:36.222 [info] > git rev-parse --show-toplevel [305ms]
2025-12-22 13:40:36.223 [info] > git rev-parse --git-dir --git-common-dir --show-superproject-working-tree [74ms]
2025-12-22 13:40:36.223 [info] [Model][openRepository] Opened repository (path): /home/pablo/code/vulndb-5g
2025-12-22 13:40:36.223 [info] [Model][openRepository] Opened repository (real path): /home/pablo/code/vulndb-5g
2025-12-22 13:40:36.223 [info] [Model][openRepository] Opened repository (kind): repository
2025-12-22 13:40:36.592 [info] > git rev-parse --show-toplevel [266ms]
2025-12-22 13:40:36.593 [info] > git config --get commit.template [292ms]
2025-12-22 13:40:37.184 [info] > git rev-parse --show-toplevel [111ms]
2025-12-22 13:40:37.185 [info] > git for-each-ref --format=%(refname)%00%(upstream:short)%00%(objectname)%00%(upstream:track)%00%(upstream:remotename)%00%(upstream:remoteref) refs/heads/main refs/remotes/main [169ms]
2025-12-22 13:40:37.276 [info] > git rev-parse --show-toplevel [8ms]
2025-12-22 13:40:37.413 [info] > git rev-parse --show-toplevel [110ms]
2025-12-22 13:40:37.691 [info] > git for-each-ref --sort -committerdate --format %(refname)%00%(objectname)%00%(*objectname) [338ms]
2025-12-22 13:40:37.904 [info] > git rev-parse --show-toplevel [228ms]
2025-12-22 13:40:38.129 [info] > git rev-parse --show-toplevel [45ms]
2025-12-22 13:40:38.338 [info] > git check-ignore -v -z --stdin [601ms]
2025-12-22 13:40:38.427 [info] > git check-ignore -v -z --stdin [18ms]
2025-12-22 13:40:38.432 [info] > git rev-parse --show-toplevel [96ms]
2025-12-22 13:40:38.515 [info] > git rev-parse --show-toplevel [35ms]
2025-12-22 13:40:38.583 [info] > git rev-parse --show-toplevel [41ms]
2025-12-22 13:40:38.630 [info] > git rev-parse --show-toplevel [26ms]
2025-12-22 13:40:38.632 [info] [Model][doInitialScan] Initial repository scan completed - repositories (1), closed repositories (0), parent repositories (0), unsafe repositories (0)
2025-12-22 13:40:38.682 [info] > git show --textconv :runtime/suricata/rules/generated.rules [36ms]
2025-12-22 13:40:38.689 [info] > git ls-files --stage -- runtime/suricata/rules/generated.rules [25ms]
2025-12-22 13:40:38.712 [info] > git cat-file -s bff3b35cd1f1fb780f670bbde7a646ec22313ad4 [14ms]
2025-12-22 13:40:39.951 [info] > git status -z -uall [2608ms]
2025-12-22 13:40:40.735 [info] > git for-each-ref --format=%(refname)%00%(upstream:short)%00%(objectname)%00%(upstream:track)%00%(upstream:remotename)%00%(upstream:remoteref) refs/heads/main refs/remotes/main [618ms]
2025-12-22 13:40:40.775 [info] > git config --get --local branch.main.vscode-merge-base [23ms]
2025-12-22 13:40:40.775 [warning] [Git][config] git config failed: Failed to execute git
2025-12-22 13:40:40.796 [info] > git config --get commit.template [569ms]
2025-12-22 13:40:40.885 [info] > git for-each-ref --format=%(refname)%00%(upstream:short)%00%(objectname)%00%(upstream:track)%00%(upstream:remotename)%00%(upstream:remoteref) refs/heads/main refs/remotes/main [63ms]
2025-12-22 13:40:40.885 [info] > git reflog main --grep-reflog=branch: Created from *. [90ms]
2025-12-22 13:40:40.916 [info] > git symbolic-ref --short refs/remotes/origin/HEAD [22ms]
2025-12-22 13:40:40.916 [info] fatal: ref refs/remotes/origin/HEAD is not a symbolic ref
2025-12-22 13:40:40.916 [warning] [Repository][getDefaultBranch] Failed to get default branch details: Failed to execute git.
2025-12-22 13:40:40.989 [info] > git merge-base refs/heads/main refs/remotes/origin/main [58ms]
2025-12-22 13:40:41.010 [info] > git blame --root --incremental 66a0dc61005c4a4eb96476c6a59a0e2305ff4909 -- runtime/suricata/rules/generated.rules [96ms]
2025-12-22 13:40:41.122 [info] > git diff --name-status -z --diff-filter=ADMR --find-renames=50% 66a0dc61005c4a4eb96476c6a59a0e2305ff4909...refs/remotes/origin/main -- [123ms]
2025-12-22 13:40:41.138 [info] > git for-each-ref --sort -committerdate --format %(refname)%00%(objectname)%00%(*objectname) [28ms]
2025-12-22 13:40:42.894 [info] > git status -z -uall [1866ms]
2025-12-22 13:40:47.362 [info] > git config --get commit.template [43ms]
2025-12-22 13:40:47.377 [info] > git for-each-ref --format=%(refname)%00%(upstream:short)%00%(objectname)%00%(upstream:track)%00%(upstream:remotename)%00%(upstream:remoteref) refs/heads/main refs/remotes/main [16ms]
2025-12-22 13:40:48.437 [info] > git for-each-ref --sort -committerdate --format %(refname)%00%(objectname)%00%(*objectname) [866ms]
2025-12-22 13:40:51.562 [info] > git status -z -uall [4150ms]
2025-12-22 13:40:56.615 [info] > git for-each-ref --format=%(refname)%00%(upstream:short)%00%(objectname)%00%(upstream:track)%00%(upstream:remotename)%00%(upstream:remoteref) refs/heads/main refs/remotes/main [2ms]
2025-12-22 13:40:56.615 [info] > git config --get commit.template [14ms]
2025-12-22 13:40:56.647 [info] > git for-each-ref --sort -committerdate --format %(refname)%00%(objectname)%00%(*objectname) [6ms]
2025-12-22 13:40:57.804 [info] > git status -z -uall [1181ms]
2025-12-22 13:41:17.799 [info] > git config --get commit.template [74ms]
2025-12-22 13:41:17.910 [info] > git for-each-ref --format=%(refname)%00%(upstream:short)%00%(objectname)%00%(upstream:track)%00%(upstream:remotename)%00%(upstream:remoteref) refs/heads/main refs/remotes/main [12ms]
2025-12-22 13:41:18.108 [info] > git for-each-ref --sort -committerdate --format %(refname)%00%(objectname)%00%(*objectname) [36ms]
2025-12-22 13:41:19.423 [info] > git status -z -uall [1397ms]
2025-12-22 13:41:24.463 [info] > git config --get commit.template [7ms]
2025-12-22 13:41:24.465 [info] > git for-each-ref --format=%(refname)%00%(upstream:short)%00%(objectname)%00%(upstream:track)%00%(upstream:remotename)%00%(upstream:remoteref) refs/heads/main refs/remotes/main [2ms]
2025-12-22 13:41:24.497 [info] > git for-each-ref --sort -committerdate --format %(refname)%00%(objectname)%00%(*objectname) [2ms]
2025-12-22 13:41:25.062 [info] > git status -z -uall [589ms]
2025-12-22 13:41:30.089 [info] > git config --get commit.template [6ms]
2025-12-22 13:41:30.090 [info] > git for-each-ref --format=%(refname)%00%(upstream:short)%00%(objectname)%00%(upstream:track)%00%(upstream:remotename)%00%(upstream:remoteref) refs/heads/main refs/remotes/main [2ms]
2025-12-22 13:41:30.116 [info] > git for-each-ref --sort -committerdate --format %(refname)%00%(objectname)%00%(*objectname) [12ms]
2025-12-22 13:41:30.658 [info] > git status -z -uall [560ms]
2025-12-22 13:41:57.562 [info] > git config --get commit.template [16ms]
2025-12-22 13:41:57.577 [info] > git for-each-ref --format=%(refname)%00%(upstream:short)%00%(objectname)%00%(upstream:track)%00%(upstream:remotename)%00%(upstream:remoteref) refs/heads/main refs/remotes/main [18ms]
2025-12-22 13:41:57.686 [info] > git for-each-ref --sort -committerdate --format %(refname)%00%(objectname)%00%(*objectname) [6ms]
2025-12-22 13:41:58.446 [info] > git status -z -uall [856ms]
2025-12-22 13:42:03.489 [info] > git config --get commit.template [12ms]
2025-12-22 13:42:03.491 [info] > git for-each-ref --format=%(refname)%00%(upstream:short)%00%(objectname)%00%(upstream:track)%00%(upstream:remotename)%00%(upstream:remoteref) refs/heads/main refs/remotes/main [3ms]
2025-12-22 13:42:03.519 [info] > git for-each-ref --sort -committerdate --format %(refname)%00%(objectname)%00%(*objectname) [5ms]
2025-12-22 13:42:04.628 [info] > git status -z -uall [1128ms]
2025-12-22 13:42:09.681 [info] > git config --get commit.template [4ms]
2025-12-22 13:42:09.689 [info] > git for-each-ref --format=%(refname)%00%(upstream:short)%00%(objectname)%00%(upstream:track)%00%(upstream:remotename)%00%(upstream:remoteref) refs/heads/main refs/remotes/main [3ms]
2025-12-22 13:42:09.725 [info] > git for-each-ref --sort -committerdate --format %(refname)%00%(objectname)%00%(*objectname) [4ms]
2025-12-22 13:42:10.622 [info] > git status -z -uall [923ms]
2025-12-22 13:42:15.661 [info] > git config --get commit.template [12ms]
2025-12-22 13:42:15.666 [info] > git for-each-ref --format=%(refname)%00%(upstream:short)%00%(objectname)%00%(upstream:track)%00%(upstream:remotename)%00%(upstream:remoteref) refs/heads/main refs/remotes/main [7ms]
2025-12-22 13:42:15.699 [info] > git for-each-ref --sort -committerdate --format %(refname)%00%(objectname)%00%(*objectname) [16ms]
2025-12-22 13:42:16.761 [info] > git status -z -uall [1086ms]
2025-12-22 13:42:21.829 [info] > git config --get commit.template [9ms]
2025-12-22 13:42:21.831 [info] > git for-each-ref --format=%(refname)%00%(upstream:short)%00%(objectname)%00%(upstream:track)%00%(upstream:remotename)%00%(upstream:remoteref) refs/heads/main refs/remotes/main [3ms]
2025-12-22 13:42:21.860 [info] > git for-each-ref --sort -committerdate --format %(refname)%00%(objectname)%00%(*objectname) [1ms]
2025-12-22 13:42:22.939 [info] > git status -z -uall [1093ms]
2025-12-22 13:42:27.998 [info] > git config --get commit.template [13ms]
2025-12-22 13:42:28.011 [info] > git for-each-ref --format=%(refname)%00%(upstream:short)%00%(objectname)%00%(upstream:track)%00%(upstream:remotename)%00%(upstream:remoteref) refs/heads/main refs/remotes/main [16ms]
2025-12-22 13:42:28.053 [info] > git for-each-ref --sort -committerdate --format %(refname)%00%(objectname)%00%(*objectname) [4ms]
2025-12-22 13:42:28.972 [info] > git status -z -uall [952ms]
2025-12-22 13:43:14.929 [info] > git config --get commit.template [41ms]
2025-12-22 13:43:14.935 [info] > git for-each-ref --format=%(refname)%00%(upstream:short)%00%(objectname)%00%(upstream:track)%00%(upstream:remotename)%00%(upstream:remoteref) refs/heads/main refs/remotes/main [20ms]
2025-12-22 13:43:15.102 [info] > git for-each-ref --sort -committerdate --format %(refname)%00%(objectname)%00%(*objectname) [130ms]
2025-12-22 13:43:16.972 [info] > git status -z -uall [2016ms]
2025-12-22 13:43:22.054 [info] > git config --get commit.template [10ms]
2025-12-22 13:43:22.057 [info] > git for-each-ref --format=%(refname)%00%(upstream:short)%00%(objectname)%00%(upstream:track)%00%(upstream:remotename)%00%(upstream:remoteref) refs/heads/main refs/remotes/main [4ms]
2025-12-22 13:43:22.127 [info] > git for-each-ref --sort -committerdate --format %(refname)%00%(objectname)%00%(*objectname) [27ms]
2025-12-22 13:43:23.435 [info] > git status -z -uall [1365ms]
2025-12-22 13:43:28.496 [info] > git for-each-ref --format=%(refname)%00%(upstream:short)%00%(objectname)%00%(upstream:track)%00%(upstream:remotename)%00%(upstream:remoteref) refs/heads/main refs/remotes/main [3ms]
2025-12-22 13:43:28.496 [info] > git config --get commit.template [20ms]
2025-12-22 13:43:28.566 [info] > git for-each-ref --sort -committerdate --format %(refname)%00%(objectname)%00%(*objectname) [18ms]
2025-12-22 13:43:30.501 [info] > git status -z -uall [1981ms]
2025-12-22 13:43:35.551 [info] > git config --get commit.template [4ms]
2025-12-22 13:43:35.562 [info] > git for-each-ref --format=%(refname)%00%(upstream:short)%00%(objectname)%00%(upstream:track)%00%(upstream:remotename)%00%(upstream:remoteref) refs/heads/main refs/remotes/main [3ms]
2025-12-22 13:43:35.609 [info] > git for-each-ref --sort -committerdate --format %(refname)%00%(objectname)%00%(*objectname) [6ms]
2025-12-22 13:43:36.838 [info] > git status -z -uall [1266ms]
2025-12-22 13:43:41.893 [info] > git config --get commit.template [12ms]
2025-12-22 13:43:41.893 [info] > git for-each-ref --format=%(refname)%00%(upstream:short)%00%(objectname)%00%(upstream:track)%00%(upstream:remotename)%00%(upstream:remoteref) refs/heads/main refs/remotes/main [3ms]
2025-12-22 13:43:41.923 [info] > git for-each-ref --sort -committerdate --format %(refname)%00%(objectname)%00%(*objectname) [15ms]
2025-12-22 13:43:42.601 [info] > git status -z -uall [700ms]
2025-12-22 13:43:47.637 [info] > git config --get commit.template [7ms]
2025-12-22 13:43:47.639 [info] > git for-each-ref --format=%(refname)%00%(upstream:short)%00%(objectname)%00%(upstream:track)%00%(upstream:remotename)%00%(upstream:remoteref) refs/heads/main refs/remotes/main [2ms]
2025-12-22 13:43:47.665 [info] > git for-each-ref --sort -committerdate --format %(refname)%00%(objectname)%00%(*objectname) [7ms]
2025-12-22 13:43:48.229 [info] > git status -z -uall [584ms]
2025-12-22 13:43:53.282 [info] > git config --get commit.template [10ms]
2025-12-22 13:43:53.285 [info] > git for-each-ref --format=%(refname)%00%(upstream:short)%00%(objectname)%00%(upstream:track)%00%(upstream:remotename)%00%(upstream:remoteref) refs/heads/main refs/remotes/main [4ms]
2025-12-22 13:43:53.322 [info] > git for-each-ref --sort -committerdate --format %(refname)%00%(objectname)%00%(*objectname) [3ms]
2025-12-22 13:43:54.417 [info] > git status -z -uall [1123ms]
2025-12-22 13:44:11.596 [info] > git config --get commit.template [14ms]
2025-12-22 13:44:11.617 [info] > git for-each-ref --format=%(refname)%00%(upstream:short)%00%(objectname)%00%(upstream:track)%00%(upstream:remotename)%00%(upstream:remoteref) refs/heads/main refs/remotes/main [7ms]
2025-12-22 13:44:11.643 [info] > git for-each-ref --sort -committerdate --format %(refname)%00%(objectname)%00%(*objectname) [0ms]
2025-12-22 13:44:12.928 [info] > git status -z -uall [1298ms]
2025-12-22 13:44:18.564 [info] > git config --get commit.template [376ms]
2025-12-22 13:44:18.607 [info] > git for-each-ref --format=%(refname)%00%(upstream:short)%00%(objectname)%00%(upstream:track)%00%(upstream:remotename)%00%(upstream:remoteref) refs/heads/main refs/remotes/main [35ms]
2025-12-22 13:44:18.661 [info] > git for-each-ref --sort -committerdate --format %(refname)%00%(objectname)%00%(*objectname) [0ms]
2025-12-22 13:44:19.553 [info] > git status -z -uall [932ms]
2025-12-22 13:44:25.525 [info] > git config --get commit.template [13ms]
2025-12-22 13:44:25.595 [info] > git for-each-ref --format=%(refname)%00%(upstream:short)%00%(objectname)%00%(upstream:track)%00%(upstream:remotename)%00%(upstream:remoteref) refs/heads/main refs/remotes/main [33ms]
2025-12-22 13:44:25.688 [info] > git for-each-ref --sort -committerdate --format %(refname)%00%(objectname)%00%(*objectname) [30ms]
2025-12-22 13:44:27.147 [info] > git status -z -uall [1516ms]
2025-12-22 13:44:32.195 [info] > git config --get commit.template [20ms]
2025-12-22 13:44:32.202 [info] > git for-each-ref --format=%(refname)%00%(upstream:short)%00%(objectname)%00%(upstream:track)%00%(upstream:remotename)%00%(upstream:remoteref) refs/heads/main refs/remotes/main [9ms]
2025-12-22 13:44:32.255 [info] > git for-each-ref --sort -committerdate --format %(refname)%00%(objectname)%00%(*objectname) [25ms]
2025-12-22 13:44:34.080 [info] > git status -z -uall [1865ms]
2025-12-22 13:44:38.146 [info] > git show --textconv :scripts/reenrich.py [55ms]
2025-12-22 13:44:38.301 [info] > git ls-files --stage -- scripts/reenrich.py [196ms]
2025-12-22 13:44:38.430 [info] > git cat-file -s b0bc197da31fb2f2e796524928fde20cb632439f [31ms]
2025-12-22 13:44:39.175 [info] > git config --get commit.template [4ms]
2025-12-22 13:44:39.194 [info] > git for-each-ref --format=%(refname)%00%(upstream:short)%00%(objectname)%00%(upstream:track)%00%(upstream:remotename)%00%(upstream:remoteref) refs/heads/main refs/remotes/main [3ms]
2025-12-22 13:44:39.358 [info] > git for-each-ref --sort -committerdate --format %(refname)%00%(objectname)%00%(*objectname) [8ms]
2025-12-22 13:44:39.522 [info] > git blame --root --incremental 66a0dc61005c4a4eb96476c6a59a0e2305ff4909 -- scripts/reenrich.py [28ms]
2025-12-22 13:44:43.129 [info] > git show --textconv :runtime/suricata/rules/generated.rules [47ms]
2025-12-22 13:44:43.166 [info] > git ls-files --stage -- runtime/suricata/rules/generated.rules [42ms]
2025-12-22 13:44:43.289 [info] > git cat-file -s bff3b35cd1f1fb780f670bbde7a646ec22313ad4 [52ms]
2025-12-22 13:44:44.375 [info] > git status -z -uall [5163ms]
2025-12-22 13:44:46.294 [info] > git check-ignore -v -z --stdin [79ms]
2025-12-22 13:44:48.321 [info] > git check-ignore -v -z --stdin [14ms]
2025-12-22 13:44:49.581 [info] > git config --get commit.template [68ms]
2025-12-22 13:44:49.708 [info] > git check-ignore -v -z --stdin [129ms]
2025-12-22 13:44:49.733 [info] > git for-each-ref --format=%(refname)%00%(upstream:short)%00%(objectname)%00%(upstream:track)%00%(upstream:remotename)%00%(upstream:remoteref) refs/heads/main refs/remotes/main [65ms]
2025-12-22 13:44:50.528 [info] > git for-each-ref --sort -committerdate --format %(refname)%00%(objectname)%00%(*objectname) [74ms]
2025-12-22 13:44:51.002 [info] > git check-ignore -v -z --stdin [16ms]
2025-12-22 13:44:53.621 [info] > git status -z -uall [3378ms]
2025-12-22 13:44:58.700 [info] > git config --get commit.template [32ms]
2025-12-22 13:44:58.711 [info] > git for-each-ref --format=%(refname)%00%(upstream:short)%00%(objectname)%00%(upstream:track)%00%(upstream:remotename)%00%(upstream:remoteref) refs/heads/main refs/remotes/main [12ms]
2025-12-22 13:44:58.857 [info] > git for-each-ref --sort -committerdate --format %(refname)%00%(objectname)%00%(*objectname) [72ms]
2025-12-22 13:45:00.633 [info] > git status -z -uall [1895ms]
2025-12-22 13:45:05.699 [info] > git config --get commit.template [8ms]
2025-12-22 13:45:05.701 [info] > git for-each-ref --format=%(refname)%00%(upstream:short)%00%(objectname)%00%(upstream:track)%00%(upstream:remotename)%00%(upstream:remoteref) refs/heads/main refs/remotes/main [3ms]
2025-12-22 13:45:05.724 [info] > git for-each-ref --sort -committerdate --format %(refname)%00%(objectname)%00%(*objectname) [5ms]
2025-12-22 13:45:06.411 [info] > git status -z -uall [700ms]
2025-12-22 13:45:11.472 [info] > git config --get commit.template [21ms]
2025-12-22 13:45:11.493 [info] > git for-each-ref --format=%(refname)%00%(upstream:short)%00%(objectname)%00%(upstream:track)%00%(upstream:remotename)%00%(upstream:remoteref) refs/heads/main refs/remotes/main [22ms]
2025-12-22 13:45:11.561 [info] > git for-each-ref --sort -committerdate --format %(refname)%00%(objectname)%00%(*objectname) [21ms]
2025-12-22 13:45:13.297 [info] > git status -z -uall [1790ms]
2025-12-22 13:45:18.351 [info] > git config --get commit.template [3ms]
2025-12-22 13:45:18.362 [info] > git for-each-ref --format=%(refname)%00%(upstream:short)%00%(objectname)%00%(upstream:track)%00%(upstream:remotename)%00%(upstream:remoteref) refs/heads/main refs/remotes/main [3ms]
2025-12-22 13:45:18.386 [info] > git for-each-ref --sort -committerdate --format %(refname)%00%(objectname)%00%(*objectname) [1ms]
2025-12-22 13:45:19.522 [info] > git status -z -uall [1150ms]
2025-12-22 13:45:24.599 [info] > git config --get commit.template [8ms]
2025-12-22 13:45:24.604 [info] > git for-each-ref --format=%(refname)%00%(upstream:short)%00%(objectname)%00%(upstream:track)%00%(upstream:remotename)%00%(upstream:remoteref) refs/heads/main refs/remotes/main [5ms]
2025-12-22 13:45:24.638 [info] > git for-each-ref --sort -committerdate --format %(refname)%00%(objectname)%00%(*objectname) [20ms]
2025-12-22 13:45:25.833 [info] > git status -z -uall [1220ms]
2025-12-22 13:45:55.609 [info] > git config --get commit.template [22ms]
2025-12-22 13:45:55.639 [info] > git for-each-ref --format=%(refname)%00%(upstream:short)%00%(objectname)%00%(upstream:track)%00%(upstream:remotename)%00%(upstream:remoteref) refs/heads/main refs/remotes/main [10ms]
2025-12-22 13:45:57.038 [info] > git status -z -uall [1388ms]
2025-12-22 13:45:57.041 [info] > git for-each-ref --sort -committerdate --format %(refname)%00%(objectname)%00%(*objectname) [1373ms]
2025-12-22 13:46:02.121 [info] > git config --get commit.template [10ms]
2025-12-22 13:46:02.124 [info] > git for-each-ref --format=%(refname)%00%(upstream:short)%00%(objectname)%00%(upstream:track)%00%(upstream:remotename)%00%(upstream:remoteref) refs/heads/main refs/remotes/main [4ms]
2025-12-22 13:46:02.174 [info] > git for-each-ref --sort -committerdate --format %(refname)%00%(objectname)%00%(*objectname) [25ms]
2025-12-22 13:46:03.277 [info] > git status -z -uall [1141ms]
2025-12-22 13:46:08.335 [info] > git config --get commit.template [9ms]
2025-12-22 13:46:08.337 [info] > git for-each-ref --format=%(refname)%00%(upstream:short)%00%(objectname)%00%(upstream:track)%00%(upstream:remotename)%00%(upstream:remoteref) refs/heads/main refs/remotes/main [2ms]
2025-12-22 13:46:08.369 [info] > git for-each-ref --sort -committerdate --format %(refname)%00%(objectname)%00%(*objectname) [16ms]
2025-12-22 13:46:09.300 [info] > git status -z -uall [954ms]
2025-12-22 13:46:14.336 [info] > git config --get commit.template [11ms]
2025-12-22 13:46:14.340 [info] > git for-each-ref --format=%(refname)%00%(upstream:short)%00%(objectname)%00%(upstream:track)%00%(upstream:remotename)%00%(upstream:remoteref) refs/heads/main refs/remotes/main [4ms]
2025-12-22 13:46:14.361 [info] > git for-each-ref --sort -committerdate --format %(refname)%00%(objectname)%00%(*objectname) [4ms]
2025-12-22 13:46:15.295 [info] > git status -z -uall [950ms]
2025-12-22 13:46:20.370 [info] > git config --get commit.template [33ms]
2025-12-22 13:46:20.376 [info] > git for-each-ref --format=%(refname)%00%(upstream:short)%00%(objectname)%00%(upstream:track)%00%(upstream:remotename)%00%(upstream:remoteref) refs/heads/main refs/remotes/main [7ms]
2025-12-22 13:46:20.420 [info] > git for-each-ref --sort -committerdate --format %(refname)%00%(objectname)%00%(*objectname) [20ms]
2025-12-22 13:46:21.508 [info] > git status -z -uall [1118ms]
2025-12-22 13:46:26.564 [info] > git config --get commit.template [6ms]
2025-12-22 13:46:26.569 [info] > git for-each-ref --format=%(refname)%00%(upstream:short)%00%(objectname)%00%(upstream:track)%00%(upstream:remotename)%00%(upstream:remoteref) refs/heads/main refs/remotes/main [5ms]
2025-12-22 13:46:26.612 [info] > git for-each-ref --sort -committerdate --format %(refname)%00%(objectname)%00%(*objectname) [23ms]
2025-12-22 13:46:27.281 [info] > git status -z -uall [704ms]
2025-12-22 13:46:32.364 [info] > git config --get commit.template [36ms]
2025-12-22 13:46:32.368 [info] > git for-each-ref --format=%(refname)%00%(upstream:short)%00%(objectname)%00%(upstream:track)%00%(upstream:remotename)%00%(upstream:remoteref) refs/heads/main refs/remotes/main [6ms]
2025-12-22 13:46:32.456 [info] > git for-each-ref --sort -committerdate --format %(refname)%00%(objectname)%00%(*objectname) [26ms]
2025-12-22 13:46:33.723 [info] > git status -z -uall [1340ms]
2025-12-22 13:46:38.760 [info] > git config --get commit.template [11ms]
2025-12-22 13:46:38.761 [info] > git for-each-ref --format=%(refname)%00%(upstream:short)%00%(objectname)%00%(upstream:track)%00%(upstream:remotename)%00%(upstream:remoteref) refs/heads/main refs/remotes/main [4ms]
2025-12-22 13:46:38.784 [info] > git for-each-ref --sort -committerdate --format %(refname)%00%(objectname)%00%(*objectname) [5ms]
2025-12-22 13:46:39.893 [info] > git status -z -uall [1124ms]
2025-12-22 13:46:44.917 [info] > git config --get commit.template [9ms]
2025-12-22 13:46:44.919 [info] > git for-each-ref --format=%(refname)%00%(upstream:short)%00%(objectname)%00%(upstream:track)%00%(upstream:remotename)%00%(upstream:remoteref) refs/heads/main refs/remotes/main [3ms]
2025-12-22 13:46:44.942 [info] > git for-each-ref --sort -committerdate --format %(refname)%00%(objectname)%00%(*objectname) [7ms]
2025-12-22 13:46:45.488 [info] > git status -z -uall [562ms]
2025-12-22 13:46:50.534 [info] > git config --get commit.template [7ms]
2025-12-22 13:46:50.536 [info] > git for-each-ref --format=%(refname)%00%(upstream:short)%00%(objectname)%00%(upstream:track)%00%(upstream:remotename)%00%(upstream:remoteref) refs/heads/main refs/remotes/main [3ms]
2025-12-22 13:46:50.553 [info] > git for-each-ref --sort -committerdate --format %(refname)%00%(objectname)%00%(*objectname) [3ms]
2025-12-22 13:46:51.132 [info] > git status -z -uall [590ms]
2025-12-22 13:46:52.854 [info] > git show --textconv :full_deploymen.sh [33ms]
2025-12-22 13:46:52.876 [info] > git ls-files --stage -- full_deploymen.sh [24ms]
2025-12-22 13:46:52.891 [info] > git hash-object -t tree /dev/null [17ms]
2025-12-22 13:46:52.891 [warning] [GitFileSystemProvider][readFile] File not found - git:/home/pablo/code/vulndb-5g/full_deploymen.sh.git?%7B%22path%22%3A%22%2Fhome%2Fpablo%2Fcode%2Fvulndb-5g%2Ffull_deploymen.sh%22%2C%22ref%22%3A%22%22%7D
2025-12-22 13:46:52.896 [info] > git hash-object -t tree /dev/null [7ms]
2025-12-22 13:46:52.896 [warning] [GitFileSystemProvider][stat] File not found - git:/home/pablo/code/vulndb-5g/full_deploymen.sh.git?%7B%22path%22%3A%22%2Fhome%2Fpablo%2Fcode%2Fvulndb-5g%2Ffull_deploymen.sh%22%2C%22ref%22%3A%22%22%7D
2025-12-22 13:46:52.983 [info] > git check-ignore -v -z --stdin [2ms]
2025-12-22 13:46:54.146 [info] > git blame --root --incremental 66a0dc61005c4a4eb96476c6a59a0e2305ff4909 -- full_deploymen.sh [6ms]
2025-12-22 13:46:54.146 [info] fatal: no such path full_deploymen.sh in 66a0dc61005c4a4eb96476c6a59a0e2305ff4909
2025-12-22 13:46:56.167 [info] > git config --get commit.template [9ms]
2025-12-22 13:46:56.172 [info] > git for-each-ref --format=%(refname)%00%(upstream:short)%00%(objectname)%00%(upstream:track)%00%(upstream:remotename)%00%(upstream:remoteref) refs/heads/main refs/remotes/main [6ms]
2025-12-22 13:46:56.203 [info] > git for-each-ref --sort -committerdate --format %(refname)%00%(objectname)%00%(*objectname) [1ms]
2025-12-22 13:46:56.905 [info] > git status -z -uall [725ms]
2025-12-22 13:47:00.174 [info] > git show --textconv :full_deployment.sh [39ms]
2025-12-22 13:47:00.178 [warning] [GitFileSystemProvider][readFile] File not found - git:/home/pablo/code/vulndb-5g/full_deployment.sh.git?%7B%22path%22%3A%22%2Fhome%2Fpablo%2Fcode%2Fvulndb-5g%2Ffull_deployment.sh%22%2C%22ref%22%3A%22%22%7D
2025-12-22 13:47:00.184 [info] > git ls-files --stage -- full_deployment.sh [13ms]
2025-12-22 13:47:00.185 [warning] [GitFileSystemProvider][stat] File not found - git:/home/pablo/code/vulndb-5g/full_deployment.sh.git?%7B%22path%22%3A%22%2Fhome%2Fpablo%2Fcode%2Fvulndb-5g%2Ffull_deployment.sh%22%2C%22ref%22%3A%22%22%7D
2025-12-22 13:47:00.231 [info] > git blame --root --incremental 66a0dc61005c4a4eb96476c6a59a0e2305ff4909 -- full_deployment.sh [16ms]
2025-12-22 13:47:00.232 [info] fatal: no such path full_deployment.sh in 66a0dc61005c4a4eb96476c6a59a0e2305ff4909
2025-12-22 13:47:00.302 [info] > git check-ignore -v -z --stdin [14ms]
2025-12-22 13:47:01.960 [info] > git config --get commit.template [15ms]
2025-12-22 13:47:01.966 [info] > git for-each-ref --format=%(refname)%00%(upstream:short)%00%(objectname)%00%(upstream:track)%00%(upstream:remotename)%00%(upstream:remoteref) refs/heads/main refs/remotes/main [7ms]
2025-12-22 13:47:02.065 [info] > git for-each-ref --sort -committerdate --format %(refname)%00%(objectname)%00%(*objectname) [10ms]
2025-12-22 13:47:04.241 [info] > git status -z -uall [2246ms]
2025-12-22 13:47:09.297 [info] > git config --get commit.template [9ms]
2025-12-22 13:47:09.303 [info] > git for-each-ref --format=%(refname)%00%(upstream:short)%00%(objectname)%00%(upstream:track)%00%(upstream:remotename)%00%(upstream:remoteref) refs/heads/main refs/remotes/main [7ms]
2025-12-22 13:47:09.344 [info] > git for-each-ref --sort -committerdate --format %(refname)%00%(objectname)%00%(*objectname) [6ms]
2025-12-22 13:47:10.597 [info] > git status -z -uall [1283ms]
2025-12-22 13:47:15.638 [info] > git config --get commit.template [11ms]
2025-12-22 13:47:15.641 [info] > git for-each-ref --format=%(refname)%00%(upstream:short)%00%(objectname)%00%(upstream:track)%00%(upstream:remotename)%00%(upstream:remoteref) refs/heads/main refs/remotes/main [5ms]
2025-12-22 13:47:15.672 [info] > git for-each-ref --sort -committerdate --format %(refname)%00%(objectname)%00%(*objectname) [4ms]
2025-12-22 13:47:16.596 [info] > git status -z -uall [946ms]
2025-12-22 13:47:21.648 [info] > git config --get commit.template [21ms]
2025-12-22 13:47:21.654 [info] > git for-each-ref --format=%(refname)%00%(upstream:short)%00%(objectname)%00%(upstream:track)%00%(upstream:remotename)%00%(upstream:remoteref) refs/heads/main refs/remotes/main [6ms]
2025-12-22 13:47:21.675 [info] > git for-each-ref --sort -committerdate --format %(refname)%00%(objectname)%00%(*objectname) [3ms]
2025-12-22 13:47:22.340 [info] > git status -z -uall [676ms]
2025-12-22 13:47:27.383 [info] > git for-each-ref --format=%(refname)%00%(upstream:short)%00%(objectname)%00%(upstream:track)%00%(upstream:remotename)%00%(upstream:remoteref) refs/heads/main refs/remotes/main [2ms]
2025-12-22 13:47:27.383 [info] > git config --get commit.template [15ms]
2025-12-22 13:47:27.421 [info] > git for-each-ref --sort -committerdate --format %(refname)%00%(objectname)%00%(*objectname) [20ms]
2025-12-22 13:47:28.763 [info] > git status -z -uall [1371ms]
2025-12-22 13:47:29.186 [info] > git show --textconv :runtime/suricata/rules/generated.rules [48ms]
2025-12-22 13:47:29.210 [info] > git ls-files --stage -- runtime/suricata/rules/generated.rules [55ms]
2025-12-22 13:47:29.242 [info] > git cat-file -s bff3b35cd1f1fb780f670bbde7a646ec22313ad4 [7ms]
2025-12-22 13:47:33.849 [info] > git config --get commit.template [24ms]
2025-12-22 13:47:33.853 [info] > git for-each-ref --format=%(refname)%00%(upstream:short)%00%(objectname)%00%(upstream:track)%00%(upstream:remotename)%00%(upstream:remoteref) refs/heads/main refs/remotes/main [10ms]
2025-12-22 13:47:33.985 [info] > git for-each-ref --sort -committerdate --format %(refname)%00%(objectname)%00%(*objectname) [52ms]
2025-12-22 13:47:34.911 [info] > git status -z -uall [1036ms]
2025-12-22 13:47:39.960 [info] > git config --get commit.template [6ms]
2025-12-22 13:47:39.962 [info] > git for-each-ref --format=%(refname)%00%(upstream:short)%00%(objectname)%00%(upstream:track)%00%(upstream:remotename)%00%(upstream:remoteref) refs/heads/main refs/remotes/main [2ms]
2025-12-22 13:47:39.981 [info] > git for-each-ref --sort -committerdate --format %(refname)%00%(objectname)%00%(*objectname) [3ms]
2025-12-22 13:47:41.105 [info] > git status -z -uall [1135ms]
2025-12-22 13:47:41.928 [info] > git check-ignore -v -z --stdin [14ms]
2025-12-22 13:47:43.002 [info] > git show --textconv :runtime/suricata/logs/fast.log [50ms]
2025-12-22 13:47:43.013 [info] > git ls-files --stage -- runtime/suricata/logs/fast.log [12ms]
2025-12-22 13:47:43.026 [info] > git cat-file -s b5fad45cbb67b04ac50b927373b60d7af85f11ee [3ms]
2025-12-22 13:47:46.199 [info] > git config --get commit.template [14ms]
2025-12-22 13:47:46.202 [info] > git for-each-ref --format=%(refname)%00%(upstream:short)%00%(objectname)%00%(upstream:track)%00%(upstream:remotename)%00%(upstream:remoteref) refs/heads/main refs/remotes/main [3ms]
2025-12-22 13:47:46.244 [info] > git for-each-ref --sort -committerdate --format %(refname)%00%(objectname)%00%(*objectname) [26ms]
2025-12-22 13:47:47.550 [info] > git status -z -uall [1339ms]
2025-12-22 13:47:50.058 [info] > git blame --root --incremental 66a0dc61005c4a4eb96476c6a59a0e2305ff4909 -- runtime/suricata/logs/fast.log [6ms]
2025-12-22 13:47:52.575 [info] > git config --get commit.template [8ms]
2025-12-22 13:47:52.577 [info] > git for-each-ref --format=%(refname)%00%(upstream:short)%00%(objectname)%00%(upstream:track)%00%(upstream:remotename)%00%(upstream:remoteref) refs/heads/main refs/remotes/main [3ms]
2025-12-22 13:47:52.600 [info] > git for-each-ref --sort -committerdate --format %(refname)%00%(objectname)%00%(*objectname) [11ms]
2025-12-22 13:47:53.193 [info] > git status -z -uall [609ms]
2025-12-22 13:47:58.221 [info] > git config --get commit.template [9ms]
2025-12-22 13:47:58.224 [info] > git for-each-ref --format=%(refname)%00%(upstream:short)%00%(objectname)%00%(upstream:track)%00%(upstream:remotename)%00%(upstream:remoteref) refs/heads/main refs/remotes/main [4ms]
2025-12-22 13:47:58.267 [info] > git for-each-ref --sort -committerdate --format %(refname)%00%(objectname)%00%(*objectname) [6ms]
2025-12-22 13:47:59.312 [info] > git status -z -uall [1076ms]
2025-12-22 13:48:04.459 [info] > git config --get commit.template [34ms]
2025-12-22 13:48:04.478 [info] > git for-each-ref --format=%(refname)%00%(upstream:short)%00%(objectname)%00%(upstream:track)%00%(upstream:remotename)%00%(upstream:remoteref) refs/heads/main refs/remotes/main [5ms]
2025-12-22 13:48:04.538 [info] > git for-each-ref --sort -committerdate --format %(refname)%00%(objectname)%00%(*objectname) [4ms]
2025-12-22 13:48:06.395 [info] > git status -z -uall [1904ms]
2025-12-22 13:48:12.307 [info] > git config --get commit.template [240ms]
2025-12-22 13:48:12.651 [info] > git for-each-ref --format=%(refname)%00%(upstream:short)%00%(objectname)%00%(upstream:track)%00%(upstream:remotename)%00%(upstream:remoteref) refs/heads/main refs/remotes/main [145ms]
2025-12-22 13:48:13.049 [info] > git for-each-ref --sort -committerdate --format %(refname)%00%(objectname)%00%(*objectname) [27ms]
2025-12-22 13:48:16.282 [info] > git status -z -uall [3303ms]
2025-12-22 13:48:21.350 [info] > git config --get commit.template [4ms]
2025-12-22 13:48:21.383 [info] > git for-each-ref --format=%(refname)%00%(upstream:short)%00%(objectname)%00%(upstream:track)%00%(upstream:remotename)%00%(upstream:remoteref) refs/heads/main refs/remotes/main [1ms]
2025-12-22 13:48:21.544 [info] > git for-each-ref --sort -committerdate --format %(refname)%00%(objectname)%00%(*objectname) [110ms]
2025-12-22 13:48:22.454 [info] > git status -z -uall [1037ms]
2025-12-22 13:48:27.504 [info] > git config --get commit.template [14ms]
2025-12-22 13:48:27.507 [info] > git for-each-ref --format=%(refname)%00%(upstream:short)%00%(objectname)%00%(upstream:track)%00%(upstream:remotename)%00%(upstream:remoteref) refs/heads/main refs/remotes/main [4ms]
2025-12-22 13:48:27.533 [info] > git for-each-ref --sort -committerdate --format %(refname)%00%(objectname)%00%(*objectname) [1ms]
2025-12-22 13:48:28.508 [info] > git status -z -uall [992ms]
2025-12-22 13:48:33.588 [info] > git config --get commit.template [29ms]
2025-12-22 13:48:33.598 [info] > git for-each-ref --format=%(refname)%00%(upstream:short)%00%(objectname)%00%(upstream:track)%00%(upstream:remotename)%00%(upstream:remoteref) refs/heads/main refs/remotes/main [13ms]
2025-12-22 13:48:33.649 [info] > git for-each-ref --sort -committerdate --format %(refname)%00%(objectname)%00%(*objectname) [20ms]
2025-12-22 13:48:34.712 [info] > git status -z -uall [1099ms]
2025-12-22 13:48:40.021 [info] > git config --get commit.template [24ms]
2025-12-22 13:48:40.022 [info] > git for-each-ref --format=%(refname)%00%(upstream:short)%00%(objectname)%00%(upstream:track)%00%(upstream:remotename)%00%(upstream:remoteref) refs/heads/main refs/remotes/main [1ms]
2025-12-22 13:48:40.186 [info] > git for-each-ref --sort -committerdate --format %(refname)%00%(objectname)%00%(*objectname) [13ms]
2025-12-22 13:48:44.404 [info] > git status -z -uall [4373ms]
2025-12-22 13:48:58.911 [info] > git config --get commit.template [7339ms]
2025-12-22 13:49:00.290 [info] > git for-each-ref --format=%(refname)%00%(upstream:short)%00%(objectname)%00%(upstream:track)%00%(upstream:remotename)%00%(upstream:remoteref) refs/heads/main refs/remotes/main [253ms]
2025-12-22 13:49:01.178 [info] > git for-each-ref --sort -committerdate --format %(refname)%00%(objectname)%00%(*objectname) [617ms]
2025-12-22 13:49:12.797 [info] > git status -z -uall [12334ms]
2025-12-22 13:49:19.486 [info] > git config --get commit.template [205ms]
2025-12-22 13:49:19.671 [info] > git for-each-ref --format=%(refname)%00%(upstream:short)%00%(objectname)%00%(upstream:track)%00%(upstream:remotename)%00%(upstream:remoteref) refs/heads/main refs/remotes/main [173ms]
2025-12-22 13:49:19.771 [info] > git for-each-ref --sort -committerdate --format %(refname)%00%(objectname)%00%(*objectname) [55ms]
2025-12-22 13:49:23.594 [info] > git status -z -uall [3907ms]
2025-12-22 13:49:35.595 [info] > git config --get commit.template [826ms]
2025-12-22 13:49:38.167 [info] > git for-each-ref --format=%(refname)%00%(upstream:short)%00%(objectname)%00%(upstream:track)%00%(upstream:remotename)%00%(upstream:remoteref) refs/heads/main refs/remotes/main [1141ms]
2025-12-22 13:49:38.250 [info] > git for-each-ref --sort -committerdate --format %(refname)%00%(objectname)%00%(*objectname) [42ms]
2025-12-22 13:49:39.939 [info] > git status -z -uall [1759ms]
2025-12-22 13:49:45.044 [info] > git config --get commit.template [15ms]
2025-12-22 13:49:45.049 [info] > git for-each-ref --format=%(refname)%00%(upstream:short)%00%(objectname)%00%(upstream:track)%00%(upstream:remotename)%00%(upstream:remoteref) refs/heads/main refs/remotes/main [10ms]
2025-12-22 13:49:45.164 [info] > git for-each-ref --sort -committerdate --format %(refname)%00%(objectname)%00%(*objectname) [98ms]
2025-12-22 13:49:48.449 [info] > git status -z -uall [3392ms]
2025-12-22 13:49:53.779 [info] > git config --get commit.template [5ms]
2025-12-22 13:49:53.876 [info] > git for-each-ref --format=%(refname)%00%(upstream:short)%00%(objectname)%00%(upstream:track)%00%(upstream:remotename)%00%(upstream:remoteref) refs/heads/main refs/remotes/main [1ms]
2025-12-22 13:49:54.256 [info] > git for-each-ref --sort -committerdate --format %(refname)%00%(objectname)%00%(*objectname) [248ms]
2025-12-22 13:49:59.963 [info] > git status -z -uall [6073ms]
2025-12-22 13:50:06.489 [info] > git config --get commit.template [88ms]
2025-12-22 13:50:07.205 [info] > git for-each-ref --format=%(refname)%00%(upstream:short)%00%(objectname)%00%(upstream:track)%00%(upstream:remotename)%00%(upstream:remoteref) refs/heads/main refs/remotes/main [96ms]
2025-12-22 13:50:07.287 [info] > git for-each-ref --sort -committerdate --format %(refname)%00%(objectname)%00%(*objectname) [27ms]
2025-12-22 13:50:08.001 [info] > git show --textconv :runtime/suricata/rules/generated.rules [377ms]
2025-12-22 13:50:08.006 [info] > git ls-files --stage -- runtime/suricata/rules/generated.rules [278ms]
2025-12-22 13:50:08.026 [info] > git cat-file -s bff3b35cd1f1fb780f670bbde7a646ec22313ad4 [6ms]
2025-12-22 13:50:14.900 [info] > git status -z -uall [7669ms]
2025-12-22 13:50:36.812 [info] > git config --get commit.template [112ms]
2025-12-22 13:50:36.827 [info] > git for-each-ref --format=%(refname)%00%(upstream:short)%00%(objectname)%00%(upstream:track)%00%(upstream:remotename)%00%(upstream:remoteref) refs/heads/main refs/remotes/main [18ms]
2025-12-22 13:50:37.799 [info] > git for-each-ref --sort -committerdate --format %(refname)%00%(objectname)%00%(*objectname) [753ms]
2025-12-22 13:50:44.597 [info] > git status -z -uall [7640ms]
2025-12-22 13:51:03.171 [info] > git config --get commit.template [91ms]
2025-12-22 13:51:03.173 [info] > git for-each-ref --format=%(refname)%00%(upstream:short)%00%(objectname)%00%(upstream:track)%00%(upstream:remotename)%00%(upstream:remoteref) refs/heads/main refs/remotes/main [199ms]
2025-12-22 13:51:04.158 [info] > git for-each-ref --sort -committerdate --format %(refname)%00%(objectname)%00%(*objectname) [85ms]
2025-12-22 13:51:09.717 [info] > git status -z -uall [5956ms]
