2025-12-15 12:01:50.956 [info] Reading sessions from keychain...
2025-12-15 12:01:50.956 [info] Getting sessions for all scopes...
2025-12-15 12:01:50.956 [info] Got 0 sessions for ...
2025-12-15 12:01:50.956 [info] Getting sessions for all scopes...
2025-12-15 12:01:50.956 [info] Got 0 sessions for ...
2025-12-15 12:01:50.956 [info] Getting sessions for all scopes...
2025-12-15 12:01:50.956 [info] Got 0 sessions for ...
2025-12-15 12:01:50.956 [info] Getting sessions for all scopes...
2025-12-15 12:01:50.956 [info] Got 0 sessions for ...
2025-12-15 12:01:50.956 [info] Getting sessions for all scopes...
2025-12-15 12:01:50.956 [info] Got 0 sessions for ...
2025-12-15 12:01:50.956 [info] Getting sessions for all scopes...
2025-12-15 12:01:50.956 [info] Got 0 sessions for ...
2025-12-15 12:01:50.956 [info] Getting sessions for all scopes...
2025-12-15 12:01:50.956 [info] Got 0 sessions for ...
2025-12-15 12:01:50.956 [info] Getting sessions for all scopes...
2025-12-15 12:01:50.956 [info] Got 0 sessions for ...
2025-12-15 12:01:50.956 [info] Getting sessions for all scopes...
2025-12-15 12:01:50.956 [info] Got 0 sessions for ...
2025-12-15 12:01:50.956 [info] Getting sessions for all scopes...
2025-12-15 12:01:50.956 [info] Got 0 sessions for ...
2025-12-15 12:01:50.956 [info] Getting sessions for all scopes...
2025-12-15 12:01:50.956 [info] Got 0 sessions for ...
2025-12-15 12:01:50.956 [info] Getting sessions for all scopes...
2025-12-15 12:01:50.956 [info] Got 0 sessions for ...
2025-12-15 12:01:50.956 [info] Getting sessions for all scopes...
2025-12-15 12:01:50.956 [info] Got 0 sessions for ...
2025-12-15 12:01:50.956 [info] Getting sessions for all scopes...
2025-12-15 12:01:50.956 [info] Got 0 sessions for ...
2025-12-15 12:01:50.956 [info] Getting sessions for all scopes...
2025-12-15 12:01:50.956 [info] Got 0 sessions for ...
2025-12-15 12:01:50.956 [info] Getting sessions for all scopes...
2025-12-15 12:01:50.956 [info] Got 0 sessions for ...
2025-12-15 12:01:50.956 [info] Getting sessions for all scopes...
2025-12-15 12:01:50.956 [info] Got 0 sessions for ...
2025-12-15 12:01:50.956 [info] Getting sessions for all scopes...
2025-12-15 12:01:50.956 [info] Got 0 sessions for ...
2025-12-15 12:01:50.956 [info] Getting sessions for user:email...
2025-12-15 12:01:50.956 [info] Got 0 sessions for user:email...
2025-12-15 12:01:50.956 [info] Getting sessions for read:user,repo,user:email,workflow...
2025-12-15 12:01:50.956 [info] Got 0 sessions for read:user,repo,user:email,workflow...
2025-12-15 12:01:51.594 [info] Getting sessions for all scopes...
2025-12-15 12:01:51.594 [info] Got 0 sessions for ...
2025-12-15 12:01:51.595 [info] Getting sessions for all scopes...
2025-12-15 12:01:51.595 [info] Got 0 sessions for ...
2025-12-15 12:01:51.645 [info] Getting sessions for all scopes...
2025-12-15 12:01:51.645 [info] Got 0 sessions for ...
2025-12-15 12:01:51.844 [info] Getting sessions for user:email...
2025-12-15 12:01:51.844 [info] Got 0 sessions for user:email...
2025-12-15 12:01:51.848 [info] Getting sessions for read:user,repo,user:email,workflow...
2025-12-15 12:01:51.848 [info] Got 0 sessions for read:user,repo,user:email,workflow...
2025-12-15 12:01:52.051 [info] Getting sessions for all scopes...
2025-12-15 12:01:52.051 [info] Got 0 sessions for ...
2025-12-15 12:01:52.238 [info] Getting sessions for user:email...
2025-12-15 12:01:52.238 [info] Got 0 sessions for user:email...
2025-12-15 12:01:52.466 [info] Getting sessions for all scopes...
2025-12-15 12:01:52.466 [info] Got 0 sessions for ...
2025-12-15 12:01:52.541 [info] Getting sessions for all scopes...
2025-12-15 12:01:52.541 [info] Got 0 sessions for ...
2025-12-15 12:01:52.541 [info] Getting sessions for all scopes...
2025-12-15 12:01:52.541 [info] Got 0 sessions for ...
2025-12-15 12:01:53.571 [info] Getting sessions for read:user,repo,user:email,workflow...
2025-12-15 12:01:53.571 [info] Got 0 sessions for read:user,repo,user:email,workflow...
2025-12-15 12:01:54.545 [info] Getting sessions for read:user,repo,user:email,workflow...
2025-12-15 12:01:54.546 [info] Got 0 sessions for read:user,repo,user:email,workflow...
2025-12-15 12:04:30.366 [info] Getting sessions for all scopes...
2025-12-15 12:04:30.375 [info] Got 0 sessions for ...
2025-12-15 12:04:30.378 [info] Getting sessions for user:email...
2025-12-15 12:04:30.378 [info] Got 0 sessions for user:email...
2025-12-15 12:04:30.392 [info] Getting sessions for all scopes...
2025-12-15 12:04:30.393 [info] Got 0 sessions for ...
2025-12-15 12:04:30.401 [info] Getting sessions for all scopes...
2025-12-15 12:04:30.401 [info] Got 0 sessions for ...
2025-12-15 12:04:32.076 [info] Getting sessions for all scopes...
2025-12-15 12:04:32.076 [info] Got 0 sessions for ...
2025-12-15 12:04:32.091 [info] Getting sessions for user:email...
2025-12-15 12:04:32.091 [info] Got 0 sessions for user:email...
2025-12-15 12:04:33.526 [info] Getting sessions for all scopes...
2025-12-15 12:04:33.526 [info] Got 0 sessions for ...
2025-12-15 12:04:33.534 [info] Getting sessions for user:email...
2025-12-15 12:04:33.534 [info] Got 0 sessions for user:email...
2025-12-15 12:04:33.591 [info] Getting sessions for all scopes...
2025-12-15 12:04:33.592 [info] Got 0 sessions for ...
2025-12-15 12:04:33.595 [info] Getting sessions for user:email...
2025-12-15 12:04:33.596 [info] Got 0 sessions for user:email...
2025-12-15 12:04:33.823 [info] Getting sessions for all scopes...
2025-12-15 12:04:33.824 [info] Got 0 sessions for ...
2025-12-15 12:04:33.825 [info] Getting sessions for user:email...
2025-12-15 12:04:33.825 [info] Got 0 sessions for user:email...
2025-12-15 12:04:34.128 [info] Getting sessions for all scopes...
2025-12-15 12:04:34.128 [info] Got 0 sessions for ...
2025-12-15 12:04:34.131 [info] Getting sessions for user:email...
2025-12-15 12:04:34.131 [info] Got 0 sessions for user:email...
2025-12-15 12:04:34.444 [info] Getting sessions for all scopes...
2025-12-15 12:04:34.445 [info] Got 0 sessions for ...
2025-12-15 12:04:34.450 [info] Getting sessions for user:email...
2025-12-15 12:04:34.450 [info] Got 0 sessions for user:email...
2025-12-15 12:04:34.547 [info] Getting sessions for all scopes...
2025-12-15 12:04:34.547 [info] Got 0 sessions for ...
2025-12-15 12:04:34.549 [info] Getting sessions for user:email...
2025-12-15 12:04:34.549 [info] Got 0 sessions for user:email...
2025-12-15 12:04:34.802 [info] Getting sessions for all scopes...
2025-12-15 12:04:34.802 [info] Got 0 sessions for ...
2025-12-15 12:04:34.808 [info] Getting sessions for user:email...
2025-12-15 12:04:34.808 [info] Got 0 sessions for user:email...
2025-12-15 12:04:34.929 [info] Getting sessions for all scopes...
2025-12-15 12:04:34.930 [info] Got 0 sessions for ...
2025-12-15 12:04:34.937 [info] Getting sessions for user:email...
2025-12-15 12:04:34.937 [info] Got 0 sessions for user:email...
2025-12-15 12:04:35.100 [info] Getting sessions for all scopes...
2025-12-15 12:04:35.100 [info] Got 0 sessions for ...
2025-12-15 12:04:35.101 [info] Getting sessions for user:email...
2025-12-15 12:04:35.101 [info] Got 0 sessions for user:email...
2025-12-15 12:04:35.945 [info] Getting sessions for all scopes...
2025-12-15 12:04:35.945 [info] Got 0 sessions for ...
2025-12-15 12:04:35.959 [info] Getting sessions for user:email...
2025-12-15 12:04:35.959 [info] Got 0 sessions for user:email...
2025-12-15 12:04:37.247 [info] Getting sessions for all scopes...
2025-12-15 12:04:37.247 [info] Got 0 sessions for ...
2025-12-15 12:04:37.249 [info] Getting sessions for user:email...
2025-12-15 12:04:37.249 [info] Got 0 sessions for user:email...
2025-12-15 12:04:42.131 [info] Getting sessions for all scopes...
2025-12-15 12:04:42.131 [info] Got 0 sessions for ...
2025-12-15 12:04:42.136 [info] Getting sessions for user:email...
2025-12-15 12:04:42.136 [info] Got 0 sessions for user:email...
2025-12-15 12:04:47.131 [info] Getting sessions for all scopes...
2025-12-15 12:04:47.132 [info] Got 0 sessions for ...
2025-12-15 12:04:47.135 [info] Getting sessions for user:email...
2025-12-15 12:04:47.135 [info] Got 0 sessions for user:email...
2025-12-15 12:04:48.773 [info] Getting sessions for all scopes...
2025-12-15 12:04:48.773 [info] Got 0 sessions for ...
2025-12-15 12:04:48.783 [info] Getting sessions for user:email...
2025-12-15 12:04:48.783 [info] Got 0 sessions for user:email...
2025-12-15 12:04:51.001 [info] Getting sessions for all scopes...
2025-12-15 12:04:51.001 [info] Got 0 sessions for ...
2025-12-15 12:04:51.005 [info] Getting sessions for user:email...
2025-12-15 12:04:51.006 [info] Got 0 sessions for user:email...
2025-12-15 12:04:52.106 [info] Getting sessions for all scopes...
2025-12-15 12:04:52.106 [info] Got 0 sessions for ...
2025-12-15 12:04:52.111 [info] Getting sessions for user:email...
2025-12-15 12:04:52.112 [info] Got 0 sessions for user:email...
2025-12-15 12:04:52.313 [info] Getting sessions for all scopes...
2025-12-15 12:04:52.314 [info] Got 0 sessions for ...
2025-12-15 12:04:52.317 [info] Getting sessions for user:email...
2025-12-15 12:04:52.317 [info] Got 0 sessions for user:email...
2025-12-15 12:04:52.481 [info] Getting sessions for all scopes...
2025-12-15 12:04:52.481 [info] Got 0 sessions for ...
2025-12-15 12:04:52.483 [info] Getting sessions for user:email...
2025-12-15 12:04:52.483 [info] Got 0 sessions for user:email...
2025-12-15 12:04:52.597 [info] Getting sessions for all scopes...
2025-12-15 12:04:52.598 [info] Got 0 sessions for ...
2025-12-15 12:04:52.600 [info] Getting sessions for user:email...
2025-12-15 12:04:52.600 [info] Got 0 sessions for user:email...
2025-12-15 12:04:52.713 [info] Getting sessions for all scopes...
2025-12-15 12:04:52.713 [info] Got 0 sessions for ...
2025-12-15 12:04:52.717 [info] Getting sessions for user:email...
2025-12-15 12:04:52.717 [info] Got 0 sessions for user:email...
2025-12-15 12:04:52.854 [info] Getting sessions for all scopes...
2025-12-15 12:04:52.854 [info] Got 0 sessions for ...
2025-12-15 12:04:52.859 [info] Getting sessions for user:email...
2025-12-15 12:04:52.859 [info] Got 0 sessions for user:email...
2025-12-15 12:04:53.006 [info] Getting sessions for all scopes...
2025-12-15 12:04:53.007 [info] Got 0 sessions for ...
2025-12-15 12:04:53.011 [info] Getting sessions for user:email...
2025-12-15 12:04:53.011 [info] Got 0 sessions for user:email...
2025-12-15 12:04:53.073 [info] Getting sessions for all scopes...
2025-12-15 12:04:53.074 [info] Got 0 sessions for ...
2025-12-15 12:04:53.086 [info] Getting sessions for user:email...
2025-12-15 12:04:53.086 [info] Got 0 sessions for user:email...
2025-12-15 12:04:53.139 [info] Getting sessions for all scopes...
2025-12-15 12:04:53.140 [info] Got 0 sessions for ...
2025-12-15 12:04:53.156 [info] Getting sessions for user:email...
2025-12-15 12:04:53.156 [info] Got 0 sessions for user:email...
2025-12-15 12:04:53.498 [info] Getting sessions for all scopes...
2025-12-15 12:04:53.498 [info] Got 0 sessions for ...
2025-12-15 12:04:53.499 [info] Getting sessions for user:email...
2025-12-15 12:04:53.499 [info] Got 0 sessions for user:email...
2025-12-15 12:04:53.664 [info] Getting sessions for all scopes...
2025-12-15 12:04:53.664 [info] Got 0 sessions for ...
2025-12-15 12:04:53.666 [info] Getting sessions for user:email...
2025-12-15 12:04:53.667 [info] Got 0 sessions for user:email...
2025-12-15 12:04:53.839 [info] Getting sessions for all scopes...
2025-12-15 12:04:53.839 [info] Got 0 sessions for ...
2025-12-15 12:04:53.848 [info] Getting sessions for user:email...
2025-12-15 12:04:53.848 [info] Got 0 sessions for user:email...
2025-12-15 12:04:54.026 [info] Getting sessions for all scopes...
2025-12-15 12:04:54.026 [info] Got 0 sessions for ...
2025-12-15 12:04:54.027 [info] Getting sessions for user:email...
2025-12-15 12:04:54.027 [info] Got 0 sessions for user:email...
2025-12-15 12:04:54.260 [info] Getting sessions for all scopes...
2025-12-15 12:04:54.260 [info] Got 0 sessions for ...
2025-12-15 12:04:54.262 [info] Getting sessions for user:email...
2025-12-15 12:04:54.262 [info] Got 0 sessions for user:email...
2025-12-15 12:04:55.028 [info] Getting sessions for all scopes...
2025-12-15 12:04:55.028 [info] Got 0 sessions for ...
2025-12-15 12:04:55.035 [info] Getting sessions for user:email...
2025-12-15 12:04:55.036 [info] Got 0 sessions for user:email...
2025-12-15 12:04:55.503 [info] Getting sessions for all scopes...
2025-12-15 12:04:55.503 [info] Got 0 sessions for ...
2025-12-15 12:04:55.510 [info] Getting sessions for user:email...
2025-12-15 12:04:55.510 [info] Got 0 sessions for user:email...
2025-12-15 12:04:55.631 [info] Getting sessions for all scopes...
2025-12-15 12:04:55.631 [info] Got 0 sessions for ...
2025-12-15 12:04:55.635 [info] Getting sessions for user:email...
2025-12-15 12:04:55.635 [info] Got 0 sessions for user:email...
2025-12-15 12:04:55.778 [info] Getting sessions for all scopes...
2025-12-15 12:04:55.778 [info] Got 0 sessions for ...
2025-12-15 12:04:55.780 [info] Getting sessions for user:email...
2025-12-15 12:04:55.780 [info] Got 0 sessions for user:email...
2025-12-15 12:04:55.924 [info] Getting sessions for all scopes...
2025-12-15 12:04:55.924 [info] Got 0 sessions for ...
2025-12-15 12:04:55.926 [info] Getting sessions for user:email...
2025-12-15 12:04:55.926 [info] Got 0 sessions for user:email...
2025-12-15 12:04:55.994 [info] Getting sessions for all scopes...
2025-12-15 12:04:55.995 [info] Got 0 sessions for ...
2025-12-15 12:04:55.997 [info] Getting sessions for user:email...
2025-12-15 12:04:55.997 [info] Got 0 sessions for user:email...
2025-12-15 12:04:56.160 [info] Getting sessions for all scopes...
2025-12-15 12:04:56.160 [info] Got 0 sessions for ...
2025-12-15 12:04:56.169 [info] Getting sessions for user:email...
2025-12-15 12:04:56.169 [info] Got 0 sessions for user:email...
2025-12-15 12:04:56.229 [info] Getting sessions for all scopes...
2025-12-15 12:04:56.230 [info] Got 0 sessions for ...
2025-12-15 12:04:56.231 [info] Getting sessions for user:email...
2025-12-15 12:04:56.231 [info] Got 0 sessions for user:email...
2025-12-15 12:04:56.331 [info] Getting sessions for all scopes...
2025-12-15 12:04:56.331 [info] Got 0 sessions for ...
2025-12-15 12:04:56.336 [info] Getting sessions for user:email...
2025-12-15 12:04:56.336 [info] Got 0 sessions for user:email...
2025-12-15 12:04:56.456 [info] Getting sessions for all scopes...
2025-12-15 12:04:56.456 [info] Got 0 sessions for ...
2025-12-15 12:04:56.463 [info] Getting sessions for user:email...
2025-12-15 12:04:56.464 [info] Got 0 sessions for user:email...
2025-12-15 12:04:56.684 [info] Getting sessions for all scopes...
2025-12-15 12:04:56.685 [info] Got 0 sessions for ...
2025-12-15 12:04:56.695 [info] Getting sessions for user:email...
2025-12-15 12:04:56.696 [info] Got 0 sessions for user:email...
2025-12-15 12:04:56.894 [info] Getting sessions for all scopes...
2025-12-15 12:04:56.894 [info] Got 0 sessions for ...
2025-12-15 12:04:56.895 [info] Getting sessions for user:email...
2025-12-15 12:04:56.895 [info] Got 0 sessions for user:email...
2025-12-15 12:04:56.965 [info] Getting sessions for all scopes...
2025-12-15 12:04:56.965 [info] Got 0 sessions for ...
2025-12-15 12:04:56.967 [info] Getting sessions for user:email...
2025-12-15 12:04:56.967 [info] Got 0 sessions for user:email...
2025-12-15 12:04:57.396 [info] Getting sessions for all scopes...
2025-12-15 12:04:57.396 [info] Got 0 sessions for ...
2025-12-15 12:04:57.399 [info] Getting sessions for user:email...
2025-12-15 12:04:57.399 [info] Got 0 sessions for user:email...
2025-12-15 12:04:57.476 [info] Getting sessions for all scopes...
2025-12-15 12:04:57.476 [info] Got 0 sessions for ...
2025-12-15 12:04:57.478 [info] Getting sessions for user:email...
2025-12-15 12:04:57.479 [info] Got 0 sessions for user:email...
2025-12-15 12:05:02.453 [info] Getting sessions for all scopes...
2025-12-15 12:05:02.453 [info] Got 0 sessions for ...
2025-12-15 12:05:02.456 [info] Getting sessions for user:email...
2025-12-15 12:05:02.456 [info] Got 0 sessions for user:email...
2025-12-15 12:05:29.784 [info] Getting sessions for all scopes...
2025-12-15 12:05:29.784 [info] Got 0 sessions for ...
2025-12-15 12:05:29.785 [info] Getting sessions for user:email...
2025-12-15 12:05:29.785 [info] Got 0 sessions for user:email...
2025-12-15 12:05:29.931 [info] Getting sessions for all scopes...
2025-12-15 12:05:29.931 [info] Got 0 sessions for ...
2025-12-15 12:05:29.932 [info] Getting sessions for user:email...
2025-12-15 12:05:29.932 [info] Got 0 sessions for user:email...
2025-12-15 12:05:31.467 [info] Getting sessions for all scopes...
2025-12-15 12:05:31.467 [info] Got 0 sessions for ...
2025-12-15 12:05:31.474 [info] Getting sessions for user:email...
2025-12-15 12:05:31.474 [info] Got 0 sessions for user:email...
2025-12-15 12:05:31.599 [info] Getting sessions for all scopes...
2025-12-15 12:05:31.599 [info] Got 0 sessions for ...
2025-12-15 12:05:31.602 [info] Getting sessions for user:email...
2025-12-15 12:05:31.602 [info] Got 0 sessions for user:email...
2025-12-15 12:05:32.217 [info] Getting sessions for all scopes...
2025-12-15 12:05:32.217 [info] Got 0 sessions for ...
2025-12-15 12:05:32.220 [info] Getting sessions for user:email...
2025-12-15 12:05:32.220 [info] Got 0 sessions for user:email...
2025-12-15 12:05:32.959 [info] Getting sessions for all scopes...
2025-12-15 12:05:32.959 [info] Got 0 sessions for ...
2025-12-15 12:05:32.960 [info] Getting sessions for user:email...
2025-12-15 12:05:32.960 [info] Got 0 sessions for user:email...
2025-12-15 12:05:33.112 [info] Getting sessions for all scopes...
2025-12-15 12:05:33.112 [info] Got 0 sessions for ...
2025-12-15 12:05:33.118 [info] Getting sessions for user:email...
2025-12-15 12:05:33.118 [info] Got 0 sessions for user:email...
2025-12-15 12:05:33.276 [info] Getting sessions for all scopes...
2025-12-15 12:05:33.276 [info] Got 0 sessions for ...
2025-12-15 12:05:33.278 [info] Getting sessions for user:email...
2025-12-15 12:05:33.278 [info] Got 0 sessions for user:email...
2025-12-15 12:05:34.514 [info] Getting sessions for all scopes...
2025-12-15 12:05:34.514 [info] Got 0 sessions for ...
2025-12-15 12:05:34.515 [info] Getting sessions for user:email...
2025-12-15 12:05:34.515 [info] Got 0 sessions for user:email...
2025-12-15 12:05:34.673 [info] Getting sessions for all scopes...
2025-12-15 12:05:34.673 [info] Got 0 sessions for ...
2025-12-15 12:05:34.682 [info] Getting sessions for user:email...
2025-12-15 12:05:34.682 [info] Got 0 sessions for user:email...
2025-12-15 12:05:35.075 [info] Getting sessions for all scopes...
2025-12-15 12:05:35.075 [info] Got 0 sessions for ...
2025-12-15 12:05:35.078 [info] Getting sessions for user:email...
2025-12-15 12:05:35.078 [info] Got 0 sessions for user:email...
2025-12-15 12:05:35.950 [info] Getting sessions for all scopes...
2025-12-15 12:05:35.950 [info] Got 0 sessions for ...
2025-12-15 12:05:35.952 [info] Getting sessions for user:email...
2025-12-15 12:05:35.952 [info] Got 0 sessions for user:email...
2025-12-15 12:05:36.128 [info] Getting sessions for all scopes...
2025-12-15 12:05:36.128 [info] Got 0 sessions for ...
2025-12-15 12:05:36.130 [info] Getting sessions for user:email...
2025-12-15 12:05:36.130 [info] Got 0 sessions for user:email...
2025-12-15 12:05:36.267 [info] Getting sessions for all scopes...
2025-12-15 12:05:36.268 [info] Got 0 sessions for ...
2025-12-15 12:05:36.303 [info] Getting sessions for user:email...
2025-12-15 12:05:36.303 [info] Got 0 sessions for user:email...
2025-12-15 12:05:37.496 [info] Getting sessions for all scopes...
2025-12-15 12:05:37.496 [info] Got 0 sessions for ...
2025-12-15 12:05:37.499 [info] Getting sessions for user:email...
2025-12-15 12:05:37.499 [info] Got 0 sessions for user:email...
2025-12-15 12:05:37.832 [info] Getting sessions for all scopes...
2025-12-15 12:05:37.832 [info] Got 0 sessions for ...
2025-12-15 12:05:37.837 [info] Getting sessions for user:email...
2025-12-15 12:05:37.837 [info] Got 0 sessions for user:email...
2025-12-15 12:05:37.929 [info] Getting sessions for all scopes...
2025-12-15 12:05:37.930 [info] Got 0 sessions for ...
2025-12-15 12:05:37.936 [info] Getting sessions for user:email...
2025-12-15 12:05:37.936 [info] Got 0 sessions for user:email...
2025-12-15 12:05:38.102 [info] Getting sessions for all scopes...
2025-12-15 12:05:38.102 [info] Got 0 sessions for ...
2025-12-15 12:05:38.103 [info] Getting sessions for user:email...
2025-12-15 12:05:38.104 [info] Got 0 sessions for user:email...
2025-12-15 12:05:38.219 [info] Getting sessions for all scopes...
2025-12-15 12:05:38.219 [info] Got 0 sessions for ...
2025-12-15 12:05:38.226 [info] Getting sessions for user:email...
2025-12-15 12:05:38.227 [info] Got 0 sessions for user:email...
2025-12-15 12:05:38.778 [info] Getting sessions for all scopes...
2025-12-15 12:05:38.779 [info] Got 0 sessions for ...
2025-12-15 12:05:38.781 [info] Getting sessions for user:email...
2025-12-15 12:05:38.781 [info] Got 0 sessions for user:email...
2025-12-15 12:05:38.966 [info] Getting sessions for all scopes...
2025-12-15 12:05:38.966 [info] Got 0 sessions for ...
2025-12-15 12:05:38.968 [info] Getting sessions for user:email...
2025-12-15 12:05:38.968 [info] Got 0 sessions for user:email...
2025-12-15 12:05:39.002 [info] Getting sessions for all scopes...
2025-12-15 12:05:39.002 [info] Got 0 sessions for ...
2025-12-15 12:05:39.005 [info] Getting sessions for user:email...
2025-12-15 12:05:39.005 [info] Got 0 sessions for user:email...
2025-12-15 12:05:39.112 [info] Getting sessions for all scopes...
2025-12-15 12:05:39.112 [info] Got 0 sessions for ...
2025-12-15 12:05:39.115 [info] Getting sessions for user:email...
2025-12-15 12:05:39.115 [info] Got 0 sessions for user:email...
2025-12-15 12:05:39.447 [info] Getting sessions for all scopes...
2025-12-15 12:05:39.447 [info] Got 0 sessions for ...
2025-12-15 12:05:39.460 [info] Getting sessions for user:email...
2025-12-15 12:05:39.460 [info] Got 0 sessions for user:email...
2025-12-15 12:05:39.616 [info] Getting sessions for all scopes...
2025-12-15 12:05:39.618 [info] Got 0 sessions for ...
2025-12-15 12:05:39.622 [info] Getting sessions for user:email...
2025-12-15 12:05:39.622 [info] Got 0 sessions for user:email...
2025-12-15 12:05:39.957 [info] Getting sessions for all scopes...
2025-12-15 12:05:39.957 [info] Got 0 sessions for ...
2025-12-15 12:05:39.959 [info] Getting sessions for user:email...
2025-12-15 12:05:39.960 [info] Got 0 sessions for user:email...
2025-12-15 12:05:40.146 [info] Getting sessions for all scopes...
2025-12-15 12:05:40.146 [info] Got 0 sessions for ...
2025-12-15 12:05:40.156 [info] Getting sessions for user:email...
2025-12-15 12:05:40.156 [info] Got 0 sessions for user:email...
2025-12-15 12:05:40.229 [info] Getting sessions for all scopes...
2025-12-15 12:05:40.230 [info] Got 0 sessions for ...
2025-12-15 12:05:40.233 [info] Getting sessions for user:email...
2025-12-15 12:05:40.234 [info] Got 0 sessions for user:email...
2025-12-15 12:05:43.632 [info] Getting sessions for all scopes...
2025-12-15 12:05:43.632 [info] Got 0 sessions for ...
2025-12-15 12:05:43.635 [info] Getting sessions for user:email...
2025-12-15 12:05:43.635 [info] Got 0 sessions for user:email...
2025-12-15 12:05:43.799 [info] Getting sessions for all scopes...
2025-12-15 12:05:43.800 [info] Got 0 sessions for ...
2025-12-15 12:05:43.804 [info] Getting sessions for user:email...
2025-12-15 12:05:43.804 [info] Got 0 sessions for user:email...
2025-12-15 12:05:44.961 [info] Getting sessions for all scopes...
2025-12-15 12:05:44.962 [info] Got 0 sessions for ...
2025-12-15 12:05:44.964 [info] Getting sessions for user:email...
2025-12-15 12:05:44.964 [info] Got 0 sessions for user:email...
2025-12-15 12:05:45.131 [info] Getting sessions for all scopes...
2025-12-15 12:05:45.132 [info] Got 0 sessions for ...
2025-12-15 12:05:45.134 [info] Getting sessions for user:email...
2025-12-15 12:05:45.134 [info] Got 0 sessions for user:email...
2025-12-15 12:05:45.943 [info] Getting sessions for all scopes...
2025-12-15 12:05:45.944 [info] Got 0 sessions for ...
2025-12-15 12:05:45.945 [info] Getting sessions for user:email...
2025-12-15 12:05:45.945 [info] Got 0 sessions for user:email...
2025-12-15 12:05:46.120 [info] Getting sessions for all scopes...
2025-12-15 12:05:46.120 [info] Got 0 sessions for ...
2025-12-15 12:05:46.121 [info] Getting sessions for user:email...
2025-12-15 12:05:46.122 [info] Got 0 sessions for user:email...
2025-12-15 12:05:46.294 [info] Getting sessions for all scopes...
2025-12-15 12:05:46.294 [info] Got 0 sessions for ...
2025-12-15 12:05:46.295 [info] Getting sessions for user:email...
2025-12-15 12:05:46.295 [info] Got 0 sessions for user:email...
2025-12-15 12:05:46.395 [info] Getting sessions for all scopes...
2025-12-15 12:05:46.395 [info] Got 0 sessions for ...
2025-12-15 12:05:46.400 [info] Getting sessions for user:email...
2025-12-15 12:05:46.400 [info] Got 0 sessions for user:email...
2025-12-15 12:05:47.165 [info] Getting sessions for all scopes...
2025-12-15 12:05:47.165 [info] Got 0 sessions for ...
2025-12-15 12:05:47.167 [info] Getting sessions for user:email...
2025-12-15 12:05:47.167 [info] Got 0 sessions for user:email...
2025-12-15 12:05:47.314 [info] Getting sessions for all scopes...
2025-12-15 12:05:47.315 [info] Got 0 sessions for ...
2025-12-15 12:05:47.319 [info] Getting sessions for user:email...
2025-12-15 12:05:47.319 [info] Got 0 sessions for user:email...
2025-12-15 12:05:47.469 [info] Getting sessions for all scopes...
2025-12-15 12:05:47.469 [info] Got 0 sessions for ...
2025-12-15 12:05:47.479 [info] Getting sessions for user:email...
2025-12-15 12:05:47.479 [info] Got 0 sessions for user:email...
2025-12-15 12:05:47.566 [info] Getting sessions for all scopes...
2025-12-15 12:05:47.567 [info] Got 0 sessions for ...
2025-12-15 12:05:47.580 [info] Getting sessions for user:email...
2025-12-15 12:05:47.580 [info] Got 0 sessions for user:email...
2025-12-15 12:05:47.796 [info] Getting sessions for all scopes...
2025-12-15 12:05:47.796 [info] Got 0 sessions for ...
2025-12-15 12:05:47.798 [info] Getting sessions for user:email...
2025-12-15 12:05:47.798 [info] Got 0 sessions for user:email...
2025-12-15 12:05:48.313 [info] Getting sessions for all scopes...
2025-12-15 12:05:48.313 [info] Got 0 sessions for ...
2025-12-15 12:05:48.315 [info] Getting sessions for user:email...
2025-12-15 12:05:48.316 [info] Got 0 sessions for user:email...
2025-12-15 12:05:48.451 [info] Getting sessions for all scopes...
2025-12-15 12:05:48.451 [info] Got 0 sessions for ...
2025-12-15 12:05:48.459 [info] Getting sessions for user:email...
2025-12-15 12:05:48.459 [info] Got 0 sessions for user:email...
2025-12-15 12:05:48.551 [info] Getting sessions for all scopes...
2025-12-15 12:05:48.553 [info] Got 0 sessions for ...
2025-12-15 12:05:48.567 [info] Getting sessions for user:email...
2025-12-15 12:05:48.568 [info] Got 0 sessions for user:email...
2025-12-15 12:05:48.733 [info] Getting sessions for all scopes...
2025-12-15 12:05:48.733 [info] Got 0 sessions for ...
2025-12-15 12:05:48.739 [info] Getting sessions for user:email...
2025-12-15 12:05:48.739 [info] Got 0 sessions for user:email...
2025-12-15 12:05:53.732 [info] Getting sessions for all scopes...
2025-12-15 12:05:53.732 [info] Got 0 sessions for ...
2025-12-15 12:05:53.735 [info] Getting sessions for user:email...
2025-12-15 12:05:53.735 [info] Got 0 sessions for user:email...
2025-12-15 12:05:54.982 [info] Getting sessions for all scopes...
2025-12-15 12:05:54.982 [info] Got 0 sessions for ...
2025-12-15 12:05:54.983 [info] Getting sessions for user:email...
2025-12-15 12:05:54.983 [info] Got 0 sessions for user:email...
2025-12-15 12:05:55.711 [info] Getting sessions for all scopes...
2025-12-15 12:05:55.711 [info] Got 0 sessions for ...
2025-12-15 12:05:55.719 [info] Getting sessions for user:email...
2025-12-15 12:05:55.719 [info] Got 0 sessions for user:email...
2025-12-15 12:06:00.703 [info] Getting sessions for all scopes...
2025-12-15 12:06:00.703 [info] Got 0 sessions for ...
2025-12-15 12:06:00.704 [info] Getting sessions for user:email...
2025-12-15 12:06:00.704 [info] Got 0 sessions for user:email...
2025-12-15 12:07:52.082 [info] Getting sessions for all scopes...
2025-12-15 12:07:52.082 [info] Got 0 sessions for ...
2025-12-15 12:07:52.104 [info] Getting sessions for user:email...
2025-12-15 12:07:52.104 [info] Got 0 sessions for user:email...
2025-12-15 12:07:52.182 [info] Getting sessions for all scopes...
2025-12-15 12:07:52.183 [info] Got 0 sessions for ...
2025-12-15 12:07:52.188 [info] Getting sessions for user:email...
2025-12-15 12:07:52.188 [info] Got 0 sessions for user:email...
2025-12-15 12:07:52.359 [info] Getting sessions for all scopes...
2025-12-15 12:07:52.359 [info] Got 0 sessions for ...
2025-12-15 12:07:52.386 [info] Getting sessions for user:email...
2025-12-15 12:07:52.386 [info] Got 0 sessions for user:email...
2025-12-15 12:07:52.502 [info] Getting sessions for all scopes...
2025-12-15 12:07:52.502 [info] Got 0 sessions for ...
2025-12-15 12:07:52.526 [info] Getting sessions for user:email...
2025-12-15 12:07:52.526 [info] Got 0 sessions for user:email...
2025-12-15 12:07:52.734 [info] Getting sessions for all scopes...
2025-12-15 12:07:52.734 [info] Got 0 sessions for ...
2025-12-15 12:07:52.744 [info] Getting sessions for user:email...
2025-12-15 12:07:52.744 [info] Got 0 sessions for user:email...
2025-12-15 12:07:52.855 [info] Getting sessions for all scopes...
2025-12-15 12:07:52.855 [info] Got 0 sessions for ...
2025-12-15 12:07:52.857 [info] Getting sessions for user:email...
2025-12-15 12:07:52.862 [info] Got 0 sessions for user:email...
2025-12-15 12:07:53.010 [info] Getting sessions for all scopes...
2025-12-15 12:07:53.010 [info] Got 0 sessions for ...
2025-12-15 12:07:53.090 [info] Getting sessions for user:email...
2025-12-15 12:07:53.090 [info] Got 0 sessions for user:email...
2025-12-15 12:07:53.170 [info] Getting sessions for all scopes...
2025-12-15 12:07:53.172 [info] Got 0 sessions for ...
2025-12-15 12:07:53.186 [info] Getting sessions for user:email...
2025-12-15 12:07:53.186 [info] Got 0 sessions for user:email...
2025-12-15 12:07:53.291 [info] Getting sessions for all scopes...
2025-12-15 12:07:53.292 [info] Got 0 sessions for ...
2025-12-15 12:07:53.385 [info] Getting sessions for user:email...
2025-12-15 12:07:53.385 [info] Got 0 sessions for user:email...
2025-12-15 12:07:53.735 [info] Getting sessions for all scopes...
2025-12-15 12:07:53.735 [info] Got 0 sessions for ...
2025-12-15 12:07:53.767 [info] Getting sessions for user:email...
2025-12-15 12:07:53.767 [info] Got 0 sessions for user:email...
2025-12-15 12:07:54.216 [info] Getting sessions for all scopes...
2025-12-15 12:07:54.216 [info] Got 0 sessions for ...
2025-12-15 12:07:54.220 [info] Getting sessions for user:email...
2025-12-15 12:07:54.221 [info] Got 0 sessions for user:email...
2025-12-15 12:07:54.373 [info] Getting sessions for all scopes...
2025-12-15 12:07:54.373 [info] Got 0 sessions for ...
2025-12-15 12:07:54.375 [info] Getting sessions for user:email...
2025-12-15 12:07:54.375 [info] Got 0 sessions for user:email...
2025-12-15 12:07:54.974 [info] Getting sessions for all scopes...
2025-12-15 12:07:54.974 [info] Got 0 sessions for ...
2025-12-15 12:07:54.990 [info] Getting sessions for user:email...
2025-12-15 12:07:54.990 [info] Got 0 sessions for user:email...
2025-12-15 12:07:55.334 [info] Getting sessions for all scopes...
2025-12-15 12:07:55.335 [info] Got 0 sessions for ...
2025-12-15 12:07:55.346 [info] Getting sessions for user:email...
2025-12-15 12:07:55.346 [info] Got 0 sessions for user:email...
2025-12-15 12:07:55.538 [info] Getting sessions for all scopes...
2025-12-15 12:07:55.539 [info] Got 0 sessions for ...
2025-12-15 12:07:55.546 [info] Getting sessions for user:email...
2025-12-15 12:07:55.546 [info] Got 0 sessions for user:email...
2025-12-15 12:07:55.658 [info] Getting sessions for all scopes...
2025-12-15 12:07:55.659 [info] Got 0 sessions for ...
2025-12-15 12:07:55.662 [info] Getting sessions for user:email...
2025-12-15 12:07:55.662 [info] Got 0 sessions for user:email...
2025-12-15 12:08:00.462 [info] Getting sessions for all scopes...
2025-12-15 12:08:00.463 [info] Got 0 sessions for ...
2025-12-15 12:08:00.469 [info] Getting sessions for user:email...
2025-12-15 12:08:00.469 [info] Got 0 sessions for user:email...
2025-12-15 12:08:05.455 [info] Getting sessions for all scopes...
2025-12-15 12:08:05.455 [info] Got 0 sessions for ...
2025-12-15 12:08:05.458 [info] Getting sessions for user:email...
2025-12-15 12:08:05.458 [info] Got 0 sessions for user:email...
2025-12-15 12:08:20.331 [info] Getting sessions for all scopes...
2025-12-15 12:08:20.331 [info] Got 0 sessions for ...
2025-12-15 12:08:20.338 [info] Getting sessions for user:email...
2025-12-15 12:08:20.338 [info] Got 0 sessions for user:email...
2025-12-15 12:08:20.725 [info] Getting sessions for all scopes...
2025-12-15 12:08:20.726 [info] Got 0 sessions for ...
2025-12-15 12:08:20.737 [info] Getting sessions for user:email...
2025-12-15 12:08:20.737 [info] Got 0 sessions for user:email...
2025-12-15 12:08:25.715 [info] Getting sessions for all scopes...
2025-12-15 12:08:25.715 [info] Got 0 sessions for ...
2025-12-15 12:08:25.717 [info] Getting sessions for user:email...
2025-12-15 12:08:25.718 [info] Got 0 sessions for user:email...
2025-12-15 12:51:06.192 [info] Getting sessions for all scopes...
2025-12-15 12:51:06.195 [info] Got 0 sessions for ...
2025-12-15 12:51:06.292 [info] Getting sessions for user:email...
2025-12-15 12:51:06.292 [info] Got 0 sessions for user:email...
2025-12-15 12:51:11.163 [info] Getting sessions for all scopes...
2025-12-15 12:51:11.163 [info] Got 0 sessions for ...
2025-12-15 12:51:11.168 [info] Getting sessions for user:email...
2025-12-15 12:51:11.169 [info] Got 0 sessions for user:email...
2025-12-15 12:51:34.137 [info] Getting sessions for all scopes...
2025-12-15 12:51:34.137 [info] Got 0 sessions for ...
2025-12-15 12:51:34.166 [info] Getting sessions for user:email...
2025-12-15 12:51:34.190 [info] Got 0 sessions for user:email...
2025-12-15 12:51:39.100 [info] Getting sessions for all scopes...
2025-12-15 12:51:39.101 [info] Got 0 sessions for ...
2025-12-15 12:51:39.104 [info] Getting sessions for user:email...
2025-12-15 12:51:39.104 [info] Got 0 sessions for user:email...
2025-12-15 12:51:45.928 [info] Getting sessions for all scopes...
2025-12-15 12:51:45.929 [info] Got 0 sessions for ...
2025-12-15 12:51:45.935 [info] Getting sessions for user:email...
2025-12-15 12:51:45.936 [info] Got 0 sessions for user:email...
2025-12-15 12:51:50.902 [info] Getting sessions for all scopes...
2025-12-15 12:51:50.902 [info] Got 0 sessions for ...
2025-12-15 12:51:50.905 [info] Getting sessions for user:email...
2025-12-15 12:51:50.905 [info] Got 0 sessions for user:email...
2025-12-15 12:55:24.773 [info] Getting sessions for all scopes...
2025-12-15 12:55:24.774 [info] Got 0 sessions for ...
2025-12-15 12:55:24.780 [info] Getting sessions for user:email...
2025-12-15 12:55:24.780 [info] Got 0 sessions for user:email...
2025-12-15 12:55:29.770 [info] Getting sessions for all scopes...
2025-12-15 12:55:29.770 [info] Got 0 sessions for ...
2025-12-15 12:55:29.774 [info] Getting sessions for user:email...
2025-12-15 12:55:29.774 [info] Got 0 sessions for user:email...
2025-12-15 12:55:57.843 [info] Getting sessions for all scopes...
2025-12-15 12:55:57.843 [info] Got 0 sessions for ...
2025-12-15 12:55:57.848 [info] Getting sessions for user:email...
2025-12-15 12:55:57.848 [info] Got 0 sessions for user:email...
2025-12-15 12:56:02.808 [info] Getting sessions for all scopes...
2025-12-15 12:56:02.808 [info] Got 0 sessions for ...
2025-12-15 12:56:02.811 [info] Getting sessions for user:email...
2025-12-15 12:56:02.812 [info] Got 0 sessions for user:email...
2025-12-15 12:56:19.629 [info] Getting sessions for all scopes...
2025-12-15 12:56:19.629 [info] Got 0 sessions for ...
2025-12-15 12:56:19.671 [info] Getting sessions for user:email...
2025-12-15 12:56:19.671 [info] Got 0 sessions for user:email...
2025-12-15 12:56:24.640 [info] Getting sessions for all scopes...
2025-12-15 12:56:24.640 [info] Got 0 sessions for ...
2025-12-15 12:56:24.643 [info] Getting sessions for user:email...
2025-12-15 12:56:24.643 [info] Got 0 sessions for user:email...
2025-12-15 13:18:57.001 [info] Getting sessions for all scopes...
2025-12-15 13:18:57.003 [info] Got 0 sessions for ...
2025-12-15 13:18:57.016 [info] Getting sessions for user:email...
2025-12-15 13:18:57.016 [info] Got 0 sessions for user:email...
2025-12-15 13:18:57.944 [info] Getting sessions for all scopes...
2025-12-15 13:18:57.944 [info] Got 0 sessions for ...
2025-12-15 13:18:57.954 [info] Getting sessions for user:email...
2025-12-15 13:18:57.954 [info] Got 0 sessions for user:email...
2025-12-15 13:18:58.143 [info] Getting sessions for all scopes...
2025-12-15 13:18:58.143 [info] Got 0 sessions for ...
2025-12-15 13:18:58.159 [info] Getting sessions for user:email...
2025-12-15 13:18:58.159 [info] Got 0 sessions for user:email...
2025-12-15 13:19:10.421 [info] Getting sessions for all scopes...
2025-12-15 13:19:10.421 [info] Got 0 sessions for ...
2025-12-15 13:19:10.428 [info] Getting sessions for user:email...
2025-12-15 13:19:10.428 [info] Got 0 sessions for user:email...
2025-12-15 13:33:37.833 [info] Getting sessions for all scopes...
2025-12-15 13:33:37.834 [info] Got 0 sessions for ...
2025-12-15 13:33:37.840 [info] Getting sessions for user:email...
2025-12-15 13:33:37.840 [info] Got 0 sessions for user:email...
2025-12-15 13:33:42.806 [info] Getting sessions for all scopes...
2025-12-15 13:33:42.806 [info] Got 0 sessions for ...
2025-12-15 13:33:42.809 [info] Getting sessions for user:email...
2025-12-15 13:33:42.809 [info] Got 0 sessions for user:email...
2025-12-15 13:34:11.040 [info] Getting sessions for all scopes...
2025-12-15 13:34:11.042 [info] Got 0 sessions for ...
2025-12-15 13:34:11.046 [info] Getting sessions for user:email...
2025-12-15 13:34:11.047 [info] Got 0 sessions for user:email...
2025-12-15 13:34:15.987 [info] Getting sessions for all scopes...
2025-12-15 13:34:15.987 [info] Got 0 sessions for ...
2025-12-15 13:34:15.991 [info] Getting sessions for user:email...
2025-12-15 13:34:15.991 [info] Got 0 sessions for user:email...
2025-12-15 13:34:50.882 [info] Getting sessions for all scopes...
2025-12-15 13:34:50.883 [info] Got 0 sessions for ...
2025-12-15 13:34:51.081 [info] Getting sessions for user:email...
2025-12-15 13:34:51.081 [info] Got 0 sessions for user:email...
2025-12-15 13:34:52.794 [info] Getting sessions for all scopes...
2025-12-15 13:34:52.794 [info] Got 0 sessions for ...
2025-12-15 13:34:52.843 [info] Getting sessions for user:email...
2025-12-15 13:34:52.843 [info] Got 0 sessions for user:email...
2025-12-15 13:34:55.839 [info] Getting sessions for all scopes...
2025-12-15 13:34:55.839 [info] Got 0 sessions for ...
2025-12-15 13:34:55.904 [info] Getting sessions for user:email...
2025-12-15 13:34:55.904 [info] Got 0 sessions for user:email...
2025-12-15 13:35:00.837 [info] Getting sessions for all scopes...
2025-12-15 13:35:00.837 [info] Got 0 sessions for ...
2025-12-15 13:35:00.841 [info] Getting sessions for user:email...
2025-12-15 13:35:00.841 [info] Got 0 sessions for user:email...
2025-12-15 13:42:34.192 [info] Getting sessions for all scopes...
2025-12-15 13:42:34.197 [info] Got 0 sessions for ...
2025-12-15 13:42:34.202 [info] Getting sessions for user:email...
2025-12-15 13:42:34.202 [info] Got 0 sessions for user:email...
2025-12-15 13:42:39.151 [info] Getting sessions for all scopes...
2025-12-15 13:42:39.151 [info] Got 0 sessions for ...
2025-12-15 13:42:39.154 [info] Getting sessions for user:email...
2025-12-15 13:42:39.154 [info] Got 0 sessions for user:email...
2025-12-15 13:43:13.277 [info] Getting sessions for all scopes...
2025-12-15 13:43:13.277 [info] Got 0 sessions for ...
2025-12-15 13:43:13.523 [info] Getting sessions for user:email...
2025-12-15 13:43:13.526 [info] Got 0 sessions for user:email...
2025-12-15 13:43:14.128 [info] Getting sessions for all scopes...
2025-12-15 13:43:14.129 [info] Got 0 sessions for ...
2025-12-15 13:43:14.268 [info] Getting sessions for user:email...
2025-12-15 13:43:14.276 [info] Got 0 sessions for user:email...
2025-12-15 13:43:20.042 [info] Getting sessions for all scopes...
2025-12-15 13:43:20.043 [info] Got 0 sessions for ...
2025-12-15 13:43:20.056 [info] Getting sessions for user:email...
2025-12-15 13:43:20.056 [info] Got 0 sessions for user:email...
2025-12-15 13:43:53.098 [info] Getting sessions for all scopes...
2025-12-15 13:43:53.099 [info] Got 0 sessions for ...
2025-12-15 13:43:53.112 [info] Getting sessions for user:email...
2025-12-15 13:43:53.112 [info] Got 0 sessions for user:email...
2025-12-15 13:43:53.281 [info] Getting sessions for all scopes...
2025-12-15 13:43:53.281 [info] Got 0 sessions for ...
2025-12-15 13:43:53.283 [info] Getting sessions for user:email...
2025-12-15 13:43:53.283 [info] Got 0 sessions for user:email...
2025-12-15 13:43:53.468 [info] Getting sessions for all scopes...
2025-12-15 13:43:53.469 [info] Got 0 sessions for ...
2025-12-15 13:43:53.476 [info] Getting sessions for user:email...
2025-12-15 13:43:53.476 [info] Got 0 sessions for user:email...
2025-12-15 13:43:58.454 [info] Getting sessions for all scopes...
2025-12-15 13:43:58.454 [info] Got 0 sessions for ...
2025-12-15 13:43:58.457 [info] Getting sessions for user:email...
2025-12-15 13:43:58.457 [info] Got 0 sessions for user:email...
2025-12-15 13:44:23.449 [info] Getting sessions for all scopes...
2025-12-15 13:44:23.449 [info] Got 0 sessions for ...
2025-12-15 13:44:23.454 [info] Getting sessions for user:email...
2025-12-15 13:44:23.454 [info] Got 0 sessions for user:email...
2025-12-15 13:44:23.612 [info] Getting sessions for all scopes...
2025-12-15 13:44:23.612 [info] Got 0 sessions for ...
2025-12-15 13:44:23.620 [info] Getting sessions for user:email...
2025-12-15 13:44:23.621 [info] Got 0 sessions for user:email...
2025-12-15 13:44:24.268 [info] Getting sessions for all scopes...
2025-12-15 13:44:24.268 [info] Got 0 sessions for ...
2025-12-15 13:44:24.282 [info] Getting sessions for user:email...
2025-12-15 13:44:24.282 [info] Got 0 sessions for user:email...
2025-12-15 13:44:24.383 [info] Getting sessions for all scopes...
2025-12-15 13:44:24.384 [info] Got 0 sessions for ...
2025-12-15 13:44:24.397 [info] Getting sessions for user:email...
2025-12-15 13:44:24.397 [info] Got 0 sessions for user:email...
2025-12-15 13:44:29.390 [info] Getting sessions for all scopes...
2025-12-15 13:44:29.390 [info] Got 0 sessions for ...
2025-12-15 13:44:29.395 [info] Getting sessions for user:email...
2025-12-15 13:44:29.395 [info] Got 0 sessions for user:email...
2025-12-15 13:44:46.521 [info] Getting sessions for all scopes...
2025-12-15 13:44:46.521 [info] Got 0 sessions for ...
2025-12-15 13:44:46.524 [info] Getting sessions for user:email...
2025-12-15 13:44:46.525 [info] Got 0 sessions for user:email...
2025-12-15 13:44:47.132 [info] Getting sessions for all scopes...
2025-12-15 13:44:47.132 [info] Got 0 sessions for ...
2025-12-15 13:44:47.147 [info] Getting sessions for user:email...
2025-12-15 13:44:47.147 [info] Got 0 sessions for user:email...
2025-12-15 13:44:48.864 [info] Getting sessions for all scopes...
2025-12-15 13:44:48.864 [info] Got 0 sessions for ...
2025-12-15 13:44:48.874 [info] Getting sessions for user:email...
2025-12-15 13:44:48.874 [info] Got 0 sessions for user:email...
2025-12-15 13:44:50.940 [info] Getting sessions for all scopes...
2025-12-15 13:44:50.940 [info] Got 0 sessions for ...
2025-12-15 13:44:50.949 [info] Getting sessions for user:email...
2025-12-15 13:44:50.949 [info] Got 0 sessions for user:email...
2025-12-15 13:44:52.019 [info] Getting sessions for all scopes...
2025-12-15 13:44:52.019 [info] Got 0 sessions for ...
2025-12-15 13:44:52.034 [info] Getting sessions for user:email...
2025-12-15 13:44:52.034 [info] Got 0 sessions for user:email...
2025-12-15 13:44:54.603 [info] Getting sessions for all scopes...
2025-12-15 13:44:54.603 [info] Got 0 sessions for ...
2025-12-15 13:44:54.607 [info] Getting sessions for user:email...
2025-12-15 13:44:54.607 [info] Got 0 sessions for user:email...
2025-12-15 13:44:55.909 [info] Getting sessions for all scopes...
2025-12-15 13:44:55.910 [info] Got 0 sessions for ...
2025-12-15 13:44:55.912 [info] Getting sessions for user:email...
2025-12-15 13:44:55.912 [info] Got 0 sessions for user:email...
2025-12-15 13:44:57.972 [info] Getting sessions for all scopes...
2025-12-15 13:44:57.972 [info] Got 0 sessions for ...
2025-12-15 13:44:57.984 [info] Getting sessions for user:email...
2025-12-15 13:44:57.984 [info] Got 0 sessions for user:email...
2025-12-15 13:45:02.952 [info] Getting sessions for all scopes...
2025-12-15 13:45:02.952 [info] Got 0 sessions for ...
2025-12-15 13:45:02.967 [info] Getting sessions for user:email...
2025-12-15 13:45:02.967 [info] Got 0 sessions for user:email...
2025-12-15 13:48:09.457 [info] Getting sessions for all scopes...
2025-12-15 13:48:09.457 [info] Got 0 sessions for ...
2025-12-15 13:48:09.467 [info] Getting sessions for user:email...
2025-12-15 13:48:09.467 [info] Got 0 sessions for user:email...
2025-12-15 13:48:11.690 [info] Getting sessions for all scopes...
2025-12-15 13:48:11.690 [info] Got 0 sessions for ...
2025-12-15 13:48:11.701 [info] Getting sessions for user:email...
2025-12-15 13:48:11.701 [info] Got 0 sessions for user:email...
2025-12-15 13:48:12.684 [info] Getting sessions for all scopes...
2025-12-15 13:48:12.684 [info] Got 0 sessions for ...
2025-12-15 13:48:12.687 [info] Getting sessions for user:email...
2025-12-15 13:48:12.687 [info] Got 0 sessions for user:email...
2025-12-15 13:48:13.135 [info] Getting sessions for all scopes...
2025-12-15 13:48:13.135 [info] Got 0 sessions for ...
2025-12-15 13:48:13.139 [info] Getting sessions for user:email...
2025-12-15 13:48:13.139 [info] Got 0 sessions for user:email...
2025-12-15 13:48:13.382 [info] Getting sessions for all scopes...
2025-12-15 13:48:13.382 [info] Got 0 sessions for ...
2025-12-15 13:48:13.388 [info] Getting sessions for user:email...
2025-12-15 13:48:13.388 [info] Got 0 sessions for user:email...
2025-12-15 13:48:13.652 [info] Getting sessions for all scopes...
2025-12-15 13:48:13.652 [info] Got 0 sessions for ...
2025-12-15 13:48:13.656 [info] Getting sessions for user:email...
2025-12-15 13:48:13.656 [info] Got 0 sessions for user:email...
2025-12-15 13:48:13.772 [info] Getting sessions for all scopes...
2025-12-15 13:48:13.772 [info] Got 0 sessions for ...
2025-12-15 13:48:13.781 [info] Getting sessions for user:email...
2025-12-15 13:48:13.782 [info] Got 0 sessions for user:email...
2025-12-15 13:48:14.942 [info] Getting sessions for all scopes...
2025-12-15 13:48:14.943 [info] Got 0 sessions for ...
2025-12-15 13:48:14.956 [info] Getting sessions for user:email...
2025-12-15 13:48:14.956 [info] Got 0 sessions for user:email...
2025-12-15 13:48:16.875 [info] Getting sessions for all scopes...
2025-12-15 13:48:16.879 [info] Got 0 sessions for ...
2025-12-15 13:48:16.883 [info] Getting sessions for user:email...
2025-12-15 13:48:16.883 [info] Got 0 sessions for user:email...
2025-12-15 13:48:18.141 [info] Getting sessions for all scopes...
2025-12-15 13:48:18.142 [info] Got 0 sessions for ...
2025-12-15 13:48:18.146 [info] Getting sessions for user:email...
2025-12-15 13:48:18.147 [info] Got 0 sessions for user:email...
2025-12-15 13:48:23.135 [info] Getting sessions for all scopes...
2025-12-15 13:48:23.135 [info] Got 0 sessions for ...
2025-12-15 13:48:23.143 [info] Getting sessions for user:email...
2025-12-15 13:48:23.143 [info] Got 0 sessions for user:email...
2025-12-15 13:49:32.424 [info] Getting sessions for all scopes...
2025-12-15 13:49:32.425 [info] Got 0 sessions for ...
2025-12-15 13:49:32.427 [info] Getting sessions for user:email...
2025-12-15 13:49:32.427 [info] Got 0 sessions for user:email...
2025-12-15 13:49:32.521 [info] Getting sessions for all scopes...
2025-12-15 13:49:32.521 [info] Got 0 sessions for ...
2025-12-15 13:49:32.532 [info] Getting sessions for user:email...
2025-12-15 13:49:32.533 [info] Got 0 sessions for user:email...
2025-12-15 13:49:32.655 [info] Getting sessions for all scopes...
2025-12-15 13:49:32.655 [info] Got 0 sessions for ...
2025-12-15 13:49:32.665 [info] Getting sessions for user:email...
2025-12-15 13:49:32.665 [info] Got 0 sessions for user:email...
2025-12-15 13:49:32.788 [info] Getting sessions for all scopes...
2025-12-15 13:49:32.788 [info] Got 0 sessions for ...
2025-12-15 13:49:32.795 [info] Getting sessions for user:email...
2025-12-15 13:49:32.795 [info] Got 0 sessions for user:email...
2025-12-15 13:49:37.793 [info] Getting sessions for all scopes...
2025-12-15 13:49:37.793 [info] Got 0 sessions for ...
2025-12-15 13:49:37.795 [info] Getting sessions for user:email...
2025-12-15 13:49:37.795 [info] Got 0 sessions for user:email...
2025-12-15 13:49:42.429 [info] Getting sessions for all scopes...
2025-12-15 13:49:42.429 [info] Got 0 sessions for ...
2025-12-15 13:49:42.438 [info] Getting sessions for user:email...
2025-12-15 13:49:42.438 [info] Got 0 sessions for user:email...
2025-12-15 13:49:47.479 [info] Getting sessions for all scopes...
2025-12-15 13:49:47.479 [info] Got 0 sessions for ...
2025-12-15 13:49:47.484 [info] Getting sessions for user:email...
2025-12-15 13:49:47.485 [info] Got 0 sessions for user:email...
2025-12-15 13:54:55.706 [info] Getting sessions for all scopes...
2025-12-15 13:54:55.707 [info] Got 0 sessions for ...
2025-12-15 13:54:55.711 [info] Getting sessions for user:email...
2025-12-15 13:54:55.711 [info] Got 0 sessions for user:email...
2025-12-15 13:54:58.959 [info] Getting sessions for all scopes...
2025-12-15 13:54:58.960 [info] Got 0 sessions for ...
2025-12-15 13:54:58.961 [info] Getting sessions for user:email...
2025-12-15 13:54:58.961 [info] Got 0 sessions for user:email...
2025-12-15 13:55:03.958 [info] Getting sessions for all scopes...
2025-12-15 13:55:03.958 [info] Got 0 sessions for ...
2025-12-15 13:55:03.963 [info] Getting sessions for user:email...
2025-12-15 13:55:03.963 [info] Got 0 sessions for user:email...
2025-12-15 13:55:42.389 [info] Getting sessions for all scopes...
2025-12-15 13:55:42.389 [info] Got 0 sessions for ...
2025-12-15 13:55:42.390 [info] Getting sessions for user:email...
2025-12-15 13:55:42.390 [info] Got 0 sessions for user:email...
2025-12-15 13:55:42.522 [info] Getting sessions for all scopes...
2025-12-15 13:55:42.522 [info] Got 0 sessions for ...
2025-12-15 13:55:42.533 [info] Getting sessions for user:email...
2025-12-15 13:55:42.533 [info] Got 0 sessions for user:email...
2025-12-15 13:55:42.752 [info] Getting sessions for all scopes...
2025-12-15 13:55:42.752 [info] Got 0 sessions for ...
2025-12-15 13:55:42.755 [info] Getting sessions for user:email...
2025-12-15 13:55:42.755 [info] Got 0 sessions for user:email...
2025-12-15 13:55:42.976 [info] Getting sessions for all scopes...
2025-12-15 13:55:42.976 [info] Got 0 sessions for ...
2025-12-15 13:55:42.984 [info] Getting sessions for user:email...
2025-12-15 13:55:42.984 [info] Got 0 sessions for user:email...
2025-12-15 13:55:47.970 [info] Getting sessions for all scopes...
2025-12-15 13:55:47.970 [info] Got 0 sessions for ...
2025-12-15 13:55:47.973 [info] Getting sessions for user:email...
2025-12-15 13:55:47.973 [info] Got 0 sessions for user:email...
2025-12-15 13:57:44.483 [info] Getting sessions for all scopes...
2025-12-15 13:57:44.483 [info] Got 0 sessions for ...
2025-12-15 13:57:44.495 [info] Getting sessions for user:email...
2025-12-15 13:57:44.495 [info] Got 0 sessions for user:email...
2025-12-15 13:57:46.503 [info] Getting sessions for all scopes...
2025-12-15 13:57:46.503 [info] Got 0 sessions for ...
2025-12-15 13:57:46.506 [info] Getting sessions for user:email...
2025-12-15 13:57:46.506 [info] Got 0 sessions for user:email...
2025-12-15 13:57:51.506 [info] Getting sessions for all scopes...
2025-12-15 13:57:51.506 [info] Got 0 sessions for ...
2025-12-15 13:57:51.508 [info] Getting sessions for user:email...
2025-12-15 13:57:51.508 [info] Got 0 sessions for user:email...
