2025-12-15 15:17:58.727 [info] Reading sessions from keychain...
2025-12-15 15:17:58.727 [info] Getting sessions for all scopes...
2025-12-15 15:17:58.727 [info] Got 0 sessions for ...
2025-12-15 15:17:58.727 [info] Getting sessions for all scopes...
2025-12-15 15:17:58.727 [info] Got 0 sessions for ...
2025-12-15 15:17:58.727 [info] Getting sessions for all scopes...
2025-12-15 15:17:58.727 [info] Got 0 sessions for ...
2025-12-15 15:17:58.727 [info] Getting sessions for all scopes...
2025-12-15 15:17:58.727 [info] Got 0 sessions for ...
2025-12-15 15:17:58.727 [info] Getting sessions for all scopes...
2025-12-15 15:17:58.727 [info] Got 0 sessions for ...
2025-12-15 15:17:58.727 [info] Getting sessions for all scopes...
2025-12-15 15:17:58.727 [info] Got 0 sessions for ...
2025-12-15 15:17:58.727 [info] Getting sessions for all scopes...
2025-12-15 15:17:58.727 [info] Got 0 sessions for ...
2025-12-15 15:17:58.727 [info] Getting sessions for all scopes...
2025-12-15 15:17:58.727 [info] Got 0 sessions for ...
2025-12-15 15:17:58.727 [info] Getting sessions for all scopes...
2025-12-15 15:17:58.727 [info] Got 0 sessions for ...
2025-12-15 15:17:58.727 [info] Getting sessions for all scopes...
2025-12-15 15:17:58.727 [info] Got 0 sessions for ...
2025-12-15 15:17:58.727 [info] Getting sessions for all scopes...
2025-12-15 15:17:58.727 [info] Got 0 sessions for ...
2025-12-15 15:17:58.727 [info] Getting sessions for all scopes...
2025-12-15 15:17:58.727 [info] Got 0 sessions for ...
2025-12-15 15:17:58.727 [info] Getting sessions for all scopes...
2025-12-15 15:17:58.727 [info] Got 0 sessions for ...
2025-12-15 15:17:58.727 [info] Getting sessions for all scopes...
2025-12-15 15:17:58.727 [info] Got 0 sessions for ...
2025-12-15 15:17:58.727 [info] Getting sessions for all scopes...
2025-12-15 15:17:58.727 [info] Got 0 sessions for ...
2025-12-15 15:17:58.727 [info] Getting sessions for all scopes...
2025-12-15 15:17:58.727 [info] Got 0 sessions for ...
2025-12-15 15:17:58.727 [info] Getting sessions for all scopes...
2025-12-15 15:17:58.727 [info] Got 0 sessions for ...
2025-12-15 15:17:58.727 [info] Getting sessions for all scopes...
2025-12-15 15:17:58.727 [info] Got 0 sessions for ...
2025-12-15 15:17:59.838 [info] Getting sessions for user:email...
2025-12-15 15:17:59.839 [info] Got 0 sessions for user:email...
2025-12-15 15:17:59.839 [info] Getting sessions for read:user,repo,user:email,workflow...
2025-12-15 15:17:59.839 [info] Got 0 sessions for read:user,repo,user:email,workflow...
2025-12-15 15:18:02.570 [info] Getting sessions for all scopes...
2025-12-15 15:18:02.570 [info] Got 0 sessions for ...
2025-12-15 15:18:03.007 [info] Getting sessions for read:user,repo,user:email,workflow...
2025-12-15 15:18:03.007 [info] Got 0 sessions for read:user,repo,user:email,workflow...
2025-12-15 15:18:04.291 [info] Getting sessions for user:email...
2025-12-15 15:18:04.292 [info] Got 0 sessions for user:email...
2025-12-15 15:18:04.944 [info] Getting sessions for all scopes...
2025-12-15 15:18:04.944 [info] Got 0 sessions for ...
2025-12-15 15:18:05.130 [info] Getting sessions for all scopes...
2025-12-15 15:18:05.130 [info] Got 0 sessions for ...
2025-12-15 15:18:05.485 [info] Getting sessions for read:user,repo,user:email,workflow...
2025-12-15 15:18:05.485 [info] Got 0 sessions for read:user,repo,user:email,workflow...
2025-12-15 15:18:05.737 [info] Getting sessions for user:email...
2025-12-15 15:18:05.737 [info] Got 0 sessions for user:email...
2025-12-15 15:18:05.822 [info] Getting sessions for all scopes...
2025-12-15 15:18:05.823 [info] Got 0 sessions for ...
2025-12-15 15:18:05.823 [info] Getting sessions for all scopes...
2025-12-15 15:18:05.823 [info] Got 0 sessions for ...
2025-12-15 15:18:05.854 [info] Getting sessions for user:email...
2025-12-15 15:18:05.854 [info] Got 0 sessions for user:email...
2025-12-15 15:18:05.855 [info] Getting sessions for read:user,repo,user:email,workflow...
2025-12-15 15:18:05.855 [info] Got 0 sessions for read:user,repo,user:email,workflow...
2025-12-15 15:18:05.884 [info] Getting sessions for all scopes...
2025-12-15 15:18:05.884 [info] Got 0 sessions for ...
2025-12-15 15:18:05.888 [info] Getting sessions for all scopes...
2025-12-15 15:18:05.888 [info] Got 0 sessions for ...
2025-12-15 15:27:43.862 [info] Getting sessions for all scopes...
2025-12-15 15:27:43.864 [info] Got 0 sessions for ...
2025-12-15 15:27:43.873 [info] Getting sessions for user:email...
2025-12-15 15:27:43.873 [info] Got 0 sessions for user:email...
2025-12-15 15:27:43.924 [info] Getting sessions for all scopes...
2025-12-15 15:27:43.925 [info] Got 0 sessions for ...
2025-12-15 15:27:43.988 [info] Getting sessions for all scopes...
2025-12-15 15:27:43.988 [info] Got 0 sessions for ...
2025-12-15 15:27:44.018 [info] Getting sessions for all scopes...
2025-12-15 15:27:44.018 [info] Got 0 sessions for ...
2025-12-15 15:27:44.035 [info] Getting sessions for user:email...
2025-12-15 15:27:44.036 [info] Got 0 sessions for user:email...
2025-12-15 15:27:44.362 [info] Getting sessions for all scopes...
2025-12-15 15:27:44.362 [info] Got 0 sessions for ...
2025-12-15 15:27:44.364 [info] Getting sessions for user:email...
2025-12-15 15:27:44.364 [info] Got 0 sessions for user:email...
2025-12-15 15:27:49.352 [info] Getting sessions for all scopes...
2025-12-15 15:27:49.353 [info] Got 0 sessions for ...
2025-12-15 15:27:49.357 [info] Getting sessions for user:email...
2025-12-15 15:27:49.358 [info] Got 0 sessions for user:email...
2025-12-15 15:31:14.372 [info] Getting sessions for all scopes...
2025-12-15 15:31:14.374 [info] Got 0 sessions for ...
2025-12-15 15:31:14.391 [info] Getting sessions for user:email...
2025-12-15 15:31:14.392 [info] Got 0 sessions for user:email...
2025-12-15 15:31:15.703 [info] Getting sessions for all scopes...
2025-12-15 15:31:15.703 [info] Got 0 sessions for ...
2025-12-15 15:31:15.806 [info] Getting sessions for user:email...
2025-12-15 15:31:15.806 [info] Got 0 sessions for user:email...
2025-12-15 15:31:16.446 [info] Getting sessions for all scopes...
2025-12-15 15:31:16.446 [info] Got 0 sessions for ...
2025-12-15 15:31:16.657 [info] Getting sessions for user:email...
2025-12-15 15:31:16.659 [info] Got 0 sessions for user:email...
2025-12-15 15:31:18.298 [info] Getting sessions for all scopes...
2025-12-15 15:31:18.298 [info] Got 0 sessions for ...
2025-12-15 15:31:18.585 [info] Getting sessions for user:email...
2025-12-15 15:31:18.585 [info] Got 0 sessions for user:email...
2025-12-15 15:31:19.468 [info] Getting sessions for all scopes...
2025-12-15 15:31:19.468 [info] Got 0 sessions for ...
2025-12-15 15:31:19.480 [info] Getting sessions for user:email...
2025-12-15 15:31:19.481 [info] Got 0 sessions for user:email...
2025-12-15 15:31:24.586 [info] Getting sessions for all scopes...
2025-12-15 15:31:24.586 [info] Got 0 sessions for ...
2025-12-15 15:31:24.590 [info] Getting sessions for user:email...
2025-12-15 15:31:24.590 [info] Got 0 sessions for user:email...
2025-12-15 15:33:44.797 [info] Getting sessions for all scopes...
2025-12-15 15:33:44.797 [info] Got 0 sessions for ...
2025-12-15 15:33:44.800 [info] Getting sessions for user:email...
2025-12-15 15:33:44.800 [info] Got 0 sessions for user:email...
2025-12-15 15:33:46.142 [info] Getting sessions for all scopes...
2025-12-15 15:33:46.142 [info] Got 0 sessions for ...
2025-12-15 15:33:46.144 [info] Getting sessions for user:email...
2025-12-15 15:33:46.144 [info] Got 0 sessions for user:email...
2025-12-15 15:33:46.865 [info] Getting sessions for all scopes...
2025-12-15 15:33:46.865 [info] Got 0 sessions for ...
2025-12-15 15:33:46.867 [info] Getting sessions for user:email...
2025-12-15 15:33:46.867 [info] Got 0 sessions for user:email...
2025-12-15 15:33:51.872 [info] Getting sessions for all scopes...
2025-12-15 15:33:51.873 [info] Got 0 sessions for ...
2025-12-15 15:33:51.878 [info] Getting sessions for user:email...
2025-12-15 15:33:51.878 [info] Got 0 sessions for user:email...
2025-12-15 15:36:12.817 [info] Getting sessions for all scopes...
2025-12-15 15:36:12.817 [info] Got 0 sessions for ...
2025-12-15 15:36:12.822 [info] Getting sessions for user:email...
2025-12-15 15:36:12.822 [info] Got 0 sessions for user:email...
2025-12-15 15:36:14.233 [info] Getting sessions for all scopes...
2025-12-15 15:36:14.233 [info] Got 0 sessions for ...
2025-12-15 15:36:14.234 [info] Getting sessions for user:email...
2025-12-15 15:36:14.234 [info] Got 0 sessions for user:email...
2025-12-15 15:36:18.648 [info] Getting sessions for all scopes...
2025-12-15 15:36:18.648 [info] Got 0 sessions for ...
2025-12-15 15:36:18.649 [info] Getting sessions for user:email...
2025-12-15 15:36:18.650 [info] Got 0 sessions for user:email...
2025-12-15 15:36:19.265 [info] Getting sessions for all scopes...
2025-12-15 15:36:19.265 [info] Got 0 sessions for ...
2025-12-15 15:36:19.268 [info] Getting sessions for user:email...
2025-12-15 15:36:19.268 [info] Got 0 sessions for user:email...
2025-12-15 15:36:21.938 [info] Getting sessions for all scopes...
2025-12-15 15:36:21.938 [info] Got 0 sessions for ...
2025-12-15 15:36:21.942 [info] Getting sessions for user:email...
2025-12-15 15:36:21.942 [info] Got 0 sessions for user:email...
2025-12-15 15:36:26.928 [info] Getting sessions for all scopes...
2025-12-15 15:36:26.928 [info] Got 0 sessions for ...
2025-12-15 15:36:26.930 [info] Getting sessions for user:email...
2025-12-15 15:36:26.930 [info] Got 0 sessions for user:email...
2025-12-15 15:36:27.458 [info] Getting sessions for all scopes...
2025-12-15 15:36:27.458 [info] Got 0 sessions for ...
2025-12-15 15:36:27.459 [info] Getting sessions for user:email...
2025-12-15 15:36:27.459 [info] Got 0 sessions for user:email...
2025-12-15 15:36:32.452 [info] Getting sessions for all scopes...
2025-12-15 15:36:32.453 [info] Got 0 sessions for ...
2025-12-15 15:36:32.458 [info] Getting sessions for user:email...
2025-12-15 15:36:32.458 [info] Got 0 sessions for user:email...
2025-12-15 15:36:34.837 [info] Getting sessions for all scopes...
2025-12-15 15:36:34.837 [info] Got 0 sessions for ...
2025-12-15 15:36:34.843 [info] Getting sessions for user:email...
2025-12-15 15:36:34.843 [info] Got 0 sessions for user:email...
2025-12-15 15:36:35.032 [info] Getting sessions for all scopes...
2025-12-15 15:36:35.032 [info] Got 0 sessions for ...
2025-12-15 15:36:35.037 [info] Getting sessions for user:email...
2025-12-15 15:36:35.037 [info] Got 0 sessions for user:email...
2025-12-15 15:36:39.539 [info] Getting sessions for all scopes...
2025-12-15 15:36:39.539 [info] Got 0 sessions for ...
2025-12-15 15:36:39.545 [info] Getting sessions for user:email...
2025-12-15 15:36:39.547 [info] Got 0 sessions for user:email...
2025-12-15 15:36:43.600 [info] Getting sessions for all scopes...
2025-12-15 15:36:43.600 [info] Got 0 sessions for ...
2025-12-15 15:36:43.602 [info] Getting sessions for user:email...
2025-12-15 15:36:43.602 [info] Got 0 sessions for user:email...
2025-12-15 15:36:43.694 [info] Getting sessions for all scopes...
2025-12-15 15:36:43.694 [info] Got 0 sessions for ...
2025-12-15 15:36:43.696 [info] Getting sessions for user:email...
2025-12-15 15:36:43.696 [info] Got 0 sessions for user:email...
2025-12-15 15:36:45.703 [info] Getting sessions for all scopes...
2025-12-15 15:36:45.703 [info] Got 0 sessions for ...
2025-12-15 15:36:45.713 [info] Getting sessions for user:email...
2025-12-15 15:36:45.713 [info] Got 0 sessions for user:email...
2025-12-15 15:36:46.081 [info] Getting sessions for all scopes...
2025-12-15 15:36:46.081 [info] Got 0 sessions for ...
2025-12-15 15:36:46.082 [info] Getting sessions for user:email...
2025-12-15 15:36:46.083 [info] Got 0 sessions for user:email...
2025-12-15 15:36:47.181 [info] Getting sessions for all scopes...
2025-12-15 15:36:47.181 [info] Got 0 sessions for ...
2025-12-15 15:36:47.182 [info] Getting sessions for user:email...
2025-12-15 15:36:47.183 [info] Got 0 sessions for user:email...
2025-12-15 15:36:47.361 [info] Getting sessions for all scopes...
2025-12-15 15:36:47.361 [info] Got 0 sessions for ...
2025-12-15 15:36:47.363 [info] Getting sessions for user:email...
2025-12-15 15:36:47.363 [info] Got 0 sessions for user:email...
2025-12-15 15:36:47.522 [info] Getting sessions for all scopes...
2025-12-15 15:36:47.522 [info] Got 0 sessions for ...
2025-12-15 15:36:47.525 [info] Getting sessions for user:email...
2025-12-15 15:36:47.525 [info] Got 0 sessions for user:email...
2025-12-15 15:36:47.646 [info] Getting sessions for all scopes...
2025-12-15 15:36:47.647 [info] Got 0 sessions for ...
2025-12-15 15:36:47.650 [info] Getting sessions for user:email...
2025-12-15 15:36:47.650 [info] Got 0 sessions for user:email...
2025-12-15 15:36:47.827 [info] Getting sessions for all scopes...
2025-12-15 15:36:47.827 [info] Got 0 sessions for ...
2025-12-15 15:36:47.836 [info] Getting sessions for user:email...
2025-12-15 15:36:47.836 [info] Got 0 sessions for user:email...
2025-12-15 15:36:47.902 [info] Getting sessions for all scopes...
2025-12-15 15:36:47.902 [info] Got 0 sessions for ...
2025-12-15 15:36:47.912 [info] Getting sessions for user:email...
2025-12-15 15:36:47.912 [info] Got 0 sessions for user:email...
2025-12-15 15:36:52.907 [info] Getting sessions for all scopes...
2025-12-15 15:36:52.907 [info] Got 0 sessions for ...
2025-12-15 15:36:52.909 [info] Getting sessions for user:email...
2025-12-15 15:36:52.910 [info] Got 0 sessions for user:email...
2025-12-15 16:46:33.240 [info] Getting sessions for all scopes...
2025-12-15 16:46:33.243 [info] Got 0 sessions for ...
2025-12-15 16:46:33.264 [info] Getting sessions for user:email...
2025-12-15 16:46:33.267 [info] Got 0 sessions for user:email...
2025-12-15 16:46:38.259 [info] Getting sessions for all scopes...
2025-12-15 16:46:38.259 [info] Got 0 sessions for ...
2025-12-15 16:46:38.285 [info] Getting sessions for user:email...
2025-12-15 16:46:38.285 [info] Got 0 sessions for user:email...
2025-12-15 16:46:40.258 [info] Getting sessions for all scopes...
2025-12-15 16:46:40.258 [info] Got 0 sessions for ...
2025-12-15 16:46:40.261 [info] Getting sessions for user:email...
2025-12-15 16:46:40.261 [info] Got 0 sessions for user:email...
2025-12-15 16:46:40.946 [info] Getting sessions for all scopes...
2025-12-15 16:46:40.946 [info] Got 0 sessions for ...
2025-12-15 16:46:40.976 [info] Getting sessions for user:email...
2025-12-15 16:46:40.976 [info] Got 0 sessions for user:email...
2025-12-15 16:46:45.922 [info] Getting sessions for all scopes...
2025-12-15 16:46:45.923 [info] Got 0 sessions for ...
2025-12-15 16:46:45.924 [info] Getting sessions for user:email...
2025-12-15 16:46:45.924 [info] Got 0 sessions for user:email...
2025-12-15 16:47:50.216 [info] Getting sessions for all scopes...
2025-12-15 16:47:50.216 [info] Got 0 sessions for ...
2025-12-15 16:47:50.247 [info] Getting sessions for user:email...
2025-12-15 16:47:50.247 [info] Got 0 sessions for user:email...
2025-12-15 16:47:51.406 [info] Getting sessions for all scopes...
2025-12-15 16:47:51.406 [info] Got 0 sessions for ...
2025-12-15 16:47:51.415 [info] Getting sessions for user:email...
2025-12-15 16:47:51.415 [info] Got 0 sessions for user:email...
2025-12-15 16:47:56.388 [info] Getting sessions for all scopes...
2025-12-15 16:47:56.388 [info] Got 0 sessions for ...
2025-12-15 16:47:56.401 [info] Getting sessions for user:email...
2025-12-15 16:47:56.401 [info] Got 0 sessions for user:email...
2025-12-15 16:52:01.931 [info] Getting sessions for all scopes...
2025-12-15 16:52:01.931 [info] Got 0 sessions for ...
2025-12-15 16:52:01.935 [info] Getting sessions for user:email...
2025-12-15 16:52:01.935 [info] Got 0 sessions for user:email...
2025-12-15 16:52:05.376 [info] Getting sessions for all scopes...
2025-12-15 16:52:05.376 [info] Got 0 sessions for ...
2025-12-15 16:52:05.422 [info] Getting sessions for user:email...
2025-12-15 16:52:05.422 [info] Got 0 sessions for user:email...
2025-12-15 16:52:10.352 [info] Getting sessions for all scopes...
2025-12-15 16:52:10.352 [info] Got 0 sessions for ...
2025-12-15 16:52:10.355 [info] Getting sessions for user:email...
2025-12-15 16:52:10.355 [info] Got 0 sessions for user:email...
2025-12-15 17:03:43.611 [info] Getting sessions for all scopes...
2025-12-15 17:03:43.613 [info] Got 0 sessions for ...
2025-12-15 17:03:43.788 [info] Getting sessions for user:email...
2025-12-15 17:03:43.788 [info] Got 0 sessions for user:email...
2025-12-15 17:03:45.587 [info] Getting sessions for all scopes...
2025-12-15 17:03:45.587 [info] Got 0 sessions for ...
2025-12-15 17:03:45.599 [info] Getting sessions for user:email...
2025-12-15 17:03:45.599 [info] Got 0 sessions for user:email...
2025-12-15 17:03:50.658 [info] Getting sessions for all scopes...
2025-12-15 17:03:50.659 [info] Got 0 sessions for ...
2025-12-15 17:03:50.667 [info] Getting sessions for user:email...
2025-12-15 17:03:50.667 [info] Got 0 sessions for user:email...
2025-12-15 17:07:39.102 [info] Getting sessions for all scopes...
2025-12-15 17:07:39.103 [info] Got 0 sessions for ...
2025-12-15 17:07:39.107 [info] Getting sessions for user:email...
2025-12-15 17:07:39.107 [info] Got 0 sessions for user:email...
2025-12-15 17:07:40.451 [info] Getting sessions for all scopes...
2025-12-15 17:07:40.452 [info] Got 0 sessions for ...
2025-12-15 17:07:40.586 [info] Getting sessions for user:email...
2025-12-15 17:07:40.587 [info] Got 0 sessions for user:email...
2025-12-15 17:07:50.123 [info] Getting sessions for all scopes...
2025-12-15 17:07:50.123 [info] Got 0 sessions for ...
2025-12-15 17:07:50.145 [info] Getting sessions for user:email...
2025-12-15 17:07:50.146 [info] Got 0 sessions for user:email...
2025-12-15 17:08:54.795 [info] Getting sessions for all scopes...
2025-12-15 17:08:54.795 [info] Got 0 sessions for ...
2025-12-15 17:08:54.801 [info] Getting sessions for user:email...
2025-12-15 17:08:54.801 [info] Got 0 sessions for user:email...
2025-12-15 17:08:59.756 [info] Getting sessions for all scopes...
2025-12-15 17:08:59.756 [info] Got 0 sessions for ...
2025-12-15 17:08:59.759 [info] Getting sessions for user:email...
2025-12-15 17:08:59.759 [info] Got 0 sessions for user:email...
2025-12-15 17:09:03.647 [info] Getting sessions for all scopes...
2025-12-15 17:09:03.647 [info] Got 0 sessions for ...
2025-12-15 17:09:03.650 [info] Getting sessions for user:email...
2025-12-15 17:09:03.651 [info] Got 0 sessions for user:email...
2025-12-15 17:09:08.605 [info] Getting sessions for all scopes...
2025-12-15 17:09:08.605 [info] Got 0 sessions for ...
2025-12-15 17:09:08.607 [info] Getting sessions for user:email...
2025-12-15 17:09:08.607 [info] Got 0 sessions for user:email...
2025-12-15 17:11:18.277 [info] Getting sessions for all scopes...
2025-12-15 17:11:18.277 [info] Got 0 sessions for ...
2025-12-15 17:11:18.288 [info] Getting sessions for user:email...
2025-12-15 17:11:18.288 [info] Got 0 sessions for user:email...
2025-12-15 17:11:21.149 [info] Getting sessions for all scopes...
2025-12-15 17:11:21.150 [info] Got 0 sessions for ...
2025-12-15 17:11:21.152 [info] Getting sessions for user:email...
2025-12-15 17:11:21.152 [info] Got 0 sessions for user:email...
2025-12-15 17:11:24.782 [info] Getting sessions for all scopes...
2025-12-15 17:11:24.782 [info] Got 0 sessions for ...
2025-12-15 17:11:24.939 [info] Getting sessions for user:email...
2025-12-15 17:11:24.939 [info] Got 0 sessions for user:email...
2025-12-15 17:11:26.648 [info] Getting sessions for all scopes...
2025-12-15 17:11:26.648 [info] Got 0 sessions for ...
2025-12-15 17:11:26.725 [info] Getting sessions for user:email...
2025-12-15 17:11:26.725 [info] Got 0 sessions for user:email...
2025-12-15 17:11:31.556 [info] Getting sessions for all scopes...
2025-12-15 17:11:31.556 [info] Got 0 sessions for ...
2025-12-15 17:11:31.562 [info] Getting sessions for user:email...
2025-12-15 17:11:31.562 [info] Got 0 sessions for user:email...
2025-12-15 17:14:06.687 [info] Getting sessions for all scopes...
2025-12-15 17:14:06.687 [info] Got 0 sessions for ...
2025-12-15 17:14:06.848 [info] Getting sessions for user:email...
2025-12-15 17:14:06.848 [info] Got 0 sessions for user:email...
2025-12-15 17:14:08.549 [info] Getting sessions for all scopes...
2025-12-15 17:14:08.549 [info] Got 0 sessions for ...
2025-12-15 17:14:08.553 [info] Getting sessions for user:email...
2025-12-15 17:14:08.553 [info] Got 0 sessions for user:email...
2025-12-15 17:14:13.523 [info] Getting sessions for all scopes...
2025-12-15 17:14:13.538 [info] Got 0 sessions for ...
2025-12-15 17:14:13.555 [info] Getting sessions for user:email...
2025-12-15 17:14:13.555 [info] Got 0 sessions for user:email...
2025-12-15 17:14:34.246 [info] Getting sessions for all scopes...
2025-12-15 17:14:34.248 [info] Got 0 sessions for ...
2025-12-15 17:14:34.592 [info] Getting sessions for user:email...
2025-12-15 17:14:34.593 [info] Got 0 sessions for user:email...
2025-12-15 17:14:38.971 [info] Getting sessions for all scopes...
2025-12-15 17:14:38.972 [info] Got 0 sessions for ...
2025-12-15 17:14:38.974 [info] Getting sessions for user:email...
2025-12-15 17:14:38.974 [info] Got 0 sessions for user:email...
2025-12-15 17:14:40.097 [info] Getting sessions for all scopes...
2025-12-15 17:14:40.106 [info] Got 0 sessions for ...
2025-12-15 17:14:40.109 [info] Getting sessions for user:email...
2025-12-15 17:14:40.109 [info] Got 0 sessions for user:email...
2025-12-15 17:14:40.682 [info] Getting sessions for all scopes...
2025-12-15 17:14:40.691 [info] Got 0 sessions for ...
2025-12-15 17:14:40.693 [info] Getting sessions for user:email...
2025-12-15 17:14:40.694 [info] Got 0 sessions for user:email...
2025-12-15 17:14:40.843 [info] Getting sessions for all scopes...
2025-12-15 17:14:40.843 [info] Got 0 sessions for ...
2025-12-15 17:14:40.850 [info] Getting sessions for user:email...
2025-12-15 17:14:40.850 [info] Got 0 sessions for user:email...
2025-12-15 17:14:41.040 [info] Getting sessions for all scopes...
2025-12-15 17:14:41.041 [info] Got 0 sessions for ...
2025-12-15 17:14:41.779 [info] Getting sessions for user:email...
2025-12-15 17:14:41.780 [info] Got 0 sessions for user:email...
2025-12-15 17:14:42.466 [info] Getting sessions for all scopes...
2025-12-15 17:14:42.467 [info] Got 0 sessions for ...
2025-12-15 17:14:42.512 [info] Getting sessions for user:email...
2025-12-15 17:14:42.512 [info] Got 0 sessions for user:email...
2025-12-15 17:14:42.702 [info] Getting sessions for all scopes...
2025-12-15 17:14:42.702 [info] Got 0 sessions for ...
2025-12-15 17:14:42.706 [info] Getting sessions for user:email...
2025-12-15 17:14:42.707 [info] Got 0 sessions for user:email...
2025-12-15 17:14:43.071 [info] Getting sessions for all scopes...
2025-12-15 17:14:43.071 [info] Got 0 sessions for ...
2025-12-15 17:14:43.114 [info] Getting sessions for user:email...
2025-12-15 17:14:43.114 [info] Got 0 sessions for user:email...
2025-12-15 17:14:43.544 [info] Getting sessions for all scopes...
2025-12-15 17:14:43.544 [info] Got 0 sessions for ...
2025-12-15 17:14:43.647 [info] Getting sessions for user:email...
2025-12-15 17:14:43.647 [info] Got 0 sessions for user:email...
2025-12-15 17:14:44.650 [info] Getting sessions for all scopes...
2025-12-15 17:14:44.650 [info] Got 0 sessions for ...
2025-12-15 17:14:44.681 [info] Getting sessions for user:email...
2025-12-15 17:14:44.681 [info] Got 0 sessions for user:email...
2025-12-15 17:14:45.471 [info] Getting sessions for all scopes...
2025-12-15 17:14:45.472 [info] Got 0 sessions for ...
2025-12-15 17:14:45.477 [info] Getting sessions for user:email...
2025-12-15 17:14:45.477 [info] Got 0 sessions for user:email...
2025-12-15 17:14:45.497 [info] Getting sessions for all scopes...
2025-12-15 17:14:45.498 [info] Got 0 sessions for ...
2025-12-15 17:14:45.499 [info] Getting sessions for user:email...
2025-12-15 17:14:45.499 [info] Got 0 sessions for user:email...
2025-12-15 17:14:46.188 [info] Getting sessions for all scopes...
2025-12-15 17:14:46.188 [info] Got 0 sessions for ...
2025-12-15 17:14:46.200 [info] Getting sessions for user:email...
2025-12-15 17:14:46.200 [info] Got 0 sessions for user:email...
2025-12-15 17:14:46.870 [info] Getting sessions for all scopes...
2025-12-15 17:14:46.870 [info] Got 0 sessions for ...
2025-12-15 17:14:46.943 [info] Getting sessions for user:email...
2025-12-15 17:14:46.943 [info] Got 0 sessions for user:email...
2025-12-15 17:14:47.813 [info] Getting sessions for all scopes...
2025-12-15 17:14:47.814 [info] Got 0 sessions for ...
2025-12-15 17:14:47.826 [info] Getting sessions for user:email...
2025-12-15 17:14:47.826 [info] Got 0 sessions for user:email...
2025-12-15 17:14:48.285 [info] Getting sessions for all scopes...
2025-12-15 17:14:48.285 [info] Got 0 sessions for ...
2025-12-15 17:14:48.288 [info] Getting sessions for user:email...
2025-12-15 17:14:48.288 [info] Got 0 sessions for user:email...
2025-12-15 17:14:53.265 [info] Getting sessions for all scopes...
2025-12-15 17:14:53.265 [info] Got 0 sessions for ...
2025-12-15 17:14:53.277 [info] Getting sessions for user:email...
2025-12-15 17:14:53.277 [info] Got 0 sessions for user:email...
2025-12-15 17:15:06.137 [info] Getting sessions for all scopes...
2025-12-15 17:15:06.137 [info] Got 0 sessions for ...
2025-12-15 17:15:06.138 [info] Getting sessions for user:email...
2025-12-15 17:15:06.138 [info] Got 0 sessions for user:email...
2025-12-15 17:15:11.172 [info] Getting sessions for all scopes...
2025-12-15 17:15:11.172 [info] Got 0 sessions for ...
2025-12-15 17:15:11.179 [info] Getting sessions for user:email...
2025-12-15 17:15:11.179 [info] Got 0 sessions for user:email...
2025-12-15 17:16:45.699 [info] Getting sessions for all scopes...
2025-12-15 17:16:45.699 [info] Got 0 sessions for ...
2025-12-15 17:16:45.701 [info] Getting sessions for user:email...
2025-12-15 17:16:45.701 [info] Got 0 sessions for user:email...
2025-12-15 17:16:47.051 [info] Getting sessions for all scopes...
2025-12-15 17:16:47.051 [info] Got 0 sessions for ...
2025-12-15 17:16:47.055 [info] Getting sessions for user:email...
2025-12-15 17:16:47.055 [info] Got 0 sessions for user:email...
2025-12-15 17:16:52.050 [info] Getting sessions for all scopes...
2025-12-15 17:16:52.050 [info] Got 0 sessions for ...
2025-12-15 17:16:52.056 [info] Getting sessions for user:email...
2025-12-15 17:16:52.056 [info] Got 0 sessions for user:email...
2025-12-15 17:20:26.018 [info] Getting sessions for all scopes...
2025-12-15 17:20:26.018 [info] Got 0 sessions for ...
2025-12-15 17:20:26.279 [info] Getting sessions for user:email...
2025-12-15 17:20:26.279 [info] Got 0 sessions for user:email...
2025-12-15 17:20:28.896 [info] Getting sessions for all scopes...
2025-12-15 17:20:28.897 [info] Got 0 sessions for ...
2025-12-15 17:20:29.071 [info] Getting sessions for user:email...
2025-12-15 17:20:29.071 [info] Got 0 sessions for user:email...
2025-12-15 17:20:33.712 [info] Getting sessions for all scopes...
2025-12-15 17:20:33.712 [info] Got 0 sessions for ...
2025-12-15 17:20:33.716 [info] Getting sessions for user:email...
2025-12-15 17:20:33.716 [info] Got 0 sessions for user:email...
2025-12-15 17:20:38.115 [info] Getting sessions for all scopes...
2025-12-15 17:20:38.116 [info] Got 0 sessions for ...
2025-12-15 17:20:38.168 [info] Getting sessions for user:email...
2025-12-15 17:20:38.168 [info] Got 0 sessions for user:email...
2025-12-15 17:20:39.877 [info] Getting sessions for all scopes...
2025-12-15 17:20:39.878 [info] Got 0 sessions for ...
2025-12-15 17:20:39.911 [info] Getting sessions for user:email...
2025-12-15 17:20:39.914 [info] Got 0 sessions for user:email...
2025-12-15 17:20:43.427 [info] Getting sessions for all scopes...
2025-12-15 17:20:43.427 [info] Got 0 sessions for ...
2025-12-15 17:20:43.590 [info] Getting sessions for user:email...
2025-12-15 17:20:43.591 [info] Got 0 sessions for user:email...
2025-12-15 17:20:48.355 [info] Getting sessions for all scopes...
2025-12-15 17:20:48.355 [info] Got 0 sessions for ...
2025-12-15 17:20:48.360 [info] Getting sessions for user:email...
2025-12-15 17:20:48.360 [info] Got 0 sessions for user:email...
2025-12-15 17:21:01.142 [info] Getting sessions for all scopes...
2025-12-15 17:21:01.142 [info] Got 0 sessions for ...
2025-12-15 17:21:01.146 [info] Getting sessions for user:email...
2025-12-15 17:21:01.147 [info] Got 0 sessions for user:email...
2025-12-15 17:21:04.381 [info] Getting sessions for all scopes...
2025-12-15 17:21:04.381 [info] Got 0 sessions for ...
2025-12-15 17:21:04.437 [info] Getting sessions for user:email...
2025-12-15 17:21:04.437 [info] Got 0 sessions for user:email...
2025-12-15 17:21:09.352 [info] Getting sessions for all scopes...
2025-12-15 17:21:09.352 [info] Got 0 sessions for ...
2025-12-15 17:21:09.356 [info] Getting sessions for user:email...
2025-12-15 17:21:09.356 [info] Got 0 sessions for user:email...
2025-12-15 17:21:22.303 [info] Getting sessions for all scopes...
2025-12-15 17:21:22.303 [info] Got 0 sessions for ...
2025-12-15 17:21:22.311 [info] Getting sessions for user:email...
2025-12-15 17:21:22.311 [info] Got 0 sessions for user:email...
2025-12-15 17:21:24.703 [info] Getting sessions for all scopes...
2025-12-15 17:21:24.703 [info] Got 0 sessions for ...
2025-12-15 17:21:25.012 [info] Getting sessions for user:email...
2025-12-15 17:21:25.012 [info] Got 0 sessions for user:email...
2025-12-15 17:21:29.611 [info] Getting sessions for all scopes...
2025-12-15 17:21:29.611 [info] Got 0 sessions for ...
2025-12-15 17:21:29.612 [info] Getting sessions for user:email...
2025-12-15 17:21:29.612 [info] Got 0 sessions for user:email...
