2025-12-17 11:35:52.740 [info] Reading sessions from keychain...
2025-12-17 11:35:52.740 [info] Getting sessions for all scopes...
2025-12-17 11:35:52.740 [info] Got 0 sessions for ...
2025-12-17 11:35:52.740 [info] Getting sessions for all scopes...
2025-12-17 11:35:52.740 [info] Got 0 sessions for ...
2025-12-17 11:35:52.740 [info] Getting sessions for all scopes...
2025-12-17 11:35:52.740 [info] Got 0 sessions for ...
2025-12-17 11:35:52.740 [info] Getting sessions for all scopes...
2025-12-17 11:35:52.740 [info] Got 0 sessions for ...
2025-12-17 11:35:52.740 [info] Getting sessions for all scopes...
2025-12-17 11:35:52.740 [info] Got 0 sessions for ...
2025-12-17 11:35:52.740 [info] Getting sessions for all scopes...
2025-12-17 11:35:52.740 [info] Got 0 sessions for ...
2025-12-17 11:35:52.740 [info] Getting sessions for all scopes...
2025-12-17 11:35:52.740 [info] Got 0 sessions for ...
2025-12-17 11:35:52.740 [info] Getting sessions for all scopes...
2025-12-17 11:35:52.740 [info] Got 0 sessions for ...
2025-12-17 11:35:52.740 [info] Getting sessions for all scopes...
2025-12-17 11:35:52.740 [info] Got 0 sessions for ...
2025-12-17 11:35:52.740 [info] Getting sessions for all scopes...
2025-12-17 11:35:52.740 [info] Got 0 sessions for ...
2025-12-17 11:35:52.740 [info] Getting sessions for all scopes...
2025-12-17 11:35:52.740 [info] Got 0 sessions for ...
2025-12-17 11:35:52.740 [info] Getting sessions for all scopes...
2025-12-17 11:35:52.740 [info] Got 0 sessions for ...
2025-12-17 11:35:52.740 [info] Getting sessions for all scopes...
2025-12-17 11:35:52.740 [info] Got 0 sessions for ...
2025-12-17 11:35:52.740 [info] Getting sessions for all scopes...
2025-12-17 11:35:52.740 [info] Got 0 sessions for ...
2025-12-17 11:35:52.740 [info] Getting sessions for all scopes...
2025-12-17 11:35:52.740 [info] Got 0 sessions for ...
2025-12-17 11:35:52.740 [info] Getting sessions for all scopes...
2025-12-17 11:35:52.740 [info] Got 0 sessions for ...
2025-12-17 11:35:52.740 [info] Getting sessions for all scopes...
2025-12-17 11:35:52.740 [info] Got 0 sessions for ...
2025-12-17 11:35:52.740 [info] Getting sessions for all scopes...
2025-12-17 11:35:52.740 [info] Got 0 sessions for ...
2025-12-17 11:35:52.740 [info] Getting sessions for user:email...
2025-12-17 11:35:52.740 [info] Got 0 sessions for user:email...
2025-12-17 11:35:52.740 [info] Getting sessions for read:user,repo,user:email,workflow...
2025-12-17 11:35:52.740 [info] Got 0 sessions for read:user,repo,user:email,workflow...
2025-12-17 11:35:56.535 [info] Getting sessions for all scopes...
2025-12-17 11:35:56.535 [info] Got 0 sessions for ...
2025-12-17 11:35:56.535 [info] Getting sessions for all scopes...
2025-12-17 11:35:56.535 [info] Got 0 sessions for ...
2025-12-17 11:35:56.545 [info] Getting sessions for all scopes...
2025-12-17 11:35:56.545 [info] Got 0 sessions for ...
2025-12-17 11:35:58.351 [info] Getting sessions for user:email...
2025-12-17 11:35:58.352 [info] Got 0 sessions for user:email...
2025-12-17 11:35:58.352 [info] Getting sessions for read:user,repo,user:email,workflow...
2025-12-17 11:35:58.352 [info] Got 0 sessions for read:user,repo,user:email,workflow...
2025-12-17 11:36:00.946 [info] Getting sessions for all scopes...
2025-12-17 11:36:00.946 [info] Got 0 sessions for ...
2025-12-17 11:36:01.173 [info] Getting sessions for read:user,repo,user:email,workflow...
2025-12-17 11:36:01.173 [info] Got 0 sessions for read:user,repo,user:email,workflow...
2025-12-17 11:36:01.279 [info] Getting sessions for user:email...
2025-12-17 11:36:01.279 [info] Got 0 sessions for user:email...
2025-12-17 11:36:01.518 [info] Getting sessions for all scopes...
2025-12-17 11:36:01.521 [info] Got 0 sessions for ...
2025-12-17 11:36:01.619 [info] Getting sessions for all scopes...
2025-12-17 11:36:01.619 [info] Got 0 sessions for ...
2025-12-17 11:36:01.619 [info] Getting sessions for all scopes...
2025-12-17 11:36:01.619 [info] Got 0 sessions for ...
2025-12-17 11:36:01.620 [info] Getting sessions for all scopes...
2025-12-17 11:36:01.620 [info] Got 0 sessions for ...
2025-12-17 11:36:03.303 [info] Getting sessions for user:email...
2025-12-17 11:36:03.303 [info] Got 0 sessions for user:email...
2025-12-17 11:36:03.303 [info] Getting sessions for read:user,repo,user:email,workflow...
2025-12-17 11:36:03.303 [info] Got 0 sessions for read:user,repo,user:email,workflow...
2025-12-17 11:36:03.324 [info] Getting sessions for all scopes...
2025-12-17 11:36:03.325 [info] Got 0 sessions for ...
2025-12-17 11:36:03.362 [info] Getting sessions for all scopes...
2025-12-17 11:36:03.362 [info] Got 0 sessions for ...
2025-12-17 11:36:05.946 [info] Getting sessions for all scopes...
2025-12-17 11:36:05.956 [info] Got 0 sessions for ...
2025-12-17 11:36:05.964 [info] Getting sessions for user:email...
2025-12-17 11:36:05.964 [info] Got 0 sessions for user:email...
2025-12-17 11:36:15.480 [info] Getting sessions for all scopes...
2025-12-17 11:36:15.480 [info] Got 0 sessions for ...
2025-12-17 11:36:15.490 [info] Getting sessions for user:email...
2025-12-17 11:36:15.490 [info] Got 0 sessions for user:email...
2025-12-17 11:36:20.482 [info] Getting sessions for all scopes...
2025-12-17 11:36:20.483 [info] Got 0 sessions for ...
2025-12-17 11:36:20.484 [info] Getting sessions for user:email...
2025-12-17 11:36:20.485 [info] Got 0 sessions for user:email...
2025-12-17 11:38:28.275 [info] Getting sessions for all scopes...
2025-12-17 11:38:28.276 [info] Got 0 sessions for ...
2025-12-17 11:38:28.305 [info] Getting sessions for user:email...
2025-12-17 11:38:28.305 [info] Got 0 sessions for user:email...
2025-12-17 11:38:33.425 [info] Getting sessions for all scopes...
2025-12-17 11:38:33.425 [info] Got 0 sessions for ...
2025-12-17 11:38:33.485 [info] Getting sessions for user:email...
2025-12-17 11:38:33.485 [info] Got 0 sessions for user:email...
2025-12-17 11:40:19.586 [info] Getting sessions for all scopes...
2025-12-17 11:40:19.589 [info] Got 0 sessions for ...
2025-12-17 11:40:19.594 [info] Getting sessions for user:email...
2025-12-17 11:40:19.594 [info] Got 0 sessions for user:email...
2025-12-17 11:40:24.522 [info] Getting sessions for all scopes...
2025-12-17 11:40:24.522 [info] Got 0 sessions for ...
2025-12-17 11:40:24.524 [info] Getting sessions for user:email...
2025-12-17 11:40:24.525 [info] Got 0 sessions for user:email...
2025-12-17 11:40:33.284 [info] Getting sessions for all scopes...
2025-12-17 11:40:33.285 [info] Got 0 sessions for ...
2025-12-17 11:40:33.314 [info] Getting sessions for user:email...
2025-12-17 11:40:33.315 [info] Got 0 sessions for user:email...
2025-12-17 11:40:38.317 [info] Getting sessions for all scopes...
2025-12-17 11:40:38.329 [info] Got 0 sessions for ...
2025-12-17 11:40:38.339 [info] Getting sessions for user:email...
2025-12-17 11:40:38.340 [info] Got 0 sessions for user:email...
2025-12-17 11:40:40.543 [info] Getting sessions for all scopes...
2025-12-17 11:40:40.543 [info] Got 0 sessions for ...
2025-12-17 11:40:40.547 [info] Getting sessions for user:email...
2025-12-17 11:40:40.547 [info] Got 0 sessions for user:email...
2025-12-17 11:40:45.517 [info] Getting sessions for all scopes...
2025-12-17 11:40:45.517 [info] Got 0 sessions for ...
2025-12-17 11:40:45.520 [info] Getting sessions for user:email...
2025-12-17 11:40:45.520 [info] Got 0 sessions for user:email...
2025-12-17 11:41:36.632 [info] Logging in with 'any' account...
2025-12-17 11:41:36.632 [info] Logging in for the following scopes: read:user repo user:email workflow
2025-12-17 11:41:36.767 [info] Trying with local server... (read:user repo user:email workflow)
2025-12-17 11:42:13.603 [info] Exchanging code for token...
2025-12-17 11:42:14.187 [info] Token exchange success!
2025-12-17 11:42:14.196 [info] Getting user info...
2025-12-17 11:42:14.913 [info] Got account info!
2025-12-17 11:42:14.998 [info] Storing 1 sessions...
2025-12-17 11:42:15.471 [info] Reading sessions from keychain...
2025-12-17 11:42:15.471 [info] Stored 1 sessions!
2025-12-17 11:42:15.473 [info] Login success!
2025-12-17 11:42:15.656 [info] Got stored sessions!
2025-12-17 11:42:15.693 [info] Got 1 verified sessions.
2025-12-17 11:42:15.733 [info] Getting sessions for all scopes...
2025-12-17 11:42:15.733 [info] Got 1 sessions for ...
2025-12-17 11:42:15.834 [info] Getting sessions for all scopes...
2025-12-17 11:42:15.840 [info] Got 1 sessions for ...
2025-12-17 11:42:15.852 [info] FetcherService: Electron fetch failed with status: 429 
2025-12-17 11:42:15.861 [info] Getting sessions for all scopes...
2025-12-17 11:42:15.861 [info] Got 1 sessions for ...
2025-12-17 11:42:15.977 [info] Getting sessions for all scopes...
2025-12-17 11:42:15.978 [info] Got 1 sessions for ...
2025-12-17 11:42:15.979 [info] Getting sessions for all scopes...
2025-12-17 11:42:15.980 [info] Got 1 sessions for ...
2025-12-17 11:42:16.016 [info] Getting sessions for read:user,repo,user:email,workflow...
2025-12-17 11:42:16.016 [info] Got 1 sessions for read:user,repo,user:email,workflow...
2025-12-17 11:42:16.240 [info] Getting sessions for read:user,repo,user:email,workflow...
2025-12-17 11:42:16.241 [info] Got 1 sessions for read:user,repo,user:email,workflow...
2025-12-17 11:42:16.335 [info] Getting sessions for all scopes...
2025-12-17 11:42:16.336 [info] Got 1 sessions for ...
2025-12-17 11:42:16.411 [info] Getting sessions for read:user,repo,user:email,workflow...
2025-12-17 11:42:16.411 [info] Got 1 sessions for read:user,repo,user:email,workflow...
2025-12-17 11:42:16.987 [info] FetcherService: Node fetch failed with status: 429 Too Many Requests
2025-12-17 11:42:26.159 [info] FetcherService: Node http/s failed with status: 429 Too Many Requests
2025-12-17 11:42:28.517 [info] Getting sessions for all scopes...
2025-12-17 11:42:28.517 [info] Got 1 sessions for ...
2025-12-17 11:42:28.522 [info] Getting sessions for all scopes...
2025-12-17 11:42:28.522 [info] Got 1 sessions for ...
2025-12-17 11:42:28.611 [info] Getting sessions for read:user,repo,user:email,workflow...
2025-12-17 11:42:28.612 [info] Got 1 sessions for read:user,repo,user:email,workflow...
2025-12-17 11:42:30.113 [info] Getting sessions for all scopes...
2025-12-17 11:42:30.113 [info] Got 1 sessions for ...
2025-12-17 11:42:30.114 [info] Getting sessions for all scopes...
2025-12-17 11:42:30.114 [info] Got 1 sessions for ...
2025-12-17 11:42:31.293 [info] Getting sessions for all scopes...
2025-12-17 11:42:31.294 [info] Got 1 sessions for ...
2025-12-17 11:42:31.395 [info] Getting sessions for read:user,repo,user:email,workflow...
2025-12-17 11:42:31.395 [info] Got 1 sessions for read:user,repo,user:email,workflow...
2025-12-17 11:42:34.347 [info] Getting sessions for all scopes...
2025-12-17 11:42:34.347 [info] Got 1 sessions for ...
2025-12-17 11:42:34.358 [info] Getting sessions for read:user,repo,user:email,workflow...
2025-12-17 11:42:34.369 [info] Got 1 sessions for read:user,repo,user:email,workflow...
2025-12-17 11:45:55.145 [info] Getting sessions for all scopes...
2025-12-17 11:45:55.145 [info] Got 1 sessions for ...
2025-12-17 11:45:55.148 [info] Getting sessions for read:user,repo,user:email,workflow...
2025-12-17 11:45:55.148 [info] Got 1 sessions for read:user,repo,user:email,workflow...
2025-12-17 11:50:55.155 [info] Getting sessions for all scopes...
2025-12-17 11:50:55.169 [info] Got 1 sessions for ...
2025-12-17 11:50:55.212 [info] Getting sessions for read:user,repo,user:email,workflow...
2025-12-17 11:50:55.214 [info] Got 1 sessions for read:user,repo,user:email,workflow...
2025-12-17 11:55:56.106 [info] Getting sessions for all scopes...
2025-12-17 11:55:56.107 [info] Got 1 sessions for ...
2025-12-17 11:55:56.761 [info] Getting sessions for read:user,repo,user:email,workflow...
2025-12-17 11:55:56.761 [info] Got 1 sessions for read:user,repo,user:email,workflow...
2025-12-17 12:00:55.669 [info] Getting sessions for all scopes...
2025-12-17 12:00:55.669 [info] Got 1 sessions for ...
2025-12-17 12:00:55.721 [info] Getting sessions for read:user,repo,user:email,workflow...
2025-12-17 12:00:55.721 [info] Got 1 sessions for read:user,repo,user:email,workflow...
2025-12-17 12:05:55.662 [info] Getting sessions for all scopes...
2025-12-17 12:05:55.663 [info] Got 1 sessions for ...
2025-12-17 12:05:55.690 [info] Getting sessions for read:user,repo,user:email,workflow...
2025-12-17 12:05:55.698 [info] Got 1 sessions for read:user,repo,user:email,workflow...
2025-12-17 12:10:55.618 [info] Getting sessions for all scopes...
2025-12-17 12:10:55.618 [info] Got 1 sessions for ...
2025-12-17 12:10:55.625 [info] Getting sessions for read:user,repo,user:email,workflow...
2025-12-17 12:10:55.625 [info] Got 1 sessions for read:user,repo,user:email,workflow...
2025-12-17 12:15:56.185 [info] Getting sessions for all scopes...
2025-12-17 12:15:56.185 [info] Got 1 sessions for ...
2025-12-17 12:15:56.191 [info] Getting sessions for read:user,repo,user:email,workflow...
2025-12-17 12:15:56.191 [info] Got 1 sessions for read:user,repo,user:email,workflow...
2025-12-17 12:20:56.400 [info] Getting sessions for all scopes...
2025-12-17 12:20:56.401 [info] Got 1 sessions for ...
2025-12-17 12:20:56.545 [info] Getting sessions for read:user,repo,user:email,workflow...
2025-12-17 12:20:56.546 [info] Got 1 sessions for read:user,repo,user:email,workflow...
2025-12-17 12:27:23.313 [info] Getting sessions for all scopes...
2025-12-17 12:27:23.314 [info] Got 1 sessions for ...
2025-12-17 12:27:23.360 [info] Getting sessions for read:user,repo,user:email,workflow...
2025-12-17 12:27:23.364 [info] Got 1 sessions for read:user,repo,user:email,workflow...
2025-12-17 12:32:23.291 [info] Getting sessions for all scopes...
2025-12-17 12:32:23.294 [info] Got 1 sessions for ...
2025-12-17 12:32:23.324 [info] Getting sessions for read:user,repo,user:email,workflow...
2025-12-17 12:32:23.324 [info] Got 1 sessions for read:user,repo,user:email,workflow...
2025-12-17 12:37:26.225 [info] Getting sessions for all scopes...
2025-12-17 12:37:26.227 [info] Got 1 sessions for ...
2025-12-17 12:37:26.688 [info] Getting sessions for read:user,repo,user:email,workflow...
2025-12-17 12:37:26.688 [info] Got 1 sessions for read:user,repo,user:email,workflow...
2025-12-17 12:37:32.114 [info] Getting sessions for all scopes...
2025-12-17 12:37:32.115 [info] Got 1 sessions for ...
2025-12-17 12:37:32.275 [info] Getting sessions for read:user,repo,user:email,workflow...
2025-12-17 12:37:32.276 [info] Got 1 sessions for read:user,repo,user:email,workflow...
2025-12-17 12:37:32.998 [info] Getting sessions for all scopes...
2025-12-17 12:37:32.998 [info] Got 1 sessions for ...
2025-12-17 12:37:32.999 [info] Getting sessions for all scopes...
2025-12-17 12:37:32.999 [info] Got 1 sessions for ...
2025-12-17 12:37:33.047 [info] Getting sessions for read:user,repo,user:email,workflow...
2025-12-17 12:37:33.049 [info] Got 1 sessions for read:user,repo,user:email,workflow...
2025-12-17 12:37:33.125 [info] Getting sessions for all scopes...
2025-12-17 12:37:33.126 [info] Got 1 sessions for ...
2025-12-17 12:37:33.134 [info] Getting sessions for read:user,repo,user:email,workflow...
2025-12-17 12:37:33.135 [info] Got 1 sessions for read:user,repo,user:email,workflow...
2025-12-17 12:37:33.301 [info] Getting sessions for all scopes...
2025-12-17 12:37:33.301 [info] Got 1 sessions for ...
2025-12-17 12:37:33.305 [info] Getting sessions for read:user,repo,user:email,workflow...
2025-12-17 12:37:33.305 [info] Got 1 sessions for read:user,repo,user:email,workflow...
2025-12-17 12:42:23.807 [info] Getting sessions for all scopes...
2025-12-17 12:42:23.814 [info] Got 1 sessions for ...
2025-12-17 12:42:23.817 [info] Getting sessions for read:user,repo,user:email,workflow...
2025-12-17 12:42:23.817 [info] Got 1 sessions for read:user,repo,user:email,workflow...
2025-12-17 12:47:23.811 [info] Getting sessions for all scopes...
2025-12-17 12:47:23.811 [info] Got 1 sessions for ...
2025-12-17 12:47:23.816 [info] Getting sessions for read:user,repo,user:email,workflow...
2025-12-17 12:47:23.816 [info] Got 1 sessions for read:user,repo,user:email,workflow...
2025-12-17 12:52:28.028 [info] Getting sessions for all scopes...
2025-12-17 12:52:28.029 [info] Got 1 sessions for ...
2025-12-17 12:52:31.681 [info] Getting sessions for read:user,repo,user:email,workflow...
2025-12-17 12:52:31.681 [info] Got 1 sessions for read:user,repo,user:email,workflow...
2025-12-17 12:57:28.611 [info] Getting sessions for all scopes...
2025-12-17 12:57:28.613 [info] Got 1 sessions for ...
2025-12-17 12:57:28.809 [info] Getting sessions for read:user,repo,user:email,workflow...
2025-12-17 12:57:28.809 [info] Got 1 sessions for read:user,repo,user:email,workflow...
2025-12-17 13:02:36.818 [info] Getting sessions for all scopes...
2025-12-17 13:02:36.846 [info] Got 1 sessions for ...
2025-12-17 13:02:38.975 [info] Getting sessions for read:user,repo,user:email,workflow...
2025-12-17 13:02:38.987 [info] Got 1 sessions for read:user,repo,user:email,workflow...
2025-12-17 13:07:46.962 [info] Getting sessions for all scopes...
2025-12-17 13:07:46.962 [info] Got 1 sessions for ...
2025-12-17 13:07:47.068 [info] Getting sessions for read:user,repo,user:email,workflow...
2025-12-17 13:07:47.068 [info] Got 1 sessions for read:user,repo,user:email,workflow...
2025-12-17 13:12:40.764 [info] Getting sessions for all scopes...
2025-12-17 13:12:40.765 [info] Got 1 sessions for ...
2025-12-17 13:12:40.768 [info] Getting sessions for read:user,repo,user:email,workflow...
2025-12-17 13:12:40.769 [info] Got 1 sessions for read:user,repo,user:email,workflow...
2025-12-17 13:17:41.090 [info] Getting sessions for all scopes...
2025-12-17 13:17:41.090 [info] Got 1 sessions for ...
2025-12-17 13:17:41.361 [info] Getting sessions for read:user,repo,user:email,workflow...
2025-12-17 13:17:41.362 [info] Got 1 sessions for read:user,repo,user:email,workflow...
2025-12-17 13:23:20.306 [info] Getting sessions for all scopes...
2025-12-17 13:23:20.306 [info] Got 1 sessions for ...
2025-12-17 13:23:20.318 [info] Getting sessions for read:user,repo,user:email,workflow...
2025-12-17 13:23:20.323 [info] Got 1 sessions for read:user,repo,user:email,workflow...
2025-12-17 13:28:20.193 [info] Getting sessions for all scopes...
2025-12-17 13:28:20.200 [info] Got 1 sessions for ...
2025-12-17 13:28:20.208 [info] Getting sessions for read:user,repo,user:email,workflow...
2025-12-17 13:28:20.208 [info] Got 1 sessions for read:user,repo,user:email,workflow...
2025-12-17 13:32:39.352 [info] Getting sessions for all scopes...
2025-12-17 13:32:39.352 [info] Got 1 sessions for ...
2025-12-17 13:32:46.688 [info] Getting sessions for read:user,repo,user:email,workflow...
2025-12-17 13:32:46.688 [info] Got 1 sessions for read:user,repo,user:email,workflow...
2025-12-17 13:32:52.302 [info] Getting sessions for all scopes...
2025-12-17 13:32:52.303 [info] Got 1 sessions for ...
2025-12-17 13:32:52.304 [info] Getting sessions for all scopes...
2025-12-17 13:32:52.304 [info] Got 1 sessions for ...
2025-12-17 13:32:52.448 [info] Getting sessions for read:user,repo,user:email,workflow...
2025-12-17 13:32:52.454 [info] Got 1 sessions for read:user,repo,user:email,workflow...
2025-12-17 13:32:53.406 [info] Getting sessions for all scopes...
2025-12-17 13:32:53.410 [info] Got 1 sessions for ...
2025-12-17 13:32:53.490 [info] Getting sessions for all scopes...
2025-12-17 13:32:53.491 [info] Got 1 sessions for ...
2025-12-17 13:32:53.566 [info] Getting sessions for read:user,repo,user:email,workflow...
2025-12-17 13:32:53.568 [info] Got 1 sessions for read:user,repo,user:email,workflow...
2025-12-17 13:33:20.879 [info] Getting sessions for all scopes...
2025-12-17 13:33:20.879 [info] Got 1 sessions for ...
2025-12-17 13:33:21.000 [info] Getting sessions for read:user,repo,user:email,workflow...
2025-12-17 13:33:21.001 [info] Got 1 sessions for read:user,repo,user:email,workflow...
2025-12-17 13:38:22.568 [info] Getting sessions for all scopes...
2025-12-17 13:38:22.568 [info] Got 1 sessions for ...
2025-12-17 13:38:22.591 [info] Getting sessions for read:user,repo,user:email,workflow...
2025-12-17 13:38:22.592 [info] Got 1 sessions for read:user,repo,user:email,workflow...
2025-12-17 13:43:20.893 [info] Getting sessions for all scopes...
2025-12-17 13:43:20.900 [info] Got 1 sessions for ...
2025-12-17 13:43:21.355 [info] Getting sessions for read:user,repo,user:email,workflow...
2025-12-17 13:43:21.355 [info] Got 1 sessions for read:user,repo,user:email,workflow...
2025-12-17 13:48:24.258 [info] Getting sessions for all scopes...
2025-12-17 13:48:24.261 [info] Got 1 sessions for ...
2025-12-17 13:48:24.400 [info] Getting sessions for read:user,repo,user:email,workflow...
2025-12-17 13:48:24.407 [info] Got 1 sessions for read:user,repo,user:email,workflow...
2025-12-17 13:53:23.050 [info] Getting sessions for all scopes...
2025-12-17 13:53:23.050 [info] Got 1 sessions for ...
2025-12-17 13:53:23.052 [info] Getting sessions for read:user,repo,user:email,workflow...
2025-12-17 13:53:23.052 [info] Got 1 sessions for read:user,repo,user:email,workflow...
2025-12-17 13:58:23.063 [info] Getting sessions for all scopes...
2025-12-17 13:58:23.063 [info] Got 1 sessions for ...
2025-12-17 13:58:23.088 [info] Getting sessions for read:user,repo,user:email,workflow...
2025-12-17 13:58:23.088 [info] Got 1 sessions for read:user,repo,user:email,workflow...
2025-12-17 14:03:23.053 [info] Getting sessions for all scopes...
2025-12-17 14:03:23.053 [info] Got 1 sessions for ...
2025-12-17 14:03:23.060 [info] Getting sessions for read:user,repo,user:email,workflow...
2025-12-17 14:03:23.061 [info] Got 1 sessions for read:user,repo,user:email,workflow...
2025-12-17 14:06:07.398 [info] Getting sessions for all scopes...
2025-12-17 14:06:07.398 [info] Got 1 sessions for ...
2025-12-17 14:06:07.399 [info] Getting sessions for all scopes...
2025-12-17 14:06:07.399 [info] Got 1 sessions for ...
2025-12-17 14:06:07.492 [info] Getting sessions for read:user,repo,user:email,workflow...
2025-12-17 14:06:07.493 [info] Got 1 sessions for read:user,repo,user:email,workflow...
2025-12-17 14:06:07.507 [info] Getting sessions for all scopes...
2025-12-17 14:06:07.507 [info] Got 1 sessions for ...
2025-12-17 14:06:07.523 [info] Getting sessions for read:user,repo,user:email,workflow...
2025-12-17 14:06:07.523 [info] Got 1 sessions for read:user,repo,user:email,workflow...
2025-12-17 14:06:08.540 [info] Getting sessions for all scopes...
2025-12-17 14:06:08.540 [info] Got 1 sessions for ...
2025-12-17 14:06:08.540 [info] Getting sessions for all scopes...
2025-12-17 14:06:08.540 [info] Got 1 sessions for ...
2025-12-17 14:06:08.812 [info] Getting sessions for all scopes...
2025-12-17 14:06:08.813 [info] Got 1 sessions for ...
2025-12-17 14:06:09.134 [info] Getting sessions for read:user,repo,user:email,workflow...
2025-12-17 14:06:09.157 [info] Got 1 sessions for read:user,repo,user:email,workflow...
2025-12-17 14:06:09.530 [info] Getting sessions for all scopes...
2025-12-17 14:06:09.531 [info] Got 1 sessions for ...
2025-12-17 14:06:09.745 [info] Getting sessions for read:user,repo,user:email,workflow...
2025-12-17 14:06:09.745 [info] Got 1 sessions for read:user,repo,user:email,workflow...
2025-12-17 14:06:09.919 [info] Getting sessions for all scopes...
2025-12-17 14:06:09.919 [info] Got 1 sessions for ...
2025-12-17 14:06:09.964 [info] Getting sessions for read:user,repo,user:email,workflow...
2025-12-17 14:06:09.964 [info] Got 1 sessions for read:user,repo,user:email,workflow...
2025-12-17 14:08:23.087 [info] Getting sessions for all scopes...
2025-12-17 14:08:23.087 [info] Got 1 sessions for ...
2025-12-17 14:08:23.092 [info] Getting sessions for read:user,repo,user:email,workflow...
2025-12-17 14:08:23.092 [info] Got 1 sessions for read:user,repo,user:email,workflow...
2025-12-17 14:13:23.088 [info] Getting sessions for all scopes...
2025-12-17 14:13:23.090 [info] Got 1 sessions for ...
2025-12-17 14:13:23.095 [info] Getting sessions for read:user,repo,user:email,workflow...
2025-12-17 14:13:23.095 [info] Got 1 sessions for read:user,repo,user:email,workflow...
2025-12-17 14:14:21.404 [info] Reading sessions from keychain...
2025-12-17 14:14:21.404 [info] Got stored sessions!
2025-12-17 14:14:21.404 [info] Got 1 verified sessions.
2025-12-17 14:14:21.404 [info] Getting sessions for all scopes...
2025-12-17 14:14:21.404 [info] Got 1 sessions for ...
2025-12-17 14:14:21.404 [info] Getting sessions for all scopes...
2025-12-17 14:14:21.404 [info] Got 1 sessions for ...
2025-12-17 14:14:21.404 [info] Getting sessions for all scopes...
2025-12-17 14:14:21.404 [info] Got 1 sessions for ...
2025-12-17 14:14:21.404 [info] Getting sessions for all scopes...
2025-12-17 14:14:21.404 [info] Got 1 sessions for ...
2025-12-17 14:14:21.404 [info] Getting sessions for all scopes...
2025-12-17 14:14:21.404 [info] Got 1 sessions for ...
2025-12-17 14:14:21.404 [info] Getting sessions for all scopes...
2025-12-17 14:14:21.404 [info] Got 1 sessions for ...
2025-12-17 14:14:21.404 [info] Getting sessions for all scopes...
2025-12-17 14:14:21.404 [info] Got 1 sessions for ...
2025-12-17 14:14:21.521 [info] FetcherService: Electron fetch failed with status: 429 
2025-12-17 14:14:23.814 [info] Getting sessions for all scopes...
2025-12-17 14:14:23.815 [info] Got 1 sessions for ...
2025-12-17 14:14:24.806 [info] Getting sessions for read:user,repo,user:email,workflow...
2025-12-17 14:14:24.807 [info] Got 1 sessions for read:user,repo,user:email,workflow...
2025-12-17 14:14:26.334 [info] FetcherService: Node fetch failed with status: 429 Too Many Requests
2025-12-17 14:14:26.860 [info] FetcherService: Node http/s failed with status: 429 Too Many Requests
2025-12-17 14:14:32.216 [info] Getting sessions for all scopes...
2025-12-17 14:14:32.216 [info] Got 1 sessions for ...
2025-12-17 14:14:32.219 [info] Getting sessions for all scopes...
2025-12-17 14:14:32.219 [info] Got 1 sessions for ...
2025-12-17 14:14:34.917 [info] Getting sessions for read:user,repo,user:email,workflow...
2025-12-17 14:14:34.918 [info] Got 1 sessions for read:user,repo,user:email,workflow...
2025-12-17 14:14:36.181 [info] Getting sessions for all scopes...
2025-12-17 14:14:36.181 [info] Got 1 sessions for ...
2025-12-17 14:14:36.183 [info] Getting sessions for all scopes...
2025-12-17 14:14:36.183 [info] Got 1 sessions for ...
2025-12-17 14:14:36.396 [info] Getting sessions for read:user,repo,user:email,workflow...
2025-12-17 14:14:36.396 [info] Got 1 sessions for read:user,repo,user:email,workflow...
2025-12-17 14:14:38.057 [info] Getting sessions for all scopes...
2025-12-17 14:14:38.060 [info] Got 1 sessions for ...
2025-12-17 14:14:38.067 [info] Getting sessions for all scopes...
2025-12-17 14:14:38.067 [info] Got 1 sessions for ...
2025-12-17 14:14:38.923 [info] Getting sessions for read:user,repo,user:email,workflow...
2025-12-17 14:14:38.923 [info] Got 1 sessions for read:user,repo,user:email,workflow...
2025-12-17 14:14:39.723 [info] Getting sessions for all scopes...
2025-12-17 14:14:39.723 [info] Got 1 sessions for ...
2025-12-17 14:14:40.329 [info] Getting sessions for read:user,repo,user:email,workflow...
2025-12-17 14:14:40.347 [info] Got 1 sessions for read:user,repo,user:email,workflow...
2025-12-17 14:14:46.129 [info] Getting sessions for all scopes...
2025-12-17 14:14:46.129 [info] Got 1 sessions for ...
2025-12-17 14:14:46.204 [info] Getting sessions for read:user,repo,user:email,workflow...
2025-12-17 14:14:46.205 [info] Got 1 sessions for read:user,repo,user:email,workflow...
2025-12-17 14:19:20.267 [info] Getting sessions for all scopes...
2025-12-17 14:19:20.271 [info] Got 1 sessions for ...
2025-12-17 14:19:20.277 [info] Getting sessions for read:user,repo,user:email,workflow...
2025-12-17 14:19:20.279 [info] Got 1 sessions for read:user,repo,user:email,workflow...
2025-12-17 14:25:00.263 [info] Getting sessions for all scopes...
2025-12-17 14:25:00.319 [info] Got 1 sessions for ...
2025-12-17 14:25:00.547 [info] Getting sessions for read:user,repo,user:email,workflow...
2025-12-17 14:25:00.547 [info] Got 1 sessions for read:user,repo,user:email,workflow...
2025-12-17 14:30:26.946 [info] Getting sessions for all scopes...
2025-12-17 14:30:26.950 [info] Got 1 sessions for ...
2025-12-17 14:30:26.964 [info] Getting sessions for read:user,repo,user:email,workflow...
2025-12-17 14:30:26.965 [info] Got 1 sessions for read:user,repo,user:email,workflow...
2025-12-17 14:36:27.598 [info] Getting sessions for all scopes...
2025-12-17 14:36:27.599 [info] Got 1 sessions for ...
2025-12-17 14:36:27.768 [info] Getting sessions for read:user,repo,user:email,workflow...
2025-12-17 14:36:27.775 [info] Got 1 sessions for read:user,repo,user:email,workflow...
2025-12-17 14:42:00.628 [info] Getting sessions for all scopes...
2025-12-17 14:42:00.628 [info] Got 1 sessions for ...
2025-12-17 14:42:00.669 [info] Getting sessions for read:user,repo,user:email,workflow...
2025-12-17 14:42:00.670 [info] Got 1 sessions for read:user,repo,user:email,workflow...
2025-12-17 14:47:06.488 [info] Getting sessions for all scopes...
2025-12-17 14:47:06.489 [info] Got 1 sessions for ...
2025-12-17 14:47:06.565 [info] Getting sessions for read:user,repo,user:email,workflow...
2025-12-17 14:47:06.565 [info] Got 1 sessions for read:user,repo,user:email,workflow...
2025-12-17 14:52:06.589 [info] Getting sessions for all scopes...
2025-12-17 14:52:06.589 [info] Got 1 sessions for ...
2025-12-17 14:52:06.601 [info] Getting sessions for read:user,repo,user:email,workflow...
2025-12-17 14:52:06.601 [info] Got 1 sessions for read:user,repo,user:email,workflow...
2025-12-17 14:57:06.630 [info] Getting sessions for all scopes...
2025-12-17 14:57:06.630 [info] Got 1 sessions for ...
2025-12-17 14:57:06.633 [info] Getting sessions for read:user,repo,user:email,workflow...
2025-12-17 14:57:06.633 [info] Got 1 sessions for read:user,repo,user:email,workflow...
2025-12-17 15:02:06.581 [info] Getting sessions for all scopes...
2025-12-17 15:02:06.581 [info] Got 1 sessions for ...
2025-12-17 15:02:06.583 [info] Getting sessions for read:user,repo,user:email,workflow...
2025-12-17 15:02:06.583 [info] Got 1 sessions for read:user,repo,user:email,workflow...
2025-12-17 15:07:11.666 [info] Getting sessions for all scopes...
2025-12-17 15:07:11.666 [info] Got 1 sessions for ...
2025-12-17 15:07:11.669 [info] Getting sessions for read:user,repo,user:email,workflow...
2025-12-17 15:07:11.669 [info] Got 1 sessions for read:user,repo,user:email,workflow...
2025-12-17 15:12:12.039 [info] Getting sessions for all scopes...
2025-12-17 15:12:12.040 [info] Got 1 sessions for ...
2025-12-17 15:12:14.897 [info] Getting sessions for all scopes...
2025-12-17 15:12:14.897 [info] Got 1 sessions for ...
2025-12-17 15:12:14.915 [info] Getting sessions for read:user,repo,user:email,workflow...
2025-12-17 15:12:14.916 [info] Got 1 sessions for read:user,repo,user:email,workflow...
2025-12-17 15:12:15.651 [info] Getting sessions for all scopes...
2025-12-17 15:12:15.651 [info] Got 1 sessions for ...
2025-12-17 15:12:15.652 [info] Getting sessions for all scopes...
2025-12-17 15:12:15.652 [info] Got 1 sessions for ...
2025-12-17 15:12:15.661 [info] Getting sessions for read:user,repo,user:email,workflow...
2025-12-17 15:12:15.661 [info] Got 1 sessions for read:user,repo,user:email,workflow...
2025-12-17 15:12:15.697 [info] Getting sessions for all scopes...
2025-12-17 15:12:15.697 [info] Got 1 sessions for ...
2025-12-17 15:12:15.700 [info] Getting sessions for read:user,repo,user:email,workflow...
2025-12-17 15:12:15.700 [info] Got 1 sessions for read:user,repo,user:email,workflow...
2025-12-17 15:12:15.886 [info] Getting sessions for all scopes...
2025-12-17 15:12:15.886 [info] Got 1 sessions for ...
2025-12-17 15:12:15.890 [info] Getting sessions for read:user,repo,user:email,workflow...
2025-12-17 15:12:15.891 [info] Got 1 sessions for read:user,repo,user:email,workflow...
2025-12-17 15:17:12.144 [info] Getting sessions for all scopes...
2025-12-17 15:17:12.144 [info] Got 1 sessions for ...
2025-12-17 15:17:13.097 [info] Getting sessions for read:user,repo,user:email,workflow...
2025-12-17 15:17:13.098 [info] Got 1 sessions for read:user,repo,user:email,workflow...
2025-12-17 15:22:13.452 [info] Getting sessions for all scopes...
2025-12-17 15:22:13.452 [info] Got 1 sessions for ...
2025-12-17 15:22:13.501 [info] Getting sessions for read:user,repo,user:email,workflow...
2025-12-17 15:22:13.501 [info] Got 1 sessions for read:user,repo,user:email,workflow...
2025-12-17 15:27:17.061 [info] Getting sessions for all scopes...
2025-12-17 15:27:17.062 [info] Got 1 sessions for ...
2025-12-17 15:27:17.064 [info] Getting sessions for read:user,repo,user:email,workflow...
2025-12-17 15:27:17.065 [info] Got 1 sessions for read:user,repo,user:email,workflow...
2025-12-17 15:32:59.116 [info] Getting sessions for all scopes...
2025-12-17 15:32:59.116 [info] Got 1 sessions for ...
2025-12-17 15:32:59.176 [info] Getting sessions for read:user,repo,user:email,workflow...
2025-12-17 15:32:59.177 [info] Got 1 sessions for read:user,repo,user:email,workflow...
2025-12-17 15:38:06.807 [info] Getting sessions for all scopes...
2025-12-17 15:38:06.807 [info] Got 1 sessions for ...
2025-12-17 15:38:06.809 [info] Getting sessions for read:user,repo,user:email,workflow...
2025-12-17 15:38:06.809 [info] Got 1 sessions for read:user,repo,user:email,workflow...
2025-12-17 15:43:06.735 [info] Getting sessions for all scopes...
2025-12-17 15:43:06.735 [info] Got 1 sessions for ...
2025-12-17 15:43:06.740 [info] Getting sessions for read:user,repo,user:email,workflow...
2025-12-17 15:43:06.740 [info] Got 1 sessions for read:user,repo,user:email,workflow...
2025-12-17 15:49:33.048 [info] Getting sessions for all scopes...
2025-12-17 15:49:33.049 [info] Got 1 sessions for ...
2025-12-17 15:49:33.109 [info] Getting sessions for read:user,repo,user:email,workflow...
2025-12-17 15:49:33.110 [info] Got 1 sessions for read:user,repo,user:email,workflow...
2025-12-17 15:55:31.540 [info] Getting sessions for all scopes...
2025-12-17 15:55:31.664 [info] Got 1 sessions for ...
2025-12-17 15:55:32.539 [info] Getting sessions for read:user,repo,user:email,workflow...
2025-12-17 15:55:32.547 [info] Got 1 sessions for read:user,repo,user:email,workflow...
2025-12-17 16:00:26.398 [info] Getting sessions for all scopes...
2025-12-17 16:00:26.400 [info] Got 1 sessions for ...
2025-12-17 16:00:26.411 [info] Getting sessions for read:user,repo,user:email,workflow...
2025-12-17 16:00:26.411 [info] Got 1 sessions for read:user,repo,user:email,workflow...
2025-12-17 16:05:26.404 [info] Getting sessions for all scopes...
2025-12-17 16:05:26.405 [info] Got 1 sessions for ...
2025-12-17 16:05:26.409 [info] Getting sessions for read:user,repo,user:email,workflow...
2025-12-17 16:05:26.410 [info] Got 1 sessions for read:user,repo,user:email,workflow...
2025-12-17 16:07:21.300 [info] Getting sessions for all scopes...
2025-12-17 16:07:21.300 [info] Got 1 sessions for ...
2025-12-17 16:07:21.429 [info] Getting sessions for read:user,repo,user:email,workflow...
2025-12-17 16:07:21.429 [info] Got 1 sessions for read:user,repo,user:email,workflow...
2025-12-17 16:07:22.062 [info] Getting sessions for all scopes...
2025-12-17 16:07:22.063 [info] Got 1 sessions for ...
2025-12-17 16:07:22.064 [info] Getting sessions for all scopes...
2025-12-17 16:07:22.064 [info] Got 1 sessions for ...
2025-12-17 16:07:22.099 [info] Getting sessions for read:user,repo,user:email,workflow...
2025-12-17 16:07:22.099 [info] Got 1 sessions for read:user,repo,user:email,workflow...
2025-12-17 16:07:22.147 [info] Getting sessions for all scopes...
2025-12-17 16:07:22.147 [info] Got 1 sessions for ...
2025-12-17 16:07:22.151 [info] Getting sessions for read:user,repo,user:email,workflow...
2025-12-17 16:07:22.151 [info] Got 1 sessions for read:user,repo,user:email,workflow...
2025-12-17 16:07:22.353 [info] Getting sessions for all scopes...
2025-12-17 16:07:22.353 [info] Got 1 sessions for ...
2025-12-17 16:07:22.356 [info] Getting sessions for read:user,repo,user:email,workflow...
2025-12-17 16:07:22.356 [info] Got 1 sessions for read:user,repo,user:email,workflow...
2025-12-17 16:10:27.273 [info] Getting sessions for all scopes...
2025-12-17 16:10:27.278 [info] Got 1 sessions for ...
2025-12-17 16:10:27.402 [info] Getting sessions for read:user,repo,user:email,workflow...
2025-12-17 16:10:27.403 [info] Got 1 sessions for read:user,repo,user:email,workflow...
2025-12-17 16:16:14.986 [info] Getting sessions for all scopes...
2025-12-17 16:16:14.990 [info] Got 1 sessions for ...
2025-12-17 16:16:16.585 [info] Getting sessions for read:user,repo,user:email,workflow...
2025-12-17 16:16:16.586 [info] Got 1 sessions for read:user,repo,user:email,workflow...
2025-12-17 16:18:05.538 [info] Reading sessions from keychain...
2025-12-17 16:18:05.538 [info] Got stored sessions!
2025-12-17 16:18:05.538 [info] Got 1 verified sessions.
2025-12-17 16:18:05.538 [info] Getting sessions for all scopes...
2025-12-17 16:18:05.539 [info] Got 1 sessions for ...
2025-12-17 16:18:05.539 [info] Getting sessions for all scopes...
2025-12-17 16:18:05.539 [info] Got 1 sessions for ...
2025-12-17 16:18:05.539 [info] Getting sessions for all scopes...
2025-12-17 16:18:05.539 [info] Got 1 sessions for ...
2025-12-17 16:18:05.539 [info] Getting sessions for all scopes...
2025-12-17 16:18:05.539 [info] Got 1 sessions for ...
2025-12-17 16:18:05.540 [info] Getting sessions for all scopes...
2025-12-17 16:18:05.543 [info] Got 1 sessions for ...
2025-12-17 16:18:05.543 [info] Getting sessions for all scopes...
2025-12-17 16:18:05.543 [info] Got 1 sessions for ...
2025-12-17 16:18:05.543 [info] Getting sessions for all scopes...
2025-12-17 16:18:05.543 [info] Got 1 sessions for ...
2025-12-17 16:18:07.189 [info] Getting sessions for read:user,repo,user:email,workflow...
2025-12-17 16:18:07.189 [info] Got 1 sessions for read:user,repo,user:email,workflow...
2025-12-17 16:18:07.199 [info] FetcherService: Electron fetch failed with status: 429 
2025-12-17 16:18:08.901 [info] Getting sessions for all scopes...
2025-12-17 16:18:08.901 [info] Got 1 sessions for ...
2025-12-17 16:18:09.110 [info] FetcherService: Node fetch failed with status: 429 Too Many Requests
2025-12-17 16:18:09.247 [info] Getting sessions for all scopes...
2025-12-17 16:18:09.247 [info] Got 1 sessions for ...
2025-12-17 16:18:09.755 [info] FetcherService: Node http/s failed with status: 429 Too Many Requests
2025-12-17 16:18:10.152 [info] Getting sessions for read:user,repo,user:email,workflow...
2025-12-17 16:18:10.153 [info] Got 1 sessions for read:user,repo,user:email,workflow...
2025-12-17 16:18:13.332 [info] Getting sessions for read:user,repo,user:email,workflow...
2025-12-17 16:18:13.332 [info] Got 1 sessions for read:user,repo,user:email,workflow...
2025-12-17 16:18:13.333 [info] Getting sessions for all scopes...
2025-12-17 16:18:13.333 [info] Got 1 sessions for ...
2025-12-17 16:18:13.333 [info] Getting sessions for all scopes...
2025-12-17 16:18:13.333 [info] Got 1 sessions for ...
2025-12-17 16:18:13.333 [info] Getting sessions for all scopes...
2025-12-17 16:18:13.333 [info] Got 1 sessions for ...
2025-12-17 16:18:13.333 [info] Getting sessions for all scopes...
2025-12-17 16:18:13.333 [info] Got 1 sessions for ...
2025-12-17 16:18:13.539 [info] Getting sessions for read:user,repo,user:email,workflow...
2025-12-17 16:18:13.539 [info] Got 1 sessions for read:user,repo,user:email,workflow...
2025-12-17 16:18:14.310 [info] Getting sessions for all scopes...
2025-12-17 16:18:14.349 [info] Got 1 sessions for ...
2025-12-17 16:18:14.350 [info] Getting sessions for all scopes...
2025-12-17 16:18:14.350 [info] Got 1 sessions for ...
2025-12-17 16:18:14.634 [info] Getting sessions for all scopes...
2025-12-17 16:18:14.635 [info] Got 1 sessions for ...
2025-12-17 16:18:14.967 [info] Getting sessions for read:user,repo,user:email,workflow...
2025-12-17 16:18:14.968 [info] Got 1 sessions for read:user,repo,user:email,workflow...
2025-12-17 16:18:21.382 [info] Getting sessions for all scopes...
2025-12-17 16:18:21.384 [info] Got 1 sessions for ...
2025-12-17 16:18:21.569 [info] Getting sessions for read:user,repo,user:email,workflow...
2025-12-17 16:18:21.569 [info] Got 1 sessions for read:user,repo,user:email,workflow...
2025-12-17 16:23:08.206 [info] Getting sessions for all scopes...
2025-12-17 16:23:08.220 [info] Got 1 sessions for ...
2025-12-17 16:23:08.474 [info] Getting sessions for read:user,repo,user:email,workflow...
2025-12-17 16:23:08.474 [info] Got 1 sessions for read:user,repo,user:email,workflow...
2025-12-17 16:28:07.989 [info] Getting sessions for all scopes...
2025-12-17 16:28:07.990 [info] Got 1 sessions for ...
2025-12-17 16:28:07.993 [info] Getting sessions for read:user,repo,user:email,workflow...
2025-12-17 16:28:07.993 [info] Got 1 sessions for read:user,repo,user:email,workflow...
2025-12-17 16:33:09.187 [info] Getting sessions for all scopes...
2025-12-17 16:33:09.190 [info] Got 1 sessions for ...
2025-12-17 16:33:09.223 [info] Getting sessions for read:user,repo,user:email,workflow...
2025-12-17 16:33:09.223 [info] Got 1 sessions for read:user,repo,user:email,workflow...
2025-12-17 16:34:47.153 [info] Reading sessions from keychain...
2025-12-17 16:34:47.154 [info] Got stored sessions!
2025-12-17 16:34:47.154 [info] Got 1 verified sessions.
2025-12-17 16:34:47.154 [info] Getting sessions for all scopes...
2025-12-17 16:34:47.154 [info] Got 1 sessions for ...
2025-12-17 16:34:47.154 [info] Getting sessions for all scopes...
2025-12-17 16:34:47.154 [info] Got 1 sessions for ...
2025-12-17 16:34:47.154 [info] Getting sessions for all scopes...
2025-12-17 16:34:47.154 [info] Got 1 sessions for ...
2025-12-17 16:34:47.154 [info] Getting sessions for all scopes...
2025-12-17 16:34:47.154 [info] Got 1 sessions for ...
2025-12-17 16:34:47.154 [info] Getting sessions for all scopes...
2025-12-17 16:34:47.154 [info] Got 1 sessions for ...
2025-12-17 16:34:47.154 [info] Getting sessions for all scopes...
2025-12-17 16:34:47.154 [info] Got 1 sessions for ...
2025-12-17 16:34:47.154 [info] Getting sessions for all scopes...
2025-12-17 16:34:47.154 [info] Got 1 sessions for ...
2025-12-17 16:34:47.546 [info] FetcherService: Electron fetch failed with status: 429 
2025-12-17 16:34:51.489 [info] Getting sessions for read:user,repo,user:email,workflow...
2025-12-17 16:34:51.489 [info] Got 1 sessions for read:user,repo,user:email,workflow...
2025-12-17 16:34:51.535 [info] Getting sessions for all scopes...
2025-12-17 16:34:51.536 [info] Got 1 sessions for ...
2025-12-17 16:34:52.869 [info] FetcherService: Node fetch failed with status: 429 Too Many Requests
2025-12-17 16:34:54.419 [info] FetcherService: Node http/s failed with status: 429 Too Many Requests
2025-12-17 16:34:55.909 [info] Getting sessions for read:user,repo,user:email,workflow...
2025-12-17 16:34:55.912 [info] Got 1 sessions for read:user,repo,user:email,workflow...
2025-12-17 16:34:57.560 [info] Getting sessions for all scopes...
2025-12-17 16:34:57.560 [info] Got 1 sessions for ...
2025-12-17 16:34:57.690 [info] Getting sessions for all scopes...
2025-12-17 16:34:57.690 [info] Got 1 sessions for ...
2025-12-17 16:34:57.690 [info] Getting sessions for all scopes...
2025-12-17 16:34:57.690 [info] Got 1 sessions for ...
2025-12-17 16:34:57.700 [info] Getting sessions for read:user,repo,user:email,workflow...
2025-12-17 16:34:57.700 [info] Got 1 sessions for read:user,repo,user:email,workflow...
2025-12-17 16:34:58.208 [info] Getting sessions for read:user,repo,user:email,workflow...
2025-12-17 16:34:58.208 [info] Got 1 sessions for read:user,repo,user:email,workflow...
2025-12-17 16:34:59.422 [info] Getting sessions for all scopes...
2025-12-17 16:34:59.422 [info] Got 1 sessions for ...
2025-12-17 16:34:59.859 [info] Getting sessions for all scopes...
2025-12-17 16:34:59.859 [info] Got 1 sessions for ...
2025-12-17 16:35:00.300 [info] Getting sessions for all scopes...
2025-12-17 16:35:00.309 [info] Got 1 sessions for ...
2025-12-17 16:35:00.564 [info] Getting sessions for read:user,repo,user:email,workflow...
2025-12-17 16:35:00.564 [info] Got 1 sessions for read:user,repo,user:email,workflow...
2025-12-17 16:35:06.261 [info] Getting sessions for all scopes...
2025-12-17 16:35:06.261 [info] Got 1 sessions for ...
2025-12-17 16:35:06.263 [info] Getting sessions for read:user,repo,user:email,workflow...
2025-12-17 16:35:06.263 [info] Got 1 sessions for read:user,repo,user:email,workflow...
2025-12-17 16:40:29.517 [info] Getting sessions for all scopes...
2025-12-17 16:40:29.520 [info] Got 1 sessions for ...
2025-12-17 16:40:30.570 [info] Getting sessions for read:user,repo,user:email,workflow...
2025-12-17 16:40:30.579 [info] Got 1 sessions for read:user,repo,user:email,workflow...
2025-12-17 16:45:27.830 [info] Getting sessions for all scopes...
2025-12-17 16:45:27.837 [info] Got 1 sessions for ...
2025-12-17 16:45:27.841 [info] Getting sessions for read:user,repo,user:email,workflow...
2025-12-17 16:45:27.841 [info] Got 1 sessions for read:user,repo,user:email,workflow...
2025-12-17 16:50:27.843 [info] Getting sessions for all scopes...
2025-12-17 16:50:27.845 [info] Got 1 sessions for ...
2025-12-17 16:50:27.848 [info] Getting sessions for read:user,repo,user:email,workflow...
2025-12-17 16:50:27.849 [info] Got 1 sessions for read:user,repo,user:email,workflow...
2025-12-17 16:55:21.160 [info] Reading sessions from keychain...
2025-12-17 16:55:21.164 [info] Got stored sessions!
2025-12-17 16:55:21.164 [info] Got 1 verified sessions.
2025-12-17 16:55:21.164 [info] Getting sessions for all scopes...
2025-12-17 16:55:21.164 [info] Got 1 sessions for ...
2025-12-17 16:55:21.164 [info] Getting sessions for all scopes...
2025-12-17 16:55:21.164 [info] Got 1 sessions for ...
2025-12-17 16:55:21.164 [info] Getting sessions for all scopes...
2025-12-17 16:55:21.164 [info] Got 1 sessions for ...
2025-12-17 16:55:21.164 [info] Getting sessions for all scopes...
2025-12-17 16:55:21.164 [info] Got 1 sessions for ...
2025-12-17 16:55:21.164 [info] Getting sessions for all scopes...
2025-12-17 16:55:21.164 [info] Got 1 sessions for ...
2025-12-17 16:55:21.164 [info] Getting sessions for all scopes...
2025-12-17 16:55:21.164 [info] Got 1 sessions for ...
2025-12-17 16:55:21.164 [info] Getting sessions for all scopes...
2025-12-17 16:55:21.164 [info] Got 1 sessions for ...
2025-12-17 16:55:21.503 [info] FetcherService: Electron fetch failed with status: 429 
2025-12-17 16:55:23.972 [info] Getting sessions for read:user,repo,user:email,workflow...
2025-12-17 16:55:23.973 [info] Got 1 sessions for read:user,repo,user:email,workflow...
2025-12-17 16:55:26.368 [info] FetcherService: Node fetch failed with status: 429 Too Many Requests
2025-12-17 16:55:27.238 [info] Getting sessions for all scopes...
2025-12-17 16:55:27.238 [info] Got 1 sessions for ...
2025-12-17 16:55:27.328 [info] FetcherService: Node http/s failed with status: 429 Too Many Requests
2025-12-17 16:55:33.062 [info] Getting sessions for read:user,repo,user:email,workflow...
2025-12-17 16:55:33.066 [info] Got 1 sessions for read:user,repo,user:email,workflow...
2025-12-17 16:55:35.357 [info] Getting sessions for read:user,repo,user:email,workflow...
2025-12-17 16:55:35.357 [info] Got 1 sessions for read:user,repo,user:email,workflow...
2025-12-17 16:55:37.395 [info] Getting sessions for all scopes...
2025-12-17 16:55:37.395 [info] Got 1 sessions for ...
2025-12-17 16:55:37.396 [info] Getting sessions for all scopes...
2025-12-17 16:55:37.396 [info] Got 1 sessions for ...
2025-12-17 16:55:37.464 [info] Getting sessions for read:user,repo,user:email,workflow...
2025-12-17 16:55:37.464 [info] Got 1 sessions for read:user,repo,user:email,workflow...
2025-12-17 16:55:37.966 [info] Getting sessions for all scopes...
2025-12-17 16:55:37.966 [info] Got 1 sessions for ...
2025-12-17 16:55:38.004 [info] Getting sessions for all scopes...
2025-12-17 16:55:38.004 [info] Got 1 sessions for ...
2025-12-17 16:55:43.069 [info] Getting sessions for all scopes...
2025-12-17 16:55:43.069 [info] Got 1 sessions for ...
2025-12-17 16:55:44.504 [info] Getting sessions for read:user,repo,user:email,workflow...
2025-12-17 16:55:44.504 [info] Got 1 sessions for read:user,repo,user:email,workflow...
2025-12-17 17:00:20.995 [info] Getting sessions for all scopes...
2025-12-17 17:00:20.997 [info] Got 1 sessions for ...
2025-12-17 17:00:21.000 [info] Getting sessions for read:user,repo,user:email,workflow...
2025-12-17 17:00:21.002 [info] Got 1 sessions for read:user,repo,user:email,workflow...
2025-12-17 17:05:20.983 [info] Getting sessions for all scopes...
2025-12-17 17:05:20.983 [info] Got 1 sessions for ...
2025-12-17 17:05:20.986 [info] Getting sessions for read:user,repo,user:email,workflow...
2025-12-17 17:05:20.986 [info] Got 1 sessions for read:user,repo,user:email,workflow...
2025-12-17 17:10:21.678 [info] Getting sessions for all scopes...
2025-12-17 17:10:21.679 [info] Got 1 sessions for ...
2025-12-17 17:10:21.695 [info] Getting sessions for read:user,repo,user:email,workflow...
2025-12-17 17:10:21.696 [info] Got 1 sessions for read:user,repo,user:email,workflow...
2025-12-17 17:15:21.625 [info] Getting sessions for all scopes...
2025-12-17 17:15:21.625 [info] Got 1 sessions for ...
2025-12-17 17:15:21.626 [info] Getting sessions for read:user,repo,user:email,workflow...
2025-12-17 17:15:21.626 [info] Got 1 sessions for read:user,repo,user:email,workflow...
                                                                                                                                                                                                                                                                                                          