2025-12-22 13:39:12.225 [info] update#setState idle
2025-12-22 13:40:28.092 [warning] No ptyHost heartbeat after 6 seconds
2025-12-22 13:40:28.093 [info] update#setState checking for updates
2025-12-22 13:40:28.370 [info] update#setState available for download
2025-12-22 13:41:17.353 [warning] No ptyHost heartbeat after 6 seconds
2025-12-22 13:41:57.484 [warning] No ptyHost heartbeat after 6 seconds
2025-12-22 13:43:09.299 [warning] No ptyHost heartbeat after 6 seconds
2025-12-22 13:44:11.375 [warning] No ptyHost heartbeat after 6 seconds
2025-12-22 13:45:55.475 [warning] No ptyHost heartbeat after 6 seconds
2025-12-22 13:51:17.828 [warning] No ptyHost heartbeat after 6 seconds
2025-12-22 13:51:24.919 [error] CodeWindow: detected unresponsive
2025-12-22 13:51:34.877 [error] CodeWindow unresponsive samples:
<2> 
    at fT.c (vscode-file://vscode-app/usr/share/code/resources/app/out/vs/workbench/workbench.desktop.main.js:251:23733)
    at fT.write (vscode-file://vscode-app/usr/share/code/resources/app/out/vs/workbench/workbench.desktop.main.js:251:24012)
    at yP.serialize (vscode-file://vscode-app/usr/share/code/resources/app/out/vs/workbench/workbench.desktop.main.js:255:5542)
    at tA.close (vscode-file://vscode-app/usr/share/code/resources/app/out/vs/workbench/workbench.desktop.main.js:255:6440)
    at u5i.pushStackElement (vscode-file://vscode-app/usr/share/code/resources/app/out/vs/workbench/workbench.desktop.main.js:256:190)
    at cg.pushStackElement (vscode-file://vscode-app/usr/share/code/resources/app/out/vs/workbench/workbench.desktop.main.js:283:552)
    at $Xe.updateModel (vscode-file://vscode-app/usr/share/code/resources/app/out/vs/workbench/workbench.desktop.main.js:1344:73)
    at TCe.updateTextEditorModel (vscode-file://vscode-app/usr/share/code/resources/app/out/vs/workbench/workbench.desktop.main.js:515:27433)
    at TCe.Hb (vscode-file://vscode-app/usr/share/code/resources/app/out/vs/workbench/workbench.desktop.main.js:1319:13494)
    at TCe.Fb (vscode-file://vscode-app/usr/share/code/resources/app/out/vs/workbench/workbench.desktop.main.js:1319:13244)
<1> 
    at get byteLength (<anonymous>)
    at new Hk (vscode-file://vscode-app/usr/share/code/resources/app/out/vs/workbench/workbench.desktop.main.js:30:92837)
    at Hk.fromString (vscode-file://vscode-app/usr/share/code/resources/app/out/vs/workbench/workbench.desktop.main.js:30:92395)
    at Oj (vscode-file://vscode-app/usr/share/code/resources/app/out/vs/workbench/workbench.desktop.main.js:565:96418)
    at Oj (vscode-file://vscode-app/usr/share/code/resources/app/out/vs/workbench/workbench.desktop.main.js:565:96730)
    at hni.q (vscode-file://vscode-app/usr/share/code/resources/app/out/vs/workbench/workbench.desktop.main.js:567:1092)
    at hni.p (vscode-file://vscode-app/usr/share/code/resources/app/out/vs/workbench/workbench.desktop.main.js:567:825)
    at f (vscode-file://vscode-app/usr/share/code/resources/app/out/vs/workbench/workbench.desktop.main.js:567:112)
    at vscode-file://vscode-app/usr/share/code/resources/app/out/vs/workbench/workbench.desktop.main.js:567:146
    at new Promise (<anonymous>)
<1> 
    at String.substring (<anonymous>)
    at vscode-file://vscode-app/usr/share/code/resources/app/out/vs/workbench/workbench.desktop.main.js:259:7657
    at wes.iterate (vscode-file://vscode-app/usr/share/code/resources/app/out/vs/workbench/workbench.desktop.main.js:266:288)
    at wes.iterate (vscode-file://vscode-app/usr/share/code/resources/app/out/vs/workbench/workbench.desktop.main.js:266:299)
    at wes.iterate (vscode-file://vscode-app/usr/share/code/resources/app/out/vs/workbench/workbench.desktop.main.js:266:299)
    at wes.iterate (vscode-file://vscode-app/usr/share/code/resources/app/out/vs/workbench/workbench.desktop.main.js:266:260)
    at wes.iterate (vscode-file://vscode-app/usr/share/code/resources/app/out/vs/workbench/workbench.desktop.main.js:266:299)
    at wes.iterate (vscode-file://vscode-app/usr/share/code/resources/app/out/vs/workbench/workbench.desktop.main.js:266:260)
    at wes.iterate (vscode-file://vscode-app/usr/share/code/resources/app/out/vs/workbench/workbench.desktop.main.js:266:299)
    at wes.iterate (vscode-file://vscode-app/usr/share/code/resources/app/out/vs/workbench/workbench.desktop.main.js:266:299)
Total Samples: 4
For full overview of the unresponsive period, capture cpu profile via https://aka.ms/vscode-tracing-cpu-profile
2025-12-22 13:51:41.198 [info] Extension host with pid 3921 exited with code: 0, signal: unknown.
