2025-12-22 13:52:36.646 [info] Reading sessions from keychain...
2025-12-22 13:52:36.646 [info] Getting sessions for all scopes...
2025-12-22 13:52:36.646 [info] Got 0 sessions for ...
2025-12-22 13:52:36.646 [info] Getting sessions for all scopes...
2025-12-22 13:52:36.646 [info] Got 0 sessions for ...
2025-12-22 13:52:36.646 [info] Getting sessions for all scopes...
2025-12-22 13:52:36.646 [info] Got 0 sessions for ...
2025-12-22 13:52:36.646 [info] Getting sessions for all scopes...
2025-12-22 13:52:36.646 [info] Got 0 sessions for ...
2025-12-22 13:52:36.646 [info] Getting sessions for all scopes...
2025-12-22 13:52:36.646 [info] Got 0 sessions for ...
2025-12-22 13:52:36.646 [info] Getting sessions for all scopes...
2025-12-22 13:52:36.646 [info] Got 0 sessions for ...
2025-12-22 13:52:36.646 [info] Getting sessions for all scopes...
2025-12-22 13:52:36.646 [info] Got 0 sessions for ...
2025-12-22 13:52:36.646 [info] Getting sessions for all scopes...
2025-12-22 13:52:36.646 [info] Got 0 sessions for ...
2025-12-22 13:52:36.646 [info] Getting sessions for all scopes...
2025-12-22 13:52:36.646 [info] Got 0 sessions for ...
2025-12-22 13:52:36.646 [info] Getting sessions for all scopes...
2025-12-22 13:52:36.646 [info] Got 0 sessions for ...
2025-12-22 13:52:36.646 [info] Getting sessions for all scopes...
2025-12-22 13:52:36.646 [info] Got 0 sessions for ...
2025-12-22 13:52:36.646 [info] Getting sessions for all scopes...
2025-12-22 13:52:36.646 [info] Got 0 sessions for ...
2025-12-22 13:52:36.646 [info] Getting sessions for all scopes...
2025-12-22 13:52:36.646 [info] Got 0 sessions for ...
2025-12-22 13:52:36.646 [info] Getting sessions for all scopes...
2025-12-22 13:52:36.646 [info] Got 0 sessions for ...
2025-12-22 13:52:36.646 [info] Getting sessions for all scopes...
2025-12-22 13:52:36.646 [info] Got 0 sessions for ...
2025-12-22 13:52:36.646 [info] Getting sessions for all scopes...
2025-12-22 13:52:36.646 [info] Got 0 sessions for ...
2025-12-22 13:52:36.646 [info] Getting sessions for all scopes...
2025-12-22 13:52:36.646 [info] Got 0 sessions for ...
2025-12-22 13:52:36.646 [info] Getting sessions for all scopes...
2025-12-22 13:52:36.646 [info] Got 0 sessions for ...
2025-12-22 13:52:36.646 [info] Getting sessions for all scopes...
2025-12-22 13:52:36.646 [info] Got 0 sessions for ...
2025-12-22 13:53:08.011 [info] Getting sessions for user:email...
2025-12-22 13:53:08.011 [info] Got 0 sessions for user:email...
2025-12-22 13:53:08.012 [info] Getting sessions for read:user,repo,user:email,workflow...
2025-12-22 13:53:08.012 [info] Got 0 sessions for read:user,repo,user:email,workflow...
2025-12-22 13:53:11.908 [info] Getting sessions for all scopes...
2025-12-22 13:53:11.908 [info] Got 0 sessions for ...
2025-12-22 13:53:13.655 [info] Getting sessions for read:user,repo,user:email,workflow...
2025-12-22 13:53:13.655 [info] Got 0 sessions for read:user,repo,user:email,workflow...
2025-12-22 13:53:13.656 [info] Getting sessions for all scopes...
2025-12-22 13:53:13.656 [info] Got 0 sessions for ...
2025-12-22 13:53:31.138 [info] Getting sessions for user:email...
2025-12-22 13:53:31.138 [info] Got 0 sessions for user:email...
2025-12-22 13:54:15.790 [info] Getting sessions for read:user,repo,user:email,workflow...
2025-12-22 13:54:15.798 [info] Got 0 sessions for read:user,repo,user:email,workflow...
2025-12-22 13:54:20.499 [info] Getting sessions for all scopes...
2025-12-22 13:54:20.500 [info] Got 0 sessions for ...
2025-12-22 13:54:32.515 [info] Logging in with 'any' account...
2025-12-22 13:54:32.515 [info] Logging in for the following scopes: read:user repo user:email workflow
