2025-12-17 08:52:05.627 [info] Starting Python Locator /root/.vscode/extensions/ms-python.python-2025.20.0-linux-x64/python-env-tools/bin/pet server
2025-12-17 08:52:05.764 [info] Discovered manager: (Pyenv) /usr/bin/pyenv
2025-12-17 08:52:05.766 [info] Discovered env: /root/.pyenv/versions/3.10.13/bin/python
2025-12-17 08:52:05.769 [info] Discovered env: /root/.pyenv/versions/3.11.8/bin/python
2025-12-17 08:52:05.770 [info] Discovered env: /root/.pyenv/versions/tf-env/bin/python
2025-12-17 08:52:05.773 [info] Discovered env: /home/pablo/code/vulndb-5g/.venv/bin/python
2025-12-17 08:52:07.887 [info] Discovered env: /bin/python
2025-12-17 08:52:07.954 [info] Discovered env: /usr/bin/python
2025-12-17 08:52:07.989 [info] Discovered env: /bin/python2
2025-12-17 08:52:08.053 [info] Discovered env: /usr/bin/python2
2025-12-17 08:52:08.060 [info] Locator Conda took 1.509983647s
2025-12-17 08:52:08.060 [info] Locator Homebrew took 66.226µs
2025-12-17 08:52:08.060 [info] Locator LinuxGlobal took 1.576430431s
2025-12-17 08:52:08.060 [info] Locator PipEnv took 11.846µs
2025-12-17 08:52:08.060 [info] Locator Pixi took 33.924µs
2025-12-17 08:52:08.060 [info] Locator Poetry took 12.288053ms
2025-12-17 08:52:08.060 [info] Locator PyEnv took 446.189814ms
2025-12-17 08:52:08.060 [info] Locator Uv took 31.83µs
2025-12-17 08:52:08.060 [info] Locator Venv took 14.49µs
2025-12-17 08:52:08.060 [info] Locator VirtualEnv took 14.839µs
2025-12-17 08:52:08.060 [info] Locator VirtualEnvWrapper took 12.481µs
2025-12-17 08:52:08.060 [info] Locator GlobalVirtualEnvs took 11.339832ms
2025-12-17 08:52:08.060 [info] Locator Locators took 1.585538108s
2025-12-17 08:52:08.060 [info] Locator Path took 2.500909198s
2025-12-17 08:52:08.060 [info] Locator Workspaces took 620.774057ms
2025-12-17 08:52:08.060 [info] Refresh completed in 2501ms
2025-12-17 08:52:08.073 [info] Resolved Python Environment /home/pablo/code/vulndb-5g/.venv/bin/python
2025-12-17 08:55:51.917 [info] Resolved Python Environment /home/pablo/code/vulndb-5g/.venv/bin/python
2025-12-17 09:01:49.956 [info] Resolved Python Environment /home/pablo/code/vulndb-5g/.venv/bin/python
2025-12-17 09:04:00.934 [info] Resolved Python Environment /home/pablo/code/vulndb-5g/.venv/bin/python
2025-12-17 09:05:46.020 [info] Resolved Python Environment /home/pablo/code/vulndb-5g/.venv/bin/python
2025-12-17 09:09:39.045 [info] Resolved Python Environment /home/pablo/code/vulndb-5g/.venv/bin/python
2025-12-17 09:14:16.358 [info] Resolved Python Environment /home/pablo/code/vulndb-5g/.venv/bin/python
2025-12-17 09:15:30.165 [info] Resolved Python Environment /home/pablo/code/vulndb-5g/.venv/bin/python
2025-12-17 09:16:08.990 [info] Resolved Python Environment /home/pablo/code/vulndb-5g/.venv/bin/python
2025-12-17 09:16:59.303 [info] Resolved Python Environment /home/pablo/code/vulndb-5g/.venv/bin/python
2025-12-17 09:17:34.045 [info] Resolved Python Environment /home/pablo/code/vulndb-5g/.venv/bin/python
2025-12-17 09:18:07.792 [info] Resolved Python Environment /home/pablo/code/vulndb-5g/.venv/bin/python
2025-12-17 09:18:48.548 [info] Resolved Python Environment /home/pablo/code/vulndb-5g/.venv/bin/python
2025-12-17 09:19:19.023 [info] Resolved Python Environment /home/pablo/code/vulndb-5g/.venv/bin/python
2025-12-17 09:20:25.085 [info] Resolved Python Environment /home/pablo/code/vulndb-5g/.venv/bin/python
2025-12-17 09:22:08.489 [info] Resolved Python Environment /home/pablo/code/vulndb-5g/.venv/bin/python
2025-12-17 09:22:40.257 [info] Resolved Python Environment /home/pablo/code/vulndb-5g/.venv/bin/python
2025-12-17 09:23:38.636 [info] Resolved Python Environment /home/pablo/code/vulndb-5g/.venv/bin/python
2025-12-17 09:24:55.813 [info] Resolved Python Environment /home/pablo/code/vulndb-5g/.venv/bin/python
2025-12-17 09:25:32.976 [info] Resolved Python Environment /home/pablo/code/vulndb-5g/.venv/bin/python
2025-12-17 09:26:03.994 [info] Resolved Python Environment /home/pablo/code/vulndb-5g/.venv/bin/python
2025-12-17 09:29:40.699 [info] Resolved Python Environment /home/pablo/code/vulndb-5g/.venv/bin/python
2025-12-17 09:31:37.343 [info] Resolved Python Environment /home/pablo/code/vulndb-5g/.venv/bin/python
2025-12-17 09:35:41.360 [info] Resolved Python Environment /home/pablo/code/vulndb-5g/.venv/bin/python
2025-12-17 09:43:46.371 [info] Resolved Python Environment /home/pablo/code/vulndb-5g/.venv/bin/python
2025-12-17 09:45:29.152 [info] Resolved Python Environment /home/pablo/code/vulndb-5g/.venv/bin/python
2025-12-17 09:48:24.625 [info] Resolved Python Environment /home/pablo/code/vulndb-5g/.venv/bin/python
2025-12-17 09:53:41.746 [info] Resolved Python Environment /home/pablo/code/vulndb-5g/.venv/bin/python
2025-12-17 09:54:27.558 [info] Resolved Python Environment /home/pablo/code/vulndb-5g/.venv/bin/python
2025-12-17 09:55:09.829 [info] Resolved Python Environment /home/pablo/code/vulndb-5g/.venv/bin/python
2025-12-17 09:55:53.991 [info] Resolved Python Environment /home/pablo/code/vulndb-5g/.venv/bin/python
2025-12-17 09:56:24.111 [info] Resolved Python Environment /home/pablo/code/vulndb-5g/.venv/bin/python
2025-12-17 09:57:02.154 [info] Resolved Python Environment /home/pablo/code/vulndb-5g/.venv/bin/python
2025-12-17 09:59:25.771 [info] Resolved Python Environment /home/pablo/code/vulndb-5g/.venv/bin/python
2025-12-17 10:00:20.795 [info] Resolved Python Environment /home/pablo/code/vulndb-5g/.venv/bin/python
2025-12-17 10:18:06.278 [info] Resolved Python Environment /home/pablo/code/vulndb-5g/.venv/bin/python
2025-12-17 10:18:42.613 [info] Resolved Python Environment /home/pablo/code/vulndb-5g/.venv/bin/python
