2025-12-22 13:40:35.509 [info] Reading sessions from keychain...
2025-12-22 13:40:35.509 [info] Getting sessions for all scopes...
2025-12-22 13:40:35.509 [info] Got 0 sessions for ...
2025-12-22 13:40:35.509 [info] Getting sessions for all scopes...
2025-12-22 13:40:35.509 [info] Got 0 sessions for ...
2025-12-22 13:40:35.509 [info] Getting sessions for all scopes...
2025-12-22 13:40:35.509 [info] Got 0 sessions for ...
2025-12-22 13:40:35.509 [info] Getting sessions for all scopes...
2025-12-22 13:40:35.509 [info] Got 0 sessions for ...
2025-12-22 13:40:35.509 [info] Getting sessions for all scopes...
2025-12-22 13:40:35.509 [info] Got 0 sessions for ...
2025-12-22 13:40:35.509 [info] Getting sessions for all scopes...
2025-12-22 13:40:35.509 [info] Got 0 sessions for ...
2025-12-22 13:40:35.509 [info] Getting sessions for all scopes...
2025-12-22 13:40:35.509 [info] Got 0 sessions for ...
2025-12-22 13:40:35.509 [info] Getting sessions for all scopes...
2025-12-22 13:40:35.509 [info] Got 0 sessions for ...
2025-12-22 13:40:35.509 [info] Getting sessions for all scopes...
2025-12-22 13:40:35.509 [info] Got 0 sessions for ...
2025-12-22 13:40:35.509 [info] Getting sessions for all scopes...
2025-12-22 13:40:35.509 [info] Got 0 sessions for ...
2025-12-22 13:40:35.509 [info] Getting sessions for all scopes...
2025-12-22 13:40:35.509 [info] Got 0 sessions for ...
2025-12-22 13:40:35.509 [info] Getting sessions for all scopes...
2025-12-22 13:40:35.509 [info] Got 0 sessions for ...
2025-12-22 13:40:35.509 [info] Getting sessions for all scopes...
2025-12-22 13:40:35.509 [info] Got 0 sessions for ...
2025-12-22 13:40:35.509 [info] Getting sessions for all scopes...
2025-12-22 13:40:35.509 [info] Got 0 sessions for ...
2025-12-22 13:40:35.509 [info] Getting sessions for all scopes...
2025-12-22 13:40:35.509 [info] Got 0 sessions for ...
2025-12-22 13:40:35.509 [info] Getting sessions for all scopes...
2025-12-22 13:40:35.509 [info] Got 0 sessions for ...
2025-12-22 13:40:35.509 [info] Getting sessions for all scopes...
2025-12-22 13:40:35.509 [info] Got 0 sessions for ...
2025-12-22 13:40:35.509 [info] Getting sessions for all scopes...
2025-12-22 13:40:35.509 [info] Got 0 sessions for ...
2025-12-22 13:40:35.509 [info] Getting sessions for user:email...
2025-12-22 13:40:35.509 [info] Got 0 sessions for user:email...
2025-12-22 13:40:35.509 [info] Getting sessions for read:user,repo,user:email,workflow...
2025-12-22 13:40:35.509 [info] Got 0 sessions for read:user,repo,user:email,workflow...
2025-12-22 13:40:36.612 [info] Getting sessions for all scopes...
2025-12-22 13:40:36.612 [info] Got 0 sessions for ...
2025-12-22 13:40:36.613 [info] Getting sessions for all scopes...
2025-12-22 13:40:36.613 [info] Got 0 sessions for ...
2025-12-22 13:40:36.957 [info] Getting sessions for all scopes...
2025-12-22 13:40:36.957 [info] Got 0 sessions for ...
2025-12-22 13:40:37.868 [info] Getting sessions for user:email...
2025-12-22 13:40:37.868 [info] Got 0 sessions for user:email...
2025-12-22 13:40:37.868 [info] Getting sessions for read:user,repo,user:email,workflow...
2025-12-22 13:40:37.868 [info] Got 0 sessions for read:user,repo,user:email,workflow...
2025-12-22 13:40:38.509 [info] Getting sessions for all scopes...
2025-12-22 13:40:38.509 [info] Got 0 sessions for ...
2025-12-22 13:40:38.584 [info] Getting sessions for user:email...
2025-12-22 13:40:38.584 [info] Got 0 sessions for user:email...
2025-12-22 13:40:38.676 [info] Getting sessions for all scopes...
2025-12-22 13:40:38.676 [info] Got 0 sessions for ...
2025-12-22 13:40:38.686 [info] Getting sessions for all scopes...
2025-12-22 13:40:38.687 [info] Got 0 sessions for ...
2025-12-22 13:40:38.688 [info] Getting sessions for all scopes...
2025-12-22 13:40:38.688 [info] Got 0 sessions for ...
2025-12-22 13:40:38.709 [info] Getting sessions for read:user,repo,user:email,workflow...
2025-12-22 13:40:38.709 [info] Got 0 sessions for read:user,repo,user:email,workflow...
2025-12-22 13:40:40.803 [info] Getting sessions for read:user,repo,user:email,workflow...
2025-12-22 13:40:40.804 [info] Got 0 sessions for read:user,repo,user:email,workflow...
2025-12-22 13:46:54.066 [info] Getting sessions for all scopes...
2025-12-22 13:46:54.066 [info] Got 0 sessions for ...
2025-12-22 13:46:54.079 [info] Getting sessions for user:email...
2025-12-22 13:46:54.079 [info] Got 0 sessions for user:email...
2025-12-22 13:46:54.090 [info] Getting sessions for all scopes...
2025-12-22 13:46:54.090 [info] Got 0 sessions for ...
2025-12-22 13:46:54.101 [info] Getting sessions for all scopes...
2025-12-22 13:46:54.101 [info] Got 0 sessions for ...
2025-12-22 13:46:59.631 [info] Getting sessions for all scopes...
2025-12-22 13:46:59.631 [info] Got 0 sessions for ...
2025-12-22 13:46:59.668 [info] Getting sessions for user:email...
2025-12-22 13:46:59.668 [info] Got 0 sessions for user:email...
2025-12-22 13:47:51.899 [info] Getting sessions for all scopes...
2025-12-22 13:47:51.899 [info] Got 0 sessions for ...
2025-12-22 13:47:51.909 [info] Getting sessions for user:email...
2025-12-22 13:47:51.909 [info] Got 0 sessions for user:email...
2025-12-22 13:47:56.899 [info] Getting sessions for all scopes...
2025-12-22 13:47:56.899 [info] Got 0 sessions for ...
2025-12-22 13:47:56.904 [info] Getting sessions for user:email...
2025-12-22 13:47:56.904 [info] Got 0 sessions for user:email...
2025-12-22 13:49:41.079 [info] Getting sessions for all scopes...
2025-12-22 13:49:41.628 [info] Got 0 sessions for ...
2025-12-22 13:49:42.782 [info] Getting sessions for user:email...
2025-12-22 13:49:42.782 [info] Got 0 sessions for user:email...
2025-12-22 13:49:44.925 [info] Getting sessions for all scopes...
2025-12-22 13:49:44.925 [info] Got 0 sessions for ...
2025-12-22 13:49:44.949 [info] Getting sessions for user:email...
2025-12-22 13:49:44.949 [info] Got 0 sessions for user:email...
