2025-12-17 11:35:56.901 [info] [getSessions] [all] starting
2025-12-17 11:35:56.902 [info] [getSessions] [all] returned 0 session(s)
2025-12-17 11:35:56.902 [info] [getSessions] [all] starting
2025-12-17 11:35:56.902 [info] [getSessions] [all] returned 0 session(s)
2025-12-17 11:35:56.902 [info] [getSessions] [all] starting
2025-12-17 11:35:56.902 [info] [getSessions] [all] returned 0 session(s)
2025-12-17 11:35:56.995 [info] [getSessions] [499b84ac-1321-427f-aa17-267ca6975798/.default offline_access] starting
2025-12-17 11:35:56.995 [info] [aebc6443-996d-45c2-90f0-388ff96faa56] Native Broker enabled: false
2025-12-17 11:35:58.788 [info] [getSessions] [499b84ac-1321-427f-aa17-267ca6975798/.default offline_access] returned 0 session(s)
2025-12-17 11:36:41.241 [info] [getSessions] [all] starting
2025-12-17 11:36:41.241 [info] [getSessions] [all] returned 0 session(s)
2025-12-17 11:42:15.986 [info] [getSessions] [499b84ac-1321-427f-aa17-267ca6975798/.default offline_access] starting
2025-12-17 11:42:15.991 [info] [getSessions] [499b84ac-1321-427f-aa17-267ca6975798/.default offline_access] returned 0 session(s)
2025-12-17 11:42:28.522 [info] [getSessions] [499b84ac-1321-427f-aa17-267ca6975798/.default offline_access] starting
2025-12-17 11:42:28.522 [info] [getSessions] [499b84ac-1321-427f-aa17-267ca6975798/.default offline_access] returned 0 session(s)
2025-12-17 12:37:33.003 [info] [getSessions] [499b84ac-1321-427f-aa17-267ca6975798/.default offline_access] starting
2025-12-17 12:37:33.009 [info] [getSessions] [499b84ac-1321-427f-aa17-267ca6975798/.default offline_access] returned 0 session(s)
2025-12-17 13:32:52.310 [info] [getSessions] [499b84ac-1321-427f-aa17-267ca6975798/.default offline_access] starting
2025-12-17 13:32:52.320 [info] [getSessions] [499b84ac-1321-427f-aa17-267ca6975798/.default offline_access] returned 0 session(s)
2025-12-17 14:06:07.402 [info] [getSessions] [499b84ac-1321-427f-aa17-267ca6975798/.default offline_access] starting
2025-12-17 14:06:07.404 [info] [getSessions] [499b84ac-1321-427f-aa17-267ca6975798/.default offline_access] returned 0 session(s)
2025-12-17 14:06:08.541 [info] [getSessions] [499b84ac-1321-427f-aa17-267ca6975798/.default offline_access] starting
2025-12-17 14:06:08.541 [info] [getSessions] [499b84ac-1321-427f-aa17-267ca6975798/.default offline_access] returned 0 session(s)
2025-12-17 14:14:23.167 [info] [aebc6443-996d-45c2-90f0-388ff96faa56] Native Broker enabled: false
2025-12-17 14:14:31.108 [info] [getSessions] [all] starting
2025-12-17 14:14:31.109 [info] [getSessions] [all] returned 0 session(s)
2025-12-17 14:14:31.109 [info] [getSessions] [all] starting
2025-12-17 14:14:31.111 [info] [getSessions] [all] returned 0 session(s)
2025-12-17 14:14:31.114 [info] [getSessions] [all] starting
2025-12-17 14:14:31.114 [info] [getSessions] [all] returned 0 session(s)
2025-12-17 14:14:32.220 [info] [getSessions] [499b84ac-1321-427f-aa17-267ca6975798/.default offline_access] starting
2025-12-17 14:14:32.220 [info] [aebc6443-996d-45c2-90f0-388ff96faa56] Native Broker enabled: false
2025-12-17 14:14:35.815 [info] [getSessions] [499b84ac-1321-427f-aa17-267ca6975798/.default offline_access] returned 0 session(s)
2025-12-17 15:12:15.655 [info] [getSessions] [499b84ac-1321-427f-aa17-267ca6975798/.default offline_access] starting
2025-12-17 15:12:15.659 [info] [getSessions] [499b84ac-1321-427f-aa17-267ca6975798/.default offline_access] returned 0 session(s)
2025-12-17 16:07:22.067 [info] [getSessions] [499b84ac-1321-427f-aa17-267ca6975798/.default offline_access] starting
2025-12-17 16:07:22.078 [info] [getSessions] [499b84ac-1321-427f-aa17-267ca6975798/.default offline_access] returned 0 session(s)
2025-12-17 16:18:05.983 [info] [aebc6443-996d-45c2-90f0-388ff96faa56] Native Broker enabled: false
2025-12-17 16:18:08.526 [info] [getSessions] [all] starting
2025-12-17 16:18:08.526 [info] [getSessions] [all] returned 0 session(s)
2025-12-17 16:18:08.527 [info] [getSessions] [all] starting
2025-12-17 16:18:08.527 [info] [getSessions] [all] returned 0 session(s)
2025-12-17 16:18:08.527 [info] [getSessions] [all] starting
2025-12-17 16:18:08.527 [info] [getSessions] [all] returned 0 session(s)
2025-12-17 16:18:13.334 [info] [getSessions] [499b84ac-1321-427f-aa17-267ca6975798/.default offline_access] starting
2025-12-17 16:18:13.334 [info] [aebc6443-996d-45c2-90f0-388ff96faa56] Native Broker enabled: false
2025-12-17 16:18:13.476 [info] [getSessions] [499b84ac-1321-427f-aa17-267ca6975798/.default offline_access] returned 0 session(s)
2025-12-17 16:34:48.700 [info] [aebc6443-996d-45c2-90f0-388ff96faa56] Native Broker enabled: false
2025-12-17 16:34:55.283 [info] [getSessions] [all] starting
2025-12-17 16:34:55.283 [info] [getSessions] [all] returned 0 session(s)
2025-12-17 16:34:55.283 [info] [getSessions] [all] starting
2025-12-17 16:34:55.284 [info] [getSessions] [all] returned 0 session(s)
2025-12-17 16:34:55.284 [info] [getSessions] [all] starting
2025-12-17 16:34:55.284 [info] [getSessions] [all] returned 0 session(s)
2025-12-17 16:34:57.690 [info] [getSessions] [499b84ac-1321-427f-aa17-267ca6975798/.default offline_access] starting
2025-12-17 16:34:57.690 [info] [aebc6443-996d-45c2-90f0-388ff96faa56] Native Broker enabled: false
2025-12-17 16:34:58.209 [info] [getSessions] [499b84ac-1321-427f-aa17-267ca6975798/.default offline_access] returned 0 session(s)
2025-12-17 16:55:21.441 [info] [aebc6443-996d-45c2-90f0-388ff96faa56] Native Broker enabled: false
2025-12-17 16:55:29.375 [info] [getSessions] [all] starting
2025-12-17 16:55:29.381 [info] [getSessions] [all] returned 0 session(s)
2025-12-17 16:55:29.382 [info] [getSessions] [all] starting
2025-12-17 16:55:29.383 [info] [getSessions] [all] returned 0 session(s)
2025-12-17 16:55:29.384 [info] [getSessions] [all] starting
2025-12-17 16:55:29.384 [info] [getSessions] [all] returned 0 session(s)
2025-12-17 16:55:37.396 [info] [getSessions] [499b84ac-1321-427f-aa17-267ca6975798/.default offline_access] starting
2025-12-17 16:55:37.396 [info] [aebc6443-996d-45c2-90f0-388ff96faa56] Native Broker enabled: false
2025-12-17 16:55:37.462 [info] [getSessions] [499b84ac-1321-427f-aa17-267ca6975798/.default offline_access] returned 0 session(s)
