2025-12-17 11:19:06.838 [info] Starting Python Locator /root/.vscode/extensions/ms-python.python-2025.20.0-linux-x64/python-env-tools/bin/pet server
2025-12-17 11:19:09.340 [info] Discovered manager: (Pyenv) /usr/bin/pyenv
2025-12-17 11:19:09.357 [info] Discovered env: /root/.pyenv/versions/3.11.8/bin/python
2025-12-17 11:19:09.361 [info] Discovered env: /root/.pyenv/versions/3.10.13/bin/python
2025-12-17 11:19:09.361 [info] Discovered env: /root/.pyenv/versions/tf-env/bin/python
2025-12-17 11:19:09.362 [info] Discovered env: /home/pablo/code/vulndb-5g/.venv/bin/python
2025-12-17 11:19:09.368 [info] Discovered env: /bin/python
2025-12-17 11:19:09.372 [info] Discovered env: /bin/python2
2025-12-17 11:19:09.373 [info] Discovered env: /usr/bin/python
2025-12-17 11:19:09.377 [info] Discovered env: /usr/bin/python2
2025-12-17 11:19:09.381 [info] Locator Conda took 1.488351308s
2025-12-17 11:19:09.388 [info] Locator Homebrew took 18.431383ms
2025-12-17 11:19:09.388 [info] Locator LinuxGlobal took 1.617240314s
2025-12-17 11:19:09.389 [info] Locator PipEnv took 28.763µs
2025-12-17 11:19:09.389 [info] Locator Pixi took 46.35µs
2025-12-17 11:19:09.389 [info] Locator Poetry took 22.898687ms
2025-12-17 11:19:09.389 [info] Locator PyEnv took 377.647099ms
2025-12-17 11:19:09.389 [info] Locator Uv took 50.615µs
2025-12-17 11:19:09.389 [info] Locator Venv took 18.173µs
2025-12-17 11:19:09.389 [info] Locator VirtualEnv took 18.681µs
2025-12-17 11:19:09.389 [info] Locator VirtualEnvWrapper took 28.277µs
2025-12-17 11:19:09.389 [info] Locator GlobalVirtualEnvs took 135.273µs
2025-12-17 11:19:09.390 [info] Locator Locators took 1.621828945s
2025-12-17 11:19:09.390 [info] Locator Path took 1.916526014s
2025-12-17 11:19:09.390 [info] Locator Workspaces took 1.279121334s
2025-12-17 11:19:09.390 [info] Refresh completed in 1918ms
2025-12-17 11:19:09.393 [info] Resolved Python Environment /home/pablo/code/vulndb-5g/.venv/bin/python
2025-12-17 11:29:36.755 [info] Resolved Python Environment /home/pablo/code/vulndb-5g/.venv/bin/python
2025-12-17 11:30:08.825 [info] Resolved Python Environment /home/pablo/code/vulndb-5g/.venv/bin/python
