2025-12-16 10:58:07.636 [info] Native locator: Refresh started
2025-12-16 10:58:08.850 [info] > pyenv which python
2025-12-16 10:58:08.850 [info] cwd: .
2025-12-16 10:58:09.781 [info] Pyenv environment manager found at: /usr/bin/pyenv
2025-12-16 10:58:09.852 [info] Native locator: Refresh finished in 8513 ms
2025-12-16 10:58:09.860 [info] Python interpreter path: ./.venv/bin/python
2025-12-16 10:58:15.841 [info] Starting Pylance language server.
2025-12-16 10:59:15.942 [info] Send text to terminal: source /home/pablo/code/vulndb-5g/.venv/bin/activate
2025-12-16 12:18:34.256 [info] Send text to terminal: source /home/pablo/code/vulndb-5g/.venv/bin/activate
2025-12-16 12:23:13.119 [info] Send text to terminal: source /home/pablo/code/vulndb-5g/.venv/bin/activate
2025-12-16 12:26:35.609 [info] Send text to terminal: source /home/pablo/code/vulndb-5g/.venv/bin/activate
2025-12-16 13:09:46.333 [info] Send text to terminal: source /home/pablo/code/vulndb-5g/.venv/bin/activate
2025-12-16 13:14:05.451 [info] Send text to terminal: source /home/pablo/code/vulndb-5g/.venv/bin/activate
2025-12-16 13:33:21.479 [info] Send text to terminal: source /home/pablo/code/vulndb-5g/.venv/bin/activate
2025-12-16 13:35:17.520 [info] Send text to terminal: source /home/pablo/code/vulndb-5g/.venv/bin/activate
2025-12-16 13:37:20.153 [error] Unable to find workspace for given file
2025-12-16 13:40:12.876 [info] Send text to terminal: source /home/pablo/code/vulndb-5g/.venv/bin/activate
2025-12-16 13:40:36.414 [error] Unable to find workspace for given file
2025-12-16 13:40:37.019 [error] Unable to find workspace for given file
2025-12-16 13:51:36.209 [info] Send text to terminal: source /home/pablo/code/vulndb-5g/.venv/bin/activate
