2025-12-16 08:43:15.442 [info] Reading sessions from keychain...
2025-12-16 08:43:15.442 [info] Getting sessions for all scopes...
2025-12-16 08:43:15.442 [info] Got 0 sessions for ...
2025-12-16 08:43:15.442 [info] Getting sessions for all scopes...
2025-12-16 08:43:15.442 [info] Got 0 sessions for ...
2025-12-16 08:43:15.442 [info] Getting sessions for all scopes...
2025-12-16 08:43:15.442 [info] Got 0 sessions for ...
2025-12-16 08:43:15.442 [info] Getting sessions for all scopes...
2025-12-16 08:43:15.442 [info] Got 0 sessions for ...
2025-12-16 08:43:15.442 [info] Getting sessions for all scopes...
2025-12-16 08:43:15.442 [info] Got 0 sessions for ...
2025-12-16 08:43:15.442 [info] Getting sessions for all scopes...
2025-12-16 08:43:15.442 [info] Got 0 sessions for ...
2025-12-16 08:43:15.442 [info] Getting sessions for all scopes...
2025-12-16 08:43:15.442 [info] Got 0 sessions for ...
2025-12-16 08:43:15.442 [info] Getting sessions for all scopes...
2025-12-16 08:43:15.442 [info] Got 0 sessions for ...
2025-12-16 08:43:15.442 [info] Getting sessions for all scopes...
2025-12-16 08:43:15.442 [info] Got 0 sessions for ...
2025-12-16 08:43:15.442 [info] Getting sessions for all scopes...
2025-12-16 08:43:15.442 [info] Got 0 sessions for ...
2025-12-16 08:43:15.442 [info] Getting sessions for all scopes...
2025-12-16 08:43:15.442 [info] Got 0 sessions for ...
2025-12-16 08:43:15.442 [info] Getting sessions for all scopes...
2025-12-16 08:43:15.442 [info] Got 0 sessions for ...
2025-12-16 08:43:15.442 [info] Getting sessions for all scopes...
2025-12-16 08:43:15.442 [info] Got 0 sessions for ...
2025-12-16 08:43:15.442 [info] Getting sessions for all scopes...
2025-12-16 08:43:15.443 [info] Got 0 sessions for ...
2025-12-16 08:43:15.443 [info] Getting sessions for all scopes...
2025-12-16 08:43:15.443 [info] Got 0 sessions for ...
2025-12-16 08:43:15.443 [info] Getting sessions for all scopes...
2025-12-16 08:43:15.443 [info] Got 0 sessions for ...
2025-12-16 08:43:15.443 [info] Getting sessions for all scopes...
2025-12-16 08:43:15.443 [info] Got 0 sessions for ...
2025-12-16 08:43:15.443 [info] Getting sessions for all scopes...
2025-12-16 08:43:15.443 [info] Got 0 sessions for ...
2025-12-16 08:43:15.443 [info] Getting sessions for user:email...
2025-12-16 08:43:15.443 [info] Got 0 sessions for user:email...
2025-12-16 08:43:15.443 [info] Getting sessions for read:user,repo,user:email,workflow...
2025-12-16 08:43:15.443 [info] Got 0 sessions for read:user,repo,user:email,workflow...
2025-12-16 08:43:18.050 [info] Getting sessions for all scopes...
2025-12-16 08:43:18.050 [info] Got 0 sessions for ...
2025-12-16 08:43:18.053 [info] Getting sessions for all scopes...
2025-12-16 08:43:18.054 [info] Got 0 sessions for ...
2025-12-16 08:43:18.054 [info] Getting sessions for all scopes...
2025-12-16 08:43:18.054 [info] Got 0 sessions for ...
2025-12-16 08:43:20.079 [info] Getting sessions for user:email...
2025-12-16 08:43:20.079 [info] Got 0 sessions for user:email...
2025-12-16 08:43:20.080 [info] Getting sessions for read:user,repo,user:email,workflow...
2025-12-16 08:43:20.080 [info] Got 0 sessions for read:user,repo,user:email,workflow...
2025-12-16 08:43:21.543 [info] Getting sessions for all scopes...
2025-12-16 08:43:21.543 [info] Got 0 sessions for ...
2025-12-16 08:43:21.704 [info] Getting sessions for user:email...
2025-12-16 08:43:21.704 [info] Got 0 sessions for user:email...
2025-12-16 08:43:22.100 [info] Getting sessions for all scopes...
2025-12-16 08:43:22.101 [info] Got 0 sessions for ...
2025-12-16 08:43:22.264 [info] Getting sessions for all scopes...
2025-12-16 08:43:22.264 [info] Got 0 sessions for ...
2025-12-16 08:43:22.265 [info] Getting sessions for all scopes...
2025-12-16 08:43:22.265 [info] Got 0 sessions for ...
2025-12-16 08:43:25.587 [info] Getting sessions for read:user,repo,user:email,workflow...
2025-12-16 08:43:25.587 [info] Got 0 sessions for read:user,repo,user:email,workflow...
2025-12-16 08:43:27.323 [info] Getting sessions for read:user,repo,user:email,workflow...
2025-12-16 08:43:27.323 [info] Got 0 sessions for read:user,repo,user:email,workflow...
2025-12-16 08:57:13.292 [info] Getting sessions for all scopes...
2025-12-16 08:57:13.293 [info] Got 0 sessions for ...
2025-12-16 08:57:13.323 [info] Getting sessions for user:email...
2025-12-16 08:57:13.323 [info] Got 0 sessions for user:email...
2025-12-16 08:57:13.363 [info] Getting sessions for all scopes...
2025-12-16 08:57:13.363 [info] Got 0 sessions for ...
2025-12-16 08:57:13.390 [info] Getting sessions for all scopes...
2025-12-16 08:57:13.390 [info] Got 0 sessions for ...
2025-12-16 08:57:18.280 [info] Getting sessions for all scopes...
2025-12-16 08:57:18.280 [info] Got 0 sessions for ...
2025-12-16 08:57:18.285 [info] Getting sessions for user:email...
2025-12-16 08:57:18.286 [info] Got 0 sessions for user:email...
2025-12-16 08:57:21.277 [info] Getting sessions for all scopes...
2025-12-16 08:57:21.277 [info] Got 0 sessions for ...
2025-12-16 08:57:21.295 [info] Getting sessions for user:email...
2025-12-16 08:57:21.295 [info] Got 0 sessions for user:email...
2025-12-16 08:57:26.308 [info] Getting sessions for all scopes...
2025-12-16 08:57:26.308 [info] Got 0 sessions for ...
2025-12-16 08:57:26.335 [info] Getting sessions for user:email...
2025-12-16 08:57:26.336 [info] Got 0 sessions for user:email...
2025-12-16 08:57:30.105 [info] Getting sessions for all scopes...
2025-12-16 08:57:30.105 [info] Got 0 sessions for ...
2025-12-16 08:57:30.125 [info] Getting sessions for user:email...
2025-12-16 08:57:30.125 [info] Got 0 sessions for user:email...
2025-12-16 08:57:30.241 [info] Getting sessions for all scopes...
2025-12-16 08:57:30.242 [info] Got 0 sessions for ...
2025-12-16 08:57:30.246 [info] Getting sessions for user:email...
2025-12-16 08:57:30.246 [info] Got 0 sessions for user:email...
2025-12-16 08:57:35.223 [info] Getting sessions for all scopes...
2025-12-16 08:57:35.223 [info] Got 0 sessions for ...
2025-12-16 08:57:35.227 [info] Getting sessions for user:email...
2025-12-16 08:57:35.227 [info] Got 0 sessions for user:email...
2025-12-16 08:57:40.903 [info] Getting sessions for all scopes...
2025-12-16 08:57:40.903 [info] Got 0 sessions for ...
2025-12-16 08:57:40.990 [info] Getting sessions for user:email...
2025-12-16 08:57:40.990 [info] Got 0 sessions for user:email...
2025-12-16 08:57:45.660 [info] Getting sessions for all scopes...
2025-12-16 08:57:45.660 [info] Got 0 sessions for ...
2025-12-16 08:57:45.685 [info] Getting sessions for user:email...
2025-12-16 08:57:45.687 [info] Got 0 sessions for user:email...
2025-12-16 08:58:15.128 [info] Getting sessions for all scopes...
2025-12-16 08:58:15.128 [info] Got 0 sessions for ...
2025-12-16 08:58:15.131 [info] Getting sessions for user:email...
2025-12-16 08:58:15.131 [info] Got 0 sessions for user:email...
2025-12-16 08:58:20.055 [info] Getting sessions for all scopes...
2025-12-16 08:58:20.057 [info] Got 0 sessions for ...
2025-12-16 08:58:20.072 [info] Getting sessions for user:email...
2025-12-16 08:58:20.072 [info] Got 0 sessions for user:email...
2025-12-16 08:58:42.711 [info] Getting sessions for all scopes...
2025-12-16 08:58:42.711 [info] Got 0 sessions for ...
2025-12-16 08:58:42.731 [info] Getting sessions for user:email...
2025-12-16 08:58:42.731 [info] Got 0 sessions for user:email...
2025-12-16 08:58:43.803 [info] Getting sessions for all scopes...
2025-12-16 08:58:43.803 [info] Got 0 sessions for ...
2025-12-16 08:58:43.812 [info] Getting sessions for user:email...
2025-12-16 08:58:43.812 [info] Got 0 sessions for user:email...
2025-12-16 08:58:48.799 [info] Getting sessions for all scopes...
2025-12-16 08:58:48.799 [info] Got 0 sessions for ...
2025-12-16 08:58:48.814 [info] Getting sessions for user:email...
2025-12-16 08:58:48.814 [info] Got 0 sessions for user:email...
2025-12-16 08:58:58.876 [info] Getting sessions for all scopes...
2025-12-16 08:58:58.878 [info] Got 0 sessions for ...
2025-12-16 08:58:58.937 [info] Getting sessions for user:email...
2025-12-16 08:58:58.942 [info] Got 0 sessions for user:email...
2025-12-16 08:59:03.119 [info] Getting sessions for all scopes...
2025-12-16 08:59:03.119 [info] Got 0 sessions for ...
2025-12-16 08:59:03.166 [info] Getting sessions for user:email...
2025-12-16 08:59:03.167 [info] Got 0 sessions for user:email...
2025-12-16 08:59:07.794 [info] Getting sessions for all scopes...
2025-12-16 08:59:07.794 [info] Got 0 sessions for ...
2025-12-16 08:59:07.804 [info] Getting sessions for user:email...
2025-12-16 08:59:07.804 [info] Got 0 sessions for user:email...
2025-12-16 08:59:21.857 [info] Getting sessions for all scopes...
2025-12-16 08:59:21.858 [info] Got 0 sessions for ...
2025-12-16 08:59:21.885 [info] Getting sessions for user:email...
2025-12-16 08:59:21.885 [info] Got 0 sessions for user:email...
2025-12-16 08:59:26.814 [info] Getting sessions for all scopes...
2025-12-16 08:59:26.814 [info] Got 0 sessions for ...
2025-12-16 08:59:26.832 [info] Getting sessions for user:email...
2025-12-16 08:59:26.832 [info] Got 0 sessions for user:email...
2025-12-16 08:59:59.088 [info] Getting sessions for all scopes...
2025-12-16 08:59:59.088 [info] Got 0 sessions for ...
2025-12-16 08:59:59.099 [info] Getting sessions for user:email...
2025-12-16 08:59:59.099 [info] Got 0 sessions for user:email...
2025-12-16 09:00:04.075 [info] Getting sessions for all scopes...
2025-12-16 09:00:04.075 [info] Got 0 sessions for ...
2025-12-16 09:00:04.083 [info] Getting sessions for user:email...
2025-12-16 09:00:04.084 [info] Got 0 sessions for user:email...
2025-12-16 09:01:24.469 [info] Getting sessions for all scopes...
2025-12-16 09:01:24.470 [info] Got 0 sessions for ...
2025-12-16 09:01:24.496 [info] Getting sessions for user:email...
2025-12-16 09:01:24.497 [info] Got 0 sessions for user:email...
2025-12-16 09:01:29.461 [info] Getting sessions for all scopes...
2025-12-16 09:01:29.461 [info] Got 0 sessions for ...
2025-12-16 09:01:29.467 [info] Getting sessions for user:email...
2025-12-16 09:01:29.467 [info] Got 0 sessions for user:email...
2025-12-16 09:07:47.671 [info] Getting sessions for all scopes...
2025-12-16 09:07:47.674 [info] Got 0 sessions for ...
2025-12-16 09:07:53.825 [info] Getting sessions for user:email...
2025-12-16 09:07:53.828 [info] Got 0 sessions for user:email...
2025-12-16 09:18:29.031 [info] Getting sessions for all scopes...
2025-12-16 09:18:29.034 [info] Got 0 sessions for ...
2025-12-16 09:18:29.036 [info] Getting sessions for user:email...
2025-12-16 09:18:29.037 [info] Got 0 sessions for user:email...
2025-12-16 09:18:29.118 [info] Getting sessions for all scopes...
2025-12-16 09:18:29.119 [info] Got 0 sessions for ...
2025-12-16 09:18:29.121 [info] Getting sessions for user:email...
2025-12-16 09:18:29.121 [info] Got 0 sessions for user:email...
2025-12-16 09:18:30.567 [info] Getting sessions for all scopes...
2025-12-16 09:18:30.567 [info] Got 0 sessions for ...
2025-12-16 09:18:30.570 [info] Getting sessions for user:email...
2025-12-16 09:18:30.570 [info] Got 0 sessions for user:email...
2025-12-16 09:18:33.801 [info] Getting sessions for all scopes...
2025-12-16 09:18:33.802 [info] Got 0 sessions for ...
2025-12-16 09:18:33.833 [info] Getting sessions for user:email...
2025-12-16 09:18:33.834 [info] Got 0 sessions for user:email...
2025-12-16 09:18:34.081 [info] Getting sessions for all scopes...
2025-12-16 09:18:34.081 [info] Got 0 sessions for ...
2025-12-16 09:18:34.087 [info] Getting sessions for user:email...
2025-12-16 09:18:34.087 [info] Got 0 sessions for user:email...
2025-12-16 09:18:34.249 [info] Getting sessions for all scopes...
2025-12-16 09:18:34.249 [info] Got 0 sessions for ...
2025-12-16 09:18:34.288 [info] Getting sessions for user:email...
2025-12-16 09:18:34.289 [info] Got 0 sessions for user:email...
2025-12-16 09:18:39.287 [info] Getting sessions for all scopes...
2025-12-16 09:18:39.290 [info] Got 0 sessions for ...
2025-12-16 09:18:39.297 [info] Getting sessions for user:email...
2025-12-16 09:18:39.298 [info] Got 0 sessions for user:email...
2025-12-16 09:19:55.722 [info] Getting sessions for all scopes...
2025-12-16 09:19:55.722 [info] Got 0 sessions for ...
2025-12-16 09:19:55.724 [info] Getting sessions for user:email...
2025-12-16 09:19:55.724 [info] Got 0 sessions for user:email...
2025-12-16 09:19:56.018 [info] Getting sessions for all scopes...
2025-12-16 09:19:56.018 [info] Got 0 sessions for ...
2025-12-16 09:19:56.044 [info] Getting sessions for user:email...
2025-12-16 09:19:56.044 [info] Got 0 sessions for user:email...
2025-12-16 09:19:56.898 [info] Getting sessions for all scopes...
2025-12-16 09:19:56.898 [info] Got 0 sessions for ...
2025-12-16 09:19:56.903 [info] Getting sessions for user:email...
2025-12-16 09:19:56.903 [info] Got 0 sessions for user:email...
2025-12-16 09:20:01.901 [info] Getting sessions for all scopes...
2025-12-16 09:20:01.901 [info] Got 0 sessions for ...
2025-12-16 09:20:01.904 [info] Getting sessions for user:email...
2025-12-16 09:20:01.904 [info] Got 0 sessions for user:email...
2025-12-16 09:20:07.171 [info] Getting sessions for all scopes...
2025-12-16 09:20:07.171 [info] Got 0 sessions for ...
2025-12-16 09:20:07.173 [info] Getting sessions for user:email...
2025-12-16 09:20:07.173 [info] Got 0 sessions for user:email...
2025-12-16 09:20:07.528 [info] Getting sessions for all scopes...
2025-12-16 09:20:07.529 [info] Got 0 sessions for ...
2025-12-16 09:20:07.530 [info] Getting sessions for user:email...
2025-12-16 09:20:07.530 [info] Got 0 sessions for user:email...
2025-12-16 09:20:07.640 [info] Getting sessions for all scopes...
2025-12-16 09:20:07.640 [info] Got 0 sessions for ...
2025-12-16 09:20:07.647 [info] Getting sessions for user:email...
2025-12-16 09:20:07.647 [info] Got 0 sessions for user:email...
2025-12-16 09:20:12.642 [info] Getting sessions for all scopes...
2025-12-16 09:20:12.642 [info] Got 0 sessions for ...
2025-12-16 09:20:12.645 [info] Getting sessions for user:email...
2025-12-16 09:20:12.645 [info] Got 0 sessions for user:email...
2025-12-16 09:20:14.123 [info] Getting sessions for all scopes...
2025-12-16 09:20:14.123 [info] Got 0 sessions for ...
2025-12-16 09:20:14.144 [info] Getting sessions for user:email...
2025-12-16 09:20:14.144 [info] Got 0 sessions for user:email...
2025-12-16 09:20:14.519 [info] Getting sessions for all scopes...
2025-12-16 09:20:14.519 [info] Got 0 sessions for ...
2025-12-16 09:20:14.521 [info] Getting sessions for user:email...
2025-12-16 09:20:14.521 [info] Got 0 sessions for user:email...
2025-12-16 09:20:14.905 [info] Getting sessions for all scopes...
2025-12-16 09:20:14.905 [info] Got 0 sessions for ...
2025-12-16 09:20:14.907 [info] Getting sessions for user:email...
2025-12-16 09:20:14.907 [info] Got 0 sessions for user:email...
2025-12-16 09:20:19.911 [info] Getting sessions for all scopes...
2025-12-16 09:20:19.912 [info] Got 0 sessions for ...
2025-12-16 09:20:19.915 [info] Getting sessions for user:email...
2025-12-16 09:20:19.915 [info] Got 0 sessions for user:email...
2025-12-16 09:36:24.790 [info] Getting sessions for all scopes...
2025-12-16 09:36:24.791 [info] Got 0 sessions for ...
2025-12-16 09:36:24.794 [info] Getting sessions for user:email...
2025-12-16 09:36:24.794 [info] Got 0 sessions for user:email...
2025-12-16 09:36:29.761 [info] Getting sessions for all scopes...
2025-12-16 09:36:29.761 [info] Got 0 sessions for ...
2025-12-16 09:36:29.763 [info] Getting sessions for user:email...
2025-12-16 09:36:29.763 [info] Got 0 sessions for user:email...
2025-12-16 09:39:23.276 [info] Getting sessions for all scopes...
2025-12-16 09:39:23.276 [info] Got 0 sessions for ...
2025-12-16 09:39:23.284 [info] Getting sessions for user:email...
2025-12-16 09:39:23.284 [info] Got 0 sessions for user:email...
2025-12-16 09:39:23.418 [info] Getting sessions for all scopes...
2025-12-16 09:39:23.418 [info] Got 0 sessions for ...
2025-12-16 09:39:23.423 [info] Getting sessions for user:email...
2025-12-16 09:39:23.423 [info] Got 0 sessions for user:email...
2025-12-16 09:39:28.420 [info] Getting sessions for all scopes...
2025-12-16 09:39:28.420 [info] Got 0 sessions for ...
2025-12-16 09:39:28.425 [info] Getting sessions for user:email...
2025-12-16 09:39:28.426 [info] Got 0 sessions for user:email...
2025-12-16 09:40:44.017 [info] Getting sessions for all scopes...
2025-12-16 09:40:44.018 [info] Got 0 sessions for ...
2025-12-16 09:40:44.029 [info] Getting sessions for user:email...
2025-12-16 09:40:44.029 [info] Got 0 sessions for user:email...
2025-12-16 09:40:48.920 [info] Getting sessions for all scopes...
2025-12-16 09:40:48.920 [info] Got 0 sessions for ...
2025-12-16 09:40:48.932 [info] Getting sessions for user:email...
2025-12-16 09:40:48.932 [info] Got 0 sessions for user:email...
2025-12-16 09:40:53.165 [info] Getting sessions for all scopes...
2025-12-16 09:40:53.166 [info] Got 0 sessions for ...
2025-12-16 09:40:53.172 [info] Getting sessions for user:email...
2025-12-16 09:40:53.173 [info] Got 0 sessions for user:email...
2025-12-16 09:40:58.178 [info] Getting sessions for all scopes...
2025-12-16 09:40:58.178 [info] Got 0 sessions for ...
2025-12-16 09:40:58.191 [info] Getting sessions for user:email...
2025-12-16 09:40:58.191 [info] Got 0 sessions for user:email...
2025-12-16 09:41:10.436 [info] Getting sessions for all scopes...
2025-12-16 09:41:10.436 [info] Got 0 sessions for ...
2025-12-16 09:41:10.452 [info] Getting sessions for user:email...
2025-12-16 09:41:10.452 [info] Got 0 sessions for user:email...
2025-12-16 09:41:15.372 [info] Getting sessions for all scopes...
2025-12-16 09:41:15.375 [info] Got 0 sessions for ...
2025-12-16 09:41:15.389 [info] Getting sessions for user:email...
2025-12-16 09:41:15.389 [info] Got 0 sessions for user:email...
2025-12-16 09:42:34.850 [info] Getting sessions for all scopes...
2025-12-16 09:42:34.854 [info] Got 0 sessions for ...
2025-12-16 09:42:34.998 [info] Getting sessions for user:email...
2025-12-16 09:42:35.050 [info] Got 0 sessions for user:email...
2025-12-16 09:42:39.824 [info] Getting sessions for all scopes...
2025-12-16 09:42:39.824 [info] Got 0 sessions for ...
2025-12-16 09:42:39.829 [info] Getting sessions for user:email...
2025-12-16 09:42:39.829 [info] Got 0 sessions for user:email...
2025-12-16 09:45:40.755 [info] Getting sessions for all scopes...
2025-12-16 09:45:40.800 [info] Got 0 sessions for ...
2025-12-16 09:45:40.958 [info] Getting sessions for user:email...
2025-12-16 09:45:40.958 [info] Got 0 sessions for user:email...
2025-12-16 09:45:45.648 [info] Getting sessions for all scopes...
2025-12-16 09:45:45.648 [info] Got 0 sessions for ...
2025-12-16 09:45:45.652 [info] Getting sessions for user:email...
2025-12-16 09:45:45.652 [info] Got 0 sessions for user:email...
2025-12-16 09:54:26.136 [info] Getting sessions for all scopes...
2025-12-16 09:54:26.143 [info] Got 0 sessions for ...
2025-12-16 09:54:26.209 [info] Getting sessions for user:email...
2025-12-16 09:54:26.209 [info] Got 0 sessions for user:email...
2025-12-16 09:54:27.414 [info] Getting sessions for all scopes...
2025-12-16 09:54:27.414 [info] Got 0 sessions for ...
2025-12-16 09:54:27.481 [info] Getting sessions for user:email...
2025-12-16 09:54:27.481 [info] Got 0 sessions for user:email...
2025-12-16 09:54:32.331 [info] Getting sessions for all scopes...
2025-12-16 09:54:32.336 [info] Got 0 sessions for ...
2025-12-16 09:54:32.492 [info] Getting sessions for user:email...
2025-12-16 09:54:32.492 [info] Got 0 sessions for user:email...
2025-12-16 09:57:35.041 [info] Getting sessions for all scopes...
2025-12-16 09:57:35.041 [info] Got 0 sessions for ...
2025-12-16 09:57:35.045 [info] Getting sessions for user:email...
2025-12-16 09:57:35.045 [info] Got 0 sessions for user:email...
2025-12-16 09:57:40.028 [info] Getting sessions for all scopes...
2025-12-16 09:57:40.028 [info] Got 0 sessions for ...
2025-12-16 09:57:40.029 [info] Getting sessions for user:email...
2025-12-16 09:57:40.029 [info] Got 0 sessions for user:email...
2025-12-16 10:07:30.014 [info] Getting sessions for all scopes...
2025-12-16 10:07:30.017 [info] Got 0 sessions for ...
2025-12-16 10:07:30.038 [info] Getting sessions for user:email...
2025-12-16 10:07:30.038 [info] Got 0 sessions for user:email...
2025-12-16 10:07:35.199 [info] Getting sessions for all scopes...
2025-12-16 10:07:35.228 [info] Got 0 sessions for ...
2025-12-16 10:07:35.508 [info] Getting sessions for user:email...
2025-12-16 10:07:35.508 [info] Got 0 sessions for user:email...
