2025-12-15 12:01:51.495 [info] [main] Log level: Info
2025-12-15 12:01:51.496 [info] [main] Validating found git in: "git"
2025-12-15 12:01:51.496 [info] [main] Using git "2.51.0" from "git"
2025-12-15 12:01:51.496 [info] [Model][doInitialScan] Initial repository scan started
2025-12-15 12:01:51.496 [info] > git rev-parse --show-toplevel [84ms]
2025-12-15 12:01:51.496 [info] fatal: not a git repository (or any of the parent directories): .git
2025-12-15 12:01:51.652 [info] > git rev-parse --show-toplevel [44ms]
2025-12-15 12:01:51.652 [info] fatal: not a git repository (or any of the parent directories): .git
2025-12-15 12:01:51.803 [info] > git rev-parse --show-toplevel [76ms]
2025-12-15 12:01:51.805 [info] fatal: not a git repository (or any of the parent directories): .git
2025-12-15 12:01:51.844 [info] > git rev-parse --show-toplevel [16ms]
2025-12-15 12:01:51.844 [info] fatal: not a git repository (or any of the parent directories): .git
2025-12-15 12:01:52.003 [info] > git rev-parse --show-toplevel [140ms]
2025-12-15 12:01:52.004 [info] fatal: not a git repository (or any of the parent directories): .git
2025-12-15 12:01:52.189 [info] > git rev-parse --show-toplevel [141ms]
2025-12-15 12:01:52.189 [info] fatal: not a git repository (or any of the parent directories): .git
2025-12-15 12:01:52.236 [info] > git rev-parse --show-toplevel [33ms]
2025-12-15 12:01:52.400 [info] > git rev-parse --git-dir --git-common-dir --show-superproject-working-tree [50ms]
2025-12-15 12:01:52.430 [info] [Model][openRepository] Opened repository (path): /home/pablo/code/vulndb-5g/docker_open5gs
2025-12-15 12:01:52.430 [info] [Model][openRepository] Opened repository (real path): /home/pablo/code/vulndb-5g/docker_open5gs
2025-12-15 12:01:52.430 [info] [Model][openRepository] Opened repository (kind): repository
2025-12-15 12:01:52.467 [info] > git rev-parse --show-toplevel [6ms]
2025-12-15 12:01:52.467 [info] fatal: not a git repository (or any of the parent directories): .git
2025-12-15 12:01:52.468 [info] > git config --get commit.template [28ms]
2025-12-15 12:01:52.515 [info] > git rev-parse --show-toplevel [31ms]
2025-12-15 12:01:52.515 [info] fatal: not a git repository (or any of the parent directories): .git
2025-12-15 12:01:52.828 [info] > git for-each-ref --format=%(refname)%00%(upstream:short)%00%(objectname)%00%(upstream:track)%00%(upstream:remotename)%00%(upstream:remoteref) refs/heads/master refs/remotes/master [322ms]
2025-12-15 12:01:52.875 [warning] [Git][revParse] Unable to read file: ENOENT: no such file or directory, open '/home/pablo/code/vulndb-5g/docker_open5gs/.git/refs/remotes/origin/master'
2025-12-15 12:01:52.880 [info] > git rev-parse --show-toplevel [276ms]
2025-12-15 12:01:52.880 [info] fatal: not a git repository (or any of the parent directories): .git
2025-12-15 12:01:52.900 [info] [Model][doInitialScan] Initial repository scan completed - repositories (1), closed repositories (0), parent repositories (0), unsafe repositories (0)
2025-12-15 12:01:53.398 [info] > git rev-parse refs/remotes/origin/master [523ms]
2025-12-15 12:01:53.583 [info] > git check-ignore -v -z --stdin [120ms]
2025-12-15 12:01:53.587 [info] > git for-each-ref --sort -committerdate --format %(refname)%00%(objectname)%00%(*objectname) [159ms]
2025-12-15 12:01:53.591 [info] > git rev-parse --show-toplevel [664ms]
2025-12-15 12:01:53.592 [info] fatal: not a git repository (or any of the parent directories): .git
2025-12-15 12:01:53.623 [info] > git rev-parse --show-toplevel [11ms]
2025-12-15 12:01:53.623 [info] fatal: not a git repository (or any of the parent directories): .git
2025-12-15 12:01:53.663 [info] > git rev-parse --show-toplevel [17ms]
2025-12-15 12:01:53.663 [info] fatal: not a git repository (or any of the parent directories): .git
2025-12-15 12:01:53.694 [info] > git status -z -uall [287ms]
2025-12-15 12:01:54.511 [info] > git for-each-ref --format=%(refname)%00%(upstream:short)%00%(objectname)%00%(upstream:track)%00%(upstream:remotename)%00%(upstream:remoteref) refs/heads/master refs/remotes/master [778ms]
2025-12-15 12:01:54.547 [info] > git config --get --local branch.master.vscode-merge-base [17ms]
2025-12-15 12:01:54.558 [info] > git config --get commit.template [54ms]
2025-12-15 12:01:54.582 [info] > git for-each-ref --format=%(refname)%00%(upstream:short)%00%(objectname)%00%(upstream:track)%00%(upstream:remotename)%00%(upstream:remoteref) refs/heads/origin/master refs/remotes/origin/master [25ms]
2025-12-15 12:01:54.605 [info] > git for-each-ref --format=%(refname)%00%(upstream:short)%00%(objectname)%00%(upstream:track)%00%(upstream:remotename)%00%(upstream:remoteref) refs/heads/master refs/remotes/master [25ms]
2025-12-15 12:01:54.618 [warning] [Git][revParse] Unable to read file: ENOENT: no such file or directory, open '/home/pablo/code/vulndb-5g/docker_open5gs/.git/refs/remotes/origin/master'
2025-12-15 12:01:54.630 [info] > git rev-parse refs/remotes/origin/master [12ms]
2025-12-15 12:01:54.654 [info] > git merge-base refs/heads/master refs/remotes/origin/master [53ms]
2025-12-15 12:01:54.703 [info] > git status -z -uall [64ms]
2025-12-15 12:01:54.703 [info] > git for-each-ref --sort -committerdate --format %(refname)%00%(objectname)%00%(*objectname) [50ms]
2025-12-15 12:01:54.857 [info] > git merge-base refs/heads/master refs/remotes/origin/master [130ms]
2025-12-15 12:01:54.878 [info] > git diff --name-status -z --diff-filter=ADMR --find-renames=50% 6531237ee9fcbcf3dac9007b676d86926f88dedb...refs/remotes/origin/master -- [205ms]
2025-12-15 12:01:54.965 [info] > git diff --name-status -z --diff-filter=ADMR --find-renames=50% 6531237ee9fcbcf3dac9007b676d86926f88dedb...refs/remotes/origin/master -- [87ms]
2025-12-15 12:02:28.311 [info] > git rev-parse --show-toplevel [23ms]
2025-12-15 12:02:28.312 [info] fatal: not a git repository (or any of the parent directories): .git
2025-12-15 12:04:09.022 [info] > git rev-parse --show-toplevel [7ms]
2025-12-15 12:04:09.022 [info] fatal: not a git repository (or any of the parent directories): .git
2025-12-15 12:04:20.395 [info] > git rev-parse --show-toplevel [3ms]
2025-12-15 12:04:20.397 [info] fatal: not a git repository (or any of the parent directories): .git
2025-12-15 12:06:10.462 [info] > git rev-parse --show-toplevel [21ms]
2025-12-15 12:06:10.462 [info] fatal: not a git repository (or any of the parent directories): .git
2025-12-15 12:06:24.711 [info] > git rev-parse --show-toplevel [13ms]
2025-12-15 12:06:24.712 [info] fatal: not a git repository (or any of the parent directories): .git
2025-12-15 12:07:30.362 [info] > git rev-parse --show-toplevel [17ms]
2025-12-15 12:07:30.362 [info] fatal: not a git repository (or any of the parent directories): .git
2025-12-15 12:08:07.769 [info] > git rev-parse --show-toplevel [11ms]
2025-12-15 12:08:07.769 [info] fatal: not a git repository (or any of the parent directories): .git
2025-12-15 12:08:46.581 [info] > git rev-parse --show-toplevel [22ms]
2025-12-15 12:08:46.581 [info] fatal: not a git repository (or any of the parent directories): .git
2025-12-15 12:08:48.607 [info] > git rev-parse --show-toplevel [6ms]
2025-12-15 12:08:48.607 [info] fatal: not a git repository (or any of the parent directories): .git
2025-12-15 12:08:53.426 [info] > git rev-parse --show-toplevel [5ms]
2025-12-15 12:08:53.426 [info] fatal: not a git repository (or any of the parent directories): .git
2025-12-15 12:08:56.223 [info] > git rev-parse --show-toplevel [14ms]
2025-12-15 12:08:56.223 [info] fatal: not a git repository (or any of the parent directories): .git
2025-12-15 12:08:56.890 [info] > git rev-parse --show-toplevel [15ms]
2025-12-15 12:08:56.890 [info] fatal: not a git repository (or any of the parent directories): .git
2025-12-15 12:10:36.276 [info] > git rev-parse --show-toplevel [13ms]
2025-12-15 12:10:36.276 [info] fatal: not a git repository (or any of the parent directories): .git
2025-12-15 12:10:42.195 [info] > git rev-parse --show-toplevel [7ms]
2025-12-15 12:10:42.195 [info] fatal: not a git repository (or any of the parent directories): .git
2025-12-15 12:10:47.900 [info] > git rev-parse --show-toplevel [5ms]
2025-12-15 12:10:47.900 [info] fatal: not a git repository (or any of the parent directories): .git
2025-12-15 12:48:46.997 [info] > git rev-parse --show-toplevel [13ms]
2025-12-15 12:48:47.000 [info] fatal: not a git repository (or any of the parent directories): .git
2025-12-15 12:50:56.883 [info] > git rev-parse --show-toplevel [8ms]
2025-12-15 12:50:56.883 [info] fatal: not a git repository (or any of the parent directories): .git
2025-12-15 12:51:03.235 [info] > git rev-parse --show-toplevel [27ms]
2025-12-15 12:51:03.236 [info] fatal: not a git repository (or any of the parent directories): .git
2025-12-15 12:51:30.992 [info] > git rev-parse --show-toplevel [7ms]
2025-12-15 12:51:30.992 [info] fatal: not a git repository (or any of the parent directories): .git
2025-12-15 12:51:44.840 [info] > git rev-parse --show-toplevel [5ms]
2025-12-15 12:51:44.840 [info] fatal: not a git repository (or any of the parent directories): .git
2025-12-15 12:51:58.012 [info] > git rev-parse --show-toplevel [15ms]
2025-12-15 12:51:58.012 [info] fatal: not a git repository (or any of the parent directories): .git
2025-12-15 12:51:58.851 [info] > git rev-parse --show-toplevel [16ms]
2025-12-15 12:51:58.851 [info] fatal: not a git repository (or any of the parent directories): .git
2025-12-15 12:52:08.415 [info] > git rev-parse --show-toplevel [16ms]
2025-12-15 12:52:08.415 [info] fatal: not a git repository (or any of the parent directories): .git
2025-12-15 12:52:17.227 [info] > git rev-parse --show-toplevel [6ms]
2025-12-15 12:52:17.227 [info] fatal: not a git repository (or any of the parent directories): .git
2025-12-15 12:52:36.935 [info] > git rev-parse --show-toplevel [8ms]
2025-12-15 12:52:36.935 [info] fatal: not a git repository (or any of the parent directories): .git
2025-12-15 12:52:49.884 [info] > git rev-parse --show-toplevel [45ms]
2025-12-15 12:52:49.884 [info] fatal: not a git repository (or any of the parent directories): .git
2025-12-15 12:55:33.896 [info] > git rev-parse --show-toplevel [55ms]
2025-12-15 12:55:33.896 [info] fatal: not a git repository (or any of the parent directories): .git
2025-12-15 12:55:35.180 [info] > git rev-parse --show-toplevel [1ms]
2025-12-15 12:55:35.180 [info] fatal: not a git repository (or any of the parent directories): .git
2025-12-15 12:55:37.592 [info] > git rev-parse --show-toplevel [12ms]
2025-12-15 12:55:37.593 [info] fatal: not a git repository (or any of the parent directories): .git
2025-12-15 12:55:42.570 [info] > git rev-parse --show-toplevel [14ms]
2025-12-15 12:55:42.570 [info] fatal: not a git repository (or any of the parent directories): .git
2025-12-15 12:55:43.818 [info] > git rev-parse --show-toplevel [14ms]
2025-12-15 12:55:43.822 [info] fatal: not a git repository (or any of the parent directories): .git
2025-12-15 12:55:48.549 [info] > git rev-parse --show-toplevel [6ms]
2025-12-15 12:55:48.549 [info] fatal: not a git repository (or any of the parent directories): .git
2025-12-15 12:55:49.516 [info] > git rev-parse --show-toplevel [16ms]
2025-12-15 12:55:49.517 [info] fatal: not a git repository (or any of the parent directories): .git
2025-12-15 12:55:50.700 [info] > git rev-parse --show-toplevel [133ms]
2025-12-15 12:55:50.701 [info] fatal: not a git repository (or any of the parent directories): .git
2025-12-15 12:55:52.429 [info] > git rev-parse --show-toplevel [19ms]
2025-12-15 12:55:52.429 [info] fatal: not a git repository (or any of the parent directories): .git
2025-12-15 12:56:17.718 [info] > git rev-parse --show-toplevel [7ms]
2025-12-15 12:56:17.718 [info] fatal: not a git repository (or any of the parent directories): .git
2025-12-15 12:57:13.164 [info] > git rev-parse --show-toplevel [2ms]
2025-12-15 12:57:13.164 [info] fatal: not a git repository (or any of the parent directories): .git
2025-12-15 12:57:25.366 [info] > git rev-parse --show-toplevel [22ms]
2025-12-15 12:57:25.367 [info] fatal: not a git repository (or any of the parent directories): .git
2025-12-15 12:57:27.769 [info] > git rev-parse --show-toplevel [4ms]
2025-12-15 12:57:27.770 [info] fatal: not a git repository (or any of the parent directories): .git
2025-12-15 12:57:35.937 [info] > git rev-parse --show-toplevel [6ms]
2025-12-15 12:57:35.938 [info] fatal: not a git repository (or any of the parent directories): .git
2025-12-15 13:07:11.402 [info] > git rev-parse --show-toplevel [17ms]
2025-12-15 13:07:11.404 [info] fatal: not a git repository (or any of the parent directories): .git
2025-12-15 13:07:20.677 [info] > git rev-parse --show-toplevel [22ms]
2025-12-15 13:07:20.677 [info] fatal: not a git repository (or any of the parent directories): .git
2025-12-15 13:10:22.453 [info] > git rev-parse --show-toplevel [14ms]
2025-12-15 13:10:22.455 [info] fatal: not a git repository (or any of the parent directories): .git
2025-12-15 13:10:24.071 [info] > git rev-parse --show-toplevel [9ms]
2025-12-15 13:10:24.071 [info] fatal: not a git repository (or any of the parent directories): .git
2025-12-15 13:11:11.193 [info] > git rev-parse --show-toplevel [9ms]
2025-12-15 13:11:11.193 [info] fatal: not a git repository (or any of the parent directories): .git
2025-12-15 13:18:47.012 [info] > git rev-parse --show-toplevel [3ms]
2025-12-15 13:18:47.012 [info] fatal: not a git repository (or any of the parent directories): .git
2025-12-15 13:18:52.481 [info] > git rev-parse --show-toplevel [7ms]
2025-12-15 13:18:52.481 [info] fatal: not a git repository (or any of the parent directories): .git
2025-12-15 13:19:18.799 [info] > git rev-parse --show-toplevel [20ms]
2025-12-15 13:19:18.799 [info] fatal: not a git repository (or any of the parent directories): .git
2025-12-15 13:19:30.188 [info] > git rev-parse --show-toplevel [8ms]
2025-12-15 13:19:30.188 [info] fatal: not a git repository (or any of the parent directories): .git
2025-12-15 13:19:39.930 [info] > git rev-parse --show-toplevel [10ms]
2025-12-15 13:19:39.930 [info] fatal: not a git repository (or any of the parent directories): .git
2025-12-15 13:33:23.110 [info] > git rev-parse --show-toplevel [11ms]
2025-12-15 13:33:23.111 [info] fatal: not a git repository (or any of the parent directories): .git
2025-12-15 13:33:32.238 [info] > git rev-parse --show-toplevel [39ms]
2025-12-15 13:33:32.240 [info] fatal: not a git repository (or any of the parent directories): .git
2025-12-15 13:34:06.501 [info] > git rev-parse --show-toplevel [6ms]
2025-12-15 13:34:06.501 [info] fatal: not a git repository (or any of the parent directories): .git
2025-12-15 13:34:38.533 [info] > git rev-parse --show-toplevel [147ms]
2025-12-15 13:34:38.534 [info] fatal: not a git repository (or any of the parent directories): .git
2025-12-15 13:34:39.841 [info] > git rev-parse --show-toplevel [22ms]
2025-12-15 13:34:39.841 [info] fatal: not a git repository (or any of the parent directories): .git
2025-12-15 13:34:47.484 [info] > git rev-parse --show-toplevel [7ms]
2025-12-15 13:34:47.484 [info] fatal: not a git repository (or any of the parent directories): .git
2025-12-15 13:35:05.663 [info] > git rev-parse --show-toplevel [29ms]
2025-12-15 13:35:05.663 [info] fatal: not a git repository (or any of the parent directories): .git
2025-12-15 13:35:07.914 [info] > git rev-parse --show-toplevel [7ms]
2025-12-15 13:35:07.914 [info] fatal: not a git repository (or any of the parent directories): .git
2025-12-15 13:35:11.194 [info] > git rev-parse --show-toplevel [42ms]
2025-12-15 13:35:11.195 [info] fatal: not a git repository (or any of the parent directories): .git
2025-12-15 13:35:11.890 [info] > git rev-parse --show-toplevel [13ms]
2025-12-15 13:35:11.890 [info] fatal: not a git repository (or any of the parent directories): .git
2025-12-15 13:38:16.499 [info] > git rev-parse --show-toplevel [6ms]
2025-12-15 13:38:16.499 [info] fatal: not a git repository (or any of the parent directories): .git
2025-12-15 13:38:17.619 [info] > git rev-parse --show-toplevel [11ms]
2025-12-15 13:38:17.619 [info] fatal: not a git repository (or any of the parent directories): .git
2025-12-15 13:38:40.406 [info] > git rev-parse --show-toplevel [47ms]
2025-12-15 13:38:40.406 [info] fatal: not a git repository (or any of the parent directories): .git
2025-12-15 13:38:41.269 [info] > git rev-parse --show-toplevel [36ms]
2025-12-15 13:38:41.269 [info] fatal: not a git repository (or any of the parent directories): .git
2025-12-15 13:39:34.274 [info] > git rev-parse --show-toplevel [9ms]
2025-12-15 13:39:34.274 [info] fatal: not a git repository (or any of the parent directories): .git
2025-12-15 13:42:07.577 [info] > git rev-parse --show-toplevel [96ms]
2025-12-15 13:42:07.578 [info] fatal: not a git repository (or any of the parent directories): .git
2025-12-15 13:43:04.923 [info] > git rev-parse --show-toplevel [57ms]
2025-12-15 13:43:04.924 [info] fatal: not a git repository (or any of the parent directories): .git
2025-12-15 13:46:29.553 [info] > git rev-parse --show-toplevel [26ms]
2025-12-15 13:46:29.554 [info] fatal: not a git repository (or any of the parent directories): .git
2025-12-15 13:47:45.211 [info] > git rev-parse --show-toplevel [13ms]
2025-12-15 13:47:45.212 [info] fatal: not a git repository (or any of the parent directories): .git
2025-12-15 13:47:52.835 [info] > git rev-parse --show-toplevel [8ms]
2025-12-15 13:47:52.835 [info] fatal: not a git repository (or any of the parent directories): .git
2025-12-15 13:47:56.337 [info] > git rev-parse --show-toplevel [4ms]
2025-12-15 13:47:56.341 [info] fatal: not a git repository (or any of the parent directories): .git
2025-12-15 13:47:59.360 [info] > git rev-parse --show-toplevel [38ms]
2025-12-15 13:47:59.360 [info] fatal: not a git repository (or any of the parent directories): .git
2025-12-15 13:48:20.540 [info] > git rev-parse --show-toplevel [11ms]
2025-12-15 13:48:20.540 [info] fatal: not a git repository (or any of the parent directories): .git
2025-12-15 13:48:33.733 [info] > git rev-parse --show-toplevel [10ms]
2025-12-15 13:48:33.745 [info] fatal: not a git repository (or any of the parent directories): .git
