2025-12-17 11:19:06.358 [info] Reading sessions from keychain...
2025-12-17 11:19:06.358 [info] Getting sessions for all scopes...
2025-12-17 11:19:06.358 [info] Got 0 sessions for ...
2025-12-17 11:19:06.358 [info] Getting sessions for all scopes...
2025-12-17 11:19:06.358 [info] Got 0 sessions for ...
2025-12-17 11:19:06.358 [info] Getting sessions for all scopes...
2025-12-17 11:19:06.358 [info] Got 0 sessions for ...
2025-12-17 11:19:06.358 [info] Getting sessions for all scopes...
2025-12-17 11:19:06.358 [info] Got 0 sessions for ...
2025-12-17 11:19:06.358 [info] Getting sessions for all scopes...
2025-12-17 11:19:06.358 [info] Got 0 sessions for ...
2025-12-17 11:19:06.358 [info] Getting sessions for all scopes...
2025-12-17 11:19:06.358 [info] Got 0 sessions for ...
2025-12-17 11:19:06.358 [info] Getting sessions for all scopes...
2025-12-17 11:19:06.358 [info] Got 0 sessions for ...
2025-12-17 11:19:06.358 [info] Getting sessions for all scopes...
2025-12-17 11:19:06.358 [info] Got 0 sessions for ...
2025-12-17 11:19:06.358 [info] Getting sessions for all scopes...
2025-12-17 11:19:06.358 [info] Got 0 sessions for ...
2025-12-17 11:19:06.358 [info] Getting sessions for all scopes...
2025-12-17 11:19:06.358 [info] Got 0 sessions for ...
2025-12-17 11:19:06.358 [info] Getting sessions for all scopes...
2025-12-17 11:19:06.358 [info] Got 0 sessions for ...
2025-12-17 11:19:06.358 [info] Getting sessions for all scopes...
2025-12-17 11:19:06.358 [info] Got 0 sessions for ...
2025-12-17 11:19:06.358 [info] Getting sessions for all scopes...
2025-12-17 11:19:06.358 [info] Got 0 sessions for ...
2025-12-17 11:19:06.358 [info] Getting sessions for all scopes...
2025-12-17 11:19:06.358 [info] Got 0 sessions for ...
2025-12-17 11:19:06.358 [info] Getting sessions for all scopes...
2025-12-17 11:19:06.358 [info] Got 0 sessions for ...
2025-12-17 11:19:06.358 [info] Getting sessions for all scopes...
2025-12-17 11:19:06.358 [info] Got 0 sessions for ...
2025-12-17 11:19:06.358 [info] Getting sessions for all scopes...
2025-12-17 11:19:06.358 [info] Got 0 sessions for ...
2025-12-17 11:19:06.358 [info] Getting sessions for all scopes...
2025-12-17 11:19:06.358 [info] Got 0 sessions for ...
2025-12-17 11:19:06.358 [info] Getting sessions for user:email...
2025-12-17 11:19:06.358 [info] Got 0 sessions for user:email...
2025-12-17 11:19:06.358 [info] Getting sessions for read:user,repo,user:email,workflow...
2025-12-17 11:19:06.358 [info] Got 0 sessions for read:user,repo,user:email,workflow...
2025-12-17 11:19:06.999 [info] Getting sessions for all scopes...
2025-12-17 11:19:06.999 [info] Got 0 sessions for ...
2025-12-17 11:19:07.000 [info] Getting sessions for all scopes...
2025-12-17 11:19:07.000 [info] Got 0 sessions for ...
2025-12-17 11:19:07.000 [info] Getting sessions for all scopes...
2025-12-17 11:19:07.000 [info] Got 0 sessions for ...
2025-12-17 11:19:07.676 [info] Getting sessions for user:email...
2025-12-17 11:19:07.676 [info] Got 0 sessions for user:email...
2025-12-17 11:19:07.677 [info] Getting sessions for read:user,repo,user:email,workflow...
2025-12-17 11:19:07.677 [info] Got 0 sessions for read:user,repo,user:email,workflow...
2025-12-17 11:19:08.319 [info] Getting sessions for all scopes...
2025-12-17 11:19:08.319 [info] Got 0 sessions for ...
2025-12-17 11:19:08.968 [info] Getting sessions for user:email...
2025-12-17 11:19:08.968 [info] Got 0 sessions for user:email...
2025-12-17 11:19:09.078 [info] Getting sessions for all scopes...
2025-12-17 11:19:09.078 [info] Got 0 sessions for ...
2025-12-17 11:19:09.081 [info] Getting sessions for all scopes...
2025-12-17 11:19:09.082 [info] Got 0 sessions for ...
2025-12-17 11:19:09.083 [info] Getting sessions for all scopes...
2025-12-17 11:19:09.084 [info] Got 0 sessions for ...
2025-12-17 11:19:09.126 [info] Getting sessions for read:user,repo,user:email,workflow...
2025-12-17 11:19:09.127 [info] Got 0 sessions for read:user,repo,user:email,workflow...
2025-12-17 11:19:11.470 [info] Getting sessions for read:user,repo,user:email,workflow...
2025-12-17 11:19:11.470 [info] Got 0 sessions for read:user,repo,user:email,workflow...
2025-12-17 11:29:56.653 [info] Getting sessions for all scopes...
2025-12-17 11:29:56.654 [info] Got 0 sessions for ...
2025-12-17 11:29:56.671 [info] Getting sessions for user:email...
2025-12-17 11:29:56.671 [info] Got 0 sessions for user:email...
2025-12-17 11:29:56.690 [info] Getting sessions for all scopes...
2025-12-17 11:29:56.690 [info] Got 0 sessions for ...
2025-12-17 11:29:56.694 [info] Getting sessions for all scopes...
2025-12-17 11:29:56.694 [info] Got 0 sessions for ...
2025-12-17 11:30:01.588 [info] Getting sessions for all scopes...
2025-12-17 11:30:01.588 [info] Got 0 sessions for ...
2025-12-17 11:30:01.590 [info] Getting sessions for user:email...
2025-12-17 11:30:01.590 [info] Got 0 sessions for user:email...
