2025-12-22 13:52:59.655 [info] [main] Log level: Info
2025-12-22 13:52:59.655 [info] [main] Validating found git in: "git"
2025-12-22 13:52:59.655 [info] [main] Using git "2.51.0" from "git"
2025-12-22 13:52:59.655 [info] [Model][doInitialScan] Initial repository scan started
2025-12-22 13:52:59.655 [info] > git rev-parse --show-toplevel [4187ms]
2025-12-22 13:52:59.655 [info] > git rev-parse --git-dir --git-common-dir --show-superproject-working-tree [1178ms]
2025-12-22 13:52:59.655 [info] [Model][openRepository] Opened repository (path): /home/pablo/code/vulndb-5g
2025-12-22 13:52:59.655 [info] [Model][openRepository] Opened repository (real path): /home/pablo/code/vulndb-5g
2025-12-22 13:52:59.655 [info] [Model][openRepository] Opened repository (kind): repository
2025-12-22 13:52:59.655 [info] > git config --get commit.template [19ms]
2025-12-22 13:52:59.655 [info] > git for-each-ref --format=%(refname)%00%(upstream:short)%00%(objectname)%00%(upstream:track)%00%(upstream:remotename)%00%(upstream:remoteref) refs/heads/main refs/remotes/main [319ms]
2025-12-22 13:52:59.655 [info] > git rev-parse --show-toplevel [63ms]
2025-12-22 13:52:59.655 [info] > git for-each-ref --sort -committerdate --format %(refname)%00%(objectname)%00%(*objectname) [222ms]
2025-12-22 13:52:59.655 [info] > git rev-parse --show-toplevel [284ms]
2025-12-22 13:52:59.655 [info] > git rev-parse --show-toplevel [365ms]
2025-12-22 13:52:59.655 [info] > git rev-parse --show-toplevel [77ms]
2025-12-22 13:52:59.982 [info] > git rev-parse --show-toplevel [210ms]
2025-12-22 13:53:00.142 [info] > git rev-parse --show-toplevel [16ms]
2025-12-22 13:53:00.977 [info] > git rev-parse --show-toplevel [730ms]
2025-12-22 13:53:06.424 [info] > git status -z -uall [13415ms]
2025-12-22 13:53:09.648 [info] > git for-each-ref --format=%(refname)%00%(upstream:short)%00%(objectname)%00%(upstream:track)%00%(upstream:remotename)%00%(upstream:remoteref) refs/heads/main refs/remotes/main [1874ms]
2025-12-22 13:53:10.095 [info] > git rev-parse --show-toplevel [3673ms]
2025-12-22 13:53:10.933 [info] > git check-ignore -v -z --stdin [390ms]
2025-12-22 13:53:10.937 [info] > git config --get --local branch.main.vscode-merge-base [842ms]
2025-12-22 13:53:10.937 [warning] [Git][config] git config failed: Failed to execute git
2025-12-22 13:53:11.006 [info] > git config --get commit.template [1399ms]
2025-12-22 13:53:11.136 [info] > git rev-parse --show-toplevel [204ms]
2025-12-22 13:53:11.138 [info] [Model][doInitialScan] Initial repository scan completed - repositories (1), closed repositories (0), parent repositories (0), unsafe repositories (0)
2025-12-22 13:53:11.840 [info] > git reflog main --grep-reflog=branch: Created from *. [835ms]
2025-12-22 13:53:11.898 [info] > git for-each-ref --format=%(refname)%00%(upstream:short)%00%(objectname)%00%(upstream:track)%00%(upstream:remotename)%00%(upstream:remoteref) refs/heads/main refs/remotes/main [66ms]
2025-12-22 13:53:11.946 [info] > git symbolic-ref --short refs/remotes/origin/HEAD [61ms]
2025-12-22 13:53:11.946 [info] fatal: ref refs/remotes/origin/HEAD is not a symbolic ref
2025-12-22 13:53:11.946 [warning] [Repository][getDefaultBranch] Failed to get default branch details: Failed to execute git.
2025-12-22 13:53:12.696 [info] > git merge-base refs/heads/main refs/remotes/origin/main [733ms]
2025-12-22 13:53:12.722 [info] > git for-each-ref --sort -committerdate --format %(refname)%00%(objectname)%00%(*objectname) [420ms]
2025-12-22 13:53:12.852 [info] > git diff --name-status -z --diff-filter=ADMR --find-renames=50% 66a0dc61005c4a4eb96476c6a59a0e2305ff4909...refs/remotes/origin/main -- [130ms]
2025-12-22 13:53:34.399 [info] > git status -z -uall [22177ms]
2025-12-22 13:53:42.751 [info] > git config --get commit.template [18ms]
2025-12-22 13:53:42.751 [info] > git for-each-ref --format=%(refname)%00%(upstream:short)%00%(objectname)%00%(upstream:track)%00%(upstream:remotename)%00%(upstream:remoteref) refs/heads/main refs/remotes/main [1ms]
2025-12-22 13:53:43.256 [info] > git for-each-ref --sort -committerdate --format %(refname)%00%(objectname)%00%(*objectname) [11ms]
2025-12-22 13:53:54.481 [info] > git status -z -uall [11417ms]
2025-12-22 13:54:18.259 [info] > git config --get commit.template [881ms]
2025-12-22 13:54:18.261 [info] > git for-each-ref --format=%(refname)%00%(upstream:short)%00%(objectname)%00%(upstream:track)%00%(upstream:remotename)%00%(upstream:remoteref) refs/heads/main refs/remotes/main [166ms]
2025-12-22 13:54:19.710 [info] > git for-each-ref --sort -committerdate --format %(refname)%00%(objectname)%00%(*objectname) [332ms]
2025-12-22 13:54:36.663 [info] > git status -z -uall [17418ms]
