2025-12-15 15:17:58.881 [info] [main] Log level: Info
2025-12-15 15:17:58.881 [info] [main] Validating found git in: "git"
2025-12-15 15:17:58.881 [info] [main] Using git "2.51.0" from "git"
2025-12-15 15:17:58.881 [info] [Model][doInitialScan] Initial repository scan started
2025-12-15 15:17:58.881 [info] > git rev-parse --show-toplevel [58ms]
2025-12-15 15:17:58.881 [info] fatal: not a git repository (or any of the parent directories): .git
2025-12-15 15:17:58.881 [info] > git rev-parse --show-toplevel [34ms]
2025-12-15 15:17:58.881 [info] fatal: not a git repository (or any of the parent directories): .git
2025-12-15 15:17:58.932 [info] > git rev-parse --show-toplevel [30ms]
2025-12-15 15:17:58.933 [info] fatal: not a git repository (or any of the parent directories): .git
2025-12-15 15:17:59.197 [info] > git rev-parse --show-toplevel [250ms]
2025-12-15 15:17:59.199 [info] fatal: not a git repository (or any of the parent directories): .git
2025-12-15 15:17:59.264 [info] > git rev-parse --show-toplevel [44ms]
2025-12-15 15:17:59.265 [info] fatal: not a git repository (or any of the parent directories): .git
2025-12-15 15:17:59.312 [info] > git rev-parse --show-toplevel [31ms]
2025-12-15 15:17:59.312 [info] fatal: not a git repository (or any of the parent directories): .git
2025-12-15 15:17:59.391 [info] > git rev-parse --show-toplevel [61ms]
2025-12-15 15:17:59.399 [info] fatal: not a git repository (or any of the parent directories): .git
2025-12-15 15:17:59.516 [info] > git rev-parse --show-toplevel [53ms]
2025-12-15 15:17:59.844 [info] > git rev-parse --git-dir --git-common-dir --show-superproject-working-tree [240ms]
2025-12-15 15:17:59.876 [info] [Model][openRepository] Opened repository (path): /home/pablo/code/vulndb-5g/docker_open5gs
2025-12-15 15:17:59.876 [info] [Model][openRepository] Opened repository (real path): /home/pablo/code/vulndb-5g/docker_open5gs
2025-12-15 15:17:59.876 [info] [Model][openRepository] Opened repository (kind): repository
2025-12-15 15:17:59.929 [info] > git config --get commit.template [28ms]
2025-12-15 15:17:59.988 [info] > git rev-parse --show-toplevel [66ms]
2025-12-15 15:17:59.988 [info] fatal: not a git repository (or any of the parent directories): .git
2025-12-15 15:18:00.080 [info] > git for-each-ref --format=%(refname)%00%(upstream:short)%00%(objectname)%00%(upstream:track)%00%(upstream:remotename)%00%(upstream:remoteref) refs/heads/master refs/remotes/master [68ms]
2025-12-15 15:18:00.156 [warning] [Git][revParse] Unable to read file: ENOENT: no such file or directory, open '/home/pablo/code/vulndb-5g/docker_open5gs/.git/refs/remotes/origin/master'
2025-12-15 15:18:00.194 [info] > git rev-parse refs/remotes/origin/master [37ms]
2025-12-15 15:18:00.262 [info] > git rev-parse --show-toplevel [235ms]
2025-12-15 15:18:00.263 [info] fatal: not a git repository (or any of the parent directories): .git
2025-12-15 15:18:00.318 [info] > git rev-parse --show-toplevel [14ms]
2025-12-15 15:18:00.318 [info] fatal: not a git repository (or any of the parent directories): .git
2025-12-15 15:18:00.362 [info] [Model][doInitialScan] Initial repository scan completed - repositories (1), closed repositories (0), parent repositories (0), unsafe repositories (0)
2025-12-15 15:18:00.384 [info] > git for-each-ref --sort -committerdate --format %(refname)%00%(objectname)%00%(*objectname) [122ms]
2025-12-15 15:18:01.148 [info] > git status -z -uall [924ms]
2025-12-15 15:18:02.697 [info] > git config --get commit.template [1422ms]
2025-12-15 15:18:02.702 [info] > git for-each-ref --format=%(refname)%00%(upstream:short)%00%(objectname)%00%(upstream:track)%00%(upstream:remotename)%00%(upstream:remoteref) refs/heads/master refs/remotes/master [1471ms]
2025-12-15 15:18:02.942 [info] > git config --get --local branch.master.vscode-merge-base [196ms]
2025-12-15 15:18:02.990 [info] > git rev-parse --show-toplevel [51ms]
2025-12-15 15:18:02.990 [info] fatal: not a git repository (or any of the parent directories): .git
2025-12-15 15:18:03.012 [info] > git for-each-ref --format=%(refname)%00%(upstream:short)%00%(objectname)%00%(upstream:track)%00%(upstream:remotename)%00%(upstream:remoteref) refs/heads/master refs/remotes/master [25ms]
2025-12-15 15:18:03.014 [info] > git for-each-ref --format=%(refname)%00%(upstream:short)%00%(objectname)%00%(upstream:track)%00%(upstream:remotename)%00%(upstream:remoteref) refs/heads/origin/master refs/remotes/origin/master [52ms]
2025-12-15 15:18:03.057 [warning] [Git][revParse] Unable to read file: ENOENT: no such file or directory, open '/home/pablo/code/vulndb-5g/docker_open5gs/.git/refs/remotes/origin/master'
2025-12-15 15:18:03.065 [info] > git merge-base refs/heads/master refs/remotes/origin/master [34ms]
2025-12-15 15:18:03.092 [info] > git rev-parse refs/remotes/origin/master [35ms]
2025-12-15 15:18:03.180 [info] > git diff --name-status -z --diff-filter=ADMR --find-renames=50% 6531237ee9fcbcf3dac9007b676d86926f88dedb...refs/remotes/origin/master -- [91ms]
2025-12-15 15:18:03.569 [info] > git status -z -uall [455ms]
2025-12-15 15:18:03.575 [info] > git for-each-ref --sort -committerdate --format %(refname)%00%(objectname)%00%(*objectname) [415ms]
2025-12-15 15:18:04.400 [info] > git rev-parse --show-toplevel [30ms]
2025-12-15 15:18:04.400 [info] fatal: not a git repository (or any of the parent directories): .git
2025-12-15 15:18:05.125 [info] > git rev-parse --show-toplevel [61ms]
2025-12-15 15:18:05.126 [info] fatal: not a git repository (or any of the parent directories): .git
2025-12-15 15:27:46.365 [info] > git rev-parse --show-toplevel [14ms]
2025-12-15 15:27:46.366 [info] fatal: not a git repository (or any of the parent directories): .git
2025-12-15 15:28:07.379 [info] > git rev-parse --show-toplevel [14ms]
2025-12-15 15:28:07.379 [info] fatal: not a git repository (or any of the parent directories): .git
2025-12-15 15:28:10.761 [info] > git rev-parse --show-toplevel [13ms]
2025-12-15 15:28:10.761 [info] fatal: not a git repository (or any of the parent directories): .git
2025-12-15 15:29:38.345 [info] > git rev-parse --show-toplevel [6ms]
2025-12-15 15:29:38.346 [info] fatal: not a git repository (or any of the parent directories): .git
2025-12-15 15:30:12.175 [info] > git rev-parse --show-toplevel [32ms]
2025-12-15 15:30:12.175 [info] fatal: not a git repository (or any of the parent directories): .git
2025-12-15 15:34:14.009 [info] > git rev-parse --show-toplevel [23ms]
2025-12-15 15:34:14.010 [info] fatal: not a git repository (or any of the parent directories): .git
2025-12-15 15:46:55.732 [info] > git rev-parse --show-toplevel [7ms]
2025-12-15 15:46:55.733 [info] fatal: not a git repository (or any of the parent directories): .git
2025-12-15 15:47:50.374 [info] > git check-ignore -v -z --stdin [19ms]
2025-12-15 15:47:55.491 [info] > git rev-parse --show-toplevel [4ms]
2025-12-15 15:47:55.492 [info] fatal: not a git repository (or any of the parent directories): .git
2025-12-15 15:48:13.653 [info] > git rev-parse --show-toplevel [6ms]
2025-12-15 15:48:13.653 [info] fatal: not a git repository (or any of the parent directories): .git
2025-12-15 15:48:15.436 [info] > git rev-parse --show-toplevel [10ms]
2025-12-15 15:48:15.436 [info] fatal: not a git repository (or any of the parent directories): .git
2025-12-15 15:48:16.801 [info] > git rev-parse --show-toplevel [9ms]
2025-12-15 15:48:16.801 [info] fatal: not a git repository (or any of the parent directories): .git
2025-12-15 15:48:25.532 [info] > git rev-parse --show-toplevel [4ms]
2025-12-15 15:48:25.533 [info] fatal: not a git repository (or any of the parent directories): .git
2025-12-15 15:54:19.401 [info] > git rev-parse --show-toplevel [39ms]
2025-12-15 15:54:19.404 [info] fatal: not a git repository (or any of the parent directories): .git
2025-12-15 15:54:20.971 [info] > git rev-parse --show-toplevel [26ms]
2025-12-15 15:54:20.972 [info] fatal: not a git repository (or any of the parent directories): .git
2025-12-15 15:56:35.178 [info] > git rev-parse --show-toplevel [30ms]
2025-12-15 15:56:35.186 [info] fatal: not a git repository (or any of the parent directories): .git
2025-12-15 15:56:44.768 [info] > git rev-parse --show-toplevel [7ms]
2025-12-15 15:56:44.768 [info] fatal: not a git repository (or any of the parent directories): .git
2025-12-15 15:56:49.912 [info] > git rev-parse --show-toplevel [20ms]
2025-12-15 15:56:49.913 [info] fatal: not a git repository (or any of the parent directories): .git
2025-12-15 15:56:50.881 [info] > git rev-parse --show-toplevel [17ms]
2025-12-15 15:56:50.881 [info] fatal: not a git repository (or any of the parent directories): .git
2025-12-15 15:56:52.354 [info] > git rev-parse --show-toplevel [39ms]
2025-12-15 15:56:52.354 [info] fatal: not a git repository (or any of the parent directories): .git
2025-12-15 15:57:08.721 [info] > git rev-parse --show-toplevel [15ms]
2025-12-15 15:57:08.721 [info] fatal: not a git repository (or any of the parent directories): .git
2025-12-15 15:57:17.556 [info] > git rev-parse --show-toplevel [33ms]
2025-12-15 15:57:17.558 [info] fatal: not a git repository (or any of the parent directories): .git
2025-12-15 15:58:01.968 [info] > git rev-parse --show-toplevel [21ms]
2025-12-15 15:58:01.968 [info] fatal: not a git repository (or any of the parent directories): .git
2025-12-15 15:58:11.064 [info] > git rev-parse --show-toplevel [6ms]
2025-12-15 15:58:11.064 [info] fatal: not a git repository (or any of the parent directories): .git
2025-12-15 15:58:14.460 [info] > git rev-parse --show-toplevel [5ms]
2025-12-15 15:58:14.460 [info] fatal: not a git repository (or any of the parent directories): .git
2025-12-15 15:59:30.612 [info] > git rev-parse --show-toplevel [21ms]
2025-12-15 15:59:30.613 [info] fatal: not a git repository (or any of the parent directories): .git
2025-12-15 16:00:02.333 [info] > git rev-parse --show-toplevel [13ms]
2025-12-15 16:00:02.333 [info] fatal: not a git repository (or any of the parent directories): .git
2025-12-15 16:21:50.174 [info] > git rev-parse --show-toplevel [13ms]
2025-12-15 16:21:50.175 [info] fatal: not a git repository (or any of the parent directories): .git
2025-12-15 16:24:01.343 [info] > git rev-parse --show-toplevel [9ms]
2025-12-15 16:24:01.343 [info] fatal: not a git repository (or any of the parent directories): .git
2025-12-15 16:24:03.558 [info] > git rev-parse --show-toplevel [218ms]
2025-12-15 16:24:03.559 [info] fatal: not a git repository (or any of the parent directories): .git
2025-12-15 16:24:04.764 [info] > git rev-parse --show-toplevel [13ms]
2025-12-15 16:24:04.765 [info] fatal: not a git repository (or any of the parent directories): .git
2025-12-15 16:35:38.159 [info] > git rev-parse --show-toplevel [13ms]
2025-12-15 16:35:38.160 [info] fatal: not a git repository (or any of the parent directories): .git
2025-12-15 16:35:47.030 [info] > git rev-parse --show-toplevel [11ms]
2025-12-15 16:35:47.030 [info] fatal: not a git repository (or any of the parent directories): .git
2025-12-15 16:36:06.906 [info] > git rev-parse --show-toplevel [9ms]
2025-12-15 16:36:06.907 [info] fatal: not a git repository (or any of the parent directories): .git
2025-12-15 16:36:31.684 [info] > git rev-parse --show-toplevel [7ms]
2025-12-15 16:36:31.684 [info] fatal: not a git repository (or any of the parent directories): .git
2025-12-15 16:36:33.216 [info] > git rev-parse --show-toplevel [15ms]
2025-12-15 16:36:33.216 [info] fatal: not a git repository (or any of the parent directories): .git
2025-12-15 16:38:25.531 [info] > git rev-parse --show-toplevel [7ms]
2025-12-15 16:38:25.531 [info] fatal: not a git repository (or any of the parent directories): .git
2025-12-15 16:44:11.431 [info] > git rev-parse --show-toplevel [32ms]
2025-12-15 16:44:11.431 [info] fatal: not a git repository (or any of the parent directories): .git
2025-12-15 16:46:32.212 [info] > git rev-parse --show-toplevel [25ms]
2025-12-15 16:46:32.217 [info] fatal: not a git repository (or any of the parent directories): .git
2025-12-15 16:47:13.890 [info] > git rev-parse --show-toplevel [5ms]
2025-12-15 16:47:13.893 [info] fatal: not a git repository (or any of the parent directories): .git
2025-12-15 16:47:16.104 [info] > git rev-parse --show-toplevel [33ms]
2025-12-15 16:47:16.104 [info] fatal: not a git repository (or any of the parent directories): .git
2025-12-15 16:47:17.446 [info] > git rev-parse --show-toplevel [26ms]
2025-12-15 16:47:17.446 [info] fatal: not a git repository (or any of the parent directories): .git
2025-12-15 16:48:00.390 [info] > git rev-parse --show-toplevel [22ms]
2025-12-15 16:48:00.390 [info] fatal: not a git repository (or any of the parent directories): .git
2025-12-15 16:50:04.291 [info] > git rev-parse --show-toplevel [12ms]
2025-12-15 16:50:04.291 [info] fatal: not a git repository (or any of the parent directories): .git
2025-12-15 17:21:12.994 [info] > git rev-parse --show-toplevel [20ms]
2025-12-15 17:21:12.996 [info] fatal: not a git repository (or any of the parent directories): .git
2025-12-15 17:21:34.322 [info] > git rev-parse --show-toplevel [7ms]
2025-12-15 17:21:34.322 [info] fatal: not a git repository (or any of the parent directories): .git
2025-12-15 17:21:35.723 [info] > git rev-parse --show-toplevel [4ms]
2025-12-15 17:21:35.723 [info] fatal: not a git repository (or any of the parent directories): .git
2025-12-15 17:21:38.775 [info] > git rev-parse --show-toplevel [14ms]
2025-12-15 17:21:38.775 [info] fatal: not a git repository (or any of the parent directories): .git
2025-12-15 17:25:34.441 [info] > git rev-parse --show-toplevel [18ms]
2025-12-15 17:25:34.441 [info] fatal: not a git repository (or any of the parent directories): .git
2025-12-15 17:25:37.233 [info] > git rev-parse --show-toplevel [23ms]
2025-12-15 17:25:37.233 [info] fatal: not a git repository (or any of the parent directories): .git
