2025-12-11 13:37:50.512 [info] [main] Log level: Info
2025-12-11 13:37:50.512 [info] [main] Validating found git in: "git"
2025-12-11 13:37:50.512 [info] [main] Using git "2.51.0" from "git"
2025-12-11 13:37:50.512 [info] [Model][doInitialScan] Initial repository scan started
2025-12-11 13:37:50.512 [info] > git rev-parse --show-toplevel [58ms]
2025-12-11 13:37:50.513 [info] fatal: not a git repository (or any of the parent directories): .git
2025-12-11 13:37:50.513 [info] > git rev-parse --show-toplevel [15ms]
2025-12-11 13:37:50.513 [info] fatal: not a git repository (or any of the parent directories): .git
2025-12-11 13:37:50.513 [info] > git rev-parse --show-toplevel [12ms]
2025-12-11 13:37:50.513 [info] fatal: not a git repository (or any of the parent directories): .git
2025-12-11 13:37:50.513 [info] > git rev-parse --show-toplevel [1ms]
2025-12-11 13:37:50.513 [info] fatal: not a git repository (or any of the parent directories): .git
2025-12-11 13:37:50.568 [info] > git rev-parse --show-toplevel [65ms]
2025-12-11 13:37:50.568 [info] fatal: not a git repository (or any of the parent directories): .git
2025-12-11 13:37:50.632 [info] > git rev-parse --show-toplevel [51ms]
2025-12-11 13:37:50.632 [info] fatal: not a git repository (or any of the parent directories): .git
2025-12-11 13:37:50.822 [info] > git rev-parse --show-toplevel [62ms]
2025-12-11 13:37:50.901 [info] > git rev-parse --git-dir --git-common-dir --show-superproject-working-tree [60ms]
2025-12-11 13:37:50.984 [info] [Model][openRepository] Opened repository (path): /home/pablo/Descargas/code/vulndb-5g/docker_open5gs
2025-12-11 13:37:50.984 [info] [Model][openRepository] Opened repository (real path): /home/pablo/Descargas/code/vulndb-5g/docker_open5gs
2025-12-11 13:37:50.984 [info] [Model][openRepository] Opened repository (kind): repository
2025-12-11 13:37:51.539 [info] > git rev-parse --show-toplevel [172ms]
2025-12-11 13:37:51.539 [info] fatal: not a git repository (or any of the parent directories): .git
2025-12-11 13:37:51.545 [info] > git config --get commit.template [281ms]
2025-12-11 13:37:51.651 [info] > git rev-parse --show-toplevel [67ms]
2025-12-11 13:37:51.652 [info] fatal: not a git repository (or any of the parent directories): .git
2025-12-11 13:37:51.680 [info] > git rev-parse --show-toplevel [3ms]
2025-12-11 13:37:51.680 [info] fatal: not a git repository (or any of the parent directories): .git
2025-12-11 13:37:51.688 [info] [Model][doInitialScan] Initial repository scan completed - repositories (1), closed repositories (0), parent repositories (0), unsafe repositories (0)
2025-12-11 13:37:51.692 [info] > git for-each-ref --format=%(refname)%00%(upstream:short)%00%(objectname)%00%(upstream:track)%00%(upstream:remotename)%00%(upstream:remoteref) refs/heads/master refs/remotes/master [73ms]
2025-12-11 13:37:51.723 [warning] [Git][revParse] Unable to read file: ENOENT: no such file or directory, open '/home/pablo/Descargas/code/vulndb-5g/docker_open5gs/.git/refs/remotes/origin/master'
2025-12-11 13:37:51.724 [info] > git rev-parse --show-toplevel [21ms]
2025-12-11 13:37:51.724 [info] fatal: not a git repository (or any of the parent directories): .git
2025-12-11 13:37:51.742 [info] > git rev-parse refs/remotes/origin/master [18ms]
2025-12-11 13:37:52.013 [info] > git for-each-ref --sort -committerdate --format %(refname)%00%(objectname)%00%(*objectname) [187ms]
2025-12-11 13:37:52.618 [info] > git check-ignore -v -z --stdin [36ms]
2025-12-11 13:37:52.681 [info] > git status -z -uall [903ms]
2025-12-11 13:37:52.977 [info] > git for-each-ref --format=%(refname)%00%(upstream:short)%00%(objectname)%00%(upstream:track)%00%(upstream:remotename)%00%(upstream:remoteref) refs/heads/master refs/remotes/master [122ms]
2025-12-11 13:37:53.003 [info] > git config --get --local branch.master.vscode-merge-base [1ms]
2025-12-11 13:37:53.008 [info] > git config --get commit.template [31ms]
2025-12-11 13:37:53.019 [info] > git for-each-ref --format=%(refname)%00%(upstream:short)%00%(objectname)%00%(upstream:track)%00%(upstream:remotename)%00%(upstream:remoteref) refs/heads/origin/master refs/remotes/origin/master [11ms]
2025-12-11 13:37:53.175 [info] > git merge-base refs/heads/master refs/remotes/origin/master [15ms]
2025-12-11 13:37:53.181 [info] > git for-each-ref --format=%(refname)%00%(upstream:short)%00%(objectname)%00%(upstream:track)%00%(upstream:remotename)%00%(upstream:remoteref) refs/heads/master refs/remotes/master [165ms]
2025-12-11 13:37:53.196 [warning] [Git][revParse] Unable to read file: ENOENT: no such file or directory, open '/home/pablo/Descargas/code/vulndb-5g/docker_open5gs/.git/refs/remotes/origin/master'
2025-12-11 13:37:53.198 [info] > git diff --name-status -z --diff-filter=ADMR --find-renames=50% 6531237ee9fcbcf3dac9007b676d86926f88dedb...refs/remotes/origin/master -- [17ms]
2025-12-11 13:37:53.209 [info] > git rev-parse refs/remotes/origin/master [13ms]
2025-12-11 13:37:53.244 [info] > git for-each-ref --sort -committerdate --format %(refname)%00%(objectname)%00%(*objectname) [11ms]
2025-12-11 13:37:53.266 [info] > git status -z -uall [50ms]
2025-12-11 13:38:04.500 [info] > git rev-parse --show-toplevel [2ms]
2025-12-11 13:38:04.501 [info] fatal: not a git repository (or any of the parent directories): .git
2025-12-11 13:38:52.200 [info] > git rev-parse --show-toplevel [31ms]
2025-12-11 13:38:52.208 [info] fatal: not a git repository (or any of the parent directories): .git
2025-12-11 13:38:54.427 [info] > git rev-parse --show-toplevel [5ms]
2025-12-11 13:38:54.429 [info] fatal: not a git repository (or any of the parent directories): .git
2025-12-11 13:38:58.000 [info] > git rev-parse --show-toplevel [10ms]
2025-12-11 13:38:58.000 [info] fatal: not a git repository (or any of the parent directories): .git
2025-12-11 13:38:58.273 [info] > git rev-parse --show-toplevel [10ms]
2025-12-11 13:38:58.273 [info] fatal: not a git repository (or any of the parent directories): .git
2025-12-11 13:39:20.397 [info] > git rev-parse --show-toplevel [2533ms]
2025-12-11 13:39:20.398 [info] fatal: not a git repository (or any of the parent directories): .git
2025-12-11 13:39:21.966 [info] > git config --get commit.template [79ms]
2025-12-11 13:39:21.997 [info] > git for-each-ref --format=%(refname)%00%(upstream:short)%00%(objectname)%00%(upstream:track)%00%(upstream:remotename)%00%(upstream:remoteref) refs/heads/master refs/remotes/master [50ms]
2025-12-11 13:39:22.017 [warning] [Git][revParse] Unable to read file: ENOENT: no such file or directory, open '/home/pablo/Descargas/code/vulndb-5g/docker_open5gs/.git/refs/remotes/origin/master'
2025-12-11 13:39:22.024 [info] > git rev-parse refs/remotes/origin/master [6ms]
2025-12-11 13:39:22.152 [info] > git for-each-ref --sort -committerdate --format %(refname)%00%(objectname)%00%(*objectname) [32ms]
2025-12-11 13:39:23.165 [info] > git status -z -uall [1105ms]
2025-12-11 13:39:29.638 [info] > git rev-parse --show-toplevel [11ms]
2025-12-11 13:39:29.638 [info] fatal: not a git repository (or any of the parent directories): .git
2025-12-11 13:39:30.068 [info] > git rev-parse --show-toplevel [96ms]
2025-12-11 13:39:30.068 [info] fatal: not a git repository (or any of the parent directories): .git
2025-12-11 13:39:42.134 [info] > git rev-parse --show-toplevel [663ms]
2025-12-11 13:39:42.134 [info] fatal: not a git repository (or any of the parent directories): .git
2025-12-11 13:40:40.216 [warning] [Model][getRepositoryExact] Failed to get repository realpath for: "/home/pablo/Descargas/code/vulndb-5g/.idea/". Error:Error: ENOENT: no such file or directory, realpath '/home/pablo/Descargas/code/vulndb-5g/.idea/'
2025-12-11 13:40:40.242 [warning] [Model][getRepositoryExact] Failed to get repository realpath for: "/home/pablo/Descargas/code/vulndb-5g/.venv/". Error:Error: ENOENT: no such file or directory, realpath '/home/pablo/Descargas/code/vulndb-5g/.venv/'
2025-12-11 13:40:43.233 [warning] [Model][getRepositoryExact] Failed to get repository realpath for: "/home/pablo/Descargas/code/vulndb-5g/api/frontend/node_modules/fastq/". Error:Error: ENOENT: no such file or directory, realpath '/home/pablo/Descargas/code/vulndb-5g/api/frontend/node_modules/fastq/'
2025-12-11 13:40:43.245 [warning] [Model][getRepositoryExact] Failed to get repository realpath for: "/home/pablo/Descargas/code/vulndb-5g/api/frontend/node_modules/function-bind/". Error:Error: ENOENT: no such file or directory, realpath '/home/pablo/Descargas/code/vulndb-5g/api/frontend/node_modules/function-bind/'
2025-12-11 13:40:43.252 [warning] [Model][getRepositoryExact] Failed to get repository realpath for: "/home/pablo/Descargas/code/vulndb-5g/api/frontend/node_modules/hasown/". Error:Error: ENOENT: no such file or directory, realpath '/home/pablo/Descargas/code/vulndb-5g/api/frontend/node_modules/hasown/'
2025-12-11 13:40:44.465 [warning] [Model][getRepositoryExact] Failed to get repository realpath for: "/home/pablo/Descargas/code/vulndb-5g/api/frontend/node_modules/resolve/". Error:Error: ENOENT: no such file or directory, realpath '/home/pablo/Descargas/code/vulndb-5g/api/frontend/node_modules/resolve/'
2025-12-11 13:40:44.476 [warning] [Model][getRepositoryExact] Failed to get repository realpath for: "/home/pablo/Descargas/code/vulndb-5g/api/frontend/node_modules/resolve/test/resolver/symlinked/_/symlink_target/". Error:Error: ENOENT: no such file or directory, realpath '/home/pablo/Descargas/code/vulndb-5g/api/frontend/node_modules/resolve/test/resolver/symlinked/_/symlink_target/'
2025-12-11 13:40:44.483 [warning] [Model][getRepositoryExact] Failed to get repository realpath for: "/home/pablo/Descargas/code/vulndb-5g/api/frontend/node_modules/reusify/". Error:Error: ENOENT: no such file or directory, realpath '/home/pablo/Descargas/code/vulndb-5g/api/frontend/node_modules/reusify/'
2025-12-11 13:40:44.492 [warning] [Model][getRepositoryExact] Failed to get repository realpath for: "/home/pablo/Descargas/code/vulndb-5g/api/frontend/node_modules/supports-preserve-symlinks-flag/". Error:Error: ENOENT: no such file or directory, realpath '/home/pablo/Descargas/code/vulndb-5g/api/frontend/node_modules/supports-preserve-symlinks-flag/'
2025-12-11 13:40:44.499 [warning] [Model][getRepositoryExact] Failed to get repository realpath for: "/home/pablo/Descargas/code/vulndb-5g/api/frontend/node_modules/tailwindcss/types/generated/". Error:Error: ENOENT: no such file or directory, realpath '/home/pablo/Descargas/code/vulndb-5g/api/frontend/node_modules/tailwindcss/types/generated/'
