2025-12-15 12:01:51.379 [info] Starting Python Locator /root/.vscode/extensions/ms-python.python-2025.20.0-linux-x64/python-env-tools/bin/pet server
2025-12-15 12:01:53.647 [info] Discovered manager: (Pyenv) /usr/bin/pyenv
2025-12-15 12:01:53.654 [info] Discovered env: /root/.pyenv/versions/3.11.8/bin/python
2025-12-15 12:01:53.663 [info] Discovered env: /root/.pyenv/versions/3.10.13/bin/python
2025-12-15 12:01:53.664 [info] Discovered env: /root/.pyenv/versions/tf-env/bin/python
2025-12-15 12:01:53.665 [info] Discovered env: /home/pablo/code/vulndb-5g/.venv/bin/python
2025-12-15 12:01:53.667 [info] Discovered env: /usr/bin/python
2025-12-15 12:01:53.669 [info] Discovered env: /bin/python
2025-12-15 12:01:53.669 [info] Discovered env: /usr/bin/python2
2025-12-15 12:01:53.670 [info] Discovered env: /bin/python2
2025-12-15 12:01:53.672 [info] Locator Conda took 1.898343315s
2025-12-15 12:01:53.673 [info] Locator Homebrew took 6.802363ms
2025-12-15 12:01:53.673 [info] Locator LinuxGlobal took 1.900085438s
2025-12-15 12:01:53.674 [info] Locator PipEnv took 25.193µs
2025-12-15 12:01:53.674 [info] Locator Pixi took 23.683µs
2025-12-15 12:01:53.674 [info] Locator Poetry took 1.671548ms
2025-12-15 12:01:53.674 [info] Locator PyEnv took 532.513718ms
2025-12-15 12:01:53.674 [info] Locator Uv took 36.909µs
2025-12-15 12:01:53.674 [info] Locator Venv took 24.857µs
2025-12-15 12:01:53.674 [info] Locator VirtualEnv took 21.194µs
2025-12-15 12:01:53.674 [info] Locator VirtualEnvWrapper took 30.691µs
2025-12-15 12:01:53.674 [info] Locator GlobalVirtualEnvs took 4.927789ms
2025-12-15 12:01:53.674 [info] Locator Locators took 1.921917143s
2025-12-15 12:01:53.675 [info] Locator Path took 2.439930835s
2025-12-15 12:01:53.675 [info] Locator Workspaces took 1.378528336s
2025-12-15 12:01:53.676 [info] Refresh completed in 2496ms
2025-12-15 12:01:53.687 [info] Resolved Python Environment /root/.pyenv/versions/3.11.8/bin/python
2025-12-15 12:02:28.467 [info] Resolved Python Environment /root/.pyenv/versions/3.11.8/bin/python
2025-12-15 12:04:09.026 [info] Resolved Python Environment /root/.pyenv/versions/3.11.8/bin/python
2025-12-15 12:04:42.842 [info] Resolved Python Environment /root/.pyenv/versions/3.11.8/bin/python
2025-12-15 12:05:14.384 [info] Resolved Python Environment /root/.pyenv/versions/3.11.8/bin/python
2025-12-15 12:05:56.564 [info] Resolved Python Environment /root/.pyenv/versions/3.11.8/bin/python
2025-12-15 12:07:30.372 [info] Resolved Python Environment /root/.pyenv/versions/3.11.8/bin/python
2025-12-15 12:08:07.770 [info] Resolved Python Environment /root/.pyenv/versions/3.11.8/bin/python
2025-12-15 12:08:46.597 [info] Resolved Python Environment /root/.pyenv/versions/3.11.8/bin/python
2025-12-15 12:10:36.275 [info] Resolved Python Environment /root/.pyenv/versions/3.11.8/bin/python
2025-12-15 12:47:03.598 [info] Resolved Python Environment /root/.pyenv/versions/3.11.8/bin/python
2025-12-15 12:47:35.882 [info] Resolved Python Environment /root/.pyenv/versions/3.11.8/bin/python
2025-12-15 12:48:47.004 [info] Resolved Python Environment /root/.pyenv/versions/3.11.8/bin/python
2025-12-15 12:50:56.882 [info] Resolved Python Environment /root/.pyenv/versions/3.11.8/bin/python
2025-12-15 12:51:30.990 [info] Resolved Python Environment /root/.pyenv/versions/3.11.8/bin/python
2025-12-15 12:52:08.423 [info] Resolved Python Environment /root/.pyenv/versions/3.11.8/bin/python
2025-12-15 12:52:49.887 [info] Resolved Python Environment /root/.pyenv/versions/3.11.8/bin/python
2025-12-15 12:55:33.879 [info] Resolved Python Environment /root/.pyenv/versions/3.11.8/bin/python
2025-12-15 12:56:17.719 [info] Resolved Python Environment /root/.pyenv/versions/3.11.8/bin/python
2025-12-15 12:57:13.166 [info] Resolved Python Environment /root/.pyenv/versions/3.11.8/bin/python
2025-12-15 12:57:50.167 [info] Resolved Python Environment /root/.pyenv/versions/3.11.8/bin/python
2025-12-15 13:07:11.407 [info] Resolved Python Environment /root/.pyenv/versions/3.11.8/bin/python
2025-12-15 13:10:22.462 [info] Resolved Python Environment /root/.pyenv/versions/3.11.8/bin/python
2025-12-15 13:11:11.199 [info] Resolved Python Environment /root/.pyenv/versions/3.11.8/bin/python
2025-12-15 13:18:47.014 [info] Resolved Python Environment /root/.pyenv/versions/3.11.8/bin/python
2025-12-15 13:19:18.809 [info] Resolved Python Environment /root/.pyenv/versions/3.11.8/bin/python
2025-12-15 13:27:12.714 [info] Resolved Python Environment /root/.pyenv/versions/3.11.8/bin/python
2025-12-15 13:31:03.677 [info] Resolved Python Environment /root/.pyenv/versions/3.11.8/bin/python
2025-12-15 13:31:58.580 [info] Resolved Python Environment /root/.pyenv/versions/3.11.8/bin/python
2025-12-15 13:33:23.139 [info] Resolved Python Environment /root/.pyenv/versions/3.11.8/bin/python
2025-12-15 13:34:06.507 [info] Resolved Python Environment /root/.pyenv/versions/3.11.8/bin/python
2025-12-15 13:34:38.541 [info] Resolved Python Environment /root/.pyenv/versions/3.11.8/bin/python
2025-12-15 13:35:11.160 [info] Resolved Python Environment /root/.pyenv/versions/3.11.8/bin/python
2025-12-15 13:38:16.507 [info] Resolved Python Environment /root/.pyenv/versions/3.11.8/bin/python
2025-12-15 13:39:31.330 [info] Resolved Python Environment /root/.pyenv/versions/3.11.8/bin/python
2025-12-15 13:42:07.596 [info] Resolved Python Environment /root/.pyenv/versions/3.11.8/bin/python
2025-12-15 13:43:04.929 [info] Resolved Python Environment /root/.pyenv/versions/3.11.8/bin/python
2025-12-15 13:44:20.112 [info] Resolved Python Environment /root/.pyenv/versions/3.11.8/bin/python
2025-12-15 13:45:15.242 [info] Resolved Python Environment /root/.pyenv/versions/3.11.8/bin/python
2025-12-15 13:46:29.548 [info] Resolved Python Environment /root/.pyenv/versions/3.11.8/bin/python
2025-12-15 13:47:22.984 [info] Resolved Python Environment /root/.pyenv/versions/3.11.8/bin/python
2025-12-15 13:47:56.346 [info] Resolved Python Environment /root/.pyenv/versions/3.11.8/bin/python
2025-12-15 13:48:33.747 [info] Resolved Python Environment /root/.pyenv/versions/3.11.8/bin/python
2025-12-15 13:49:29.734 [info] Resolved Python Environment /root/.pyenv/versions/3.11.8/bin/python
2025-12-15 13:52:05.196 [info] Resolved Python Environment /root/.pyenv/versions/3.11.8/bin/python
2025-12-15 13:54:32.111 [info] Resolved Python Environment /root/.pyenv/versions/3.11.8/bin/python
2025-12-15 13:55:39.860 [info] Resolved Python Environment /root/.pyenv/versions/3.11.8/bin/python
2025-12-15 13:56:37.583 [info] Resolved Python Environment /root/.pyenv/versions/3.11.8/bin/python
2025-12-15 13:57:15.711 [info] Resolved Python Environment /root/.pyenv/versions/3.11.8/bin/python
2025-12-15 13:57:52.014 [info] Resolved Python Environment /root/.pyenv/versions/3.11.8/bin/python
