2025-12-11 13:37:50.128 [info] Reading sessions from keychain...
2025-12-11 13:37:50.128 [info] Getting sessions for all scopes...
2025-12-11 13:37:50.363 [info] Got 0 sessions for ...
2025-12-11 13:37:50.365 [info] Getting sessions for all scopes...
2025-12-11 13:37:50.365 [info] Got 0 sessions for ...
2025-12-11 13:37:50.365 [info] Getting sessions for all scopes...
2025-12-11 13:37:50.365 [info] Got 0 sessions for ...
2025-12-11 13:37:50.365 [info] Getting sessions for all scopes...
2025-12-11 13:37:50.365 [info] Got 0 sessions for ...
2025-12-11 13:37:50.365 [info] Getting sessions for all scopes...
2025-12-11 13:37:50.365 [info] Got 0 sessions for ...
2025-12-11 13:37:50.366 [info] Getting sessions for all scopes...
2025-12-11 13:37:50.366 [info] Got 0 sessions for ...
2025-12-11 13:37:50.366 [info] Getting sessions for all scopes...
2025-12-11 13:37:50.366 [info] Got 0 sessions for ...
2025-12-11 13:37:50.366 [info] Getting sessions for all scopes...
2025-12-11 13:37:50.366 [info] Got 0 sessions for ...
2025-12-11 13:37:50.366 [info] Getting sessions for all scopes...
2025-12-11 13:37:50.366 [info] Got 0 sessions for ...
2025-12-11 13:37:50.372 [info] Getting sessions for all scopes...
2025-12-11 13:37:50.372 [info] Got 0 sessions for ...
2025-12-11 13:37:50.372 [info] Getting sessions for all scopes...
2025-12-11 13:37:50.372 [info] Got 0 sessions for ...
2025-12-11 13:37:50.372 [info] Getting sessions for all scopes...
2025-12-11 13:37:50.372 [info] Got 0 sessions for ...
2025-12-11 13:37:50.373 [info] Getting sessions for all scopes...
2025-12-11 13:37:50.373 [info] Got 0 sessions for ...
2025-12-11 13:37:50.378 [info] Getting sessions for all scopes...
2025-12-11 13:37:50.378 [info] Got 0 sessions for ...
2025-12-11 13:37:50.378 [info] Getting sessions for all scopes...
2025-12-11 13:37:50.378 [info] Got 0 sessions for ...
2025-12-11 13:37:50.381 [info] Getting sessions for all scopes...
2025-12-11 13:37:50.381 [info] Got 0 sessions for ...
2025-12-11 13:37:54.993 [info] Getting sessions for read:user,repo,user:email,workflow...
2025-12-11 13:37:54.993 [info] Got 0 sessions for read:user,repo,user:email,workflow...
2025-12-11 13:38:06.887 [info] Logging in with 'any' account...
2025-12-11 13:38:06.887 [info] Logging in for the following scopes: read:user repo user:email workflow
2025-12-11 13:38:07.742 [info] Trying with local server... (read:user repo user:email workflow)
2025-12-11 13:38:19.278 [info] Exchanging code for token...
2025-12-11 13:38:19.856 [info] Token exchange success!
2025-12-11 13:38:19.858 [info] Getting user info...
2025-12-11 13:38:20.942 [info] Got account info!
2025-12-11 13:38:20.944 [info] Storing 1 sessions...
2025-12-11 13:38:21.538 [info] Reading sessions from keychain...
2025-12-11 13:38:21.540 [info] Stored 1 sessions!
2025-12-11 13:38:21.541 [info] Login success!
2025-12-11 13:38:21.542 [info] Got stored sessions!
2025-12-11 13:38:21.549 [info] Got 1 verified sessions.
2025-12-11 13:38:21.553 [info] Getting sessions for all scopes...
2025-12-11 13:38:21.553 [info] Got 1 sessions for ...
2025-12-11 13:38:21.554 [info] Getting sessions for all scopes...
2025-12-11 13:38:21.554 [info] Got 1 sessions for ...
2025-12-11 13:38:21.560 [info] Getting sessions for all scopes...
2025-12-11 13:38:21.561 [info] Got 1 sessions for ...
2025-12-11 13:38:21.578 [info] Getting sessions for read:user,repo,user:email,workflow...
2025-12-11 13:38:21.578 [info] Got 1 sessions for read:user,repo,user:email,workflow...
2025-12-11 13:38:22.374 [info] FetcherService: Electron fetch failed with status: 429 
2025-12-11 13:38:23.364 [info] FetcherService: Node fetch failed with status: 429 Too Many Requests
2025-12-11 13:38:23.944 [info] FetcherService: Node http/s failed with status: 429 Too Many Requests
2025-12-11 13:39:11.238 [info] Getting sessions for all scopes...
2025-12-11 13:39:11.240 [info] Got 1 sessions for ...
2025-12-11 13:39:11.244 [info] Getting sessions for all scopes...
2025-12-11 13:39:11.244 [info] Got 1 sessions for ...
2025-12-11 13:39:12.566 [info] Getting sessions for read:user,repo,user:email,workflow...
2025-12-11 13:39:12.566 [info] Got 1 sessions for read:user,repo,user:email,workflow...
2025-12-11 13:39:12.679 [info] Getting sessions for all scopes...
2025-12-11 13:39:12.679 [info] Got 1 sessions for ...
2025-12-11 13:39:12.689 [info] Getting sessions for read:user,repo,user:email,workflow...
2025-12-11 13:39:12.689 [info] Got 1 sessions for read:user,repo,user:email,workflow...
2025-12-11 13:39:13.816 [info] Getting sessions for all scopes...
2025-12-11 13:39:13.818 [info] Got 1 sessions for ...
2025-12-11 13:39:13.937 [info] Getting sessions for all scopes...
2025-12-11 13:39:13.937 [info] Got 1 sessions for ...
2025-12-11 13:39:18.004 [info] Getting sessions for all scopes...
2025-12-11 13:39:18.004 [info] Got 1 sessions for ...
2025-12-11 13:39:18.004 [info] Getting sessions for all scopes...
2025-12-11 13:39:18.004 [info] Got 1 sessions for ...
2025-12-11 13:39:20.527 [info] Getting sessions for read:user,repo,user:email,workflow...
2025-12-11 13:39:20.527 [info] Got 1 sessions for read:user,repo,user:email,workflow...
2025-12-11 13:39:21.789 [info] Getting sessions for all scopes...
2025-12-11 13:39:21.789 [info] Got 1 sessions for ...
2025-12-11 13:39:21.969 [info] Getting sessions for all scopes...
2025-12-11 13:39:21.969 [info] Got 1 sessions for ...
2025-12-11 13:39:21.970 [info] Getting sessions for all scopes...
2025-12-11 13:39:21.970 [info] Got 1 sessions for ...
2025-12-11 13:39:21.995 [info] Getting sessions for all scopes...
2025-12-11 13:39:21.995 [info] Got 1 sessions for ...
2025-12-11 13:39:24.024 [info] Getting sessions for read:user,repo,user:email,workflow...
2025-12-11 13:39:24.024 [info] Got 1 sessions for read:user,repo,user:email,workflow...
2025-12-11 13:39:24.592 [info] Getting sessions for all scopes...
2025-12-11 13:39:24.593 [info] Got 1 sessions for ...
2025-12-11 13:39:24.602 [info] Getting sessions for read:user,repo,user:email,workflow...
2025-12-11 13:39:24.602 [info] Got 1 sessions for read:user,repo,user:email,workflow...
2025-12-11 13:44:13.299 [info] Getting sessions for all scopes...
2025-12-11 13:44:13.312 [info] Got 1 sessions for ...
2025-12-11 13:44:13.365 [info] Getting sessions for read:user,repo,user:email,workflow...
2025-12-11 13:44:13.390 [info] Got 1 sessions for read:user,repo,user:email,workflow...
2025-12-11 13:44:21.963 [info] Getting sessions for all scopes...
2025-12-11 13:44:21.964 [info] Got 1 sessions for ...
2025-12-11 13:44:21.980 [info] Getting sessions for read:user,repo,user:email,workflow...
2025-12-11 13:44:21.980 [info] Got 1 sessions for read:user,repo,user:email,workflow...
2025-12-11 13:49:13.136 [info] Getting sessions for all scopes...
2025-12-11 13:49:13.143 [info] Got 1 sessions for ...
2025-12-11 13:49:13.187 [info] Getting sessions for read:user,repo,user:email,workflow...
2025-12-11 13:49:13.190 [info] Got 1 sessions for read:user,repo,user:email,workflow...
2025-12-11 13:49:21.951 [info] Getting sessions for all scopes...
2025-12-11 13:49:21.951 [info] Got 1 sessions for ...
2025-12-11 13:49:21.962 [info] Getting sessions for read:user,repo,user:email,workflow...
2025-12-11 13:49:21.963 [info] Got 1 sessions for read:user,repo,user:email,workflow...
2025-12-11 13:54:13.147 [info] Getting sessions for all scopes...
2025-12-11 13:54:13.148 [info] Got 1 sessions for ...
2025-12-11 13:54:13.225 [info] Getting sessions for read:user,repo,user:email,workflow...
2025-12-11 13:54:13.225 [info] Got 1 sessions for read:user,repo,user:email,workflow...
2025-12-11 13:54:21.961 [info] Getting sessions for all scopes...
2025-12-11 13:54:21.961 [info] Got 1 sessions for ...
2025-12-11 13:54:21.964 [info] Getting sessions for read:user,repo,user:email,workflow...
2025-12-11 13:54:21.964 [info] Got 1 sessions for read:user,repo,user:email,workflow...
2025-12-11 13:59:13.103 [info] Getting sessions for all scopes...
2025-12-11 13:59:13.104 [info] Got 1 sessions for ...
2025-12-11 13:59:13.107 [info] Getting sessions for read:user,repo,user:email,workflow...
2025-12-11 13:59:13.107 [info] Got 1 sessions for read:user,repo,user:email,workflow...
2025-12-11 13:59:21.945 [info] Getting sessions for all scopes...
2025-12-11 13:59:21.945 [info] Got 1 sessions for ...
2025-12-11 13:59:21.952 [info] Getting sessions for read:user,repo,user:email,workflow...
2025-12-11 13:59:21.955 [info] Got 1 sessions for read:user,repo,user:email,workflow...
2025-12-11 14:04:13.093 [info] Getting sessions for all scopes...
2025-12-11 14:04:13.093 [info] Got 1 sessions for ...
2025-12-11 14:04:13.097 [info] Getting sessions for read:user,repo,user:email,workflow...
2025-12-11 14:04:13.097 [info] Got 1 sessions for read:user,repo,user:email,workflow...
2025-12-11 14:04:21.949 [info] Getting sessions for all scopes...
2025-12-11 14:04:21.949 [info] Got 1 sessions for ...
2025-12-11 14:04:21.951 [info] Getting sessions for read:user,repo,user:email,workflow...
2025-12-11 14:04:21.951 [info] Got 1 sessions for read:user,repo,user:email,workflow...
2025-12-11 14:09:13.096 [info] Getting sessions for all scopes...
2025-12-11 14:09:13.102 [info] Got 1 sessions for ...
2025-12-11 14:09:13.107 [info] Getting sessions for read:user,repo,user:email,workflow...
2025-12-11 14:09:13.109 [info] Got 1 sessions for read:user,repo,user:email,workflow...
2025-12-11 14:09:21.950 [info] Getting sessions for all scopes...
2025-12-11 14:09:21.950 [info] Got 1 sessions for ...
2025-12-11 14:09:21.953 [info] Getting sessions for read:user,repo,user:email,workflow...
2025-12-11 14:09:21.953 [info] Got 1 sessions for read:user,repo,user:email,workflow...
2025-12-11 14:14:13.106 [info] Getting sessions for all scopes...
2025-12-11 14:14:13.107 [info] Got 1 sessions for ...
2025-12-11 14:14:13.113 [info] Getting sessions for read:user,repo,user:email,workflow...
2025-12-11 14:14:13.113 [info] Got 1 sessions for read:user,repo,user:email,workflow...
2025-12-11 14:14:22.087 [info] Getting sessions for all scopes...
2025-12-11 14:14:22.087 [info] Got 1 sessions for ...
2025-12-11 14:14:22.093 [info] Getting sessions for read:user,repo,user:email,workflow...
2025-12-11 14:14:22.093 [info] Got 1 sessions for read:user,repo,user:email,workflow...
2025-12-11 14:19:13.107 [info] Getting sessions for all scopes...
2025-12-11 14:19:13.114 [info] Got 1 sessions for ...
2025-12-11 14:19:13.119 [info] Getting sessions for read:user,repo,user:email,workflow...
2025-12-11 14:19:13.119 [info] Got 1 sessions for read:user,repo,user:email,workflow...
2025-12-11 14:19:22.085 [info] Getting sessions for all scopes...
2025-12-11 14:19:22.086 [info] Got 1 sessions for ...
2025-12-11 14:19:22.118 [info] Getting sessions for read:user,repo,user:email,workflow...
2025-12-11 14:19:22.128 [info] Got 1 sessions for read:user,repo,user:email,workflow...
2025-12-11 14:24:13.115 [info] Getting sessions for all scopes...
2025-12-11 14:24:13.115 [info] Got 1 sessions for ...
2025-12-11 14:24:13.120 [info] Getting sessions for read:user,repo,user:email,workflow...
2025-12-11 14:24:13.120 [info] Got 1 sessions for read:user,repo,user:email,workflow...
2025-12-11 14:24:22.092 [info] Getting sessions for all scopes...
2025-12-11 14:24:22.092 [info] Got 1 sessions for ...
2025-12-11 14:24:22.096 [info] Getting sessions for read:user,repo,user:email,workflow...
2025-12-11 14:24:22.097 [info] Got 1 sessions for read:user,repo,user:email,workflow...
2025-12-11 14:29:13.114 [info] Getting sessions for all scopes...
2025-12-11 14:29:13.114 [info] Got 1 sessions for ...
2025-12-11 14:29:13.117 [info] Getting sessions for read:user,repo,user:email,workflow...
2025-12-11 14:29:13.117 [info] Got 1 sessions for read:user,repo,user:email,workflow...
2025-12-11 14:29:22.083 [info] Getting sessions for all scopes...
2025-12-11 14:29:22.084 [info] Got 1 sessions for ...
2025-12-11 14:29:22.087 [info] Getting sessions for read:user,repo,user:email,workflow...
2025-12-11 14:29:22.087 [info] Got 1 sessions for read:user,repo,user:email,workflow...
2025-12-11 14:34:13.119 [info] Getting sessions for all scopes...
2025-12-11 14:34:13.120 [info] Got 1 sessions for ...
2025-12-11 14:34:13.125 [info] Getting sessions for read:user,repo,user:email,workflow...
2025-12-11 14:34:13.126 [info] Got 1 sessions for read:user,repo,user:email,workflow...
2025-12-11 14:34:22.097 [info] Getting sessions for all scopes...
2025-12-11 14:34:22.097 [info] Got 1 sessions for ...
2025-12-11 14:34:22.100 [info] Getting sessions for read:user,repo,user:email,workflow...
2025-12-11 14:34:22.101 [info] Got 1 sessions for read:user,repo,user:email,workflow...
2025-12-11 14:34:24.092 [info] Getting sessions for all scopes...
2025-12-11 14:34:24.092 [info] Got 1 sessions for ...
2025-12-11 14:34:24.106 [info] Getting sessions for read:user,repo,user:email,workflow...
2025-12-11 14:34:24.106 [info] Got 1 sessions for read:user,repo,user:email,workflow...
2025-12-11 14:34:26.042 [info] Getting sessions for all scopes...
2025-12-11 14:34:26.043 [info] Got 1 sessions for ...
2025-12-11 14:34:26.091 [info] Getting sessions for all scopes...
2025-12-11 14:34:26.091 [info] Got 1 sessions for ...
2025-12-11 14:34:26.465 [info] Getting sessions for read:user,repo,user:email,workflow...
2025-12-11 14:34:26.466 [info] Got 1 sessions for read:user,repo,user:email,workflow...
2025-12-11 14:34:26.852 [info] Getting sessions for all scopes...
2025-12-11 14:34:26.854 [info] Got 1 sessions for ...
2025-12-11 14:34:26.861 [info] Getting sessions for all scopes...
2025-12-11 14:34:26.862 [info] Got 1 sessions for ...
2025-12-11 14:34:26.862 [info] Getting sessions for read:user,repo,user:email,workflow...
2025-12-11 14:34:26.863 [info] Got 1 sessions for read:user,repo,user:email,workflow...
2025-12-11 14:39:13.123 [info] Getting sessions for all scopes...
2025-12-11 14:39:13.125 [info] Got 1 sessions for ...
2025-12-11 14:39:13.144 [info] Getting sessions for read:user,repo,user:email,workflow...
2025-12-11 14:39:13.144 [info] Got 1 sessions for read:user,repo,user:email,workflow...
2025-12-11 14:39:22.104 [info] Getting sessions for all scopes...
2025-12-11 14:39:22.105 [info] Got 1 sessions for ...
2025-12-11 14:39:22.108 [info] Getting sessions for read:user,repo,user:email,workflow...
2025-12-11 14:39:22.108 [info] Got 1 sessions for read:user,repo,user:email,workflow...
2025-12-11 14:44:13.118 [info] Getting sessions for all scopes...
2025-12-11 14:44:13.118 [info] Got 1 sessions for ...
2025-12-11 14:44:13.121 [info] Getting sessions for read:user,repo,user:email,workflow...
2025-12-11 14:44:13.121 [info] Got 1 sessions for read:user,repo,user:email,workflow...
2025-12-11 14:44:22.099 [info] Getting sessions for all scopes...
2025-12-11 14:44:22.100 [info] Got 1 sessions for ...
2025-12-11 14:44:22.107 [info] Getting sessions for read:user,repo,user:email,workflow...
2025-12-11 14:44:22.107 [info] Got 1 sessions for read:user,repo,user:email,workflow...
2025-12-11 14:49:13.121 [info] Getting sessions for all scopes...
2025-12-11 14:49:13.121 [info] Got 1 sessions for ...
2025-12-11 14:49:13.124 [info] Getting sessions for read:user,repo,user:email,workflow...
2025-12-11 14:49:13.124 [info] Got 1 sessions for read:user,repo,user:email,workflow...
2025-12-11 14:49:22.993 [info] Getting sessions for all scopes...
2025-12-11 14:49:22.993 [info] Got 1 sessions for ...
2025-12-11 14:49:23.021 [info] Getting sessions for read:user,repo,user:email,workflow...
2025-12-11 14:49:23.021 [info] Got 1 sessions for read:user,repo,user:email,workflow...
2025-12-11 14:54:13.127 [info] Getting sessions for all scopes...
2025-12-11 14:54:13.127 [info] Got 1 sessions for ...
2025-12-11 14:54:13.131 [info] Getting sessions for read:user,repo,user:email,workflow...
2025-12-11 14:54:13.131 [info] Got 1 sessions for read:user,repo,user:email,workflow...
2025-12-11 14:54:23.091 [info] Getting sessions for all scopes...
2025-12-11 14:54:23.091 [info] Got 1 sessions for ...
2025-12-11 14:54:23.094 [info] Getting sessions for read:user,repo,user:email,workflow...
2025-12-11 14:54:23.094 [info] Got 1 sessions for read:user,repo,user:email,workflow...
2025-12-11 14:59:13.133 [info] Getting sessions for all scopes...
2025-12-11 14:59:13.136 [info] Got 1 sessions for ...
2025-12-11 14:59:13.141 [info] Getting sessions for read:user,repo,user:email,workflow...
2025-12-11 14:59:13.142 [info] Got 1 sessions for read:user,repo,user:email,workflow...
2025-12-11 14:59:23.023 [info] Getting sessions for all scopes...
2025-12-11 14:59:23.024 [info] Got 1 sessions for ...
2025-12-11 14:59:23.030 [info] Getting sessions for read:user,repo,user:email,workflow...
2025-12-11 14:59:23.030 [info] Got 1 sessions for read:user,repo,user:email,workflow...
2025-12-11 15:04:13.133 [info] Getting sessions for all scopes...
2025-12-11 15:04:13.134 [info] Got 1 sessions for ...
2025-12-11 15:04:13.135 [info] Getting sessions for read:user,repo,user:email,workflow...
2025-12-11 15:04:13.136 [info] Got 1 sessions for read:user,repo,user:email,workflow...
2025-12-11 15:04:23.024 [info] Getting sessions for all scopes...
2025-12-11 15:04:23.024 [info] Got 1 sessions for ...
2025-12-11 15:04:23.029 [info] Getting sessions for read:user,repo,user:email,workflow...
2025-12-11 15:04:23.030 [info] Got 1 sessions for read:user,repo,user:email,workflow...
2025-12-11 15:09:13.138 [info] Getting sessions for all scopes...
2025-12-11 15:09:13.138 [info] Got 1 sessions for ...
2025-12-11 15:09:13.140 [info] Getting sessions for read:user,repo,user:email,workflow...
2025-12-11 15:09:13.141 [info] Got 1 sessions for read:user,repo,user:email,workflow...
2025-12-11 15:09:23.026 [info] Getting sessions for all scopes...
2025-12-11 15:09:23.027 [info] Got 1 sessions for ...
2025-12-11 15:09:23.031 [info] Getting sessions for read:user,repo,user:email,workflow...
2025-12-11 15:09:23.032 [info] Got 1 sessions for read:user,repo,user:email,workflow...
2025-12-11 15:14:13.185 [info] Getting sessions for all scopes...
2025-12-11 15:14:13.185 [info] Got 1 sessions for ...
2025-12-11 15:14:13.188 [info] Getting sessions for read:user,repo,user:email,workflow...
2025-12-11 15:14:13.188 [info] Got 1 sessions for read:user,repo,user:email,workflow...
2025-12-11 15:14:23.034 [info] Getting sessions for all scopes...
2025-12-11 15:14:23.034 [info] Got 1 sessions for ...
2025-12-11 15:14:23.036 [info] Getting sessions for read:user,repo,user:email,workflow...
2025-12-11 15:14:23.036 [info] Got 1 sessions for read:user,repo,user:email,workflow...
2025-12-11 15:19:13.202 [info] Getting sessions for all scopes...
2025-12-11 15:19:13.203 [info] Got 1 sessions for ...
2025-12-11 15:19:13.207 [info] Getting sessions for read:user,repo,user:email,workflow...
2025-12-11 15:19:13.208 [info] Got 1 sessions for read:user,repo,user:email,workflow...
2025-12-11 15:19:23.037 [info] Getting sessions for all scopes...
2025-12-11 15:19:23.037 [info] Got 1 sessions for ...
2025-12-11 15:19:23.041 [info] Getting sessions for read:user,repo,user:email,workflow...
2025-12-11 15:19:23.041 [info] Got 1 sessions for read:user,repo,user:email,workflow...
2025-12-11 15:24:13.216 [info] Getting sessions for all scopes...
2025-12-11 15:24:13.216 [info] Got 1 sessions for ...
2025-12-11 15:24:13.229 [info] Getting sessions for read:user,repo,user:email,workflow...
2025-12-11 15:24:13.229 [info] Got 1 sessions for read:user,repo,user:email,workflow...
2025-12-11 15:24:23.039 [info] Getting sessions for all scopes...
2025-12-11 15:24:23.039 [info] Got 1 sessions for ...
2025-12-11 15:24:23.043 [info] Getting sessions for read:user,repo,user:email,workflow...
2025-12-11 15:24:23.043 [info] Got 1 sessions for read:user,repo,user:email,workflow...
2025-12-11 15:29:13.207 [info] Getting sessions for all scopes...
2025-12-11 15:29:13.207 [info] Got 1 sessions for ...
2025-12-11 15:29:13.212 [info] Getting sessions for read:user,repo,user:email,workflow...
2025-12-11 15:29:13.213 [info] Got 1 sessions for read:user,repo,user:email,workflow...
2025-12-11 15:29:31.792 [info] Getting sessions for all scopes...
2025-12-11 15:29:31.793 [info] Got 1 sessions for ...
2025-12-11 15:29:31.794 [info] Getting sessions for all scopes...
2025-12-11 15:29:31.794 [info] Got 1 sessions for ...
2025-12-11 15:29:31.802 [info] Getting sessions for read:user,repo,user:email,workflow...
2025-12-11 15:29:31.802 [info] Got 1 sessions for read:user,repo,user:email,workflow...
2025-12-11 15:29:32.570 [info] Getting sessions for all scopes...
2025-12-11 15:29:32.571 [info] Got 1 sessions for ...
2025-12-11 15:29:32.573 [info] Getting sessions for all scopes...
2025-12-11 15:29:32.574 [info] Got 1 sessions for ...
2025-12-11 15:29:32.620 [info] Getting sessions for read:user,repo,user:email,workflow...
2025-12-11 15:29:32.621 [info] Got 1 sessions for read:user,repo,user:email,workflow...
2025-12-11 15:29:32.673 [info] Getting sessions for all scopes...
2025-12-11 15:29:32.674 [info] Got 1 sessions for ...
2025-12-11 15:29:32.679 [info] Getting sessions for read:user,repo,user:email,workflow...
2025-12-11 15:29:32.680 [info] Got 1 sessions for read:user,repo,user:email,workflow...
2025-12-11 15:29:32.856 [info] Getting sessions for all scopes...
2025-12-11 15:29:32.857 [info] Got 1 sessions for ...
2025-12-11 15:29:32.867 [info] Getting sessions for read:user,repo,user:email,workflow...
2025-12-11 15:29:32.868 [info] Got 1 sessions for read:user,repo,user:email,workflow...
2025-12-11 15:34:13.214 [info] Getting sessions for all scopes...
2025-12-11 15:34:13.214 [info] Got 1 sessions for ...
2025-12-11 15:34:13.218 [info] Getting sessions for read:user,repo,user:email,workflow...
2025-12-11 15:34:13.218 [info] Got 1 sessions for read:user,repo,user:email,workflow...
2025-12-11 15:34:31.692 [info] Getting sessions for all scopes...
2025-12-11 15:34:31.692 [info] Got 1 sessions for ...
2025-12-11 15:34:31.698 [info] Getting sessions for read:user,repo,user:email,workflow...
2025-12-11 15:34:31.698 [info] Got 1 sessions for read:user,repo,user:email,workflow...
2025-12-11 15:39:13.234 [info] Getting sessions for all scopes...
2025-12-11 15:39:13.234 [info] Got 1 sessions for ...
2025-12-11 15:39:13.241 [info] Getting sessions for read:user,repo,user:email,workflow...
2025-12-11 15:39:13.242 [info] Got 1 sessions for read:user,repo,user:email,workflow...
2025-12-11 15:39:31.699 [info] Getting sessions for all scopes...
2025-12-11 15:39:31.699 [info] Got 1 sessions for ...
2025-12-11 15:39:31.703 [info] Getting sessions for read:user,repo,user:email,workflow...
2025-12-11 15:39:31.703 [info] Got 1 sessions for read:user,repo,user:email,workflow...
2025-12-11 15:44:13.288 [info] Getting sessions for all scopes...
2025-12-11 15:44:13.288 [info] Got 1 sessions for ...
2025-12-11 15:44:13.291 [info] Getting sessions for read:user,repo,user:email,workflow...
2025-12-11 15:44:13.291 [info] Got 1 sessions for read:user,repo,user:email,workflow...
2025-12-11 15:44:36.736 [info] Getting sessions for all scopes...
2025-12-11 15:44:36.737 [info] Got 1 sessions for ...
2025-12-11 15:44:36.739 [info] Getting sessions for read:user,repo,user:email,workflow...
2025-12-11 15:44:36.740 [info] Got 1 sessions for read:user,repo,user:email,workflow...
2025-12-11 15:49:13.284 [info] Getting sessions for all scopes...
2025-12-11 15:49:13.286 [info] Got 1 sessions for ...
2025-12-11 15:49:13.293 [info] Getting sessions for read:user,repo,user:email,workflow...
2025-12-11 15:49:13.293 [info] Got 1 sessions for read:user,repo,user:email,workflow...
2025-12-11 15:49:36.695 [info] Getting sessions for all scopes...
2025-12-11 15:49:36.697 [info] Got 1 sessions for ...
2025-12-11 15:49:36.702 [info] Getting sessions for read:user,repo,user:email,workflow...
2025-12-11 15:49:36.702 [info] Got 1 sessions for read:user,repo,user:email,workflow...
2025-12-11 15:54:36.788 [info] Getting sessions for all scopes...
2025-12-11 15:54:36.788 [info] Got 1 sessions for ...
2025-12-11 15:54:36.789 [info] Getting sessions for all scopes...
2025-12-11 15:54:36.789 [info] Got 1 sessions for ...
2025-12-11 15:54:36.790 [info] Getting sessions for read:user,repo,user:email,workflow...
2025-12-11 15:54:36.791 [info] Got 1 sessions for read:user,repo,user:email,workflow...
2025-12-11 15:59:36.786 [info] Getting sessions for all scopes...
2025-12-11 15:59:36.788 [info] Got 1 sessions for ...
2025-12-11 15:59:36.789 [info] Getting sessions for all scopes...
2025-12-11 15:59:36.789 [info] Got 1 sessions for ...
2025-12-11 15:59:36.792 [info] Getting sessions for read:user,repo,user:email,workflow...
2025-12-11 15:59:36.792 [info] Got 1 sessions for read:user,repo,user:email,workflow...
2025-12-11 16:04:36.797 [info] Getting sessions for all scopes...
2025-12-11 16:04:36.797 [info] Got 1 sessions for ...
2025-12-11 16:04:36.798 [info] Getting sessions for all scopes...
2025-12-11 16:04:36.798 [info] Got 1 sessions for ...
2025-12-11 16:04:36.799 [info] Getting sessions for read:user,repo,user:email,workflow...
2025-12-11 16:04:36.799 [info] Got 1 sessions for read:user,repo,user:email,workflow...
2025-12-11 16:09:37.656 [info] Getting sessions for all scopes...
2025-12-11 16:09:37.658 [info] Got 1 sessions for ...
2025-12-11 16:09:37.662 [info] Getting sessions for all scopes...
2025-12-11 16:09:37.662 [info] Got 1 sessions for ...
2025-12-11 16:09:37.699 [info] Getting sessions for read:user,repo,user:email,workflow...
2025-12-11 16:09:37.699 [info] Got 1 sessions for read:user,repo,user:email,workflow...
2025-12-11 16:14:37.412 [info] Getting sessions for all scopes...
2025-12-11 16:14:37.412 [info] Got 1 sessions for ...
2025-12-11 16:14:37.412 [info] Getting sessions for all scopes...
2025-12-11 16:14:37.412 [info] Got 1 sessions for ...
2025-12-11 16:14:37.413 [info] Getting sessions for read:user,repo,user:email,workflow...
2025-12-11 16:14:37.414 [info] Got 1 sessions for read:user,repo,user:email,workflow...
2025-12-11 16:19:37.415 [info] Getting sessions for all scopes...
2025-12-11 16:19:37.416 [info] Got 1 sessions for ...
2025-12-11 16:19:37.416 [info] Getting sessions for all scopes...
2025-12-11 16:19:37.416 [info] Got 1 sessions for ...
2025-12-11 16:19:37.420 [info] Getting sessions for read:user,repo,user:email,workflow...
2025-12-11 16:19:37.421 [info] Got 1 sessions for read:user,repo,user:email,workflow...
2025-12-11 16:24:42.862 [info] Getting sessions for all scopes...
2025-12-11 16:24:42.862 [info] Got 1 sessions for ...
2025-12-11 16:24:42.863 [info] Getting sessions for all scopes...
2025-12-11 16:24:42.864 [info] Got 1 sessions for ...
2025-12-11 16:24:42.864 [info] Getting sessions for all scopes...
2025-12-11 16:24:42.865 [info] Got 1 sessions for ...
2025-12-11 16:24:42.872 [info] Getting sessions for read:user,repo,user:email,workflow...
2025-12-11 16:24:42.872 [info] Got 1 sessions for read:user,repo,user:email,workflow...
2025-12-11 16:24:43.736 [info] Getting sessions for all scopes...
2025-12-11 16:24:43.737 [info] Got 1 sessions for ...
2025-12-11 16:24:43.738 [info] Getting sessions for all scopes...
2025-12-11 16:24:43.738 [info] Got 1 sessions for ...
2025-12-11 16:24:43.855 [info] Getting sessions for read:user,repo,user:email,workflow...
2025-12-11 16:24:43.855 [info] Got 1 sessions for read:user,repo,user:email,workflow...
2025-12-11 16:24:43.927 [info] Getting sessions for all scopes...
2025-12-11 16:24:43.928 [info] Got 1 sessions for ...
2025-12-11 16:24:43.932 [info] Getting sessions for read:user,repo,user:email,workflow...
2025-12-11 16:24:43.932 [info] Got 1 sessions for read:user,repo,user:email,workflow...
2025-12-11 16:24:44.096 [info] Getting sessions for all scopes...
2025-12-11 16:24:44.096 [info] Got 1 sessions for ...
2025-12-11 16:24:44.100 [info] Getting sessions for read:user,repo,user:email,workflow...
2025-12-11 16:24:44.100 [info] Got 1 sessions for read:user,repo,user:email,workflow...
2025-12-11 16:29:42.835 [info] Getting sessions for all scopes...
2025-12-11 16:29:42.842 [info] Got 1 sessions for ...
2025-12-11 16:29:42.846 [info] Getting sessions for all scopes...
2025-12-11 16:29:42.847 [info] Got 1 sessions for ...
2025-12-11 16:29:42.853 [info] Getting sessions for read:user,repo,user:email,workflow...
2025-12-11 16:29:42.854 [info] Got 1 sessions for read:user,repo,user:email,workflow...
2025-12-11 16:34:42.846 [info] Getting sessions for all scopes...
2025-12-11 16:34:42.850 [info] Got 1 sessions for ...
2025-12-11 16:34:42.857 [info] Getting sessions for all scopes...
2025-12-11 16:34:42.858 [info] Got 1 sessions for ...
2025-12-11 16:34:42.879 [info] Getting sessions for read:user,repo,user:email,workflow...
2025-12-11 16:34:42.884 [info] Got 1 sessions for read:user,repo,user:email,workflow...
2025-12-11 16:39:42.917 [info] Getting sessions for all scopes...
2025-12-11 16:39:42.917 [info] Got 1 sessions for ...
2025-12-11 16:39:42.920 [info] Getting sessions for all scopes...
2025-12-11 16:39:42.920 [info] Got 1 sessions for ...
2025-12-11 16:39:42.926 [info] Getting sessions for read:user,repo,user:email,workflow...
2025-12-11 16:39:42.926 [info] Got 1 sessions for read:user,repo,user:email,workflow...
2025-12-11 16:44:42.886 [info] Getting sessions for all scopes...
2025-12-11 16:44:42.886 [info] Got 1 sessions for ...
2025-12-11 16:44:42.899 [info] Getting sessions for all scopes...
2025-12-11 16:44:42.901 [info] Got 1 sessions for ...
2025-12-11 16:44:42.950 [info] Getting sessions for read:user,repo,user:email,workflow...
2025-12-11 16:44:42.960 [info] Got 1 sessions for read:user,repo,user:email,workflow...
2025-12-11 16:49:47.668 [info] Getting sessions for all scopes...
2025-12-11 16:49:47.770 [info] Got 1 sessions for ...
2025-12-11 16:49:47.775 [info] Getting sessions for all scopes...
2025-12-11 16:49:47.775 [info] Got 1 sessions for ...
2025-12-11 16:49:47.780 [info] Getting sessions for read:user,repo,user:email,workflow...
2025-12-11 16:49:47.781 [info] Got 1 sessions for read:user,repo,user:email,workflow...
2025-12-11 16:54:47.673 [info] Getting sessions for all scopes...
2025-12-11 16:54:47.674 [info] Got 1 sessions for ...
2025-12-11 16:54:47.676 [info] Getting sessions for all scopes...
2025-12-11 16:54:47.676 [info] Got 1 sessions for ...
2025-12-11 16:54:47.680 [info] Getting sessions for read:user,repo,user:email,workflow...
2025-12-11 16:54:47.680 [info] Got 1 sessions for read:user,repo,user:email,workflow...
2025-12-11 16:59:47.676 [info] Getting sessions for all scopes...
2025-12-11 16:59:47.678 [info] Got 1 sessions for ...
2025-12-11 16:59:47.679 [info] Getting sessions for all scopes...
2025-12-11 16:59:47.679 [info] Got 1 sessions for ...
2025-12-11 16:59:47.683 [info] Getting sessions for read:user,repo,user:email,workflow...
2025-12-11 16:59:47.684 [info] Got 1 sessions for read:user,repo,user:email,workflow...
2025-12-11 17:04:47.678 [info] Getting sessions for all scopes...
2025-12-11 17:04:47.679 [info] Got 1 sessions for ...
2025-12-11 17:04:47.681 [info] Getting sessions for all scopes...
2025-12-11 17:04:47.681 [info] Got 1 sessions for ...
2025-12-11 17:04:47.683 [info] Getting sessions for read:user,repo,user:email,workflow...
2025-12-11 17:04:47.683 [info] Got 1 sessions for read:user,repo,user:email,workflow...
