2025-12-16 16:19:52.605 [info] Reading sessions from keychain...
2025-12-16 16:19:52.605 [info] Getting sessions for all scopes...
2025-12-16 16:19:52.605 [info] Got 0 sessions for ...
2025-12-16 16:19:52.605 [info] Getting sessions for all scopes...
2025-12-16 16:19:52.605 [info] Got 0 sessions for ...
2025-12-16 16:19:52.605 [info] Getting sessions for all scopes...
2025-12-16 16:19:52.605 [info] Got 0 sessions for ...
2025-12-16 16:19:52.605 [info] Getting sessions for all scopes...
2025-12-16 16:19:52.605 [info] Got 0 sessions for ...
2025-12-16 16:19:52.605 [info] Getting sessions for all scopes...
2025-12-16 16:19:52.605 [info] Got 0 sessions for ...
2025-12-16 16:19:52.605 [info] Getting sessions for all scopes...
2025-12-16 16:19:52.605 [info] Got 0 sessions for ...
2025-12-16 16:19:52.605 [info] Getting sessions for all scopes...
2025-12-16 16:19:52.605 [info] Got 0 sessions for ...
2025-12-16 16:19:52.605 [info] Getting sessions for all scopes...
2025-12-16 16:19:52.605 [info] Got 0 sessions for ...
2025-12-16 16:19:52.605 [info] Getting sessions for all scopes...
2025-12-16 16:19:52.605 [info] Got 0 sessions for ...
2025-12-16 16:19:52.605 [info] Getting sessions for all scopes...
2025-12-16 16:19:52.605 [info] Got 0 sessions for ...
2025-12-16 16:19:52.605 [info] Getting sessions for all scopes...
2025-12-16 16:19:52.605 [info] Got 0 sessions for ...
2025-12-16 16:19:52.605 [info] Getting sessions for all scopes...
2025-12-16 16:19:52.605 [info] Got 0 sessions for ...
2025-12-16 16:19:52.605 [info] Getting sessions for all scopes...
2025-12-16 16:19:52.605 [info] Got 0 sessions for ...
2025-12-16 16:19:52.605 [info] Getting sessions for all scopes...
2025-12-16 16:19:52.606 [info] Got 0 sessions for ...
2025-12-16 16:19:52.606 [info] Getting sessions for all scopes...
2025-12-16 16:19:52.606 [info] Got 0 sessions for ...
2025-12-16 16:19:52.606 [info] Getting sessions for all scopes...
2025-12-16 16:19:52.606 [info] Got 0 sessions for ...
2025-12-16 16:19:52.606 [info] Getting sessions for all scopes...
2025-12-16 16:19:52.606 [info] Got 0 sessions for ...
2025-12-16 16:19:52.606 [info] Getting sessions for all scopes...
2025-12-16 16:19:52.606 [info] Got 0 sessions for ...
2025-12-16 16:19:52.606 [info] Getting sessions for user:email...
2025-12-16 16:19:52.606 [info] Got 0 sessions for user:email...
2025-12-16 16:19:52.606 [info] Getting sessions for read:user,repo,user:email,workflow...
2025-12-16 16:19:52.606 [info] Got 0 sessions for read:user,repo,user:email,workflow...
2025-12-16 16:19:55.378 [info] Getting sessions for all scopes...
2025-12-16 16:19:55.378 [info] Got 0 sessions for ...
2025-12-16 16:19:55.378 [info] Getting sessions for all scopes...
2025-12-16 16:19:55.378 [info] Got 0 sessions for ...
2025-12-16 16:19:55.382 [info] Getting sessions for all scopes...
2025-12-16 16:19:55.382 [info] Got 0 sessions for ...
2025-12-16 16:19:56.969 [info] Getting sessions for user:email...
2025-12-16 16:19:56.980 [info] Got 0 sessions for user:email...
2025-12-16 16:19:56.984 [info] Getting sessions for read:user,repo,user:email,workflow...
2025-12-16 16:19:56.984 [info] Got 0 sessions for read:user,repo,user:email,workflow...
2025-12-16 16:19:58.061 [info] Getting sessions for all scopes...
2025-12-16 16:19:58.061 [info] Got 0 sessions for ...
2025-12-16 16:20:40.629 [info] Getting sessions for user:email...
2025-12-16 16:20:40.631 [info] Got 0 sessions for user:email...
2025-12-16 16:20:40.826 [info] Getting sessions for all scopes...
2025-12-16 16:20:40.826 [info] Got 0 sessions for ...
2025-12-16 16:20:41.044 [info] Getting sessions for all scopes...
2025-12-16 16:20:41.044 [info] Got 0 sessions for ...
2025-12-16 16:20:41.045 [info] Getting sessions for all scopes...
2025-12-16 16:20:41.045 [info] Got 0 sessions for ...
2025-12-16 16:20:41.208 [info] Getting sessions for read:user,repo,user:email,workflow...
2025-12-16 16:20:41.208 [info] Got 0 sessions for read:user,repo,user:email,workflow...
2025-12-16 16:26:28.106 [info] Getting sessions for all scopes...
2025-12-16 16:26:28.106 [info] Got 0 sessions for ...
2025-12-16 16:26:28.108 [info] Getting sessions for user:email...
2025-12-16 16:26:28.109 [info] Got 0 sessions for user:email...
2025-12-16 16:26:28.117 [info] Getting sessions for all scopes...
2025-12-16 16:26:28.117 [info] Got 0 sessions for ...
2025-12-16 16:26:28.148 [info] Getting sessions for all scopes...
2025-12-16 16:26:28.148 [info] Got 0 sessions for ...
2025-12-16 16:26:33.049 [info] Getting sessions for all scopes...
2025-12-16 16:26:33.049 [info] Got 0 sessions for ...
2025-12-16 16:26:33.054 [info] Getting sessions for user:email...
2025-12-16 16:26:33.054 [info] Got 0 sessions for user:email...
2025-12-16 16:31:38.435 [info] Getting sessions for all scopes...
2025-12-16 16:31:38.436 [info] Got 0 sessions for ...
2025-12-16 16:31:38.491 [info] Getting sessions for user:email...
2025-12-16 16:31:38.491 [info] Got 0 sessions for user:email...
2025-12-16 16:31:43.362 [info] Getting sessions for all scopes...
2025-12-16 16:31:43.362 [info] Got 0 sessions for ...
2025-12-16 16:31:43.366 [info] Getting sessions for user:email...
2025-12-16 16:31:43.366 [info] Got 0 sessions for user:email...
