2025-12-22 13:40:35.512 [info] Starting Python Locator /root/.vscode/extensions/ms-python.python-2025.20.1-linux-x64/python-env-tools/bin/pet server
2025-12-22 13:40:41.148 [info] Discovered manager: (Pyenv) /usr/bin/pyenv
2025-12-22 13:40:41.149 [info] Discovered env: /root/.pyenv/versions/3.11.8/bin/python
2025-12-22 13:40:41.153 [info] Discovered env: /root/.pyenv/versions/3.10.13/bin/python
2025-12-22 13:40:41.154 [info] Discovered env: /root/.pyenv/versions/tf-env/bin/python
2025-12-22 13:40:41.155 [info] Discovered env: /home/pablo/code/vulndb-5g/.venv/bin/python
2025-12-22 13:40:41.158 [info] Discovered env: /usr/bin/python
2025-12-22 13:40:41.160 [info] Discovered env: /bin/python
2025-12-22 13:40:41.161 [info] Discovered env: /bin/python2
2025-12-22 13:40:41.162 [info] Discovered env: /usr/bin/python2
2025-12-22 13:40:41.166 [info] Locator Conda took 57.665511397s
2025-12-22 13:40:41.166 [info] Locator Homebrew took 100.609µs
2025-12-22 13:40:41.166 [info] Locator LinuxGlobal took 57.657445175s
2025-12-22 13:40:41.166 [info] Locator PipEnv took 22.617µs
2025-12-22 13:40:41.167 [info] Locator Pixi took 19.957053ms
2025-12-22 13:40:41.167 [info] Locator Poetry took 3.543844ms
2025-12-22 13:40:41.167 [info] Locator PyEnv took 427.666678ms
2025-12-22 13:40:41.167 [info] Locator Uv took 54.235µs
2025-12-22 13:40:41.167 [info] Locator Venv took 43.97µs
2025-12-22 13:40:41.167 [info] Locator VirtualEnv took 28.827µs
2025-12-22 13:40:41.167 [info] Locator VirtualEnvWrapper took 69.609µs
2025-12-22 13:40:41.167 [info] Locator GlobalVirtualEnvs took 75.271µs
2025-12-22 13:40:41.167 [info] Locator Locators took 57.668247604s
2025-12-22 13:40:41.167 [info] Locator Path took 62.877814514s
2025-12-22 13:40:41.168 [info] Locator Workspaces took 1.054448712s
2025-12-22 13:40:41.169 [info] Refresh completed in 62924ms
2025-12-22 13:40:41.173 [info] Resolved Python Environment /home/pablo/code/vulndb-5g/.venv/bin/python
2025-12-22 13:43:22.270 [info] Resolved Python Environment /home/pablo/code/vulndb-5g/.venv/bin/python
2025-12-22 13:44:21.142 [info] Resolved Python Environment /home/pablo/code/vulndb-5g/.venv/bin/python
2025-12-22 13:46:32.993 [info] Resolved Python Environment /home/pablo/code/vulndb-5g/.venv/bin/python
2025-12-22 13:47:04.842 [info] Resolved Python Environment /home/pablo/code/vulndb-5g/.venv/bin/python
2025-12-22 13:47:42.693 [info] Resolved Python Environment /home/pablo/code/vulndb-5g/.venv/bin/python
2025-12-22 13:48:20.593 [info] Resolved Python Environment /home/pablo/code/vulndb-5g/.venv/bin/python
2025-12-22 13:50:07.192 [info] Resolved Python Environment /home/pablo/code/vulndb-5g/.venv/bin/python
