2025-12-22 13:59:21.540 [info] [main] Log level: Info
2025-12-22 13:59:21.540 [info] [main] Validating found git in: "git"
2025-12-22 13:59:21.540 [info] [main] Using git "2.51.0" from "git"
2025-12-22 13:59:21.540 [info] [Model][doInitialScan] Initial repository scan started
2025-12-22 13:59:21.540 [info] > git rev-parse --show-toplevel [29ms]
2025-12-22 13:59:21.540 [info] > git rev-parse --git-dir --git-common-dir --show-superproject-working-tree [904ms]
2025-12-22 13:59:21.540 [info] [Model][openRepository] Opened repository (path): /home/pablo/code/vulndb-5g
2025-12-22 13:59:21.540 [info] [Model][openRepository] Opened repository (real path): /home/pablo/code/vulndb-5g
2025-12-22 13:59:21.540 [info] [Model][openRepository] Opened repository (kind): repository
2025-12-22 13:59:21.540 [info] > git config --get commit.template [3309ms]
2025-12-22 13:59:25.244 [info] > git check-ignore -v -z --stdin [5632ms]
2025-12-22 13:59:34.927 [info] > git check-ignore -v -z --stdin [8965ms]
2025-12-22 13:59:34.956 [info] > git for-each-ref --format=%(refname)%00%(upstream:short)%00%(objectname)%00%(upstream:track)%00%(upstream:remotename)%00%(upstream:remoteref) refs/heads/main refs/remotes/main [1260ms]
2025-12-22 13:59:35.752 [info] > git rev-parse --show-toplevel [51ms]
2025-12-22 13:59:36.817 [info] > git rev-parse --show-toplevel [1045ms]
2025-12-22 13:59:36.818 [info] > git for-each-ref --sort -committerdate --format %(refname)%00%(objectname)%00%(*objectname) [883ms]
2025-12-22 13:59:36.957 [info] > git rev-parse --show-toplevel [124ms]
2025-12-22 13:59:37.002 [info] > git rev-parse --show-toplevel [28ms]
2025-12-22 13:59:37.205 [info] > git rev-parse --show-toplevel [162ms]
2025-12-22 13:59:37.531 [info] > git rev-parse --show-toplevel [77ms]
2025-12-22 13:59:38.055 [info] > git rev-parse --show-toplevel [448ms]
2025-12-22 13:59:39.096 [info] > git rev-parse --show-toplevel [994ms]
2025-12-22 13:59:39.161 [info] > git rev-parse --show-toplevel [7ms]
2025-12-22 13:59:39.163 [info] [Model][doInitialScan] Initial repository scan completed - repositories (1), closed repositories (0), parent repositories (0), unsafe repositories (0)
2025-12-22 13:59:41.463 [info] > git status -z -uall [5679ms]
2025-12-22 13:59:41.780 [info] > git for-each-ref --format=%(refname)%00%(upstream:short)%00%(objectname)%00%(upstream:track)%00%(upstream:remotename)%00%(upstream:remoteref) refs/heads/main refs/remotes/main [228ms]
2025-12-22 13:59:42.754 [info] > git config --get --local branch.main.vscode-merge-base [920ms]
2025-12-22 13:59:42.754 [warning] [Git][config] git config failed: Failed to execute git
2025-12-22 13:59:42.804 [info] > git config --get commit.template [1027ms]
2025-12-22 13:59:42.890 [info] > git reflog main --grep-reflog=branch: Created from *. [87ms]
2025-12-22 13:59:42.961 [info] > git symbolic-ref --short refs/remotes/origin/HEAD [34ms]
2025-12-22 13:59:42.976 [info] fatal: ref refs/remotes/origin/HEAD is not a symbolic ref
2025-12-22 13:59:42.977 [warning] [Repository][getDefaultBranch] Failed to get default branch details: Failed to execute git.
2025-12-22 13:59:43.058 [info] > git for-each-ref --format=%(refname)%00%(upstream:short)%00%(objectname)%00%(upstream:track)%00%(upstream:remotename)%00%(upstream:remoteref) refs/heads/main refs/remotes/main [99ms]
2025-12-22 13:59:43.062 [info] > git merge-base refs/heads/main refs/remotes/origin/main [29ms]
2025-12-22 13:59:43.437 [info] > git diff --name-status -z --diff-filter=ADMR --find-renames=50% 66a0dc61005c4a4eb96476c6a59a0e2305ff4909...refs/remotes/origin/main -- [338ms]
2025-12-22 13:59:43.547 [info] > git for-each-ref --sort -committerdate --format %(refname)%00%(objectname)%00%(*objectname) [75ms]
2025-12-22 13:59:45.597 [info] > git status -z -uall [2137ms]
