2025-12-17 08:52:05.568 [info] Reading sessions from keychain...
2025-12-17 08:52:05.568 [info] Getting sessions for all scopes...
2025-12-17 08:52:05.568 [info] Got 0 sessions for ...
2025-12-17 08:52:05.568 [info] Getting sessions for all scopes...
2025-12-17 08:52:05.568 [info] Got 0 sessions for ...
2025-12-17 08:52:05.568 [info] Getting sessions for all scopes...
2025-12-17 08:52:05.568 [info] Got 0 sessions for ...
2025-12-17 08:52:05.568 [info] Getting sessions for all scopes...
2025-12-17 08:52:05.568 [info] Got 0 sessions for ...
2025-12-17 08:52:05.568 [info] Getting sessions for all scopes...
2025-12-17 08:52:05.568 [info] Got 0 sessions for ...
2025-12-17 08:52:05.568 [info] Getting sessions for all scopes...
2025-12-17 08:52:05.568 [info] Got 0 sessions for ...
2025-12-17 08:52:05.568 [info] Getting sessions for all scopes...
2025-12-17 08:52:05.568 [info] Got 0 sessions for ...
2025-12-17 08:52:05.568 [info] Getting sessions for all scopes...
2025-12-17 08:52:05.568 [info] Got 0 sessions for ...
2025-12-17 08:52:05.568 [info] Getting sessions for all scopes...
2025-12-17 08:52:05.568 [info] Got 0 sessions for ...
2025-12-17 08:52:05.568 [info] Getting sessions for all scopes...
2025-12-17 08:52:05.568 [info] Got 0 sessions for ...
2025-12-17 08:52:05.568 [info] Getting sessions for all scopes...
2025-12-17 08:52:05.568 [info] Got 0 sessions for ...
2025-12-17 08:52:05.568 [info] Getting sessions for all scopes...
2025-12-17 08:52:05.568 [info] Got 0 sessions for ...
2025-12-17 08:52:05.568 [info] Getting sessions for all scopes...
2025-12-17 08:52:05.568 [info] Got 0 sessions for ...
2025-12-17 08:52:05.568 [info] Getting sessions for all scopes...
2025-12-17 08:52:05.568 [info] Got 0 sessions for ...
2025-12-17 08:52:05.568 [info] Getting sessions for all scopes...
2025-12-17 08:52:05.568 [info] Got 0 sessions for ...
2025-12-17 08:52:05.568 [info] Getting sessions for all scopes...
2025-12-17 08:52:05.568 [info] Got 0 sessions for ...
2025-12-17 08:52:05.568 [info] Getting sessions for all scopes...
2025-12-17 08:52:05.568 [info] Got 0 sessions for ...
2025-12-17 08:52:05.568 [info] Getting sessions for all scopes...
2025-12-17 08:52:05.568 [info] Got 0 sessions for ...
2025-12-17 08:52:05.683 [info] Getting sessions for all scopes...
2025-12-17 08:52:05.683 [info] Got 0 sessions for ...
2025-12-17 08:52:06.025 [info] Getting sessions for user:email...
2025-12-17 08:52:06.025 [info] Got 0 sessions for user:email...
2025-12-17 08:52:06.025 [info] Getting sessions for read:user,repo,user:email,workflow...
2025-12-17 08:52:06.025 [info] Got 0 sessions for read:user,repo,user:email,workflow...
2025-12-17 08:52:10.128 [info] Getting sessions for all scopes...
2025-12-17 08:52:10.128 [info] Got 0 sessions for ...
2025-12-17 08:52:12.171 [info] Getting sessions for all scopes...
2025-12-17 08:52:12.171 [info] Got 0 sessions for ...
2025-12-17 08:52:13.121 [info] Getting sessions for user:email...
2025-12-17 08:52:13.122 [info] Got 0 sessions for user:email...
2025-12-17 08:52:13.218 [info] Getting sessions for user:email...
2025-12-17 08:52:13.218 [info] Got 0 sessions for user:email...
2025-12-17 08:52:13.242 [info] Getting sessions for read:user,repo,user:email,workflow...
2025-12-17 08:52:13.242 [info] Got 0 sessions for read:user,repo,user:email,workflow...
2025-12-17 08:52:13.399 [info] Getting sessions for all scopes...
2025-12-17 08:52:13.399 [info] Got 0 sessions for ...
2025-12-17 08:52:13.400 [info] Getting sessions for all scopes...
2025-12-17 08:52:13.400 [info] Got 0 sessions for ...
2025-12-17 08:52:13.932 [info] Getting sessions for read:user,repo,user:email,workflow...
2025-12-17 08:52:13.935 [info] Got 0 sessions for read:user,repo,user:email,workflow...
2025-12-17 08:52:13.964 [info] Getting sessions for user:email...
2025-12-17 08:52:13.964 [info] Got 0 sessions for user:email...
2025-12-17 08:52:14.346 [info] Getting sessions for all scopes...
2025-12-17 08:52:14.346 [info] Got 0 sessions for ...
2025-12-17 08:52:14.408 [info] Getting sessions for all scopes...
2025-12-17 08:52:14.408 [info] Got 0 sessions for ...
2025-12-17 08:52:14.409 [info] Getting sessions for all scopes...
2025-12-17 08:52:14.409 [info] Got 0 sessions for ...
2025-12-17 08:52:14.462 [info] Getting sessions for read:user,repo,user:email,workflow...
2025-12-17 08:52:14.463 [info] Got 0 sessions for read:user,repo,user:email,workflow...
2025-12-17 09:05:50.235 [info] Getting sessions for all scopes...
2025-12-17 09:05:50.236 [info] Got 0 sessions for ...
2025-12-17 09:05:51.332 [info] Getting sessions for user:email...
2025-12-17 09:05:51.332 [info] Got 0 sessions for user:email...
2025-12-17 09:05:51.494 [info] Getting sessions for all scopes...
2025-12-17 09:05:51.510 [info] Got 0 sessions for ...
2025-12-17 09:05:51.584 [info] Getting sessions for all scopes...
2025-12-17 09:05:51.584 [info] Got 0 sessions for ...
2025-12-17 09:05:54.522 [info] Getting sessions for all scopes...
2025-12-17 09:05:54.522 [info] Got 0 sessions for ...
2025-12-17 09:05:54.525 [info] Getting sessions for user:email...
2025-12-17 09:05:54.525 [info] Got 0 sessions for user:email...
2025-12-17 09:13:22.179 [info] Getting sessions for all scopes...
2025-12-17 09:13:22.181 [info] Got 0 sessions for ...
2025-12-17 09:13:22.185 [info] Getting sessions for user:email...
2025-12-17 09:13:22.185 [info] Got 0 sessions for user:email...
2025-12-17 09:13:24.531 [info] Getting sessions for all scopes...
2025-12-17 09:13:24.533 [info] Got 0 sessions for ...
2025-12-17 09:13:25.021 [info] Getting sessions for user:email...
2025-12-17 09:13:25.022 [info] Got 0 sessions for user:email...
2025-12-17 09:13:29.606 [info] Getting sessions for all scopes...
2025-12-17 09:13:29.606 [info] Got 0 sessions for ...
2025-12-17 09:13:29.607 [info] Getting sessions for user:email...
2025-12-17 09:13:29.607 [info] Got 0 sessions for user:email...
2025-12-17 09:13:48.120 [info] Getting sessions for all scopes...
2025-12-17 09:13:48.136 [info] Got 0 sessions for ...
2025-12-17 09:13:48.142 [info] Getting sessions for user:email...
2025-12-17 09:13:48.142 [info] Got 0 sessions for user:email...
2025-12-17 09:13:53.109 [info] Getting sessions for all scopes...
2025-12-17 09:13:53.110 [info] Got 0 sessions for ...
2025-12-17 09:13:53.113 [info] Getting sessions for user:email...
2025-12-17 09:13:53.113 [info] Got 0 sessions for user:email...
2025-12-17 09:23:57.443 [info] Getting sessions for all scopes...
2025-12-17 09:23:57.445 [info] Got 0 sessions for ...
2025-12-17 09:23:57.448 [info] Getting sessions for user:email...
2025-12-17 09:23:57.448 [info] Got 0 sessions for user:email...
2025-12-17 09:23:57.757 [info] Getting sessions for all scopes...
2025-12-17 09:23:57.757 [info] Got 0 sessions for ...
2025-12-17 09:23:57.762 [info] Getting sessions for user:email...
2025-12-17 09:23:57.762 [info] Got 0 sessions for user:email...
2025-12-17 09:24:02.746 [info] Getting sessions for all scopes...
2025-12-17 09:24:02.746 [info] Got 0 sessions for ...
2025-12-17 09:24:02.748 [info] Getting sessions for user:email...
2025-12-17 09:24:02.748 [info] Got 0 sessions for user:email...
2025-12-17 09:24:06.763 [info] Getting sessions for all scopes...
2025-12-17 09:24:06.763 [info] Got 0 sessions for ...
2025-12-17 09:24:06.764 [info] Getting sessions for user:email...
2025-12-17 09:24:06.764 [info] Got 0 sessions for user:email...
2025-12-17 09:24:07.851 [info] Getting sessions for all scopes...
2025-12-17 09:24:07.851 [info] Got 0 sessions for ...
2025-12-17 09:24:07.858 [info] Getting sessions for user:email...
2025-12-17 09:24:07.858 [info] Got 0 sessions for user:email...
2025-12-17 09:24:12.117 [info] Getting sessions for all scopes...
2025-12-17 09:24:12.135 [info] Got 0 sessions for ...
2025-12-17 09:24:12.156 [info] Getting sessions for user:email...
2025-12-17 09:24:12.156 [info] Got 0 sessions for user:email...
2025-12-17 09:24:13.969 [info] Getting sessions for all scopes...
2025-12-17 09:24:13.969 [info] Got 0 sessions for ...
2025-12-17 09:24:13.998 [info] Getting sessions for user:email...
2025-12-17 09:24:13.998 [info] Got 0 sessions for user:email...
2025-12-17 09:24:16.921 [info] Getting sessions for all scopes...
2025-12-17 09:24:16.921 [info] Got 0 sessions for ...
2025-12-17 09:24:16.995 [info] Getting sessions for user:email...
2025-12-17 09:24:16.995 [info] Got 0 sessions for user:email...
2025-12-17 09:24:21.858 [info] Getting sessions for all scopes...
2025-12-17 09:24:21.858 [info] Got 0 sessions for ...
2025-12-17 09:24:21.861 [info] Getting sessions for user:email...
2025-12-17 09:24:21.861 [info] Got 0 sessions for user:email...
2025-12-17 09:24:40.049 [info] Getting sessions for all scopes...
2025-12-17 09:24:40.049 [info] Got 0 sessions for ...
2025-12-17 09:24:40.079 [info] Getting sessions for user:email...
2025-12-17 09:24:40.079 [info] Got 0 sessions for user:email...
2025-12-17 09:24:41.448 [info] Getting sessions for all scopes...
2025-12-17 09:24:41.448 [info] Got 0 sessions for ...
2025-12-17 09:24:41.456 [info] Getting sessions for user:email...
2025-12-17 09:24:41.456 [info] Got 0 sessions for user:email...
2025-12-17 09:24:46.443 [info] Getting sessions for all scopes...
2025-12-17 09:24:46.443 [info] Got 0 sessions for ...
2025-12-17 09:24:46.446 [info] Getting sessions for user:email...
2025-12-17 09:24:46.446 [info] Got 0 sessions for user:email...
2025-12-17 09:44:10.669 [info] Getting sessions for all scopes...
2025-12-17 09:44:10.670 [info] Got 0 sessions for ...
2025-12-17 09:44:10.674 [info] Getting sessions for user:email...
2025-12-17 09:44:10.674 [info] Got 0 sessions for user:email...
2025-12-17 09:44:15.645 [info] Getting sessions for all scopes...
2025-12-17 09:44:15.648 [info] Got 0 sessions for ...
2025-12-17 09:44:15.680 [info] Getting sessions for user:email...
2025-12-17 09:44:15.680 [info] Got 0 sessions for user:email...
2025-12-17 09:53:44.055 [info] Getting sessions for all scopes...
2025-12-17 09:53:44.056 [info] Got 0 sessions for ...
2025-12-17 09:53:44.102 [info] Getting sessions for user:email...
2025-12-17 09:53:44.102 [info] Got 0 sessions for user:email...
2025-12-17 09:53:48.935 [info] Getting sessions for all scopes...
2025-12-17 09:53:48.935 [info] Got 0 sessions for ...
2025-12-17 09:53:48.937 [info] Getting sessions for user:email...
2025-12-17 09:53:48.938 [info] Got 0 sessions for user:email...
2025-12-17 10:18:17.432 [info] Getting sessions for all scopes...
2025-12-17 10:18:17.433 [info] Got 0 sessions for ...
2025-12-17 10:18:17.672 [info] Getting sessions for user:email...
2025-12-17 10:18:17.672 [info] Got 0 sessions for user:email...
2025-12-17 10:18:22.375 [info] Getting sessions for all scopes...
2025-12-17 10:18:22.375 [info] Got 0 sessions for ...
2025-12-17 10:18:22.376 [info] Getting sessions for user:email...
2025-12-17 10:18:22.376 [info] Got 0 sessions for user:email...
2025-12-17 10:18:54.098 [info] Getting sessions for all scopes...
2025-12-17 10:18:54.098 [info] Got 0 sessions for ...
2025-12-17 10:18:54.131 [info] Getting sessions for user:email...
2025-12-17 10:18:54.132 [info] Got 0 sessions for user:email...
2025-12-17 10:18:58.973 [info] Getting sessions for all scopes...
2025-12-17 10:18:58.973 [info] Got 0 sessions for ...
2025-12-17 10:18:58.974 [info] Getting sessions for user:email...
2025-12-17 10:18:58.975 [info] Got 0 sessions for user:email...
2025-12-17 10:19:04.797 [info] Getting sessions for all scopes...
2025-12-17 10:19:04.797 [info] Got 0 sessions for ...
2025-12-17 10:19:04.799 [info] Getting sessions for user:email...
2025-12-17 10:19:04.800 [info] Got 0 sessions for user:email...
2025-12-17 10:19:09.799 [info] Getting sessions for all scopes...
2025-12-17 10:19:09.799 [info] Got 0 sessions for ...
2025-12-17 10:19:09.801 [info] Getting sessions for user:email...
2025-12-17 10:19:09.801 [info] Got 0 sessions for user:email...
