2025-12-16 16:19:54.323 [info] [main] Log level: Info
2025-12-16 16:19:54.323 [info] [main] Validating found git in: "git"
2025-12-16 16:19:54.323 [info] [main] Using git "2.51.0" from "git"
2025-12-16 16:19:54.323 [info] [Model][doInitialScan] Initial repository scan started
2025-12-16 16:19:54.323 [info] > git rev-parse --show-toplevel [673ms]
2025-12-16 16:19:54.323 [info] fatal: not a git repository (or any of the parent directories): .git
2025-12-16 16:19:54.323 [info] > git rev-parse --show-toplevel [1284ms]
2025-12-16 16:19:54.323 [info] fatal: not a git repository (or any of the parent directories): .git
2025-12-16 16:19:54.862 [info] > git rev-parse --show-toplevel [185ms]
2025-12-16 16:19:54.862 [info] fatal: not a git repository (or any of the parent directories): .git
2025-12-16 16:19:55.360 [info] > git rev-parse --show-toplevel [347ms]
2025-12-16 16:19:55.361 [info] fatal: not a git repository (or any of the parent directories): .git
2025-12-16 16:19:55.924 [info] > git rev-parse --show-toplevel [347ms]
2025-12-16 16:19:55.928 [info] fatal: not a git repository (or any of the parent directories): .git
2025-12-16 16:19:56.487 [info] > git rev-parse --show-toplevel [504ms]
2025-12-16 16:19:56.492 [info] fatal: not a git repository (or any of the parent directories): .git
2025-12-16 16:19:56.780 [info] > git rev-parse --show-toplevel [102ms]
2025-12-16 16:19:56.780 [info] fatal: not a git repository (or any of the parent directories): .git
2025-12-16 16:19:57.202 [info] > git rev-parse --show-toplevel [174ms]
2025-12-16 16:19:57.202 [info] fatal: not a git repository (or any of the parent directories): .git
2025-12-16 16:19:57.408 [info] > git rev-parse --show-toplevel [42ms]
2025-12-16 16:19:57.409 [info] fatal: not a git repository (or any of the parent directories): .git
2025-12-16 16:19:57.514 [info] > git rev-parse --show-toplevel [74ms]
2025-12-16 16:19:57.516 [info] fatal: not a git repository (or any of the parent directories): .git
2025-12-16 16:19:57.703 [info] > git rev-parse --show-toplevel [130ms]
2025-12-16 16:19:57.703 [info] fatal: not a git repository (or any of the parent directories): .git
2025-12-16 16:19:57.708 [info] [Model][doInitialScan] Initial repository scan completed - repositories (0), closed repositories (0), parent repositories (0), unsafe repositories (0)
2025-12-16 16:19:57.786 [info] > git rev-parse --show-toplevel [43ms]
2025-12-16 16:19:57.786 [info] fatal: not a git repository (or any of the parent directories): .git
2025-12-16 16:19:57.876 [info] > git rev-parse --show-toplevel [38ms]
2025-12-16 16:19:57.876 [info] fatal: not a git repository (or any of the parent directories): .git
2025-12-16 16:37:21.448 [info] > git rev-parse --show-toplevel [77ms]
2025-12-16 16:37:21.449 [info] fatal: not a git repository (or any of the parent directories): .git
2025-12-16 16:42:06.646 [info] > git rev-parse --show-toplevel [2ms]
2025-12-16 16:42:06.706 [info] > git rev-parse --git-dir --git-common-dir --show-superproject-working-tree [49ms]
2025-12-16 16:42:06.734 [info] [Model][openRepository] Opened repository (path): /home/pablo/code/vulndb-5g
2025-12-16 16:42:06.734 [info] [Model][openRepository] Opened repository (real path): /home/pablo/code/vulndb-5g
2025-12-16 16:42:06.734 [info] [Model][openRepository] Opened repository (kind): repository
2025-12-16 16:42:06.759 [info] > git config --get commit.template [2ms]
2025-12-16 16:42:06.830 [info] [Git][getRemotes] No remotes found in the git config file
2025-12-16 16:42:06.853 [info] > git for-each-ref --format=%(refname)%00%(upstream:short)%00%(objectname)%00%(upstream:track)%00%(upstream:remotename)%00%(upstream:remoteref) refs/heads/master refs/remotes/master [24ms]
2025-12-16 16:42:06.855 [warning] [Git][getBranch] No such branch: master
2025-12-16 16:42:07.042 [info] > git for-each-ref --sort -committerdate --format %(refname)%00%(objectname)%00%(*objectname) [24ms]
2025-12-16 16:42:07.326 [info] > git check-ignore -v -z --stdin [12ms]
2025-12-16 16:42:07.600 [info] > git show --textconv :api/routes/ia_api.py [19ms]
2025-12-16 16:42:07.626 [info] > git ls-files --stage -- api/routes/ia_api.py [28ms]
2025-12-16 16:42:07.692 [info] > git hash-object -t tree /dev/null [68ms]
2025-12-16 16:42:07.692 [warning] [GitFileSystemProvider][readFile] File not found - git:/home/pablo/code/vulndb-5g/api/routes/ia_api.py.git?%7B%22path%22%3A%22%2Fhome%2Fpablo%2Fcode%2Fvulndb-5g%2Fapi%2Froutes%2Fia_api.py%22%2C%22ref%22%3A%22%22%7D
2025-12-16 16:42:07.711 [info] > git hash-object -t tree /dev/null [22ms]
2025-12-16 16:42:07.712 [warning] [GitFileSystemProvider][stat] File not found - git:/home/pablo/code/vulndb-5g/api/routes/ia_api.py.git?%7B%22path%22%3A%22%2Fhome%2Fpablo%2Fcode%2Fvulndb-5g%2Fapi%2Froutes%2Fia_api.py%22%2C%22ref%22%3A%22%22%7D
2025-12-16 16:42:09.350 [info] > git status -z -uall [2416ms] (cancelled)
2025-12-16 16:42:10.865 [info] > git for-each-ref --format=%(refname)%00%(upstream:short)%00%(objectname)%00%(upstream:track)%00%(upstream:remotename)%00%(upstream:remoteref) refs/heads/master refs/remotes/master [1546ms]
2025-12-16 16:42:10.865 [warning] [Git][getBranch] No such branch: master
2025-12-16 16:42:10.865 [error] [GitHistoryProvider][resolveHEADMergeBase] Failed to resolve merge base for master: Error: No such branch: master.
2025-12-16 16:42:10.878 [info] > git config --get commit.template [13ms]
2025-12-16 16:42:10.948 [info] [Git][getRemotes] No remotes found in the git config file
2025-12-16 16:42:10.990 [info] > git for-each-ref --format=%(refname)%00%(upstream:short)%00%(objectname)%00%(upstream:track)%00%(upstream:remotename)%00%(upstream:remoteref) refs/heads/master refs/remotes/master [43ms]
2025-12-16 16:42:10.991 [warning] [Git][getBranch] No such branch: master
2025-12-16 16:42:11.136 [info] > git for-each-ref --sort -committerdate --format %(refname)%00%(objectname)%00%(*objectname) [93ms]
2025-12-16 16:42:11.554 [info] > git status -z -uall [523ms] (cancelled)
2025-12-16 16:43:50.224 [info] > git config --get commit.template [30ms]
2025-12-16 16:43:50.273 [info] > git for-each-ref --format=%(refname)%00%(upstream:short)%00%(objectname)%00%(upstream:track)%00%(upstream:remotename)%00%(upstream:remoteref) refs/heads/main refs/remotes/main [9ms]
2025-12-16 16:43:50.275 [warning] [Git][getBranch] No such branch: main
2025-12-16 16:43:50.455 [info] > git for-each-ref --sort -committerdate --format %(refname)%00%(objectname)%00%(*objectname) [15ms]
2025-12-16 16:44:02.103 [info] > git status -z -uall [11793ms] (cancelled)
2025-12-16 16:44:02.146 [info] > git for-each-ref --format=%(refname)%00%(upstream:short)%00%(objectname)%00%(upstream:track)%00%(upstream:remotename)%00%(upstream:remoteref) refs/heads/main refs/remotes/main [10566ms]
2025-12-16 16:44:02.156 [warning] [Git][getBranch] No such branch: main
2025-12-16 16:44:02.160 [error] [GitHistoryProvider][resolveHEADMergeBase] Failed to resolve merge base for main: Error: No such branch: main.
2025-12-16 16:45:37.985 [info] > git config --get commit.template [39ms]
2025-12-16 16:45:37.995 [info] > git for-each-ref --format=%(refname)%00%(upstream:short)%00%(objectname)%00%(upstream:track)%00%(upstream:remotename)%00%(upstream:remoteref) refs/heads/main refs/remotes/main [13ms]
2025-12-16 16:45:38.147 [info] > git for-each-ref --sort -committerdate --format %(refname)%00%(objectname)%00%(*objectname) [108ms]
2025-12-16 16:45:41.435 [info] > git status -z -uall [3415ms]
2025-12-16 16:45:41.691 [info] > git blame --root --incremental 66a0dc61005c4a4eb96476c6a59a0e2305ff4909 -- api/routes/ia_api.py [9ms]
2025-12-16 16:45:42.693 [info] > git config --get commit.template [13ms]
2025-12-16 16:45:42.783 [info] > git for-each-ref --format=%(refname)%00%(upstream:short)%00%(objectname)%00%(upstream:track)%00%(upstream:remotename)%00%(upstream:remoteref) refs/heads/main refs/remotes/main [55ms]
2025-12-16 16:45:42.995 [info] > git for-each-ref --sort -committerdate --format %(refname)%00%(objectname)%00%(*objectname) [3ms]
2025-12-16 16:45:46.560 [info] > git status -z -uall [3687ms]
2025-12-16 16:45:54.127 [info] > git config --get commit.template [177ms]
2025-12-16 16:45:54.350 [info] > git for-each-ref --format=%(refname)%00%(upstream:short)%00%(objectname)%00%(upstream:track)%00%(upstream:remotename)%00%(upstream:remoteref) refs/heads/main refs/remotes/main [224ms]
2025-12-16 16:45:54.431 [info] > git for-each-ref --sort -committerdate --format %(refname)%00%(objectname)%00%(*objectname) [29ms]
2025-12-16 16:45:55.709 [info] > git status -z -uall [1336ms]
2025-12-16 16:45:59.128 [info] > git config --get commit.template [3ms]
2025-12-16 16:45:59.172 [info] > git for-each-ref --format=%(refname)%00%(upstream:short)%00%(objectname)%00%(upstream:track)%00%(upstream:remotename)%00%(upstream:remoteref) refs/heads/main refs/remotes/main [6ms]
2025-12-16 16:45:59.238 [info] > git for-each-ref --sort -committerdate --format %(refname)%00%(objectname)%00%(*objectname) [3ms]
2025-12-16 16:46:00.112 [info] > git status -z -uall [909ms]
2025-12-16 16:46:00.801 [info] > git config --get commit.template [49ms]
2025-12-16 16:46:00.807 [info] > git for-each-ref --format=%(refname)%00%(upstream:short)%00%(objectname)%00%(upstream:track)%00%(upstream:remotename)%00%(upstream:remoteref) refs/heads/main refs/remotes/main [19ms]
2025-12-16 16:46:00.938 [info] > git for-each-ref --sort -committerdate --format %(refname)%00%(objectname)%00%(*objectname) [17ms]
2025-12-16 16:46:02.078 [info] > git status -z -uall [1253ms]
2025-12-16 16:46:07.183 [info] > git for-each-ref --format=%(refname)%00%(upstream:short)%00%(objectname)%00%(upstream:track)%00%(upstream:remotename)%00%(upstream:remoteref) refs/heads/main refs/remotes/main [21ms]
2025-12-16 16:46:07.184 [info] > git config --get commit.template [42ms]
2025-12-16 16:46:07.367 [info] > git for-each-ref --sort -committerdate --format %(refname)%00%(objectname)%00%(*objectname) [59ms]
2025-12-16 16:46:08.171 [info] > git status -z -uall [969ms]
2025-12-16 16:46:18.796 [info] > git config --get commit.template [28ms]
2025-12-16 16:46:18.833 [info] > git for-each-ref --format=%(refname)%00%(upstream:short)%00%(objectname)%00%(upstream:track)%00%(upstream:remotename)%00%(upstream:remoteref) refs/heads/main refs/remotes/main [9ms]
2025-12-16 16:46:19.037 [info] > git for-each-ref --sort -committerdate --format %(refname)%00%(objectname)%00%(*objectname) [105ms]
2025-12-16 16:46:21.586 [info] > git status -z -uall [2743ms]
2025-12-16 16:46:26.674 [info] > git config --get commit.template [18ms]
2025-12-16 16:46:26.683 [info] > git for-each-ref --format=%(refname)%00%(upstream:short)%00%(objectname)%00%(upstream:track)%00%(upstream:remotename)%00%(upstream:remoteref) refs/heads/main refs/remotes/main [11ms]
2025-12-16 16:46:26.756 [info] > git for-each-ref --sort -committerdate --format %(refname)%00%(objectname)%00%(*objectname) [35ms]
2025-12-16 16:46:30.969 [info] > git status -z -uall [4273ms]
2025-12-16 16:46:53.612 [info] > git config --get commit.template [43ms]
2025-12-16 16:46:53.864 [info] > git for-each-ref --format=%(refname)%00%(upstream:short)%00%(objectname)%00%(upstream:track)%00%(upstream:remotename)%00%(upstream:remoteref) refs/heads/main refs/remotes/main [135ms]
2025-12-16 16:46:54.623 [info] > git for-each-ref --sort -committerdate --format %(refname)%00%(objectname)%00%(*objectname) [287ms]
2025-12-16 16:46:58.181 [info] > git status -z -uall [3944ms]
2025-12-16 16:47:26.521 [info] > git config --get commit.template [193ms]
2025-12-16 16:47:26.533 [info] > git for-each-ref --format=%(refname)%00%(upstream:short)%00%(objectname)%00%(upstream:track)%00%(upstream:remotename)%00%(upstream:remoteref) refs/heads/main refs/remotes/main [14ms]
2025-12-16 16:47:26.671 [info] > git for-each-ref --sort -committerdate --format %(refname)%00%(objectname)%00%(*objectname) [58ms]
2025-12-16 16:47:27.434 [info] > git status -z -uall [874ms]
2025-12-16 16:47:27.501 [info] > git merge-base refs/heads/main refs/remotes/origin/main [13ms]
2025-12-16 16:47:27.546 [info] > git diff --name-status -z --diff-filter=ADMR --find-renames=50% 66a0dc61005c4a4eb96476c6a59a0e2305ff4909...refs/remotes/origin/main -- [23ms]
