2025-12-22 13:59:14.280 [info] Reading sessions from keychain...
2025-12-22 13:59:14.280 [info] Getting sessions for all scopes...
2025-12-22 13:59:14.280 [info] Got 0 sessions for ...
2025-12-22 13:59:14.280 [info] Getting sessions for all scopes...
2025-12-22 13:59:14.280 [info] Got 0 sessions for ...
2025-12-22 13:59:14.280 [info] Getting sessions for all scopes...
2025-12-22 13:59:14.280 [info] Got 0 sessions for ...
2025-12-22 13:59:14.280 [info] Getting sessions for all scopes...
2025-12-22 13:59:14.280 [info] Got 0 sessions for ...
2025-12-22 13:59:14.280 [info] Getting sessions for all scopes...
2025-12-22 13:59:14.280 [info] Got 0 sessions for ...
2025-12-22 13:59:14.280 [info] Getting sessions for all scopes...
2025-12-22 13:59:14.280 [info] Got 0 sessions for ...
2025-12-22 13:59:14.280 [info] Getting sessions for all scopes...
2025-12-22 13:59:14.280 [info] Got 0 sessions for ...
2025-12-22 13:59:14.280 [info] Getting sessions for all scopes...
2025-12-22 13:59:14.280 [info] Got 0 sessions for ...
2025-12-22 13:59:14.280 [info] Getting sessions for all scopes...
2025-12-22 13:59:14.280 [info] Got 0 sessions for ...
2025-12-22 13:59:14.280 [info] Getting sessions for all scopes...
2025-12-22 13:59:14.280 [info] Got 0 sessions for ...
2025-12-22 13:59:14.280 [info] Getting sessions for all scopes...
2025-12-22 13:59:14.280 [info] Got 0 sessions for ...
2025-12-22 13:59:14.280 [info] Getting sessions for all scopes...
2025-12-22 13:59:14.280 [info] Got 0 sessions for ...
2025-12-22 13:59:14.280 [info] Getting sessions for all scopes...
2025-12-22 13:59:14.280 [info] Got 0 sessions for ...
2025-12-22 13:59:14.280 [info] Getting sessions for all scopes...
2025-12-22 13:59:14.280 [info] Got 0 sessions for ...
2025-12-22 13:59:14.280 [info] Getting sessions for all scopes...
2025-12-22 13:59:14.280 [info] Got 0 sessions for ...
2025-12-22 13:59:14.280 [info] Getting sessions for all scopes...
2025-12-22 13:59:14.280 [info] Got 0 sessions for ...
2025-12-22 13:59:14.280 [info] Getting sessions for all scopes...
2025-12-22 13:59:14.280 [info] Got 0 sessions for ...
2025-12-22 13:59:14.280 [info] Getting sessions for all scopes...
2025-12-22 13:59:14.280 [info] Got 0 sessions for ...
2025-12-22 13:59:14.280 [info] Getting sessions for all scopes...
2025-12-22 13:59:14.280 [info] Got 0 sessions for ...
2025-12-22 13:59:16.230 [info] Getting sessions for user:email...
2025-12-22 13:59:16.231 [info] Got 0 sessions for user:email...
2025-12-22 13:59:16.231 [info] Getting sessions for read:user,repo,user:email,workflow...
2025-12-22 13:59:16.231 [info] Got 0 sessions for read:user,repo,user:email,workflow...
2025-12-22 13:59:33.619 [info] Getting sessions for all scopes...
2025-12-22 13:59:33.619 [info] Got 0 sessions for ...
2025-12-22 13:59:34.657 [info] Getting sessions for all scopes...
2025-12-22 13:59:34.657 [info] Got 0 sessions for ...
2025-12-22 13:59:36.181 [info] Getting sessions for user:email...
2025-12-22 13:59:36.181 [info] Got 0 sessions for user:email...
2025-12-22 13:59:37.191 [info] Getting sessions for user:email...
2025-12-22 13:59:37.191 [info] Got 0 sessions for user:email...
2025-12-22 13:59:37.459 [info] Getting sessions for all scopes...
2025-12-22 13:59:37.460 [info] Got 0 sessions for ...
2025-12-22 13:59:37.461 [info] Getting sessions for all scopes...
2025-12-22 13:59:37.461 [info] Got 0 sessions for ...
2025-12-22 13:59:37.508 [info] Getting sessions for read:user,repo,user:email,workflow...
2025-12-22 13:59:37.508 [info] Got 0 sessions for read:user,repo,user:email,workflow...
2025-12-22 13:59:37.523 [info] Getting sessions for user:email...
2025-12-22 13:59:37.524 [info] Got 0 sessions for user:email...
2025-12-22 13:59:38.078 [info] Getting sessions for all scopes...
2025-12-22 13:59:38.079 [info] Got 0 sessions for ...
2025-12-22 13:59:38.079 [info] Getting sessions for all scopes...
2025-12-22 13:59:38.079 [info] Got 0 sessions for ...
2025-12-22 13:59:39.165 [info] Getting sessions for user:email...
2025-12-22 13:59:39.166 [info] Got 0 sessions for user:email...
2025-12-22 13:59:39.166 [info] Getting sessions for read:user,repo,user:email,workflow...
2025-12-22 13:59:39.167 [info] Got 0 sessions for read:user,repo,user:email,workflow...
2025-12-22 13:59:39.203 [info] Getting sessions for all scopes...
2025-12-22 13:59:39.203 [info] Got 0 sessions for ...
2025-12-22 13:59:39.215 [info] Getting sessions for all scopes...
2025-12-22 13:59:39.215 [info] Got 0 sessions for ...
2025-12-22 13:59:42.881 [info] Getting sessions for all scopes...
2025-12-22 13:59:42.881 [info] Got 0 sessions for ...
2025-12-22 13:59:43.738 [info] Getting sessions for read:user,repo,user:email,workflow...
2025-12-22 13:59:43.738 [info] Got 0 sessions for read:user,repo,user:email,workflow...
2025-12-22 13:59:47.876 [info] Getting sessions for read:user,repo,user:email,workflow...
2025-12-22 13:59:47.876 [info] Got 0 sessions for read:user,repo,user:email,workflow...
