2025-12-15 09:17:21.198 [info] Starting Python Locator /root/.vscode/extensions/ms-python.python-2025.20.0-linux-x64/python-env-tools/bin/pet server
2025-12-15 09:17:23.956 [info] Discovered manager: (Pyenv) /usr/bin/pyenv
2025-12-15 09:17:23.956 [info] Discovered env: /root/.pyenv/versions/3.10.13/bin/python
2025-12-15 09:17:23.996 [info] Discovered env: /root/.pyenv/versions/3.11.8/bin/python
2025-12-15 09:17:24.011 [info] Discovered env: /root/.pyenv/versions/tf-env/bin/python
2025-12-15 09:17:24.019 [info] Discovered env: /home/pablo/code/vulndb-5g/.venv/bin/python
2025-12-15 09:17:24.034 [info] Discovered env: /bin/python
2025-12-15 09:17:24.038 [info] Discovered env: /usr/bin/python
2025-12-15 09:17:24.039 [info] Discovered env: /usr/bin/python2
2025-12-15 09:17:24.042 [info] Discovered env: /bin/python2
2025-12-15 09:17:24.046 [info] Locator Conda took 1.56122633s
2025-12-15 09:17:24.047 [info] Locator Homebrew took 155.154µs
2025-12-15 09:17:24.047 [info] Locator LinuxGlobal took 1.776253004s
2025-12-15 09:17:24.047 [info] Locator PipEnv took 18.287µs
2025-12-15 09:17:24.047 [info] Locator Pixi took 26.964µs
2025-12-15 09:17:24.047 [info] Locator Poetry took 5.048595ms
2025-12-15 09:17:24.047 [info] Locator PyEnv took 487.762683ms
2025-12-15 09:17:24.047 [info] Locator Uv took 59.927µs
2025-12-15 09:17:24.047 [info] Locator Venv took 16.067µs
2025-12-15 09:17:24.047 [info] Locator VirtualEnv took 18.084µs
2025-12-15 09:17:24.050 [info] Locator VirtualEnvWrapper took 13.077µs
2025-12-15 09:17:24.051 [info] Locator GlobalVirtualEnvs took 224.792µs
2025-12-15 09:17:24.051 [info] Locator Locators took 1.793385867s
2025-12-15 09:17:24.051 [info] Locator Path took 2.357167871s
2025-12-15 09:17:24.051 [info] Locator Workspaces took 1.30612423s
2025-12-15 09:17:24.051 [info] Refresh completed in 2385ms
2025-12-15 09:17:24.062 [info] Resolved Python Environment /root/.pyenv/versions/3.11.8/bin/python
2025-12-15 09:18:12.917 [info] Resolved Python Environment /root/.pyenv/versions/3.11.8/bin/python
2025-12-15 09:18:43.991 [info] Resolved Python Environment /root/.pyenv/versions/3.11.8/bin/python
2025-12-15 09:21:14.712 [info] Resolved Python Environment /root/.pyenv/versions/3.11.8/bin/python
2025-12-15 09:22:41.628 [info] Resolved Python Environment /root/.pyenv/versions/3.11.8/bin/python
2025-12-15 09:23:46.554 [info] Resolved Python Environment /root/.pyenv/versions/3.11.8/bin/python
2025-12-15 09:24:45.952 [info] Resolved Python Environment /root/.pyenv/versions/3.11.8/bin/python
2025-12-15 09:25:59.983 [info] Resolved Python Environment /root/.pyenv/versions/3.11.8/bin/python
2025-12-15 09:27:39.588 [info] Resolved Python Environment /root/.pyenv/versions/3.11.8/bin/python
2025-12-15 09:28:31.981 [info] Resolved Python Environment /root/.pyenv/versions/3.11.8/bin/python
2025-12-15 09:29:23.043 [info] Resolved Python Environment /root/.pyenv/versions/3.11.8/bin/python
2025-12-15 09:30:14.958 [info] Resolved Python Environment /root/.pyenv/versions/3.11.8/bin/python
2025-12-15 09:30:50.707 [info] Resolved Python Environment /root/.pyenv/versions/3.11.8/bin/python
2025-12-15 09:32:45.561 [info] Resolved Python Environment /root/.pyenv/versions/3.11.8/bin/python
2025-12-15 09:34:35.646 [info] Resolved Python Environment /root/.pyenv/versions/3.11.8/bin/python
2025-12-15 09:35:09.017 [info] Resolved Python Environment /root/.pyenv/versions/3.11.8/bin/python
2025-12-15 09:35:41.849 [info] Resolved Python Environment /root/.pyenv/versions/3.11.8/bin/python
2025-12-15 09:36:35.099 [info] Resolved Python Environment /root/.pyenv/versions/3.11.8/bin/python
2025-12-15 09:37:05.944 [info] Resolved Python Environment /root/.pyenv/versions/3.11.8/bin/python
2025-12-15 09:37:36.792 [info] Resolved Python Environment /root/.pyenv/versions/3.11.8/bin/python
2025-12-15 09:49:56.345 [info] Resolved Python Environment /root/.pyenv/versions/3.11.8/bin/python
2025-12-15 09:50:28.815 [info] Resolved Python Environment /root/.pyenv/versions/3.11.8/bin/python
2025-12-15 09:51:01.897 [info] Resolved Python Environment /root/.pyenv/versions/3.11.8/bin/python
2025-12-15 09:54:25.225 [info] Resolved Python Environment /root/.pyenv/versions/3.11.8/bin/python
2025-12-15 10:03:27.536 [info] Resolved Python Environment /root/.pyenv/versions/3.11.8/bin/python
2025-12-15 10:04:43.677 [info] Resolved Python Environment /root/.pyenv/versions/3.11.8/bin/python
2025-12-15 10:05:26.017 [info] Resolved Python Environment /root/.pyenv/versions/3.11.8/bin/python
2025-12-15 10:14:38.578 [info] Resolved Python Environment /root/.pyenv/versions/3.11.8/bin/python
2025-12-15 10:15:10.305 [info] Resolved Python Environment /root/.pyenv/versions/3.11.8/bin/python
2025-12-15 10:15:51.752 [info] Resolved Python Environment /root/.pyenv/versions/3.11.8/bin/python
2025-12-15 10:25:16.310 [info] Resolved Python Environment /root/.pyenv/versions/3.11.8/bin/python
