2025-12-11 13:26:01.504 [warning] Dir "/home/pablo/Descargas/code/vulndb-5g/.pixi/envs" is not watchable (directory does not exist)
2025-12-11 13:26:01.608 [error] Unable to check if shell integration is active [Error: Extension 'ms-python.python' CANNOT use API proposal: terminalDataWriteEvent.
Its package.json#enabledApiProposals-property declares:  but NOT terminalDataWriteEvent.
 The missing proposal MUST be added and you must start in extension development mode or use the following command line switch: --enable-proposed-api ms-python.python
	at R (file:///usr/lib/code-oss/resources/app/out/vs/workbench/api/node/extensionHostProcess.js:105:19265)
	at a.onDidWriteTerminalData (file:///usr/lib/code-oss/resources/app/out/vs/workbench/api/node/extensionHostProcess.js:173:39305)
	at new m (/root/.vscode-oss/extensions/ms-python.python-2025.16.0-universal/out/client/extension.js:2:914480)
	at ge (/root/.vscode-oss/extensions/ms-python.python-2025.16.0-universal/out/client/extension.js:2:1735641)
	at /root/.vscode-oss/extensions/ms-python.python-2025.16.0-universal/out/client/extension.js:2:1739005
	at /root/.vscode-oss/extensions/ms-python.python-2025.16.0-universal/out/client/extension.js:2:1739033
	at Se (/root/.vscode-oss/extensions/ms-python.python-2025.16.0-universal/out/client/extension.js:2:1739100)
	at /root/.vscode-oss/extensions/ms-python.python-2025.16.0-universal/out/client/extension.js:2:1739580
	at we (/root/.vscode-oss/extensions/ms-python.python-2025.16.0-universal/out/client/extension.js:2:1739521)
	at Pe (/root/.vscode-oss/extensions/ms-python.python-2025.16.0-universal/out/client/extension.js:2:1739555)
	at /root/.vscode-oss/extensions/ms-python.python-2025.16.0-universal/out/client/extension.js:2:1736794
	at /root/.vscode-oss/extensions/ms-python.python-2025.16.0-universal/out/client/extension.js:2:1738399
	at Array.reduce (<anonymous>)
	at /root/.vscode-oss/extensions/ms-python.python-2025.16.0-universal/out/client/extension.js:2:1738371
	at /root/.vscode-oss/extensions/ms-python.python-2025.16.0-universal/out/client/extension.js:2:1738653
	at /root/.vscode-oss/extensions/ms-python.python-2025.16.0-universal/out/client/extension.js:2:1739033
	at Se (/root/.vscode-oss/extensions/ms-python.python-2025.16.0-universal/out/client/extension.js:2:1739100)
	at /root/.vscode-oss/extensions/ms-python.python-2025.16.0-universal/out/client/extension.js:2:1739580
	at we (/root/.vscode-oss/extensions/ms-python.python-2025.16.0-universal/out/client/extension.js:2:1739521)
	at Pe (/root/.vscode-oss/extensions/ms-python.python-2025.16.0-universal/out/client/extension.js:2:1739555)
	at /root/.vscode-oss/extensions/ms-python.python-2025.16.0-universal/out/client/extension.js:2:1736794
	at /root/.vscode-oss/extensions/ms-python.python-2025.16.0-universal/out/client/extension.js:2:1766464
	at /root/.vscode-oss/extensions/ms-python.python-2025.16.0-universal/out/client/extension.js:2:1766485
	at e._get (/root/.vscode-oss/extensions/ms-python.python-2025.16.0-universal/out/client/extension.js:2:1765498)
	at e._getButThrowIfAsync (/root/.vscode-oss/extensions/ms-python.python-2025.16.0-universal/out/client/extension.js:2:1765558)
	at e.get (/root/.vscode-oss/extensions/ms-python.python-2025.16.0-universal/out/client/extension.js:2:1761267)
	at e.dynamicValue (/root/.vscode-oss/extensions/ms-python.python-2025.16.0-universal/out/client/extension.js:2:1751000)
	at /root/.vscode-oss/extensions/ms-python.python-2025.16.0-universal/out/client/extension.js:2:1737177
	at Ee (/root/.vscode-oss/extensions/ms-python.python-2025.16.0-universal/out/client/extension.js:2:1737433)
	at Se (/root/.vscode-oss/extensions/ms-python.python-2025.16.0-universal/out/client/extension.js:2:1739149)
	at /root/.vscode-oss/extensions/ms-python.python-2025.16.0-universal/out/client/extension.js:2:1739580
	at we (/root/.vscode-oss/extensions/ms-python.python-2025.16.0-universal/out/client/extension.js:2:1739521)
	at Pe (/root/.vscode-oss/extensions/ms-python.python-2025.16.0-universal/out/client/extension.js:2:1739555)
	at /root/.vscode-oss/extensions/ms-python.python-2025.16.0-universal/out/client/extension.js:2:1736794
	at /root/.vscode-oss/extensions/ms-python.python-2025.16.0-universal/out/client/extension.js:2:1736728
	at Array.map (<anonymous>)
	at /root/.vscode-oss/extensions/ms-python.python-2025.16.0-universal/out/client/extension.js:2:1736699
	at /root/.vscode-oss/extensions/ms-python.python-2025.16.0-universal/out/client/extension.js:2:1738399
	at Array.reduce (<anonymous>)
	at /root/.vscode-oss/extensions/ms-python.python-2025.16.0-universal/out/client/extension.js:2:1738371
	at /root/.vscode-oss/extensions/ms-python.python-2025.16.0-universal/out/client/extension.js:2:1738653
	at /root/.vscode-oss/extensions/ms-python.python-2025.16.0-universal/out/client/extension.js:2:1739033
	at Se (/root/.vscode-oss/extensions/ms-python.python-2025.16.0-universal/out/client/extension.js:2:1739100)
	at /root/.vscode-oss/extensions/ms-python.python-2025.16.0-universal/out/client/extension.js:2:1739580
	at we (/root/.vscode-oss/extensions/ms-python.python-2025.16.0-universal/out/client/extension.js:2:1739521)
	at Pe (/root/.vscode-oss/extensions/ms-python.python-2025.16.0-universal/out/client/extension.js:2:1739555)
	at /root/.vscode-oss/extensions/ms-python.python-2025.16.0-universal/out/client/extension.js:2:1736794
	at /root/.vscode-oss/extensions/ms-python.python-2025.16.0-universal/out/client/extension.js:2:1766464
	at /root/.vscode-oss/extensions/ms-python.python-2025.16.0-universal/out/client/extension.js:2:1766485
	at e._get (/root/.vscode-oss/extensions/ms-python.python-2025.16.0-universal/out/client/extension.js:2:1765498)
	at e._getButThrowIfAsync (/root/.vscode-oss/extensions/ms-python.python-2025.16.0-universal/out/client/extension.js:2:1765558)
	at e.get (/root/.vscode-oss/extensions/ms-python.python-2025.16.0-universal/out/client/extension.js:2:1761267)
	at a.get (/root/.vscode-oss/extensions/ms-python.python-2025.16.0-universal/out/client/extension.js:2:568835)
	at /root/.vscode-oss/extensions/ms-python.python-2025.16.0-universal/out/client/extension.js:2:478570
	at async t.activateComponents (/root/.vscode-oss/extensions/ms-python.python-2025.16.0-universal/out/client/extension.js:2:476850)
	at async /root/.vscode-oss/extensions/ms-python.python-2025.16.0-universal/out/client/extension.js:2:2701666
	at async e (/root/.vscode-oss/extensions/ms-python.python-2025.16.0-universal/out/client/extension.js:2:2701198)
	at async cw.n (file:///usr/lib/code-oss/resources/app/out/vs/workbench/api/node/extensionHostProcess.js:111:13359)
	at async cw.m (file:///usr/lib/code-oss/resources/app/out/vs/workbench/api/node/extensionHostProcess.js:111:13322)
	at async cw.l (file:///usr/lib/code-oss/resources/app/out/vs/workbench/api/node/extensionHostProcess.js:111:12778)]
2025-12-11 13:26:01.658 [info] Starting Environment refresh
2025-12-11 13:26:01.658 [info] Searching for interpreters in posix paths locator
2025-12-11 13:26:01.681 [info] Searching for pyenv environments
2025-12-11 13:26:01.681 [info] Searching for conda environments
2025-12-11 13:26:01.682 [info] Searching for global virtual environments
2025-12-11 13:26:01.682 [info] Searching for custom virtual environments
2025-12-11 13:26:01.730 [info] pyenv is not installed
2025-12-11 13:26:01.730 [info] Finished searching for pyenv environments: 71 milliseconds
2025-12-11 13:26:01.730 [info] Finished searching for custom virtual envs: 68 milliseconds
2025-12-11 13:26:01.734 [info] Skipping ActivatedEnv Detection:  process.env.VSCODE_CLI !== '1'
2025-12-11 13:26:01.734 [info] Skipping ActivatedEnv Detection:  process.env.VSCODE_CLI !== '1'
2025-12-11 13:26:01.740 [info] Finished searching for global virtual envs: 77 milliseconds
2025-12-11 13:26:01.904 [info] > conda info --json
2025-12-11 13:26:01.913 [info] > hatch env show --json
2025-12-11 13:26:01.913 [info] cwd: .
2025-12-11 13:26:01.934 [info] > pyenv which python
2025-12-11 13:26:01.934 [info] cwd: .
2025-12-11 13:26:01.939 [info] Found: /bin/python --> /bin/python3.13
2025-12-11 13:26:01.968 [info] Found: /bin/python2 --> /bin/python2.7
2025-12-11 13:26:01.970 [info] Found: /bin/python2.7 --> /bin/python2.7
2025-12-11 13:26:02.003 [info] Found: /bin/python3 --> /bin/python3.13
2025-12-11 13:26:02.016 [info] Found: /bin/python3.13 --> /bin/python3.13
2025-12-11 13:26:02.104 [info] > ./.venv/bin/python -I ~/.vscode-oss/extensions/ms-python.python-2025.16.0-universal/python_files/get_output_via_markers.py ~/.vscode-oss/extensions/ms-python.python-2025.16.0-universal/python_files/interpreterInfo.py
2025-12-11 13:26:02.207 [info] Found: /usr/bin/python --> /usr/bin/python3.13
2025-12-11 13:26:02.224 [info] Found: /usr/bin/python2 --> /usr/bin/python2.7
2025-12-11 13:26:02.225 [info] Found: /usr/bin/python2.7 --> /usr/bin/python2.7
2025-12-11 13:26:02.280 [info] Found: /usr/bin/python3 --> /usr/bin/python3.13
2025-12-11 13:26:02.281 [info] Found: /usr/bin/python3.13 --> /usr/bin/python3.13
2025-12-11 13:26:03.791 [info] > /bin/python -I ~/.vscode-oss/extensions/ms-python.python-2025.16.0-universal/python_files/get_output_via_markers.py ~/.vscode-oss/extensions/ms-python.python-2025.16.0-universal/python_files/interpreterInfo.py
2025-12-11 13:26:03.989 [info] > /bin/python2 -I ~/.vscode-oss/extensions/ms-python.python-2025.16.0-universal/python_files/get_output_via_markers.py ~/.vscode-oss/extensions/ms-python.python-2025.16.0-universal/python_files/interpreterInfo.py
2025-12-11 13:26:04.151 [warning] [Error: Command failed: /bin/python2 -I /root/.vscode-oss/extensions/ms-python.python-2025.16.0-universal/python_files/get_output_via_markers.py /root/.vscode-oss/extensions/ms-python.python-2025.16.0-universal/python_files/interpreterInfo.py
Unknown option: -I
usage: /bin/python2 [option] ... [-c cmd | -m mod | file | -] [arg] ...
Try `python -h' for more information.

	at genericNodeError (node:internal/errors:984:15)
	at wrappedFn (node:internal/errors:538:14)
	at ChildProcess.exithandler (node:child_process:422:12)
	at ChildProcess.emit (node:events:530:35)
	at maybeClose (node:internal/child_process:1104:16)
	at Socket.<anonymous> (node:internal/child_process:456:11)
	at Socket.emit (node:events:518:28)
	at Pipe.<anonymous> (node:net:343:12)] {
  code: 2,
  killed: false,
  signal: null,
  cmd: '/bin/python2 -I /root/.vscode-oss/extensions/ms-python.python-2025.16.0-universal/python_files/get_output_via_markers.py /root/.vscode-oss/extensions/ms-python.python-2025.16.0-universal/python_files/interpreterInfo.py'
}
2025-12-11 13:26:04.154 [error] Support for Python 2.7 has been dropped by the Python extension so certain features may not work, upgrade to using Python 3.
2025-12-11 13:26:04.174 [info] > /bin/python2 ~/.vscode-oss/extensions/ms-python.python-2025.16.0-universal/python_files/get_output_via_markers.py ~/.vscode-oss/extensions/ms-python.python-2025.16.0-universal/python_files/interpreterInfo.py
2025-12-11 13:26:04.232 [info] Finished searching for interpreters in posix paths locator: 2548 milliseconds
2025-12-11 13:26:04.233 [info] > /usr/bin/python -I ~/.vscode-oss/extensions/ms-python.python-2025.16.0-universal/python_files/get_output_via_markers.py ~/.vscode-oss/extensions/ms-python.python-2025.16.0-universal/python_files/interpreterInfo.py
2025-12-11 13:26:05.089 [info] > /usr/bin/python2 -I ~/.vscode-oss/extensions/ms-python.python-2025.16.0-universal/python_files/get_output_via_markers.py ~/.vscode-oss/extensions/ms-python.python-2025.16.0-universal/python_files/interpreterInfo.py
2025-12-11 13:26:05.089 [info] Environments refresh paths discovered (event): 3430 milliseconds
2025-12-11 13:26:05.099 [info] Environments refresh paths discovered: 3437 milliseconds
2025-12-11 13:26:05.854 [warning] [Error: Command failed: /usr/bin/python2 -I /root/.vscode-oss/extensions/ms-python.python-2025.16.0-universal/python_files/get_output_via_markers.py /root/.vscode-oss/extensions/ms-python.python-2025.16.0-universal/python_files/interpreterInfo.py
Unknown option: -I
usage: /usr/bin/python2 [option] ... [-c cmd | -m mod | file | -] [arg] ...
Try `python -h' for more information.

	at genericNodeError (node:internal/errors:984:15)
	at wrappedFn (node:internal/errors:538:14)
	at ChildProcess.exithandler (node:child_process:422:12)
	at ChildProcess.emit (node:events:530:35)
	at maybeClose (node:internal/child_process:1104:16)
	at Socket.<anonymous> (node:internal/child_process:456:11)
	at Socket.emit (node:events:518:28)
	at Pipe.<anonymous> (node:net:343:12)] {
  code: 2,
  killed: false,
  signal: null,
  cmd: '/usr/bin/python2 -I /root/.vscode-oss/extensions/ms-python.python-2025.16.0-universal/python_files/get_output_via_markers.py /root/.vscode-oss/extensions/ms-python.python-2025.16.0-universal/python_files/interpreterInfo.py'
}
2025-12-11 13:26:05.854 [error] Support for Python 2.7 has been dropped by the Python extension so certain features may not work, upgrade to using Python 3.
2025-12-11 13:26:05.886 [info] > /usr/bin/python2 ~/.vscode-oss/extensions/ms-python.python-2025.16.0-universal/python_files/get_output_via_markers.py ~/.vscode-oss/extensions/ms-python.python-2025.16.0-universal/python_files/interpreterInfo.py
2025-12-11 13:26:06.456 [info] Environments refresh finished (event): 4804 milliseconds
2025-12-11 13:26:06.562 [info] Environment refresh took 4895 milliseconds
2025-12-11 13:26:06.604 [error] [
  'Failed to activate a workspace, Class name = v, completed in 4963ms, has a falsy return value, Arg 1: <Uri:/home/pablo/Descargas/code/vulndb-5g>, Arg 2: {"started":1765455959977}, Return Value: undefined',
  [Error: Extension 'ms-python.python' CANNOT use API proposal: testObserver.
  Its package.json#enabledApiProposals-property declares:  but NOT testObserver.
   The missing proposal MUST be added and you must start in extension development mode or use the following command line switch: --enable-proposed-api ms-python.python
  	at R (file:///usr/lib/code-oss/resources/app/out/vs/workbench/api/node/extensionHostProcess.js:105:19265)
  	at get testResults (file:///usr/lib/code-oss/resources/app/out/vs/workbench/api/node/extensionHostProcess.js:173:32518)
  	at x.activate (/root/.vscode-oss/extensions/ms-python.python-2025.16.0-universal/out/client/extension.js:2:946549)
  	at /root/.vscode-oss/extensions/ms-python.python-2025.16.0-universal/out/client/extension.js:2:2457
  	at Array.map (<anonymous>)
  	at v.activateWorkspace (/root/.vscode-oss/extensions/ms-python.python-2025.16.0-universal/out/client/extension.js:2:2447)]
]
2025-12-11 13:26:06.606 [error] Failure during activation. [Error: Extension 'ms-python.python' CANNOT use API proposal: testObserver.
Its package.json#enabledApiProposals-property declares:  but NOT testObserver.
 The missing proposal MUST be added and you must start in extension development mode or use the following command line switch: --enable-proposed-api ms-python.python
	at R (file:///usr/lib/code-oss/resources/app/out/vs/workbench/api/node/extensionHostProcess.js:105:19265)
	at get testResults (file:///usr/lib/code-oss/resources/app/out/vs/workbench/api/node/extensionHostProcess.js:173:32518)
	at x.activate (/root/.vscode-oss/extensions/ms-python.python-2025.16.0-universal/out/client/extension.js:2:946549)
	at /root/.vscode-oss/extensions/ms-python.python-2025.16.0-universal/out/client/extension.js:2:2457
	at Array.map (<anonymous>)
	at v.activateWorkspace (/root/.vscode-oss/extensions/ms-python.python-2025.16.0-universal/out/client/extension.js:2:2447)]
2025-12-11 13:26:06.606 [error] sendStartupTelemetry() failed. [Error: Extension 'ms-python.python' CANNOT use API proposal: testObserver.
Its package.json#enabledApiProposals-property declares:  but NOT testObserver.
 The missing proposal MUST be added and you must start in extension development mode or use the following command line switch: --enable-proposed-api ms-python.python
	at R (file:///usr/lib/code-oss/resources/app/out/vs/workbench/api/node/extensionHostProcess.js:105:19265)
	at get testResults (file:///usr/lib/code-oss/resources/app/out/vs/workbench/api/node/extensionHostProcess.js:173:32518)
	at x.activate (/root/.vscode-oss/extensions/ms-python.python-2025.16.0-universal/out/client/extension.js:2:946549)
	at /root/.vscode-oss/extensions/ms-python.python-2025.16.0-universal/out/client/extension.js:2:2457
	at Array.map (<anonymous>)
	at v.activateWorkspace (/root/.vscode-oss/extensions/ms-python.python-2025.16.0-universal/out/client/extension.js:2:2447)]
2025-12-11 13:26:06.758 [info] Python interpreter path: ./.venv/bin/python
2025-12-11 13:26:08.527 [info] Starting Jedi language server for vulndb-5g.
