2025-12-17 11:19:07.083 [info] [main] Log level: Info
2025-12-17 11:19:07.083 [info] [main] Validating found git in: "git"
2025-12-17 11:19:07.083 [info] [main] Using git "2.51.0" from "git"
2025-12-17 11:19:07.083 [info] [Model][doInitialScan] Initial repository scan started
2025-12-17 11:19:07.083 [info] > git rev-parse --show-toplevel [483ms]
2025-12-17 11:19:07.097 [info] > git rev-parse --git-dir --git-common-dir --show-superproject-working-tree [295ms]
2025-12-17 11:19:07.218 [info] [Model][openRepository] Opened repository (path): /home/pablo/code/vulndb-5g
2025-12-17 11:19:07.218 [info] [Model][openRepository] Opened repository (real path): /home/pablo/code/vulndb-5g
2025-12-17 11:19:07.218 [info] [Model][openRepository] Opened repository (kind): repository
2025-12-17 11:19:07.437 [info] > git config --get commit.template [63ms]
2025-12-17 11:19:07.837 [info] > git for-each-ref --format=%(refname)%00%(upstream:short)%00%(objectname)%00%(upstream:track)%00%(upstream:remotename)%00%(upstream:remoteref) refs/heads/main refs/remotes/main [77ms]
2025-12-17 11:19:07.871 [info] > git rev-parse --show-toplevel [37ms]
2025-12-17 11:19:08.405 [info] > git for-each-ref --sort -committerdate --format %(refname)%00%(objectname)%00%(*objectname) [355ms]
2025-12-17 11:19:08.448 [info] > git rev-parse --show-toplevel [558ms]
2025-12-17 11:19:08.737 [info] > git check-ignore -v -z --stdin [529ms]
2025-12-17 11:19:08.761 [info] > git rev-parse --show-toplevel [28ms]
2025-12-17 11:19:08.843 [info] > git rev-parse --show-toplevel [43ms]
2025-12-17 11:19:08.983 [info] > git rev-parse --show-toplevel [23ms]
2025-12-17 11:19:09.027 [info] > git rev-parse --show-toplevel [19ms]
2025-12-17 11:19:09.083 [info] > git rev-parse --show-toplevel [11ms]
2025-12-17 11:19:09.120 [info] > git rev-parse --show-toplevel [21ms]
2025-12-17 11:19:09.199 [info] > git rev-parse --show-toplevel [24ms]
2025-12-17 11:19:09.227 [info] [Model][doInitialScan] Initial repository scan completed - repositories (1), closed repositories (0), parent repositories (0), unsafe repositories (0)
2025-12-17 11:19:09.337 [info] > git show --textconv :vulndb-compose.yml [24ms]
2025-12-17 11:19:09.342 [info] > git ls-files --stage -- vulndb-compose.yml [20ms]
2025-12-17 11:19:09.366 [info] > git cat-file -s 655ed9284e466852851e67d671fcd963a3c4f26e [9ms]
2025-12-17 11:19:10.820 [info] > git status -z -uall [2890ms]
2025-12-17 11:19:11.389 [info] > git for-each-ref --format=%(refname)%00%(upstream:short)%00%(objectname)%00%(upstream:track)%00%(upstream:remotename)%00%(upstream:remoteref) refs/heads/main refs/remotes/main [467ms]
2025-12-17 11:19:11.432 [info] > git config --get --local branch.main.vscode-merge-base [24ms]
2025-12-17 11:19:11.432 [warning] [Git][config] git config failed: Failed to execute git
2025-12-17 11:19:11.462 [info] > git config --get commit.template [451ms]
2025-12-17 11:19:11.575 [info] > git for-each-ref --format=%(refname)%00%(upstream:short)%00%(objectname)%00%(upstream:track)%00%(upstream:remotename)%00%(upstream:remoteref) refs/heads/main refs/remotes/main [66ms]
2025-12-17 11:19:11.575 [info] > git reflog main --grep-reflog=branch: Created from *. [114ms]
2025-12-17 11:19:11.607 [info] > git symbolic-ref --short refs/remotes/origin/HEAD [8ms]
2025-12-17 11:19:11.608 [info] fatal: ref refs/remotes/origin/HEAD is not a symbolic ref
2025-12-17 11:19:11.608 [warning] [Repository][getDefaultBranch] Failed to get default branch details: Failed to execute git.
2025-12-17 11:19:11.627 [info] > git blame --root --incremental 66a0dc61005c4a4eb96476c6a59a0e2305ff4909 -- vulndb-compose.yml [65ms]
2025-12-17 11:19:11.634 [info] > git merge-base refs/heads/main refs/remotes/origin/main [7ms]
2025-12-17 11:19:11.759 [info] > git diff --name-status -z --diff-filter=ADMR --find-renames=50% 66a0dc61005c4a4eb96476c6a59a0e2305ff4909...refs/remotes/origin/main -- [105ms]
2025-12-17 11:19:11.849 [info] > git for-each-ref --sort -committerdate --format %(refname)%00%(objectname)%00%(*objectname) [91ms]
2025-12-17 11:19:13.280 [info] > git status -z -uall [1531ms]
2025-12-17 11:19:15.808 [info] > git config --get commit.template [25ms]
2025-12-17 11:19:15.809 [info] > git for-each-ref --format=%(refname)%00%(upstream:short)%00%(objectname)%00%(upstream:track)%00%(upstream:remotename)%00%(upstream:remoteref) refs/heads/main refs/remotes/main [6ms]
2025-12-17 11:19:15.950 [info] > git for-each-ref --sort -committerdate --format %(refname)%00%(objectname)%00%(*objectname) [100ms]
2025-12-17 11:19:18.265 [info] > git status -z -uall [2440ms]
2025-12-17 11:19:23.310 [info] > git config --get commit.template [7ms]
2025-12-17 11:19:23.312 [info] > git for-each-ref --format=%(refname)%00%(upstream:short)%00%(objectname)%00%(upstream:track)%00%(upstream:remotename)%00%(upstream:remoteref) refs/heads/main refs/remotes/main [2ms]
2025-12-17 11:19:23.344 [info] > git for-each-ref --sort -committerdate --format %(refname)%00%(objectname)%00%(*objectname) [9ms]
2025-12-17 11:19:23.928 [info] > git status -z -uall [606ms]
2025-12-17 11:19:28.972 [info] > git config --get commit.template [14ms]
2025-12-17 11:19:28.979 [info] > git for-each-ref --format=%(refname)%00%(upstream:short)%00%(objectname)%00%(upstream:track)%00%(upstream:remotename)%00%(upstream:remoteref) refs/heads/main refs/remotes/main [8ms]
2025-12-17 11:19:29.039 [info] > git for-each-ref --sort -committerdate --format %(refname)%00%(objectname)%00%(*objectname) [6ms]
2025-12-17 11:19:30.208 [info] > git status -z -uall [1213ms]
2025-12-17 11:19:35.635 [info] > git config --get commit.template [7ms]
2025-12-17 11:19:35.637 [info] > git for-each-ref --format=%(refname)%00%(upstream:short)%00%(objectname)%00%(upstream:track)%00%(upstream:remotename)%00%(upstream:remoteref) refs/heads/main refs/remotes/main [3ms]
2025-12-17 11:19:35.670 [info] > git for-each-ref --sort -committerdate --format %(refname)%00%(objectname)%00%(*objectname) [12ms]
2025-12-17 11:19:36.224 [info] > git status -z -uall [580ms]
2025-12-17 11:19:45.159 [info] > git config --get commit.template [17ms]
2025-12-17 11:19:45.165 [info] > git for-each-ref --format=%(refname)%00%(upstream:short)%00%(objectname)%00%(upstream:track)%00%(upstream:remotename)%00%(upstream:remoteref) refs/heads/main refs/remotes/main [9ms]
2025-12-17 11:19:45.202 [info] > git for-each-ref --sort -committerdate --format %(refname)%00%(objectname)%00%(*objectname) [6ms]
2025-12-17 11:19:45.728 [info] > git status -z -uall [554ms]
2025-12-17 11:19:50.756 [info] > git config --get commit.template [6ms]
2025-12-17 11:19:50.758 [info] > git for-each-ref --format=%(refname)%00%(upstream:short)%00%(objectname)%00%(upstream:track)%00%(upstream:remotename)%00%(upstream:remoteref) refs/heads/main refs/remotes/main [2ms]
2025-12-17 11:19:50.783 [info] > git for-each-ref --sort -committerdate --format %(refname)%00%(objectname)%00%(*objectname) [0ms]
2025-12-17 11:19:51.287 [info] > git status -z -uall [521ms]
2025-12-17 11:20:23.124 [info] > git config --get commit.template [4ms]
2025-12-17 11:20:23.145 [info] > git for-each-ref --format=%(refname)%00%(upstream:short)%00%(objectname)%00%(upstream:track)%00%(upstream:remotename)%00%(upstream:remoteref) refs/heads/main refs/remotes/main [10ms]
2025-12-17 11:20:23.185 [info] > git for-each-ref --sort -committerdate --format %(refname)%00%(objectname)%00%(*objectname) [23ms]
2025-12-17 11:20:23.865 [info] > git status -z -uall [712ms]
2025-12-17 11:20:32.100 [info] > git config --get commit.template [8ms]
2025-12-17 11:20:32.102 [info] > git for-each-ref --format=%(refname)%00%(upstream:short)%00%(objectname)%00%(upstream:track)%00%(upstream:remotename)%00%(upstream:remoteref) refs/heads/main refs/remotes/main [3ms]
2025-12-17 11:20:32.131 [info] > git for-each-ref --sort -committerdate --format %(refname)%00%(objectname)%00%(*objectname) [1ms]
2025-12-17 11:20:32.664 [info] > git status -z -uall [554ms]
2025-12-17 11:20:42.104 [info] > git config --get commit.template [7ms]
2025-12-17 11:20:42.107 [info] > git for-each-ref --format=%(refname)%00%(upstream:short)%00%(objectname)%00%(upstream:track)%00%(upstream:remotename)%00%(upstream:remoteref) refs/heads/main refs/remotes/main [3ms]
2025-12-17 11:20:42.129 [info] > git for-each-ref --sort -committerdate --format %(refname)%00%(objectname)%00%(*objectname) [4ms]
2025-12-17 11:20:42.662 [info] > git status -z -uall [548ms]
2025-12-17 11:20:47.698 [info] > git config --get commit.template [12ms]
2025-12-17 11:20:47.707 [info] > git for-each-ref --format=%(refname)%00%(upstream:short)%00%(objectname)%00%(upstream:track)%00%(upstream:remotename)%00%(upstream:remoteref) refs/heads/main refs/remotes/main [10ms]
2025-12-17 11:20:47.795 [info] > git for-each-ref --sort -committerdate --format %(refname)%00%(objectname)%00%(*objectname) [22ms]
2025-12-17 11:20:49.106 [info] > git status -z -uall [1377ms]
2025-12-17 11:20:54.131 [info] > git config --get commit.template [9ms]
2025-12-17 11:20:54.133 [info] > git for-each-ref --format=%(refname)%00%(upstream:short)%00%(objectname)%00%(upstream:track)%00%(upstream:remotename)%00%(upstream:remoteref) refs/heads/main refs/remotes/main [3ms]
2025-12-17 11:20:54.152 [info] > git for-each-ref --sort -committerdate --format %(refname)%00%(objectname)%00%(*objectname) [3ms]
2025-12-17 11:20:54.685 [info] > git status -z -uall [545ms]
2025-12-17 11:21:02.101 [info] > git config --get commit.template [7ms]
2025-12-17 11:21:02.103 [info] > git for-each-ref --format=%(refname)%00%(upstream:short)%00%(objectname)%00%(upstream:track)%00%(upstream:remotename)%00%(upstream:remoteref) refs/heads/main refs/remotes/main [3ms]
2025-12-17 11:21:02.130 [info] > git for-each-ref --sort -committerdate --format %(refname)%00%(objectname)%00%(*objectname) [5ms]
2025-12-17 11:21:02.646 [info] > git status -z -uall [536ms]
2025-12-17 11:21:12.105 [info] > git config --get commit.template [9ms]
2025-12-17 11:21:12.107 [info] > git for-each-ref --format=%(refname)%00%(upstream:short)%00%(objectname)%00%(upstream:track)%00%(upstream:remotename)%00%(upstream:remoteref) refs/heads/main refs/remotes/main [3ms]
2025-12-17 11:21:12.136 [info] > git for-each-ref --sort -committerdate --format %(refname)%00%(objectname)%00%(*objectname) [4ms]
2025-12-17 11:21:12.631 [info] > git status -z -uall [517ms]
2025-12-17 11:21:22.107 [info] > git config --get commit.template [8ms]
2025-12-17 11:21:22.110 [info] > git for-each-ref --format=%(refname)%00%(upstream:short)%00%(objectname)%00%(upstream:track)%00%(upstream:remotename)%00%(upstream:remoteref) refs/heads/main refs/remotes/main [3ms]
2025-12-17 11:21:22.139 [info] > git for-each-ref --sort -committerdate --format %(refname)%00%(objectname)%00%(*objectname) [14ms]
2025-12-17 11:21:22.926 [info] > git status -z -uall [808ms]
2025-12-17 11:21:32.100 [info] > git config --get commit.template [3ms]
2025-12-17 11:21:32.113 [info] > git for-each-ref --format=%(refname)%00%(upstream:short)%00%(objectname)%00%(upstream:track)%00%(upstream:remotename)%00%(upstream:remoteref) refs/heads/main refs/remotes/main [4ms]
2025-12-17 11:21:32.148 [info] > git for-each-ref --sort -committerdate --format %(refname)%00%(objectname)%00%(*objectname) [17ms]
2025-12-17 11:21:33.287 [info] > git status -z -uall [1163ms]
2025-12-17 11:21:42.104 [info] > git config --get commit.template [2ms]
2025-12-17 11:21:42.118 [info] > git for-each-ref --format=%(refname)%00%(upstream:short)%00%(objectname)%00%(upstream:track)%00%(upstream:remotename)%00%(upstream:remoteref) refs/heads/main refs/remotes/main [4ms]
2025-12-17 11:21:42.154 [info] > git for-each-ref --sort -committerdate --format %(refname)%00%(objectname)%00%(*objectname) [1ms]
2025-12-17 11:21:43.132 [info] > git status -z -uall [1005ms]
2025-12-17 11:21:48.180 [info] > git config --get commit.template [16ms]
2025-12-17 11:21:48.187 [info] > git for-each-ref --format=%(refname)%00%(upstream:short)%00%(objectname)%00%(upstream:track)%00%(upstream:remotename)%00%(upstream:remoteref) refs/heads/main refs/remotes/main [7ms]
2025-12-17 11:21:48.224 [info] > git for-each-ref --sort -committerdate --format %(refname)%00%(objectname)%00%(*objectname) [5ms]
2025-12-17 11:21:49.535 [info] > git status -z -uall [1330ms]
2025-12-17 11:21:54.572 [info] > git config --get commit.template [9ms]
2025-12-17 11:21:54.578 [info] > git for-each-ref --format=%(refname)%00%(upstream:short)%00%(objectname)%00%(upstream:track)%00%(upstream:remotename)%00%(upstream:remoteref) refs/heads/main refs/remotes/main [7ms]
2025-12-17 11:21:54.610 [info] > git for-each-ref --sort -committerdate --format %(refname)%00%(objectname)%00%(*objectname) [2ms]
2025-12-17 11:21:55.436 [info] > git status -z -uall [848ms]
2025-12-17 11:22:02.107 [info] > git config --get commit.template [12ms]
2025-12-17 11:22:02.110 [info] > git for-each-ref --format=%(refname)%00%(upstream:short)%00%(objectname)%00%(upstream:track)%00%(upstream:remotename)%00%(upstream:remoteref) refs/heads/main refs/remotes/main [4ms]
2025-12-17 11:22:02.139 [info] > git for-each-ref --sort -committerdate --format %(refname)%00%(objectname)%00%(*objectname) [13ms]
2025-12-17 11:22:02.892 [info] > git status -z -uall [773ms]
2025-12-17 11:22:12.109 [info] > git config --get commit.template [9ms]
2025-12-17 11:22:12.112 [info] > git for-each-ref --format=%(refname)%00%(upstream:short)%00%(objectname)%00%(upstream:track)%00%(upstream:remotename)%00%(upstream:remoteref) refs/heads/main refs/remotes/main [4ms]
2025-12-17 11:22:12.148 [info] > git for-each-ref --sort -committerdate --format %(refname)%00%(objectname)%00%(*objectname) [17ms]
2025-12-17 11:22:12.970 [info] > git status -z -uall [848ms]
2025-12-17 11:22:22.115 [info] > git config --get commit.template [9ms]
2025-12-17 11:22:22.119 [info] > git for-each-ref --format=%(refname)%00%(upstream:short)%00%(objectname)%00%(upstream:track)%00%(upstream:remotename)%00%(upstream:remoteref) refs/heads/main refs/remotes/main [5ms]
2025-12-17 11:22:22.148 [info] > git for-each-ref --sort -committerdate --format %(refname)%00%(objectname)%00%(*objectname) [5ms]
2025-12-17 11:22:22.898 [info] > git status -z -uall [769ms]
2025-12-17 11:22:32.342 [info] > git config --get commit.template [13ms]
2025-12-17 11:22:32.345 [info] > git for-each-ref --format=%(refname)%00%(upstream:short)%00%(objectname)%00%(upstream:track)%00%(upstream:remotename)%00%(upstream:remoteref) refs/heads/main refs/remotes/main [3ms]
2025-12-17 11:22:32.382 [info] > git for-each-ref --sort -committerdate --format %(refname)%00%(objectname)%00%(*objectname) [7ms]
2025-12-17 11:22:33.340 [info] > git status -z -uall [985ms]
2025-12-17 11:28:11.507 [info] > git config --get commit.template [58ms]
2025-12-17 11:28:11.661 [info] > git for-each-ref --format=%(refname)%00%(upstream:short)%00%(objectname)%00%(upstream:track)%00%(upstream:remotename)%00%(upstream:remoteref) refs/heads/main refs/remotes/main [156ms]
2025-12-17 11:28:11.776 [info] > git for-each-ref --sort -committerdate --format %(refname)%00%(objectname)%00%(*objectname) [46ms]
2025-12-17 11:28:15.229 [info] > git status -z -uall [3539ms]
2025-12-17 11:29:28.768 [info] > git config --get commit.template [27ms]
2025-12-17 11:29:28.773 [info] > git for-each-ref --format=%(refname)%00%(upstream:short)%00%(objectname)%00%(upstream:track)%00%(upstream:remotename)%00%(upstream:remoteref) refs/heads/main refs/remotes/main [5ms]
2025-12-17 11:29:28.804 [info] > git for-each-ref --sort -committerdate --format %(refname)%00%(objectname)%00%(*objectname) [16ms]
2025-12-17 11:29:29.730 [info] > git status -z -uall [950ms]
2025-12-17 11:29:34.809 [info] > git for-each-ref --format=%(refname)%00%(upstream:short)%00%(objectname)%00%(upstream:track)%00%(upstream:remotename)%00%(upstream:remoteref) refs/heads/main refs/remotes/main [13ms]
2025-12-17 11:29:34.812 [info] > git config --get commit.template [54ms]
2025-12-17 11:29:36.277 [info] > git for-each-ref --sort -committerdate --format %(refname)%00%(objectname)%00%(*objectname) [1239ms]
2025-12-17 11:29:37.023 [info] > git status -z -uall [2014ms]
2025-12-17 11:29:42.102 [info] > git config --get commit.template [8ms]
2025-12-17 11:29:42.105 [info] > git for-each-ref --format=%(refname)%00%(upstream:short)%00%(objectname)%00%(upstream:track)%00%(upstream:remotename)%00%(upstream:remoteref) refs/heads/main refs/remotes/main [4ms]
2025-12-17 11:29:42.131 [info] > git for-each-ref --sort -committerdate --format %(refname)%00%(objectname)%00%(*objectname) [0ms]
2025-12-17 11:29:42.758 [info] > git status -z -uall [646ms]
2025-12-17 11:29:52.131 [info] > git config --get commit.template [12ms]
2025-12-17 11:29:52.134 [info] > git for-each-ref --format=%(refname)%00%(upstream:short)%00%(objectname)%00%(upstream:track)%00%(upstream:remotename)%00%(upstream:remoteref) refs/heads/main refs/remotes/main [4ms]
2025-12-17 11:29:52.165 [info] > git for-each-ref --sort -committerdate --format %(refname)%00%(objectname)%00%(*objectname) [3ms]
2025-12-17 11:29:52.760 [info] > git status -z -uall [615ms]
2025-12-17 11:29:52.776 [info] > git check-ignore -v -z --stdin [15ms]
2025-12-17 11:29:54.053 [info] > git check-ignore -v -z --stdin [7ms]
2025-12-17 11:29:57.793 [info] > git config --get commit.template [10ms]
2025-12-17 11:29:57.796 [info] > git for-each-ref --format=%(refname)%00%(upstream:short)%00%(objectname)%00%(upstream:track)%00%(upstream:remotename)%00%(upstream:remoteref) refs/heads/main refs/remotes/main [4ms]
2025-12-17 11:29:57.825 [info] > git for-each-ref --sort -committerdate --format %(refname)%00%(objectname)%00%(*objectname) [6ms]
2025-12-17 11:29:58.769 [info] > git status -z -uall [965ms]
2025-12-17 11:30:03.793 [info] > git config --get commit.template [9ms]
2025-12-17 11:30:03.795 [info] > git for-each-ref --format=%(refname)%00%(upstream:short)%00%(objectname)%00%(upstream:track)%00%(upstream:remotename)%00%(upstream:remoteref) refs/heads/main refs/remotes/main [3ms]
2025-12-17 11:30:03.810 [info] > git for-each-ref --sort -committerdate --format %(refname)%00%(objectname)%00%(*objectname) [0ms]
2025-12-17 11:30:04.390 [info] > git status -z -uall [588ms]
2025-12-17 11:30:10.249 [info] > git config --get commit.template [13ms]
2025-12-17 11:30:10.260 [info] > git for-each-ref --format=%(refname)%00%(upstream:short)%00%(objectname)%00%(upstream:track)%00%(upstream:remotename)%00%(upstream:remoteref) refs/heads/main refs/remotes/main [13ms]
2025-12-17 11:30:10.286 [info] > git for-each-ref --sort -committerdate --format %(refname)%00%(objectname)%00%(*objectname) [3ms]
2025-12-17 11:30:10.950 [info] > git status -z -uall [676ms]
2025-12-17 11:30:15.980 [info] > git config --get commit.template [8ms]
2025-12-17 11:30:15.982 [info] > git for-each-ref --format=%(refname)%00%(upstream:short)%00%(objectname)%00%(upstream:track)%00%(upstream:remotename)%00%(upstream:remoteref) refs/heads/main refs/remotes/main [3ms]
2025-12-17 11:30:16.004 [info] > git for-each-ref --sort -committerdate --format %(refname)%00%(objectname)%00%(*objectname) [11ms]
2025-12-17 11:30:16.665 [info] > git status -z -uall [677ms]
2025-12-17 11:30:23.500 [info] > git config --get commit.template [971ms]
2025-12-17 11:30:23.996 [info] > git for-each-ref --format=%(refname)%00%(upstream:short)%00%(objectname)%00%(upstream:track)%00%(upstream:remotename)%00%(upstream:remoteref) refs/heads/main refs/remotes/main [173ms]
2025-12-17 11:30:24.173 [info] > git for-each-ref --sort -committerdate --format %(refname)%00%(objectname)%00%(*objectname) [13ms]
2025-12-17 11:30:48.637 [info] > git status -z -uall [24582ms]
